[2025-06-27T00:53:28.576+0000] {local_task_job_runner.py:123} INFO - ::group::Pre task execution logs
[2025-06-27T00:53:28.585+0000] {taskinstance.py:2612} INFO - Dependencies all met for dep_context=non-requeueable deps ti=<TaskInstance: ga4_raw_data_elt.end_task scheduled__2025-06-24T05:00:00+00:00 [queued]>
[2025-06-27T00:53:28.590+0000] {taskinstance.py:2612} INFO - Dependencies all met for dep_context=requeueable deps ti=<TaskInstance: ga4_raw_data_elt.end_task scheduled__2025-06-24T05:00:00+00:00 [queued]>
[2025-06-27T00:53:28.590+0000] {taskinstance.py:2865} INFO - Starting attempt 1 of 1
[2025-06-27T00:53:28.598+0000] {taskinstance.py:2888} INFO - Executing <Task(_PythonDecoratedOperator): end_task> on 2025-06-24 05:00:00+00:00
[2025-06-27T00:53:28.603+0000] {warnings.py:112} WARNING - /home/***/.local/lib/python3.12/site-packages/***/task/task_runner/standard_task_runner.py:70: DeprecationWarning: This process (pid=178) is multi-threaded, use of fork() may lead to deadlocks in the child.
  pid = os.fork()

[2025-06-27T00:53:28.605+0000] {standard_task_runner.py:72} INFO - Started process 180 to run task
[2025-06-27T00:53:28.605+0000] {standard_task_runner.py:104} INFO - Running: ['***', 'tasks', 'run', 'ga4_raw_data_elt', 'end_task', 'scheduled__2025-06-24T05:00:00+00:00', '--job-id', '35', '--raw', '--subdir', 'DAGS_FOLDER/GA4_data_elt.py', '--cfg-path', '/tmp/tmphevoykpf']
[2025-06-27T00:53:28.607+0000] {standard_task_runner.py:105} INFO - Job 35: Subtask end_task
[2025-06-27T00:53:28.638+0000] {task_command.py:467} INFO - Running <TaskInstance: ga4_raw_data_elt.end_task scheduled__2025-06-24T05:00:00+00:00 [running]> on host 9cd2c6ca0862
[2025-06-27T00:53:28.683+0000] {taskinstance.py:3131} INFO - Exporting env vars: AIRFLOW_CTX_DAG_OWNER='***' AIRFLOW_CTX_DAG_ID='ga4_raw_data_elt' AIRFLOW_CTX_TASK_ID='end_task' AIRFLOW_CTX_EXECUTION_DATE='2025-06-24T05:00:00+00:00' AIRFLOW_CTX_TRY_NUMBER='1' AIRFLOW_CTX_DAG_RUN_ID='scheduled__2025-06-24T05:00:00+00:00'
[2025-06-27T00:53:28.684+0000] {taskinstance.py:731} INFO - ::endgroup::
[2025-06-27T00:53:28.686+0000] {logging_mixin.py:190} INFO - end
[2025-06-27T00:53:28.687+0000] {python.py:240} INFO - Done. Returned value was: None
[2025-06-27T00:53:28.692+0000] {taskinstance.py:340} INFO - ::group::Post task execution logs
[2025-06-27T00:53:28.693+0000] {taskinstance.py:352} INFO - Marking task as SUCCESS. dag_id=ga4_raw_data_elt, task_id=end_task, run_id=scheduled__2025-06-24T05:00:00+00:00, execution_date=20250624T050000, start_date=20250627T005328, end_date=20250627T005328
[2025-06-27T00:53:28.708+0000] {local_task_job_runner.py:266} INFO - Task exited with return code 0
[2025-06-27T00:53:28.717+0000] {taskinstance.py:3900} INFO - 0 downstream tasks scheduled from follow-on schedule check
[2025-06-27T00:53:28.718+0000] {local_task_job_runner.py:245} INFO - ::endgroup::
[2025-06-27T02:51:20.809+0000] {local_task_job_runner.py:123} INFO - ::group::Pre task execution logs
[2025-06-27T02:51:20.819+0000] {taskinstance.py:2612} INFO - Dependencies all met for dep_context=non-requeueable deps ti=<TaskInstance: ga4_raw_data_elt.end_task scheduled__2025-06-24T05:00:00+00:00 [queued]>
[2025-06-27T02:51:20.824+0000] {taskinstance.py:2612} INFO - Dependencies all met for dep_context=requeueable deps ti=<TaskInstance: ga4_raw_data_elt.end_task scheduled__2025-06-24T05:00:00+00:00 [queued]>
[2025-06-27T02:51:20.824+0000] {taskinstance.py:2865} INFO - Starting attempt 1 of 1
[2025-06-27T02:51:20.832+0000] {taskinstance.py:2888} INFO - Executing <Task(_PythonDecoratedOperator): end_task> on 2025-06-24 05:00:00+00:00
[2025-06-27T02:51:20.841+0000] {warnings.py:112} WARNING - /home/***/.local/lib/python3.12/site-packages/***/task/task_runner/standard_task_runner.py:70: DeprecationWarning: This process (pid=158) is multi-threaded, use of fork() may lead to deadlocks in the child.
  pid = os.fork()

[2025-06-27T02:51:20.843+0000] {standard_task_runner.py:72} INFO - Started process 162 to run task
[2025-06-27T02:51:20.844+0000] {standard_task_runner.py:104} INFO - Running: ['***', 'tasks', 'run', 'ga4_raw_data_elt', 'end_task', 'scheduled__2025-06-24T05:00:00+00:00', '--job-id', '105', '--raw', '--subdir', 'DAGS_FOLDER/GA4_data_elt.py', '--cfg-path', '/tmp/tmpxlu2s93u']
[2025-06-27T02:51:20.848+0000] {standard_task_runner.py:105} INFO - Job 105: Subtask end_task
[2025-06-27T02:51:20.881+0000] {task_command.py:467} INFO - Running <TaskInstance: ga4_raw_data_elt.end_task scheduled__2025-06-24T05:00:00+00:00 [running]> on host ba60ab6371e3
[2025-06-27T02:51:20.945+0000] {taskinstance.py:3131} INFO - Exporting env vars: AIRFLOW_CTX_DAG_OWNER='***' AIRFLOW_CTX_DAG_ID='ga4_raw_data_elt' AIRFLOW_CTX_TASK_ID='end_task' AIRFLOW_CTX_EXECUTION_DATE='2025-06-24T05:00:00+00:00' AIRFLOW_CTX_TRY_NUMBER='1' AIRFLOW_CTX_DAG_RUN_ID='scheduled__2025-06-24T05:00:00+00:00'
[2025-06-27T02:51:20.949+0000] {taskinstance.py:731} INFO - ::endgroup::
[2025-06-27T02:51:20.952+0000] {logging_mixin.py:190} INFO - end
[2025-06-27T02:51:20.952+0000] {python.py:240} INFO - Done. Returned value was: None
[2025-06-27T02:51:20.960+0000] {taskinstance.py:340} INFO - ::group::Post task execution logs
[2025-06-27T02:51:20.960+0000] {taskinstance.py:352} INFO - Marking task as SUCCESS. dag_id=ga4_raw_data_elt, task_id=end_task, run_id=scheduled__2025-06-24T05:00:00+00:00, execution_date=20250624T050000, start_date=20250627T025120, end_date=20250627T025120
[2025-06-27T02:51:21.026+0000] {local_task_job_runner.py:266} INFO - Task exited with return code 0
[2025-06-27T02:51:21.038+0000] {taskinstance.py:3900} INFO - 0 downstream tasks scheduled from follow-on schedule check
[2025-06-27T02:51:21.039+0000] {local_task_job_runner.py:245} INFO - ::endgroup::
