[2025-06-27T00:53:03.130+0000] {local_task_job_runner.py:123} INFO - ::group::Pre task execution logs
[2025-06-27T00:53:03.156+0000] {taskinstance.py:2612} INFO - Dependencies all met for dep_context=non-requeueable deps ti=<TaskInstance: ga4_raw_data_elt.run_partition_insert_if_table_exists scheduled__2025-06-21T05:00:00+00:00 [queued]>
[2025-06-27T00:53:03.166+0000] {taskinstance.py:2612} INFO - Dependencies all met for dep_context=requeueable deps ti=<TaskInstance: ga4_raw_data_elt.run_partition_insert_if_table_exists scheduled__2025-06-21T05:00:00+00:00 [queued]>
[2025-06-27T00:53:03.167+0000] {taskinstance.py:2865} INFO - Starting attempt 1 of 1
[2025-06-27T00:53:03.182+0000] {taskinstance.py:2888} INFO - Executing <Task(BigQueryInsertJobOperator): run_partition_insert_if_table_exists> on 2025-06-21 05:00:00+00:00
[2025-06-27T00:53:03.203+0000] {warnings.py:112} WARNING - /home/***/.local/lib/python3.12/site-packages/***/task/task_runner/standard_task_runner.py:70: DeprecationWarning: This process (pid=137) is multi-threaded, use of fork() may lead to deadlocks in the child.
  pid = os.fork()

[2025-06-27T00:53:03.210+0000] {standard_task_runner.py:72} INFO - Started process 146 to run task
[2025-06-27T00:53:03.206+0000] {standard_task_runner.py:104} INFO - Running: ['***', 'tasks', 'run', 'ga4_raw_data_elt', 'run_partition_insert_if_table_exists', 'scheduled__2025-06-21T05:00:00+00:00', '--job-id', '28', '--raw', '--subdir', 'DAGS_FOLDER/GA4_data_elt.py', '--cfg-path', '/tmp/tmprz8qyrfg']
[2025-06-27T00:53:03.212+0000] {standard_task_runner.py:105} INFO - Job 28: Subtask run_partition_insert_if_table_exists
[2025-06-27T00:53:03.327+0000] {task_command.py:467} INFO - Running <TaskInstance: ga4_raw_data_elt.run_partition_insert_if_table_exists scheduled__2025-06-21T05:00:00+00:00 [running]> on host 9cd2c6ca0862
[2025-06-27T00:53:03.471+0000] {taskinstance.py:3131} INFO - Exporting env vars: AIRFLOW_CTX_DAG_OWNER='***' AIRFLOW_CTX_DAG_ID='ga4_raw_data_elt' AIRFLOW_CTX_TASK_ID='run_partition_insert_if_table_exists' AIRFLOW_CTX_EXECUTION_DATE='2025-06-21T05:00:00+00:00' AIRFLOW_CTX_TRY_NUMBER='1' AIRFLOW_CTX_DAG_RUN_ID='scheduled__2025-06-21T05:00:00+00:00'
[2025-06-27T00:53:03.473+0000] {taskinstance.py:731} INFO - ::endgroup::
[2025-06-27T00:53:03.487+0000] {connection.py:277} WARNING - Connection schemes (type: google_cloud_platform) shall not contain '_' according to RFC3986.
[2025-06-27T00:53:03.503+0000] {base.py:84} INFO - Retrieving connection 'google_cloud_default'
[2025-06-27T00:53:03.554+0000] {bigquery.py:2957} INFO - Executing: {'query': {'query': '\n                    DECLARE dt STRING;\n                    DECLARE table_exists BOOL;\n\n                    SET dt = FORMAT_DATE(\'%Y%m%d\', DATE_SUB(DATE(\'2025-06-21\'), INTERVAL 1 DAY));\n\n                    SET table_exists = (\n                    SELECT COUNT(*) > 0\n                    FROM `sixth-topic-349709.analytics_412203527.__TABLES__`\n                    WHERE table_id = FORMAT("events_%s", dt)\n                    );\n\n                    IF table_exists THEN\n                    EXECUTE IMMEDIATE FORMAT(\'\'\'\n                        DELETE FROM `sixth-topic-349709.ga4_events.raw_data`\n                        WHERE partition_date = PARSE_DATE(\'%%Y%%m%%d\', \'%s\')\n                    \'\'\', dt);\n                    \n                    EXECUTE IMMEDIATE FORMAT(\'\'\'\n                        INSERT INTO `sixth-topic-349709.ga4_events.raw_data`    \n                        SELECT *, PARSE_DATE(\'%%Y%%m%%d\', event_date) AS partition_date\n                        FROM `sixth-topic-349709.analytics_412203527.events_%s`\n                    \'\'\', dt);\n                    END IF;     \n                ', 'useLegacySql': False}}'
[2025-06-27T00:53:03.556+0000] {bigquery.py:1702} INFO - Inserting job ***_ga4_raw_data_elt_run_partition_insert_if_table_exists_2025_06_21T05_00_00_00_00_cfae70a556d31e5ef77fb97861eab726
[2025-06-27T00:53:23.136+0000] {taskinstance.py:340} INFO - ::group::Post task execution logs
[2025-06-27T00:53:23.139+0000] {taskinstance.py:352} INFO - Marking task as SUCCESS. dag_id=ga4_raw_data_elt, task_id=run_partition_insert_if_table_exists, run_id=scheduled__2025-06-21T05:00:00+00:00, execution_date=20250621T050000, start_date=20250627T005303, end_date=20250627T005323
[2025-06-27T00:53:23.162+0000] {local_task_job_runner.py:266} INFO - Task exited with return code 0
[2025-06-27T00:53:23.188+0000] {taskinstance.py:3900} INFO - 1 downstream tasks scheduled from follow-on schedule check
[2025-06-27T00:53:23.189+0000] {local_task_job_runner.py:245} INFO - ::endgroup::
[2025-06-27T02:50:59.442+0000] {local_task_job_runner.py:123} INFO - ::group::Pre task execution logs
[2025-06-27T02:50:59.464+0000] {taskinstance.py:2612} INFO - Dependencies all met for dep_context=non-requeueable deps ti=<TaskInstance: ga4_raw_data_elt.run_partition_insert_if_table_exists scheduled__2025-06-21T05:00:00+00:00 [queued]>
[2025-06-27T02:50:59.471+0000] {taskinstance.py:2612} INFO - Dependencies all met for dep_context=requeueable deps ti=<TaskInstance: ga4_raw_data_elt.run_partition_insert_if_table_exists scheduled__2025-06-21T05:00:00+00:00 [queued]>
[2025-06-27T02:50:59.471+0000] {taskinstance.py:2865} INFO - Starting attempt 1 of 1
[2025-06-27T02:50:59.481+0000] {taskinstance.py:2888} INFO - Executing <Task(BigQueryInsertJobOperator): run_partition_insert_if_table_exists> on 2025-06-21 05:00:00+00:00
[2025-06-27T02:50:59.493+0000] {warnings.py:112} WARNING - /home/***/.local/lib/python3.12/site-packages/***/task/task_runner/standard_task_runner.py:70: DeprecationWarning: This process (pid=126) is multi-threaded, use of fork() may lead to deadlocks in the child.
  pid = os.fork()

[2025-06-27T02:50:59.496+0000] {standard_task_runner.py:72} INFO - Started process 135 to run task
[2025-06-27T02:50:59.497+0000] {standard_task_runner.py:104} INFO - Running: ['***', 'tasks', 'run', 'ga4_raw_data_elt', 'run_partition_insert_if_table_exists', 'scheduled__2025-06-21T05:00:00+00:00', '--job-id', '98', '--raw', '--subdir', 'DAGS_FOLDER/GA4_data_elt.py', '--cfg-path', '/tmp/tmppc5bkgf9']
[2025-06-27T02:50:59.502+0000] {standard_task_runner.py:105} INFO - Job 98: Subtask run_partition_insert_if_table_exists
[2025-06-27T02:50:59.564+0000] {task_command.py:467} INFO - Running <TaskInstance: ga4_raw_data_elt.run_partition_insert_if_table_exists scheduled__2025-06-21T05:00:00+00:00 [running]> on host ba60ab6371e3
[2025-06-27T02:50:59.619+0000] {taskinstance.py:3131} INFO - Exporting env vars: AIRFLOW_CTX_DAG_OWNER='***' AIRFLOW_CTX_DAG_ID='ga4_raw_data_elt' AIRFLOW_CTX_TASK_ID='run_partition_insert_if_table_exists' AIRFLOW_CTX_EXECUTION_DATE='2025-06-21T05:00:00+00:00' AIRFLOW_CTX_TRY_NUMBER='1' AIRFLOW_CTX_DAG_RUN_ID='scheduled__2025-06-21T05:00:00+00:00'
[2025-06-27T02:50:59.621+0000] {taskinstance.py:731} INFO - ::endgroup::
[2025-06-27T02:50:59.630+0000] {connection.py:277} WARNING - Connection schemes (type: google_cloud_platform) shall not contain '_' according to RFC3986.
[2025-06-27T02:50:59.632+0000] {base.py:84} INFO - Retrieving connection 'google_cloud_default'
[2025-06-27T02:50:59.674+0000] {bigquery.py:2957} INFO - Executing: {'query': {'query': '\n                    DECLARE dt STRING;\n                    DECLARE table_exists BOOL;\n\n                    SET dt = FORMAT_DATE(\'%Y%m%d\', DATE(\'2025-06-21\'));\n\n                    SET table_exists = (\n                    SELECT COUNT(*) > 0\n                    FROM `sixth-topic-349709.analytics_412203527.__TABLES__`\n                    WHERE table_id = FORMAT("events_%s", dt)\n                    );\n\n                    IF table_exists THEN\n                    EXECUTE IMMEDIATE FORMAT(\'\'\'\n                        DELETE FROM `sixth-topic-349709.ga4_events.raw_data`\n                        WHERE partition_date = PARSE_DATE(\'%%Y%%m%%d\', \'%s\')\n                    \'\'\', dt);\n                    \n                    EXECUTE IMMEDIATE FORMAT(\'\'\'\n                        INSERT INTO `sixth-topic-349709.ga4_events.raw_data`    \n                        SELECT *, PARSE_DATE(\'%%Y%%m%%d\', event_date) AS partition_date\n                        FROM `sixth-topic-349709.analytics_412203527.events_%s`\n                    \'\'\', dt);\n                    END IF;     \n                ', 'useLegacySql': False}}'
[2025-06-27T02:50:59.674+0000] {bigquery.py:1702} INFO - Inserting job ***_ga4_raw_data_elt_run_partition_insert_if_table_exists_2025_06_21T05_00_00_00_00_28d3abda72f223c5fdd42dba0d573bda
[2025-06-27T02:51:14.929+0000] {taskinstance.py:340} INFO - ::group::Post task execution logs
[2025-06-27T02:51:14.932+0000] {taskinstance.py:352} INFO - Marking task as SUCCESS. dag_id=ga4_raw_data_elt, task_id=run_partition_insert_if_table_exists, run_id=scheduled__2025-06-21T05:00:00+00:00, execution_date=20250621T050000, start_date=20250627T025059, end_date=20250627T025114
[2025-06-27T02:51:14.984+0000] {local_task_job_runner.py:266} INFO - Task exited with return code 0
[2025-06-27T02:51:15.009+0000] {taskinstance.py:3900} INFO - 1 downstream tasks scheduled from follow-on schedule check
[2025-06-27T02:51:15.010+0000] {local_task_job_runner.py:245} INFO - ::endgroup::
