[2025-06-26T01:33:50.262+0000] {local_task_job_runner.py:123} INFO - ::group::Pre task execution logs
[2025-06-26T01:33:50.383+0000] {taskinstance.py:2612} INFO - Dependencies all met for dep_context=non-requeueable deps ti=<TaskInstance: country_capital_to_bigquery_operator.upload_to_bigquery scheduled__2025-06-24T02:00:00+00:00 [queued]>
[2025-06-26T01:33:50.388+0000] {taskinstance.py:2612} INFO - Dependencies all met for dep_context=requeueable deps ti=<TaskInstance: country_capital_to_bigquery_operator.upload_to_bigquery scheduled__2025-06-24T02:00:00+00:00 [queued]>
[2025-06-26T01:33:50.389+0000] {taskinstance.py:2865} INFO - Starting attempt 2 of 2
[2025-06-26T01:33:50.395+0000] {taskinstance.py:2888} INFO - Executing <Task(_PythonDecoratedOperator): upload_to_bigquery> on 2025-06-24 02:00:00+00:00
[2025-06-26T01:33:50.404+0000] {logging_mixin.py:190} WARNING - /home/***/.local/lib/python3.12/site-packages/***/task/task_runner/standard_task_runner.py:70 DeprecationWarning: This process (pid=908) is multi-threaded, use of fork() may lead to deadlocks in the child.
[2025-06-26T01:33:50.404+0000] {standard_task_runner.py:72} INFO - Started process 910 to run task
[2025-06-26T01:33:50.403+0000] {standard_task_runner.py:104} INFO - Running: ['***', 'tasks', 'run', 'country_capital_to_bigquery_operator', 'upload_to_bigquery', 'scheduled__2025-06-24T02:00:00+00:00', '--job-id', '16', '--raw', '--subdir', 'DAGS_FOLDER/simple_etl_bigquery_operator.py', '--cfg-path', '/tmp/tmpfejfa9lm']
[2025-06-26T01:33:50.405+0000] {standard_task_runner.py:105} INFO - Job 16: Subtask upload_to_bigquery
[2025-06-26T01:33:50.432+0000] {task_command.py:467} INFO - Running <TaskInstance: country_capital_to_bigquery_operator.upload_to_bigquery scheduled__2025-06-24T02:00:00+00:00 [running]> on host 76eadcdb3baf
[2025-06-26T01:33:50.479+0000] {taskinstance.py:3131} INFO - Exporting env vars: AIRFLOW_CTX_DAG_OWNER='***' AIRFLOW_CTX_DAG_ID='country_capital_to_bigquery_operator' AIRFLOW_CTX_TASK_ID='upload_to_bigquery' AIRFLOW_CTX_EXECUTION_DATE='2025-06-24T02:00:00+00:00' AIRFLOW_CTX_TRY_NUMBER='2' AIRFLOW_CTX_DAG_RUN_ID='scheduled__2025-06-24T02:00:00+00:00'
[2025-06-26T01:33:50.480+0000] {taskinstance.py:731} INFO - ::endgroup::
[2025-06-26T01:33:50.489+0000] {connection.py:277} WARNING - Connection schemes (type: google_cloud_platform) shall not contain '_' according to RFC3986.
[2025-06-26T01:33:50.492+0000] {base.py:84} INFO - Retrieving connection 'google_cloud_default'
[2025-06-26T01:33:50.497+0000] {bigquery.py:953} INFO - Inserting 247 row(s) into table sixth-topic-349709:raw_data.country_capital
[2025-06-26T01:33:51.839+0000] {bigquery.py:970} INFO - All row(s) inserted successfully: sixth-topic-349709:raw_data.country_capital
[2025-06-26T01:33:51.843+0000] {logging_mixin.py:190} INFO - ✅ 247 rows loaded into sixth-topic-349709.raw_data.country_capital
[2025-06-26T01:33:51.844+0000] {python.py:240} INFO - Done. Returned value was: None
[2025-06-26T01:33:51.889+0000] {taskinstance.py:340} INFO - ::group::Post task execution logs
[2025-06-26T01:33:51.890+0000] {taskinstance.py:352} INFO - Marking task as SUCCESS. dag_id=country_capital_to_bigquery_operator, task_id=upload_to_bigquery, run_id=scheduled__2025-06-24T02:00:00+00:00, execution_date=20250624T020000, start_date=20250626T013350, end_date=20250626T013351
[2025-06-26T01:33:51.914+0000] {local_task_job_runner.py:266} INFO - Task exited with return code 0
[2025-06-26T01:33:51.944+0000] {taskinstance.py:3900} INFO - 0 downstream tasks scheduled from follow-on schedule check
[2025-06-26T01:33:51.945+0000] {local_task_job_runner.py:245} INFO - ::endgroup::
