[2025-06-26T01:42:32.649+0000] {local_task_job_runner.py:123} INFO - ::group::Pre task execution logs
[2025-06-26T01:42:32.733+0000] {taskinstance.py:2612} INFO - Dependencies all met for dep_context=non-requeueable deps ti=<TaskInstance: country_capital_to_bigquery_operator.upload_to_bigquery scheduled__2025-06-24T02:00:00+00:00 [queued]>
[2025-06-26T01:42:32.737+0000] {taskinstance.py:2612} INFO - Dependencies all met for dep_context=requeueable deps ti=<TaskInstance: country_capital_to_bigquery_operator.upload_to_bigquery scheduled__2025-06-24T02:00:00+00:00 [queued]>
[2025-06-26T01:42:32.737+0000] {taskinstance.py:2865} INFO - Starting attempt 6 of 6
[2025-06-26T01:42:32.743+0000] {taskinstance.py:2888} INFO - Executing <Task(_PythonDecoratedOperator): upload_to_bigquery> on 2025-06-24 02:00:00+00:00
[2025-06-26T01:42:32.756+0000] {standard_task_runner.py:104} INFO - Running: ['***', 'tasks', 'run', 'country_capital_to_bigquery_operator', 'upload_to_bigquery', 'scheduled__2025-06-24T02:00:00+00:00', '--job-id', '23', '--raw', '--subdir', 'DAGS_FOLDER/simple_etl_bigquery_operator.py', '--cfg-path', '/tmp/tmp81mm23t_']
[2025-06-26T01:42:32.758+0000] {standard_task_runner.py:105} INFO - Job 23: Subtask upload_to_bigquery
[2025-06-26T01:42:32.758+0000] {logging_mixin.py:190} WARNING - /home/***/.local/lib/python3.12/site-packages/***/task/task_runner/standard_task_runner.py:70 DeprecationWarning: This process (pid=1308) is multi-threaded, use of fork() may lead to deadlocks in the child.
[2025-06-26T01:42:32.760+0000] {standard_task_runner.py:72} INFO - Started process 1310 to run task
[2025-06-26T01:42:32.792+0000] {task_command.py:467} INFO - Running <TaskInstance: country_capital_to_bigquery_operator.upload_to_bigquery scheduled__2025-06-24T02:00:00+00:00 [running]> on host 76eadcdb3baf
[2025-06-26T01:42:32.841+0000] {taskinstance.py:3131} INFO - Exporting env vars: AIRFLOW_CTX_DAG_OWNER='***' AIRFLOW_CTX_DAG_ID='country_capital_to_bigquery_operator' AIRFLOW_CTX_TASK_ID='upload_to_bigquery' AIRFLOW_CTX_EXECUTION_DATE='2025-06-24T02:00:00+00:00' AIRFLOW_CTX_TRY_NUMBER='6' AIRFLOW_CTX_DAG_RUN_ID='scheduled__2025-06-24T02:00:00+00:00'
[2025-06-26T01:42:32.842+0000] {taskinstance.py:731} INFO - ::endgroup::
[2025-06-26T01:42:32.856+0000] {connection.py:277} WARNING - Connection schemes (type: google_cloud_platform) shall not contain '_' according to RFC3986.
[2025-06-26T01:42:32.859+0000] {base.py:84} INFO - Retrieving connection 'google_cloud_default'
[2025-06-26T01:42:36.258+0000] {logging_mixin.py:190} INFO - ✅ 247 rows loaded into sixth-topic-349709.raw_data.country_capital
[2025-06-26T01:42:36.259+0000] {python.py:240} INFO - Done. Returned value was: None
[2025-06-26T01:42:36.271+0000] {taskinstance.py:340} INFO - ::group::Post task execution logs
[2025-06-26T01:42:36.271+0000] {taskinstance.py:352} INFO - Marking task as SUCCESS. dag_id=country_capital_to_bigquery_operator, task_id=upload_to_bigquery, run_id=scheduled__2025-06-24T02:00:00+00:00, execution_date=20250624T020000, start_date=20250626T014232, end_date=20250626T014236
[2025-06-26T01:42:36.295+0000] {local_task_job_runner.py:266} INFO - Task exited with return code 0
[2025-06-26T01:42:36.310+0000] {taskinstance.py:3900} INFO - 0 downstream tasks scheduled from follow-on schedule check
[2025-06-26T01:42:36.311+0000] {local_task_job_runner.py:245} INFO - ::endgroup::
