[2025-06-26T01:23:36.482+0000] {local_task_job_runner.py:123} INFO - ::group::Pre task execution logs
[2025-06-26T01:23:36.569+0000] {taskinstance.py:2612} INFO - Dependencies all met for dep_context=non-requeueable deps ti=<TaskInstance: country_capital_to_bigquery_operator.upload_to_bigquery scheduled__2025-06-24T02:00:00+00:00 [queued]>
[2025-06-26T01:23:36.573+0000] {taskinstance.py:2612} INFO - Dependencies all met for dep_context=requeueable deps ti=<TaskInstance: country_capital_to_bigquery_operator.upload_to_bigquery scheduled__2025-06-24T02:00:00+00:00 [queued]>
[2025-06-26T01:23:36.574+0000] {taskinstance.py:2865} INFO - Starting attempt 1 of 1
[2025-06-26T01:23:36.579+0000] {taskinstance.py:2888} INFO - Executing <Task(_PythonDecoratedOperator): upload_to_bigquery> on 2025-06-24 02:00:00+00:00
[2025-06-26T01:23:36.585+0000] {standard_task_runner.py:104} INFO - Running: ['***', 'tasks', 'run', 'country_capital_to_bigquery_operator', 'upload_to_bigquery', 'scheduled__2025-06-24T02:00:00+00:00', '--job-id', '11', '--raw', '--subdir', 'DAGS_FOLDER/simple_etl_bigquery_operator.py', '--cfg-path', '/tmp/tmpbstttdqy']
[2025-06-26T01:23:36.587+0000] {logging_mixin.py:190} WARNING - /home/***/.local/lib/python3.12/site-packages/***/task/task_runner/standard_task_runner.py:70 DeprecationWarning: This process (pid=443) is multi-threaded, use of fork() may lead to deadlocks in the child.
[2025-06-26T01:23:36.588+0000] {standard_task_runner.py:105} INFO - Job 11: Subtask upload_to_bigquery
[2025-06-26T01:23:36.588+0000] {standard_task_runner.py:72} INFO - Started process 445 to run task
[2025-06-26T01:23:36.614+0000] {task_command.py:467} INFO - Running <TaskInstance: country_capital_to_bigquery_operator.upload_to_bigquery scheduled__2025-06-24T02:00:00+00:00 [running]> on host 76eadcdb3baf
[2025-06-26T01:23:36.657+0000] {taskinstance.py:3131} INFO - Exporting env vars: AIRFLOW_CTX_DAG_OWNER='***' AIRFLOW_CTX_DAG_ID='country_capital_to_bigquery_operator' AIRFLOW_CTX_TASK_ID='upload_to_bigquery' AIRFLOW_CTX_EXECUTION_DATE='2025-06-24T02:00:00+00:00' AIRFLOW_CTX_TRY_NUMBER='1' AIRFLOW_CTX_DAG_RUN_ID='scheduled__2025-06-24T02:00:00+00:00'
[2025-06-26T01:23:36.658+0000] {taskinstance.py:731} INFO - ::endgroup::
[2025-06-26T01:23:36.668+0000] {connection.py:277} WARNING - Connection schemes (type: google_cloud_platform) shall not contain '_' according to RFC3986.
[2025-06-26T01:23:36.670+0000] {base.py:84} INFO - Retrieving connection 'google_cloud_default'
[2025-06-26T01:23:36.681+0000] {bigquery.py:953} INFO - Inserting 247 row(s) into table sixth-topic-349709:raw_data.country_capital
[2025-06-26T01:23:37.786+0000] {bigquery.py:970} INFO - All row(s) inserted successfully: sixth-topic-349709:raw_data.country_capital
[2025-06-26T01:23:37.787+0000] {logging_mixin.py:190} INFO - ✅ 247 rows loaded into sixth-topic-349709.raw_data.country_capital
[2025-06-26T01:23:37.787+0000] {python.py:240} INFO - Done. Returned value was: None
[2025-06-26T01:23:37.793+0000] {taskinstance.py:340} INFO - ::group::Post task execution logs
[2025-06-26T01:23:37.793+0000] {taskinstance.py:352} INFO - Marking task as SUCCESS. dag_id=country_capital_to_bigquery_operator, task_id=upload_to_bigquery, run_id=scheduled__2025-06-24T02:00:00+00:00, execution_date=20250624T020000, start_date=20250626T012336, end_date=20250626T012337
[2025-06-26T01:23:37.806+0000] {local_task_job_runner.py:266} INFO - Task exited with return code 0
[2025-06-26T01:23:37.816+0000] {taskinstance.py:3900} INFO - 0 downstream tasks scheduled from follow-on schedule check
[2025-06-26T01:23:37.817+0000] {local_task_job_runner.py:245} INFO - ::endgroup::
