[2025-06-27T01:41:05.493+0000] {local_task_job_runner.py:123} INFO - ::group::Pre task execution logs
[2025-06-27T01:41:05.507+0000] {taskinstance.py:2612} INFO - Dependencies all met for dep_context=non-requeueable deps ti=<TaskInstance: country_capital_to_bigquery_operator.upload_to_bigquery scheduled__2025-06-25T02:00:00+00:00 [queued]>
[2025-06-27T01:41:05.512+0000] {taskinstance.py:2612} INFO - Dependencies all met for dep_context=requeueable deps ti=<TaskInstance: country_capital_to_bigquery_operator.upload_to_bigquery scheduled__2025-06-25T02:00:00+00:00 [queued]>
[2025-06-27T01:41:05.513+0000] {taskinstance.py:2865} INFO - Starting attempt 1 of 1
[2025-06-27T01:41:05.520+0000] {taskinstance.py:2888} INFO - Executing <Task(_PythonDecoratedOperator): upload_to_bigquery> on 2025-06-25 02:00:00+00:00
[2025-06-27T01:41:05.532+0000] {logging_mixin.py:190} WARNING - /home/***/.local/lib/python3.12/site-packages/***/task/task_runner/standard_task_runner.py:70 DeprecationWarning: This process (pid=322) is multi-threaded, use of fork() may lead to deadlocks in the child.
[2025-06-27T01:41:05.530+0000] {standard_task_runner.py:104} INFO - Running: ['***', 'tasks', 'run', 'country_capital_to_bigquery_operator', 'upload_to_bigquery', 'scheduled__2025-06-25T02:00:00+00:00', '--job-id', '6', '--raw', '--subdir', 'DAGS_FOLDER/simple_etl_bigquery_ver2.py', '--cfg-path', '/tmp/tmpuuxn54gh']
[2025-06-27T01:41:05.533+0000] {standard_task_runner.py:105} INFO - Job 6: Subtask upload_to_bigquery
[2025-06-27T01:41:05.533+0000] {standard_task_runner.py:72} INFO - Started process 324 to run task
[2025-06-27T01:41:05.579+0000] {task_command.py:467} INFO - Running <TaskInstance: country_capital_to_bigquery_operator.upload_to_bigquery scheduled__2025-06-25T02:00:00+00:00 [running]> on host d46d6ba51874
[2025-06-27T01:41:05.647+0000] {taskinstance.py:3131} INFO - Exporting env vars: AIRFLOW_CTX_DAG_OWNER='***' AIRFLOW_CTX_DAG_ID='country_capital_to_bigquery_operator' AIRFLOW_CTX_TASK_ID='upload_to_bigquery' AIRFLOW_CTX_EXECUTION_DATE='2025-06-25T02:00:00+00:00' AIRFLOW_CTX_TRY_NUMBER='1' AIRFLOW_CTX_DAG_RUN_ID='scheduled__2025-06-25T02:00:00+00:00'
[2025-06-27T01:41:05.652+0000] {taskinstance.py:731} INFO - ::endgroup::
[2025-06-27T01:41:05.899+0000] {connection.py:277} WARNING - Connection schemes (type: google_cloud_platform) shall not contain '_' according to RFC3986.
[2025-06-27T01:41:05.900+0000] {base.py:84} INFO - Retrieving connection 'google_cloud_default'
[2025-06-27T01:41:09.569+0000] {logging_mixin.py:190} INFO - ✅ 247 rows loaded into sixth-topic-349709.raw_data.country_capital
[2025-06-27T01:41:09.570+0000] {python.py:240} INFO - Done. Returned value was: None
[2025-06-27T01:41:09.594+0000] {taskinstance.py:340} INFO - ::group::Post task execution logs
[2025-06-27T01:41:09.595+0000] {taskinstance.py:352} INFO - Marking task as SUCCESS. dag_id=country_capital_to_bigquery_operator, task_id=upload_to_bigquery, run_id=scheduled__2025-06-25T02:00:00+00:00, execution_date=20250625T020000, start_date=20250627T014105, end_date=20250627T014109
[2025-06-27T01:41:09.638+0000] {local_task_job_runner.py:266} INFO - Task exited with return code 0
[2025-06-27T01:41:09.673+0000] {taskinstance.py:3900} INFO - 0 downstream tasks scheduled from follow-on schedule check
[2025-06-27T01:41:09.674+0000] {local_task_job_runner.py:245} INFO - ::endgroup::
