[2025-06-27T02:06:39.850+0000] {local_task_job_runner.py:123} INFO - ::group::Pre task execution logs
[2025-06-27T02:06:39.860+0000] {taskinstance.py:2612} INFO - Dependencies all met for dep_context=non-requeueable deps ti=<TaskInstance: ga4_raw_data_elt.end_task scheduled__2025-06-22T02:07:00+00:00 [queued]>
[2025-06-27T02:06:39.867+0000] {taskinstance.py:2612} INFO - Dependencies all met for dep_context=requeueable deps ti=<TaskInstance: ga4_raw_data_elt.end_task scheduled__2025-06-22T02:07:00+00:00 [queued]>
[2025-06-27T02:06:39.868+0000] {taskinstance.py:2865} INFO - Starting attempt 1 of 1
[2025-06-27T02:06:39.879+0000] {taskinstance.py:2888} INFO - Executing <Task(_PythonDecoratedOperator): end_task> on 2025-06-22 02:07:00+00:00
[2025-06-27T02:06:39.886+0000] {warnings.py:112} WARNING - /home/***/.local/lib/python3.12/site-packages/***/task/task_runner/standard_task_runner.py:70: DeprecationWarning: This process (pid=167) is multi-threaded, use of fork() may lead to deadlocks in the child.
  pid = os.fork()

[2025-06-27T02:06:39.887+0000] {standard_task_runner.py:72} INFO - Started process 170 to run task
[2025-06-27T02:06:39.888+0000] {standard_task_runner.py:104} INFO - Running: ['***', 'tasks', 'run', 'ga4_raw_data_elt', 'end_task', 'scheduled__2025-06-22T02:07:00+00:00', '--job-id', '32', '--raw', '--subdir', 'DAGS_FOLDER/GA4_data_elt.py', '--cfg-path', '/tmp/tmp2nz87eu4']
[2025-06-27T02:06:39.891+0000] {standard_task_runner.py:105} INFO - Job 32: Subtask end_task
[2025-06-27T02:06:39.922+0000] {task_command.py:467} INFO - Running <TaskInstance: ga4_raw_data_elt.end_task scheduled__2025-06-22T02:07:00+00:00 [running]> on host 040d1cf847a3
[2025-06-27T02:06:39.974+0000] {taskinstance.py:3131} INFO - Exporting env vars: AIRFLOW_CTX_DAG_OWNER='***' AIRFLOW_CTX_DAG_ID='ga4_raw_data_elt' AIRFLOW_CTX_TASK_ID='end_task' AIRFLOW_CTX_EXECUTION_DATE='2025-06-22T02:07:00+00:00' AIRFLOW_CTX_TRY_NUMBER='1' AIRFLOW_CTX_DAG_RUN_ID='scheduled__2025-06-22T02:07:00+00:00'
[2025-06-27T02:06:39.975+0000] {taskinstance.py:731} INFO - ::endgroup::
[2025-06-27T02:06:39.977+0000] {logging_mixin.py:190} INFO - end
[2025-06-27T02:06:39.978+0000] {python.py:240} INFO - Done. Returned value was: None
[2025-06-27T02:06:39.984+0000] {taskinstance.py:340} INFO - ::group::Post task execution logs
[2025-06-27T02:06:39.985+0000] {taskinstance.py:352} INFO - Marking task as SUCCESS. dag_id=ga4_raw_data_elt, task_id=end_task, run_id=scheduled__2025-06-22T02:07:00+00:00, execution_date=20250622T020700, start_date=20250627T020639, end_date=20250627T020639
[2025-06-27T02:06:40.026+0000] {local_task_job_runner.py:266} INFO - Task exited with return code 0
[2025-06-27T02:06:40.035+0000] {local_task_job_runner.py:245} INFO - ::endgroup::
[2025-06-27T02:21:37.349+0000] {local_task_job_runner.py:123} INFO - ::group::Pre task execution logs
[2025-06-27T02:21:37.359+0000] {taskinstance.py:2612} INFO - Dependencies all met for dep_context=non-requeueable deps ti=<TaskInstance: ga4_raw_data_elt.end_task scheduled__2025-06-22T02:07:00+00:00 [queued]>
[2025-06-27T02:21:37.363+0000] {taskinstance.py:2612} INFO - Dependencies all met for dep_context=requeueable deps ti=<TaskInstance: ga4_raw_data_elt.end_task scheduled__2025-06-22T02:07:00+00:00 [queued]>
[2025-06-27T02:21:37.363+0000] {taskinstance.py:2865} INFO - Starting attempt 1 of 1
[2025-06-27T02:21:37.371+0000] {taskinstance.py:2888} INFO - Executing <Task(_PythonDecoratedOperator): end_task> on 2025-06-22 02:07:00+00:00
[2025-06-27T02:21:37.377+0000] {warnings.py:112} WARNING - /home/***/.local/lib/python3.12/site-packages/***/task/task_runner/standard_task_runner.py:70: DeprecationWarning: This process (pid=182) is multi-threaded, use of fork() may lead to deadlocks in the child.
  pid = os.fork()

[2025-06-27T02:21:37.378+0000] {standard_task_runner.py:72} INFO - Started process 184 to run task
[2025-06-27T02:21:37.380+0000] {standard_task_runner.py:104} INFO - Running: ['***', 'tasks', 'run', 'ga4_raw_data_elt', 'end_task', 'scheduled__2025-06-22T02:07:00+00:00', '--job-id', '36', '--raw', '--subdir', 'DAGS_FOLDER/GA4_data_elt.py', '--cfg-path', '/tmp/tmpsfjsrkxo']
[2025-06-27T02:21:37.384+0000] {standard_task_runner.py:105} INFO - Job 36: Subtask end_task
[2025-06-27T02:21:37.427+0000] {task_command.py:467} INFO - Running <TaskInstance: ga4_raw_data_elt.end_task scheduled__2025-06-22T02:07:00+00:00 [running]> on host a6d750376b6f
[2025-06-27T02:21:37.494+0000] {taskinstance.py:3131} INFO - Exporting env vars: AIRFLOW_CTX_DAG_OWNER='***' AIRFLOW_CTX_DAG_ID='ga4_raw_data_elt' AIRFLOW_CTX_TASK_ID='end_task' AIRFLOW_CTX_EXECUTION_DATE='2025-06-22T02:07:00+00:00' AIRFLOW_CTX_TRY_NUMBER='1' AIRFLOW_CTX_DAG_RUN_ID='scheduled__2025-06-22T02:07:00+00:00'
[2025-06-27T02:21:37.498+0000] {taskinstance.py:731} INFO - ::endgroup::
[2025-06-27T02:21:37.502+0000] {logging_mixin.py:190} INFO - end
[2025-06-27T02:21:37.502+0000] {python.py:240} INFO - Done. Returned value was: None
[2025-06-27T02:21:37.511+0000] {taskinstance.py:340} INFO - ::group::Post task execution logs
[2025-06-27T02:21:37.512+0000] {taskinstance.py:352} INFO - Marking task as SUCCESS. dag_id=ga4_raw_data_elt, task_id=end_task, run_id=scheduled__2025-06-22T02:07:00+00:00, execution_date=20250622T020700, start_date=20250627T022137, end_date=20250627T022137
[2025-06-27T02:21:37.559+0000] {local_task_job_runner.py:266} INFO - Task exited with return code 0
[2025-06-27T02:21:37.568+0000] {local_task_job_runner.py:245} INFO - ::endgroup::
[2025-06-27T02:35:21.587+0000] {local_task_job_runner.py:123} INFO - ::group::Pre task execution logs
[2025-06-27T02:35:21.597+0000] {taskinstance.py:2612} INFO - Dependencies all met for dep_context=non-requeueable deps ti=<TaskInstance: ga4_raw_data_elt.end_task scheduled__2025-06-22T02:07:00+00:00 [queued]>
[2025-06-27T02:35:21.602+0000] {taskinstance.py:2612} INFO - Dependencies all met for dep_context=requeueable deps ti=<TaskInstance: ga4_raw_data_elt.end_task scheduled__2025-06-22T02:07:00+00:00 [queued]>
[2025-06-27T02:35:21.602+0000] {taskinstance.py:2865} INFO - Starting attempt 1 of 1
[2025-06-27T02:35:21.611+0000] {taskinstance.py:2888} INFO - Executing <Task(_PythonDecoratedOperator): end_task> on 2025-06-22 02:07:00+00:00
[2025-06-27T02:35:21.617+0000] {warnings.py:112} WARNING - /home/***/.local/lib/python3.12/site-packages/***/task/task_runner/standard_task_runner.py:70: DeprecationWarning: This process (pid=179) is multi-threaded, use of fork() may lead to deadlocks in the child.
  pid = os.fork()

[2025-06-27T02:35:21.620+0000] {standard_task_runner.py:72} INFO - Started process 181 to run task
[2025-06-27T02:35:21.619+0000] {standard_task_runner.py:104} INFO - Running: ['***', 'tasks', 'run', 'ga4_raw_data_elt', 'end_task', 'scheduled__2025-06-22T02:07:00+00:00', '--job-id', '35', '--raw', '--subdir', 'DAGS_FOLDER/GA4_data_elt.py', '--cfg-path', '/tmp/tmps9ozq94s']
[2025-06-27T02:35:21.622+0000] {standard_task_runner.py:105} INFO - Job 35: Subtask end_task
[2025-06-27T02:35:21.668+0000] {task_command.py:467} INFO - Running <TaskInstance: ga4_raw_data_elt.end_task scheduled__2025-06-22T02:07:00+00:00 [running]> on host ba60ab6371e3
[2025-06-27T02:35:21.721+0000] {taskinstance.py:3131} INFO - Exporting env vars: AIRFLOW_CTX_DAG_OWNER='***' AIRFLOW_CTX_DAG_ID='ga4_raw_data_elt' AIRFLOW_CTX_TASK_ID='end_task' AIRFLOW_CTX_EXECUTION_DATE='2025-06-22T02:07:00+00:00' AIRFLOW_CTX_TRY_NUMBER='1' AIRFLOW_CTX_DAG_RUN_ID='scheduled__2025-06-22T02:07:00+00:00'
[2025-06-27T02:35:21.722+0000] {taskinstance.py:731} INFO - ::endgroup::
[2025-06-27T02:35:21.723+0000] {logging_mixin.py:190} INFO - end
[2025-06-27T02:35:21.724+0000] {python.py:240} INFO - Done. Returned value was: None
[2025-06-27T02:35:21.730+0000] {taskinstance.py:340} INFO - ::group::Post task execution logs
[2025-06-27T02:35:21.730+0000] {taskinstance.py:352} INFO - Marking task as SUCCESS. dag_id=ga4_raw_data_elt, task_id=end_task, run_id=scheduled__2025-06-22T02:07:00+00:00, execution_date=20250622T020700, start_date=20250627T023521, end_date=20250627T023521
[2025-06-27T02:35:21.763+0000] {local_task_job_runner.py:266} INFO - Task exited with return code 0
[2025-06-27T02:35:21.774+0000] {taskinstance.py:3900} INFO - 0 downstream tasks scheduled from follow-on schedule check
[2025-06-27T02:35:21.774+0000] {local_task_job_runner.py:245} INFO - ::endgroup::
