[2025-06-27T05:58:45.928+0000] {local_task_job_runner.py:123} INFO - ::group::Pre task execution logs
[2025-06-27T05:58:46.082+0000] {taskinstance.py:2612} INFO - Dependencies all met for dep_context=non-requeueable deps ti=<TaskInstance: ga4_raw_data_elt_v1.0.start_task scheduled__2025-05-27T09:00:00+00:00 [queued]>
[2025-06-27T05:58:46.149+0000] {taskinstance.py:2612} INFO - Dependencies all met for dep_context=requeueable deps ti=<TaskInstance: ga4_raw_data_elt_v1.0.start_task scheduled__2025-05-27T09:00:00+00:00 [queued]>
[2025-06-27T05:58:46.154+0000] {taskinstance.py:2865} INFO - Starting attempt 1 of 1
[2025-06-27T05:58:46.341+0000] {taskinstance.py:2888} INFO - Executing <Task(_PythonDecoratedOperator): start_task> on 2025-05-27 09:00:00+00:00
[2025-06-27T05:58:46.540+0000] {warnings.py:112} WARNING - /home/***/.local/lib/python3.12/site-packages/***/task/task_runner/standard_task_runner.py:70: DeprecationWarning: This process (pid=3260) is multi-threaded, use of fork() may lead to deadlocks in the child.
  pid = os.fork()

[2025-06-27T05:58:46.551+0000] {standard_task_runner.py:72} INFO - Started process 3308 to run task
[2025-06-27T05:58:46.567+0000] {standard_task_runner.py:104} INFO - Running: ['***', 'tasks', 'run', 'ga4_raw_data_elt_v1.0', 'start_task', 'scheduled__2025-05-27T09:00:00+00:00', '--job-id', '811', '--raw', '--subdir', 'DAGS_FOLDER/GA4_data_elt.py', '--cfg-path', '/tmp/tmpqib5h738']
[2025-06-27T05:58:46.667+0000] {standard_task_runner.py:105} INFO - Job 811: Subtask start_task
[2025-06-27T05:58:47.124+0000] {task_command.py:467} INFO - Running <TaskInstance: ga4_raw_data_elt_v1.0.start_task scheduled__2025-05-27T09:00:00+00:00 [running]> on host 546ad4141aeb
[2025-06-27T05:58:47.810+0000] {taskinstance.py:3131} INFO - Exporting env vars: AIRFLOW_CTX_DAG_OWNER='***' AIRFLOW_CTX_DAG_ID='ga4_raw_data_elt_v1.0' AIRFLOW_CTX_TASK_ID='start_task' AIRFLOW_CTX_EXECUTION_DATE='2025-05-27T09:00:00+00:00' AIRFLOW_CTX_TRY_NUMBER='1' AIRFLOW_CTX_DAG_RUN_ID='scheduled__2025-05-27T09:00:00+00:00'
[2025-06-27T05:58:47.888+0000] {taskinstance.py:731} INFO - ::endgroup::
[2025-06-27T05:58:47.985+0000] {logging_mixin.py:190} INFO - start
[2025-06-27T05:58:47.995+0000] {logging_mixin.py:190} INFO - ds: 2025-05-27
[2025-06-27T05:58:48.000+0000] {python.py:240} INFO - Done. Returned value was: None
[2025-06-27T05:58:48.090+0000] {taskinstance.py:340} INFO - ::group::Post task execution logs
[2025-06-27T05:58:48.097+0000] {taskinstance.py:352} INFO - Marking task as SUCCESS. dag_id=ga4_raw_data_elt_v1.0, task_id=start_task, run_id=scheduled__2025-05-27T09:00:00+00:00, execution_date=20250527T090000, start_date=20250627T055846, end_date=20250627T055848
[2025-06-27T05:58:48.491+0000] {local_task_job_runner.py:266} INFO - Task exited with return code 0
[2025-06-27T05:58:48.707+0000] {local_task_job_runner.py:245} INFO - ::endgroup::
