[2025-06-26T05:47:06.777+0000] {local_task_job_runner.py:123} INFO - ::group::Pre task execution logs
[2025-06-26T05:47:06.790+0000] {taskinstance.py:2612} INFO - Dependencies all met for dep_context=non-requeueable deps ti=<TaskInstance: ga4_raw_data_elt.create_partitioned_table_if_not_exists scheduled__2025-06-20T05:00:00+00:00 [queued]>
[2025-06-26T05:47:06.796+0000] {taskinstance.py:2612} INFO - Dependencies all met for dep_context=requeueable deps ti=<TaskInstance: ga4_raw_data_elt.create_partitioned_table_if_not_exists scheduled__2025-06-20T05:00:00+00:00 [queued]>
[2025-06-26T05:47:06.797+0000] {taskinstance.py:2865} INFO - Starting attempt 1 of 1
[2025-06-26T05:47:06.805+0000] {taskinstance.py:2888} INFO - Executing <Task(BigQueryInsertJobOperator): create_partitioned_table_if_not_exists> on 2025-06-20 05:00:00+00:00
[2025-06-26T05:47:06.818+0000] {logging_mixin.py:190} WARNING - /home/***/.local/lib/python3.12/site-packages/***/task/task_runner/standard_task_runner.py:70 DeprecationWarning: This process (pid=13368) is multi-threaded, use of fork() may lead to deadlocks in the child.
[2025-06-26T05:47:06.819+0000] {standard_task_runner.py:72} INFO - Started process 13376 to run task
[2025-06-26T05:47:06.816+0000] {standard_task_runner.py:104} INFO - Running: ['***', 'tasks', 'run', 'ga4_raw_data_elt', 'create_partitioned_table_if_not_exists', 'scheduled__2025-06-20T05:00:00+00:00', '--job-id', '48', '--raw', '--subdir', 'DAGS_FOLDER/GA4_data_elt.py', '--cfg-path', '/tmp/tmp4q2ggdvc']
[2025-06-26T05:47:06.823+0000] {standard_task_runner.py:105} INFO - Job 48: Subtask create_partitioned_table_if_not_exists
[2025-06-26T05:47:06.857+0000] {task_command.py:467} INFO - Running <TaskInstance: ga4_raw_data_elt.create_partitioned_table_if_not_exists scheduled__2025-06-20T05:00:00+00:00 [running]> on host 76eadcdb3baf
[2025-06-26T05:47:07.272+0000] {taskinstance.py:3131} INFO - Exporting env vars: AIRFLOW_CTX_DAG_OWNER='***' AIRFLOW_CTX_DAG_ID='ga4_raw_data_elt' AIRFLOW_CTX_TASK_ID='create_partitioned_table_if_not_exists' AIRFLOW_CTX_EXECUTION_DATE='2025-06-20T05:00:00+00:00' AIRFLOW_CTX_TRY_NUMBER='1' AIRFLOW_CTX_DAG_RUN_ID='scheduled__2025-06-20T05:00:00+00:00'
[2025-06-26T05:47:07.273+0000] {taskinstance.py:731} INFO - ::endgroup::
[2025-06-26T05:47:07.283+0000] {connection.py:277} WARNING - Connection schemes (type: google_cloud_platform) shall not contain '_' according to RFC3986.
[2025-06-26T05:47:07.288+0000] {base.py:84} INFO - Retrieving connection 'google_cloud_default'
[2025-06-26T05:47:07.333+0000] {bigquery.py:2957} INFO - Executing: {'query': {'query': '\n                    DECLARE dt STRING;\n                    DECLARE source_table_exists BOOL;\n\n                    SET dt = FORMAT_DATE(\'%Y%m%d\', DATE_SUB(DATE(\'2025-06-20\'), INTERVAL 1 DAY));\n\n                    SET source_table_exists = (\n                    SELECT COUNT(*) > 0\n                    FROM `sixth-topic-349709.analytics_412203527.__TABLES__`\n                    WHERE table_id = FORMAT("events_%s", dt)\n                    );\n\n                    IF source_table_exists THEN\n                    EXECUTE IMMEDIATE FORMAT(\'\'\'\n                        CREATE TABLE IF NOT EXISTS `sixth-topic-349709.ga4_events.raw_data`\n                        PARTITION BY partition_date\n                        AS\n                        SELECT *, PARSE_DATE(\'%%Y%%m%%d\', event_date) AS partition_date\n                        FROM `sixth-topic-349709.analytics_412203527.events_%s`\n                        WHERE FALSE\n                    \'\'\', dt);\n                    END IF;\n                ', 'useLegacySql': False}}'
[2025-06-26T05:47:07.335+0000] {bigquery.py:1702} INFO - Inserting job ***_ga4_raw_data_elt_create_partitioned_table_if_not_exists_2025_06_20T05_00_00_00_00_cf811c024bc87d49d3e424a1573dbca2
[2025-06-26T05:47:11.099+0000] {taskinstance.py:340} INFO - ::group::Post task execution logs
[2025-06-26T05:47:11.101+0000] {taskinstance.py:352} INFO - Marking task as SUCCESS. dag_id=ga4_raw_data_elt, task_id=create_partitioned_table_if_not_exists, run_id=scheduled__2025-06-20T05:00:00+00:00, execution_date=20250620T050000, start_date=20250626T054706, end_date=20250626T054711
[2025-06-26T05:47:11.148+0000] {local_task_job_runner.py:266} INFO - Task exited with return code 0
[2025-06-26T05:47:11.203+0000] {taskinstance.py:3900} INFO - 1 downstream tasks scheduled from follow-on schedule check
[2025-06-26T05:47:11.204+0000] {local_task_job_runner.py:245} INFO - ::endgroup::
