[2025-06-27T02:06:09.152+0000] {local_task_job_runner.py:123} INFO - ::group::Pre task execution logs
[2025-06-27T02:06:09.183+0000] {taskinstance.py:2612} INFO - Dependencies all met for dep_context=non-requeueable deps ti=<TaskInstance: ga4_raw_data_elt.start_task scheduled__2025-06-23T02:07:00+00:00 [queued]>
[2025-06-27T02:06:09.200+0000] {taskinstance.py:2612} INFO - Dependencies all met for dep_context=requeueable deps ti=<TaskInstance: ga4_raw_data_elt.start_task scheduled__2025-06-23T02:07:00+00:00 [queued]>
[2025-06-27T02:06:09.202+0000] {taskinstance.py:2865} INFO - Starting attempt 1 of 1
[2025-06-27T02:06:09.222+0000] {taskinstance.py:2888} INFO - Executing <Task(_PythonDecoratedOperator): start_task> on 2025-06-23 02:07:00+00:00
[2025-06-27T02:06:09.246+0000] {warnings.py:112} WARNING - /home/***/.local/lib/python3.12/site-packages/***/task/task_runner/standard_task_runner.py:70: DeprecationWarning: This process (pid=56) is multi-threaded, use of fork() may lead to deadlocks in the child.
  pid = os.fork()

[2025-06-27T02:06:09.257+0000] {standard_task_runner.py:72} INFO - Started process 69 to run task
[2025-06-27T02:06:09.267+0000] {standard_task_runner.py:104} INFO - Running: ['***', 'tasks', 'run', 'ga4_raw_data_elt', 'start_task', 'scheduled__2025-06-23T02:07:00+00:00', '--job-id', '8', '--raw', '--subdir', 'DAGS_FOLDER/GA4_data_elt.py', '--cfg-path', '/tmp/tmpuzc1txem']
[2025-06-27T02:06:09.278+0000] {standard_task_runner.py:105} INFO - Job 8: Subtask start_task
[2025-06-27T02:06:09.417+0000] {task_command.py:467} INFO - Running <TaskInstance: ga4_raw_data_elt.start_task scheduled__2025-06-23T02:07:00+00:00 [running]> on host 040d1cf847a3
[2025-06-27T02:06:09.515+0000] {taskinstance.py:3131} INFO - Exporting env vars: AIRFLOW_CTX_DAG_OWNER='***' AIRFLOW_CTX_DAG_ID='ga4_raw_data_elt' AIRFLOW_CTX_TASK_ID='start_task' AIRFLOW_CTX_EXECUTION_DATE='2025-06-23T02:07:00+00:00' AIRFLOW_CTX_TRY_NUMBER='1' AIRFLOW_CTX_DAG_RUN_ID='scheduled__2025-06-23T02:07:00+00:00'
[2025-06-27T02:06:09.525+0000] {taskinstance.py:731} INFO - ::endgroup::
[2025-06-27T02:06:09.529+0000] {logging_mixin.py:190} INFO - start
[2025-06-27T02:06:09.529+0000] {logging_mixin.py:190} INFO - ds: 2025-06-23
[2025-06-27T02:06:09.530+0000] {python.py:240} INFO - Done. Returned value was: None
[2025-06-27T02:06:09.542+0000] {taskinstance.py:340} INFO - ::group::Post task execution logs
[2025-06-27T02:06:09.543+0000] {taskinstance.py:352} INFO - Marking task as SUCCESS. dag_id=ga4_raw_data_elt, task_id=start_task, run_id=scheduled__2025-06-23T02:07:00+00:00, execution_date=20250623T020700, start_date=20250627T020609, end_date=20250627T020609
[2025-06-27T02:06:09.588+0000] {local_task_job_runner.py:266} INFO - Task exited with return code 0
[2025-06-27T02:06:09.621+0000] {taskinstance.py:3900} INFO - 1 downstream tasks scheduled from follow-on schedule check
[2025-06-27T02:06:09.626+0000] {local_task_job_runner.py:245} INFO - ::endgroup::
[2025-06-27T02:17:46.044+0000] {local_task_job_runner.py:123} INFO - ::group::Pre task execution logs
[2025-06-27T02:17:46.060+0000] {taskinstance.py:2612} INFO - Dependencies all met for dep_context=non-requeueable deps ti=<TaskInstance: ga4_raw_data_elt.start_task scheduled__2025-06-23T02:07:00+00:00 [queued]>
[2025-06-27T02:17:46.071+0000] {taskinstance.py:2612} INFO - Dependencies all met for dep_context=requeueable deps ti=<TaskInstance: ga4_raw_data_elt.start_task scheduled__2025-06-23T02:07:00+00:00 [queued]>
[2025-06-27T02:17:46.072+0000] {taskinstance.py:2865} INFO - Starting attempt 1 of 1
[2025-06-27T02:17:46.095+0000] {taskinstance.py:2888} INFO - Executing <Task(_PythonDecoratedOperator): start_task> on 2025-06-23 02:07:00+00:00
[2025-06-27T02:17:46.122+0000] {warnings.py:112} WARNING - /home/***/.local/lib/python3.12/site-packages/***/task/task_runner/standard_task_runner.py:70: DeprecationWarning: This process (pid=57) is multi-threaded, use of fork() may lead to deadlocks in the child.
  pid = os.fork()

[2025-06-27T02:17:46.189+0000] {standard_task_runner.py:72} INFO - Started process 66 to run task
[2025-06-27T02:17:46.163+0000] {standard_task_runner.py:104} INFO - Running: ['***', 'tasks', 'run', 'ga4_raw_data_elt', 'start_task', 'scheduled__2025-06-23T02:07:00+00:00', '--job-id', '7', '--raw', '--subdir', 'DAGS_FOLDER/GA4_data_elt.py', '--cfg-path', '/tmp/tmp45e5wygy']
[2025-06-27T02:17:46.194+0000] {standard_task_runner.py:105} INFO - Job 7: Subtask start_task
[2025-06-27T02:17:46.290+0000] {task_command.py:467} INFO - Running <TaskInstance: ga4_raw_data_elt.start_task scheduled__2025-06-23T02:07:00+00:00 [running]> on host ece8b7d95be1
[2025-06-27T02:17:46.383+0000] {taskinstance.py:3131} INFO - Exporting env vars: AIRFLOW_CTX_DAG_OWNER='***' AIRFLOW_CTX_DAG_ID='ga4_raw_data_elt' AIRFLOW_CTX_TASK_ID='start_task' AIRFLOW_CTX_EXECUTION_DATE='2025-06-23T02:07:00+00:00' AIRFLOW_CTX_TRY_NUMBER='1' AIRFLOW_CTX_DAG_RUN_ID='scheduled__2025-06-23T02:07:00+00:00'
[2025-06-27T02:17:46.385+0000] {taskinstance.py:731} INFO - ::endgroup::
[2025-06-27T02:17:46.388+0000] {logging_mixin.py:190} INFO - start
[2025-06-27T02:17:46.389+0000] {logging_mixin.py:190} INFO - ds: 2025-06-23
[2025-06-27T02:17:46.390+0000] {python.py:240} INFO - Done. Returned value was: None
[2025-06-27T02:17:46.401+0000] {taskinstance.py:340} INFO - ::group::Post task execution logs
[2025-06-27T02:17:46.402+0000] {taskinstance.py:352} INFO - Marking task as SUCCESS. dag_id=ga4_raw_data_elt, task_id=start_task, run_id=scheduled__2025-06-23T02:07:00+00:00, execution_date=20250623T020700, start_date=20250627T021746, end_date=20250627T021746
[2025-06-27T02:17:46.460+0000] {local_task_job_runner.py:266} INFO - Task exited with return code 0
[2025-06-27T02:17:46.484+0000] {taskinstance.py:3900} INFO - 1 downstream tasks scheduled from follow-on schedule check
[2025-06-27T02:17:46.486+0000] {local_task_job_runner.py:245} INFO - ::endgroup::
[2025-06-27T02:21:06.102+0000] {local_task_job_runner.py:123} INFO - ::group::Pre task execution logs
[2025-06-27T02:21:06.129+0000] {taskinstance.py:2612} INFO - Dependencies all met for dep_context=non-requeueable deps ti=<TaskInstance: ga4_raw_data_elt.start_task scheduled__2025-06-23T02:07:00+00:00 [queued]>
[2025-06-27T02:21:06.141+0000] {taskinstance.py:2612} INFO - Dependencies all met for dep_context=requeueable deps ti=<TaskInstance: ga4_raw_data_elt.start_task scheduled__2025-06-23T02:07:00+00:00 [queued]>
[2025-06-27T02:21:06.141+0000] {taskinstance.py:2865} INFO - Starting attempt 1 of 1
[2025-06-27T02:21:06.158+0000] {taskinstance.py:2888} INFO - Executing <Task(_PythonDecoratedOperator): start_task> on 2025-06-23 02:07:00+00:00
[2025-06-27T02:21:06.209+0000] {warnings.py:112} WARNING - /home/***/.local/lib/python3.12/site-packages/***/task/task_runner/standard_task_runner.py:70: DeprecationWarning: This process (pid=56) is multi-threaded, use of fork() may lead to deadlocks in the child.
  pid = os.fork()

[2025-06-27T02:21:06.222+0000] {standard_task_runner.py:72} INFO - Started process 70 to run task
[2025-06-27T02:21:06.218+0000] {standard_task_runner.py:104} INFO - Running: ['***', 'tasks', 'run', 'ga4_raw_data_elt', 'start_task', 'scheduled__2025-06-23T02:07:00+00:00', '--job-id', '3', '--raw', '--subdir', 'DAGS_FOLDER/GA4_data_elt.py', '--cfg-path', '/tmp/tmpc7fh5r69']
[2025-06-27T02:21:06.361+0000] {standard_task_runner.py:105} INFO - Job 3: Subtask start_task
[2025-06-27T02:21:06.456+0000] {task_command.py:467} INFO - Running <TaskInstance: ga4_raw_data_elt.start_task scheduled__2025-06-23T02:07:00+00:00 [running]> on host a6d750376b6f
[2025-06-27T02:21:06.540+0000] {taskinstance.py:3131} INFO - Exporting env vars: AIRFLOW_CTX_DAG_OWNER='***' AIRFLOW_CTX_DAG_ID='ga4_raw_data_elt' AIRFLOW_CTX_TASK_ID='start_task' AIRFLOW_CTX_EXECUTION_DATE='2025-06-23T02:07:00+00:00' AIRFLOW_CTX_TRY_NUMBER='1' AIRFLOW_CTX_DAG_RUN_ID='scheduled__2025-06-23T02:07:00+00:00'
[2025-06-27T02:21:06.542+0000] {taskinstance.py:731} INFO - ::endgroup::
[2025-06-27T02:21:06.549+0000] {logging_mixin.py:190} INFO - start
[2025-06-27T02:21:06.549+0000] {logging_mixin.py:190} INFO - ds: 2025-06-23
[2025-06-27T02:21:06.550+0000] {python.py:240} INFO - Done. Returned value was: None
[2025-06-27T02:21:06.560+0000] {taskinstance.py:340} INFO - ::group::Post task execution logs
[2025-06-27T02:21:06.561+0000] {taskinstance.py:352} INFO - Marking task as SUCCESS. dag_id=ga4_raw_data_elt, task_id=start_task, run_id=scheduled__2025-06-23T02:07:00+00:00, execution_date=20250623T020700, start_date=20250627T022106, end_date=20250627T022106
[2025-06-27T02:21:06.586+0000] {local_task_job_runner.py:266} INFO - Task exited with return code 0
[2025-06-27T02:21:06.612+0000] {taskinstance.py:3900} INFO - 1 downstream tasks scheduled from follow-on schedule check
[2025-06-27T02:21:06.613+0000] {local_task_job_runner.py:245} INFO - ::endgroup::
[2025-06-27T02:34:50.397+0000] {local_task_job_runner.py:123} INFO - ::group::Pre task execution logs
[2025-06-27T02:34:50.410+0000] {taskinstance.py:2612} INFO - Dependencies all met for dep_context=non-requeueable deps ti=<TaskInstance: ga4_raw_data_elt.start_task scheduled__2025-06-23T02:07:00+00:00 [queued]>
[2025-06-27T02:34:50.420+0000] {taskinstance.py:2612} INFO - Dependencies all met for dep_context=requeueable deps ti=<TaskInstance: ga4_raw_data_elt.start_task scheduled__2025-06-23T02:07:00+00:00 [queued]>
[2025-06-27T02:34:50.420+0000] {taskinstance.py:2865} INFO - Starting attempt 1 of 1
[2025-06-27T02:34:50.428+0000] {taskinstance.py:2888} INFO - Executing <Task(_PythonDecoratedOperator): start_task> on 2025-06-23 02:07:00+00:00
[2025-06-27T02:34:50.471+0000] {warnings.py:112} WARNING - /home/***/.local/lib/python3.12/site-packages/***/task/task_runner/standard_task_runner.py:70: DeprecationWarning: This process (pid=57) is multi-threaded, use of fork() may lead to deadlocks in the child.
  pid = os.fork()

[2025-06-27T02:34:50.482+0000] {standard_task_runner.py:72} INFO - Started process 68 to run task
[2025-06-27T02:34:50.474+0000] {standard_task_runner.py:104} INFO - Running: ['***', 'tasks', 'run', 'ga4_raw_data_elt', 'start_task', 'scheduled__2025-06-23T02:07:00+00:00', '--job-id', '5', '--raw', '--subdir', 'DAGS_FOLDER/GA4_data_elt.py', '--cfg-path', '/tmp/tmpgblhb261']
[2025-06-27T02:34:50.485+0000] {standard_task_runner.py:105} INFO - Job 5: Subtask start_task
[2025-06-27T02:34:50.632+0000] {task_command.py:467} INFO - Running <TaskInstance: ga4_raw_data_elt.start_task scheduled__2025-06-23T02:07:00+00:00 [running]> on host ba60ab6371e3
[2025-06-27T02:34:50.730+0000] {taskinstance.py:3131} INFO - Exporting env vars: AIRFLOW_CTX_DAG_OWNER='***' AIRFLOW_CTX_DAG_ID='ga4_raw_data_elt' AIRFLOW_CTX_TASK_ID='start_task' AIRFLOW_CTX_EXECUTION_DATE='2025-06-23T02:07:00+00:00' AIRFLOW_CTX_TRY_NUMBER='1' AIRFLOW_CTX_DAG_RUN_ID='scheduled__2025-06-23T02:07:00+00:00'
[2025-06-27T02:34:50.734+0000] {taskinstance.py:731} INFO - ::endgroup::
[2025-06-27T02:34:50.740+0000] {logging_mixin.py:190} INFO - start
[2025-06-27T02:34:50.741+0000] {logging_mixin.py:190} INFO - ds: 2025-06-23
[2025-06-27T02:34:50.743+0000] {python.py:240} INFO - Done. Returned value was: None
[2025-06-27T02:34:50.756+0000] {taskinstance.py:340} INFO - ::group::Post task execution logs
[2025-06-27T02:34:50.757+0000] {taskinstance.py:352} INFO - Marking task as SUCCESS. dag_id=ga4_raw_data_elt, task_id=start_task, run_id=scheduled__2025-06-23T02:07:00+00:00, execution_date=20250623T020700, start_date=20250627T023450, end_date=20250627T023450
[2025-06-27T02:34:50.803+0000] {local_task_job_runner.py:266} INFO - Task exited with return code 0
[2025-06-27T02:34:50.828+0000] {taskinstance.py:3900} INFO - 1 downstream tasks scheduled from follow-on schedule check
[2025-06-27T02:34:50.830+0000] {local_task_job_runner.py:245} INFO - ::endgroup::
