[2025-06-27T01:39:53.919+0000] {processor.py:186} INFO - Started process (PID=219) to work on /opt/airflow/dags/simple_etl_bigquery_ver1.py
[2025-06-27T01:39:53.920+0000] {processor.py:914} INFO - Processing file /opt/airflow/dags/simple_etl_bigquery_ver1.py for tasks to queue
[2025-06-27T01:39:53.921+0000] {logging_mixin.py:190} INFO - [2025-06-27T01:39:53.921+0000] {dagbag.py:587} INFO - Filling up the DagBag from /opt/airflow/dags/simple_etl_bigquery_ver1.py
[2025-06-27T01:39:53.929+0000] {processor.py:925} INFO - DAG(s) 'country_capital_to_bigquery' retrieved from /opt/airflow/dags/simple_etl_bigquery_ver1.py
[2025-06-27T01:39:54.124+0000] {logging_mixin.py:190} INFO - [2025-06-27T01:39:54.124+0000] {override.py:1900} INFO - Created Permission View: can delete on DAG:country_capital_to_bigquery
[2025-06-27T01:39:54.128+0000] {logging_mixin.py:190} INFO - [2025-06-27T01:39:54.128+0000] {override.py:1900} INFO - Created Permission View: can read on DAG:country_capital_to_bigquery
[2025-06-27T01:39:54.130+0000] {logging_mixin.py:190} INFO - [2025-06-27T01:39:54.130+0000] {override.py:1900} INFO - Created Permission View: can edit on DAG:country_capital_to_bigquery
[2025-06-27T01:39:54.133+0000] {logging_mixin.py:190} INFO - [2025-06-27T01:39:54.133+0000] {override.py:1900} INFO - Created Permission View: can delete on DAG Run:country_capital_to_bigquery
[2025-06-27T01:39:54.135+0000] {logging_mixin.py:190} INFO - [2025-06-27T01:39:54.135+0000] {override.py:1900} INFO - Created Permission View: can read on DAG Run:country_capital_to_bigquery
[2025-06-27T01:39:54.137+0000] {logging_mixin.py:190} INFO - [2025-06-27T01:39:54.137+0000] {override.py:1900} INFO - Created Permission View: menu access on DAG Run:country_capital_to_bigquery
[2025-06-27T01:39:54.139+0000] {logging_mixin.py:190} INFO - [2025-06-27T01:39:54.139+0000] {override.py:1900} INFO - Created Permission View: can create on DAG Run:country_capital_to_bigquery
[2025-06-27T01:39:54.140+0000] {logging_mixin.py:190} INFO - [2025-06-27T01:39:54.140+0000] {dag.py:3229} INFO - Sync 1 DAGs
[2025-06-27T01:39:54.145+0000] {logging_mixin.py:190} INFO - [2025-06-27T01:39:54.145+0000] {dag.py:3252} INFO - Creating ORM DAG for country_capital_to_bigquery
[2025-06-27T01:39:54.150+0000] {logging_mixin.py:190} INFO - [2025-06-27T01:39:54.150+0000] {dag.py:4156} INFO - Setting next_dagrun for country_capital_to_bigquery to 2025-06-25 02:00:00+00:00, run_after=2025-06-26 02:00:00+00:00
[2025-06-27T01:39:54.158+0000] {processor.py:208} INFO - Processing /opt/airflow/dags/simple_etl_bigquery_ver1.py took 0.243 seconds
[2025-06-27T01:40:25.080+0000] {processor.py:186} INFO - Started process (PID=270) to work on /opt/airflow/dags/simple_etl_bigquery_ver1.py
[2025-06-27T01:40:25.081+0000] {processor.py:914} INFO - Processing file /opt/airflow/dags/simple_etl_bigquery_ver1.py for tasks to queue
[2025-06-27T01:40:25.083+0000] {logging_mixin.py:190} INFO - [2025-06-27T01:40:25.082+0000] {dagbag.py:587} INFO - Filling up the DagBag from /opt/airflow/dags/simple_etl_bigquery_ver1.py
[2025-06-27T01:40:25.091+0000] {processor.py:925} INFO - DAG(s) 'country_capital_to_bigquery' retrieved from /opt/airflow/dags/simple_etl_bigquery_ver1.py
[2025-06-27T01:40:25.107+0000] {logging_mixin.py:190} INFO - [2025-06-27T01:40:25.107+0000] {dag.py:3229} INFO - Sync 1 DAGs
[2025-06-27T01:40:25.122+0000] {logging_mixin.py:190} INFO - [2025-06-27T01:40:25.122+0000] {dag.py:4156} INFO - Setting next_dagrun for country_capital_to_bigquery to 2025-06-25 02:00:00+00:00, run_after=2025-06-26 02:00:00+00:00
[2025-06-27T01:40:25.324+0000] {processor.py:208} INFO - Processing /opt/airflow/dags/simple_etl_bigquery_ver1.py took 0.253 seconds
[2025-06-27T01:40:56.198+0000] {processor.py:186} INFO - Started process (PID=300) to work on /opt/airflow/dags/simple_etl_bigquery_ver1.py
[2025-06-27T01:40:56.200+0000] {processor.py:914} INFO - Processing file /opt/airflow/dags/simple_etl_bigquery_ver1.py for tasks to queue
[2025-06-27T01:40:56.202+0000] {logging_mixin.py:190} INFO - [2025-06-27T01:40:56.202+0000] {dagbag.py:587} INFO - Filling up the DagBag from /opt/airflow/dags/simple_etl_bigquery_ver1.py
[2025-06-27T01:40:56.210+0000] {processor.py:925} INFO - DAG(s) 'country_capital_to_bigquery' retrieved from /opt/airflow/dags/simple_etl_bigquery_ver1.py
[2025-06-27T01:40:56.225+0000] {logging_mixin.py:190} INFO - [2025-06-27T01:40:56.225+0000] {dag.py:3229} INFO - Sync 1 DAGs
[2025-06-27T01:40:56.384+0000] {logging_mixin.py:190} INFO - [2025-06-27T01:40:56.384+0000] {dag.py:4156} INFO - Setting next_dagrun for country_capital_to_bigquery to 2025-06-26 02:00:00+00:00, run_after=2025-06-27 02:00:00+00:00
[2025-06-27T01:40:56.397+0000] {processor.py:208} INFO - Processing /opt/airflow/dags/simple_etl_bigquery_ver1.py took 0.208 seconds
[2025-06-27T01:41:27.026+0000] {processor.py:186} INFO - Started process (PID=378) to work on /opt/airflow/dags/simple_etl_bigquery_ver1.py
[2025-06-27T01:41:27.026+0000] {processor.py:914} INFO - Processing file /opt/airflow/dags/simple_etl_bigquery_ver1.py for tasks to queue
[2025-06-27T01:41:27.030+0000] {logging_mixin.py:190} INFO - [2025-06-27T01:41:27.030+0000] {dagbag.py:587} INFO - Filling up the DagBag from /opt/airflow/dags/simple_etl_bigquery_ver1.py
[2025-06-27T01:41:27.039+0000] {processor.py:925} INFO - DAG(s) 'country_capital_to_bigquery' retrieved from /opt/airflow/dags/simple_etl_bigquery_ver1.py
[2025-06-27T01:41:27.065+0000] {logging_mixin.py:190} INFO - [2025-06-27T01:41:27.065+0000] {dag.py:3229} INFO - Sync 1 DAGs
[2025-06-27T01:41:27.088+0000] {logging_mixin.py:190} INFO - [2025-06-27T01:41:27.088+0000] {dag.py:4156} INFO - Setting next_dagrun for country_capital_to_bigquery to 2025-06-26 02:00:00+00:00, run_after=2025-06-27 02:00:00+00:00
[2025-06-27T01:41:27.106+0000] {processor.py:208} INFO - Processing /opt/airflow/dags/simple_etl_bigquery_ver1.py took 0.085 seconds
[2025-06-27T01:41:57.651+0000] {processor.py:186} INFO - Started process (PID=488) to work on /opt/airflow/dags/simple_etl_bigquery_ver1.py
[2025-06-27T01:41:57.653+0000] {processor.py:914} INFO - Processing file /opt/airflow/dags/simple_etl_bigquery_ver1.py for tasks to queue
[2025-06-27T01:41:57.655+0000] {logging_mixin.py:190} INFO - [2025-06-27T01:41:57.654+0000] {dagbag.py:587} INFO - Filling up the DagBag from /opt/airflow/dags/simple_etl_bigquery_ver1.py
[2025-06-27T01:41:57.661+0000] {processor.py:925} INFO - DAG(s) 'country_capital_to_bigquery' retrieved from /opt/airflow/dags/simple_etl_bigquery_ver1.py
[2025-06-27T01:41:57.678+0000] {logging_mixin.py:190} INFO - [2025-06-27T01:41:57.677+0000] {dag.py:3229} INFO - Sync 1 DAGs
[2025-06-27T01:41:57.691+0000] {logging_mixin.py:190} INFO - [2025-06-27T01:41:57.691+0000] {dag.py:4156} INFO - Setting next_dagrun for country_capital_to_bigquery to 2025-06-26 02:00:00+00:00, run_after=2025-06-27 02:00:00+00:00
[2025-06-27T01:41:57.701+0000] {processor.py:208} INFO - Processing /opt/airflow/dags/simple_etl_bigquery_ver1.py took 0.055 seconds
