[2025-06-27T01:39:54.180+0000] {processor.py:186} INFO - Started process (PID=224) to work on /opt/airflow/dags/simple_etl_bigquery_ver2.py
[2025-06-27T01:39:54.181+0000] {processor.py:914} INFO - Processing file /opt/airflow/dags/simple_etl_bigquery_ver2.py for tasks to queue
[2025-06-27T01:39:54.183+0000] {logging_mixin.py:190} INFO - [2025-06-27T01:39:54.182+0000] {dagbag.py:587} INFO - Filling up the DagBag from /opt/airflow/dags/simple_etl_bigquery_ver2.py
[2025-06-27T01:39:54.200+0000] {processor.py:925} INFO - DAG(s) 'country_capital_to_bigquery_operator' retrieved from /opt/airflow/dags/simple_etl_bigquery_ver2.py
[2025-06-27T01:39:54.397+0000] {logging_mixin.py:190} INFO - [2025-06-27T01:39:54.397+0000] {override.py:1900} INFO - Created Permission View: can delete on DAG:country_capital_to_bigquery_operator
[2025-06-27T01:39:54.401+0000] {logging_mixin.py:190} INFO - [2025-06-27T01:39:54.401+0000] {override.py:1900} INFO - Created Permission View: can read on DAG:country_capital_to_bigquery_operator
[2025-06-27T01:39:54.404+0000] {logging_mixin.py:190} INFO - [2025-06-27T01:39:54.404+0000] {override.py:1900} INFO - Created Permission View: can edit on DAG:country_capital_to_bigquery_operator
[2025-06-27T01:39:54.408+0000] {logging_mixin.py:190} INFO - [2025-06-27T01:39:54.408+0000] {override.py:1900} INFO - Created Permission View: can delete on DAG Run:country_capital_to_bigquery_operator
[2025-06-27T01:39:54.411+0000] {logging_mixin.py:190} INFO - [2025-06-27T01:39:54.411+0000] {override.py:1900} INFO - Created Permission View: can read on DAG Run:country_capital_to_bigquery_operator
[2025-06-27T01:39:54.413+0000] {logging_mixin.py:190} INFO - [2025-06-27T01:39:54.413+0000] {override.py:1900} INFO - Created Permission View: menu access on DAG Run:country_capital_to_bigquery_operator
[2025-06-27T01:39:54.416+0000] {logging_mixin.py:190} INFO - [2025-06-27T01:39:54.415+0000] {override.py:1900} INFO - Created Permission View: can create on DAG Run:country_capital_to_bigquery_operator
[2025-06-27T01:39:54.416+0000] {logging_mixin.py:190} INFO - [2025-06-27T01:39:54.416+0000] {dag.py:3229} INFO - Sync 1 DAGs
[2025-06-27T01:39:54.422+0000] {logging_mixin.py:190} INFO - [2025-06-27T01:39:54.422+0000] {dag.py:3252} INFO - Creating ORM DAG for country_capital_to_bigquery_operator
[2025-06-27T01:39:54.427+0000] {logging_mixin.py:190} INFO - [2025-06-27T01:39:54.427+0000] {dag.py:4156} INFO - Setting next_dagrun for country_capital_to_bigquery_operator to 2025-06-25 02:00:00+00:00, run_after=2025-06-26 02:00:00+00:00
[2025-06-27T01:39:54.435+0000] {processor.py:208} INFO - Processing /opt/airflow/dags/simple_etl_bigquery_ver2.py took 0.259 seconds
[2025-06-27T01:40:25.352+0000] {processor.py:186} INFO - Started process (PID=275) to work on /opt/airflow/dags/simple_etl_bigquery_ver2.py
[2025-06-27T01:40:25.353+0000] {processor.py:914} INFO - Processing file /opt/airflow/dags/simple_etl_bigquery_ver2.py for tasks to queue
[2025-06-27T01:40:25.354+0000] {logging_mixin.py:190} INFO - [2025-06-27T01:40:25.354+0000] {dagbag.py:587} INFO - Filling up the DagBag from /opt/airflow/dags/simple_etl_bigquery_ver2.py
[2025-06-27T01:40:25.371+0000] {processor.py:925} INFO - DAG(s) 'country_capital_to_bigquery_operator' retrieved from /opt/airflow/dags/simple_etl_bigquery_ver2.py
[2025-06-27T01:40:25.380+0000] {logging_mixin.py:190} INFO - [2025-06-27T01:40:25.380+0000] {dag.py:3229} INFO - Sync 1 DAGs
[2025-06-27T01:40:25.394+0000] {logging_mixin.py:190} INFO - [2025-06-27T01:40:25.394+0000] {dag.py:4156} INFO - Setting next_dagrun for country_capital_to_bigquery_operator to 2025-06-25 02:00:00+00:00, run_after=2025-06-26 02:00:00+00:00
[2025-06-27T01:40:25.533+0000] {processor.py:208} INFO - Processing /opt/airflow/dags/simple_etl_bigquery_ver2.py took 0.184 seconds
[2025-06-27T01:40:56.199+0000] {processor.py:186} INFO - Started process (PID=303) to work on /opt/airflow/dags/simple_etl_bigquery_ver2.py
[2025-06-27T01:40:56.201+0000] {processor.py:914} INFO - Processing file /opt/airflow/dags/simple_etl_bigquery_ver2.py for tasks to queue
[2025-06-27T01:40:56.202+0000] {logging_mixin.py:190} INFO - [2025-06-27T01:40:56.202+0000] {dagbag.py:587} INFO - Filling up the DagBag from /opt/airflow/dags/simple_etl_bigquery_ver2.py
[2025-06-27T01:40:56.220+0000] {processor.py:925} INFO - DAG(s) 'country_capital_to_bigquery_operator' retrieved from /opt/airflow/dags/simple_etl_bigquery_ver2.py
[2025-06-27T01:40:56.228+0000] {logging_mixin.py:190} INFO - [2025-06-27T01:40:56.228+0000] {dag.py:3229} INFO - Sync 1 DAGs
[2025-06-27T01:40:56.387+0000] {logging_mixin.py:190} INFO - [2025-06-27T01:40:56.387+0000] {dag.py:4156} INFO - Setting next_dagrun for country_capital_to_bigquery_operator to 2025-06-25 02:00:00+00:00, run_after=2025-06-26 02:00:00+00:00
[2025-06-27T01:40:56.404+0000] {processor.py:208} INFO - Processing /opt/airflow/dags/simple_etl_bigquery_ver2.py took 0.209 seconds
[2025-06-27T01:41:27.140+0000] {processor.py:186} INFO - Started process (PID=383) to work on /opt/airflow/dags/simple_etl_bigquery_ver2.py
[2025-06-27T01:41:27.141+0000] {processor.py:914} INFO - Processing file /opt/airflow/dags/simple_etl_bigquery_ver2.py for tasks to queue
[2025-06-27T01:41:27.143+0000] {logging_mixin.py:190} INFO - [2025-06-27T01:41:27.142+0000] {dagbag.py:587} INFO - Filling up the DagBag from /opt/airflow/dags/simple_etl_bigquery_ver2.py
[2025-06-27T01:41:27.169+0000] {processor.py:925} INFO - DAG(s) 'country_capital_to_bigquery_operator' retrieved from /opt/airflow/dags/simple_etl_bigquery_ver2.py
[2025-06-27T01:41:27.184+0000] {logging_mixin.py:190} INFO - [2025-06-27T01:41:27.183+0000] {dag.py:3229} INFO - Sync 1 DAGs
[2025-06-27T01:41:27.206+0000] {logging_mixin.py:190} INFO - [2025-06-27T01:41:27.206+0000] {dag.py:4156} INFO - Setting next_dagrun for country_capital_to_bigquery_operator to 2025-06-26 02:00:00+00:00, run_after=2025-06-27 02:00:00+00:00
[2025-06-27T01:41:27.220+0000] {processor.py:208} INFO - Processing /opt/airflow/dags/simple_etl_bigquery_ver2.py took 0.085 seconds
[2025-06-27T01:41:57.724+0000] {processor.py:186} INFO - Started process (PID=493) to work on /opt/airflow/dags/simple_etl_bigquery_ver2.py
[2025-06-27T01:41:57.725+0000] {processor.py:914} INFO - Processing file /opt/airflow/dags/simple_etl_bigquery_ver2.py for tasks to queue
[2025-06-27T01:41:57.726+0000] {logging_mixin.py:190} INFO - [2025-06-27T01:41:57.726+0000] {dagbag.py:587} INFO - Filling up the DagBag from /opt/airflow/dags/simple_etl_bigquery_ver2.py
[2025-06-27T01:41:57.750+0000] {processor.py:925} INFO - DAG(s) 'country_capital_to_bigquery_operator' retrieved from /opt/airflow/dags/simple_etl_bigquery_ver2.py
[2025-06-27T01:41:57.762+0000] {logging_mixin.py:190} INFO - [2025-06-27T01:41:57.762+0000] {dag.py:3229} INFO - Sync 1 DAGs
[2025-06-27T01:41:57.781+0000] {logging_mixin.py:190} INFO - [2025-06-27T01:41:57.781+0000] {dag.py:4156} INFO - Setting next_dagrun for country_capital_to_bigquery_operator to 2025-06-26 02:00:00+00:00, run_after=2025-06-27 02:00:00+00:00
[2025-06-27T01:41:57.796+0000] {processor.py:208} INFO - Processing /opt/airflow/dags/simple_etl_bigquery_ver2.py took 0.078 seconds
