[2025-06-27T04:23:57.145+0000] {local_task_job_runner.py:123} INFO - ::group::Pre task execution logs
[2025-06-27T04:23:57.156+0000] {taskinstance.py:2612} INFO - Dependencies all met for dep_context=non-requeueable deps ti=<TaskInstance: ga4_raw_data_elt_v1.0.create_partitioned_table_if_not_exists scheduled__2025-02-05T05:00:00+00:00 [queued]>
[2025-06-27T04:23:57.162+0000] {taskinstance.py:2612} INFO - Dependencies all met for dep_context=requeueable deps ti=<TaskInstance: ga4_raw_data_elt_v1.0.create_partitioned_table_if_not_exists scheduled__2025-02-05T05:00:00+00:00 [queued]>
[2025-06-27T04:23:57.165+0000] {taskinstance.py:2865} INFO - Starting attempt 1 of 1
[2025-06-27T04:23:57.174+0000] {taskinstance.py:2888} INFO - Executing <Task(BigQueryInsertJobOperator): create_partitioned_table_if_not_exists> on 2025-02-05 05:00:00+00:00
[2025-06-27T04:23:57.192+0000] {warnings.py:112} WARNING - /home/***/.local/lib/python3.12/site-packages/***/task/task_runner/standard_task_runner.py:70: DeprecationWarning: This process (pid=789) is multi-threaded, use of fork() may lead to deadlocks in the child.
  pid = os.fork()

[2025-06-27T04:23:57.194+0000] {standard_task_runner.py:72} INFO - Started process 802 to run task
[2025-06-27T04:23:57.194+0000] {standard_task_runner.py:104} INFO - Running: ['***', 'tasks', 'run', 'ga4_raw_data_elt_v1.0', 'create_partitioned_table_if_not_exists', 'scheduled__2025-02-05T05:00:00+00:00', '--job-id', '191', '--raw', '--subdir', 'DAGS_FOLDER/GA4_data_elt.py', '--cfg-path', '/tmp/tmpqb0gpe2r']
[2025-06-27T04:23:57.197+0000] {standard_task_runner.py:105} INFO - Job 191: Subtask create_partitioned_table_if_not_exists
[2025-06-27T04:23:57.245+0000] {task_command.py:467} INFO - Running <TaskInstance: ga4_raw_data_elt_v1.0.create_partitioned_table_if_not_exists scheduled__2025-02-05T05:00:00+00:00 [running]> on host f79cc72a155d
[2025-06-27T04:23:57.311+0000] {taskinstance.py:3131} INFO - Exporting env vars: AIRFLOW_CTX_DAG_OWNER='***' AIRFLOW_CTX_DAG_ID='ga4_raw_data_elt_v1.0' AIRFLOW_CTX_TASK_ID='create_partitioned_table_if_not_exists' AIRFLOW_CTX_EXECUTION_DATE='2025-02-05T05:00:00+00:00' AIRFLOW_CTX_TRY_NUMBER='1' AIRFLOW_CTX_DAG_RUN_ID='scheduled__2025-02-05T05:00:00+00:00'
[2025-06-27T04:23:57.313+0000] {taskinstance.py:731} INFO - ::endgroup::
[2025-06-27T04:23:57.322+0000] {connection.py:277} WARNING - Connection schemes (type: google_cloud_platform) shall not contain '_' according to RFC3986.
[2025-06-27T04:23:57.324+0000] {base.py:84} INFO - Retrieving connection 'google_cloud_default'
[2025-06-27T04:23:57.379+0000] {bigquery.py:2957} INFO - Executing: {'query': {'query': '\n                    DECLARE dt STRING;\n                    DECLARE source_table_exists BOOL;\n\n                    SET dt = FORMAT_DATE(\'%Y%m%d\', DATE(\'2025-02-05\'));\n\n                    SET source_table_exists = (\n                    SELECT COUNT(*) > 0\n                    FROM `sixth-topic-349709.analytics_412203527.__TABLES__`\n                    WHERE table_id = FORMAT("events_%s", dt)\n                    );\n\n                    IF source_table_exists THEN\n                    EXECUTE IMMEDIATE FORMAT(\'\'\'\n                        CREATE TABLE IF NOT EXISTS `sixth-topic-349709.ga4_events.raw_data`\n                        PARTITION BY partition_date\n                        AS\n                        SELECT *, PARSE_DATE(\'%%Y%%m%%d\', event_date) AS partition_date\n                        FROM `sixth-topic-349709.analytics_412203527.events_%s`\n                        WHERE FALSE\n                    \'\'\', dt);\n                    END IF;\n                ', 'useLegacySql': False}}'
[2025-06-27T04:23:57.382+0000] {bigquery.py:1702} INFO - Inserting job ***_ga4_raw_data_elt_v1_0_create_partitioned_table_if_not_exists_2025_02_05T05_00_00_00_00_5724a771a9318b35e3a4e0b9894ffb31
[2025-06-27T04:23:59.389+0000] {taskinstance.py:340} INFO - ::group::Post task execution logs
[2025-06-27T04:23:59.394+0000] {taskinstance.py:352} INFO - Marking task as SUCCESS. dag_id=ga4_raw_data_elt_v1.0, task_id=create_partitioned_table_if_not_exists, run_id=scheduled__2025-02-05T05:00:00+00:00, execution_date=20250205T050000, start_date=20250627T042357, end_date=20250627T042359
[2025-06-27T04:23:59.466+0000] {local_task_job_runner.py:266} INFO - Task exited with return code 0
[2025-06-27T04:23:59.503+0000] {local_task_job_runner.py:245} INFO - ::endgroup::
