[2025-06-27T02:06:40.670+0000] {local_task_job_runner.py:123} INFO - ::group::Pre task execution logs
[2025-06-27T02:06:40.678+0000] {taskinstance.py:2612} INFO - Dependencies all met for dep_context=non-requeueable deps ti=<TaskInstance: ga4_raw_data_elt.end_task scheduled__2025-06-24T02:07:00+00:00 [queued]>
[2025-06-27T02:06:40.682+0000] {taskinstance.py:2612} INFO - Dependencies all met for dep_context=requeueable deps ti=<TaskInstance: ga4_raw_data_elt.end_task scheduled__2025-06-24T02:07:00+00:00 [queued]>
[2025-06-27T02:06:40.682+0000] {taskinstance.py:2865} INFO - Starting attempt 1 of 1
[2025-06-27T02:06:40.688+0000] {taskinstance.py:2888} INFO - Executing <Task(_PythonDecoratedOperator): end_task> on 2025-06-24 02:07:00+00:00
[2025-06-27T02:06:40.693+0000] {warnings.py:112} WARNING - /home/***/.local/lib/python3.12/site-packages/***/task/task_runner/standard_task_runner.py:70: DeprecationWarning: This process (pid=174) is multi-threaded, use of fork() may lead to deadlocks in the child.
  pid = os.fork()

[2025-06-27T02:06:40.694+0000] {standard_task_runner.py:72} INFO - Started process 176 to run task
[2025-06-27T02:06:40.694+0000] {standard_task_runner.py:104} INFO - Running: ['***', 'tasks', 'run', 'ga4_raw_data_elt', 'end_task', 'scheduled__2025-06-24T02:07:00+00:00', '--job-id', '34', '--raw', '--subdir', 'DAGS_FOLDER/GA4_data_elt.py', '--cfg-path', '/tmp/tmpote1dbag']
[2025-06-27T02:06:40.696+0000] {standard_task_runner.py:105} INFO - Job 34: Subtask end_task
[2025-06-27T02:06:40.726+0000] {task_command.py:467} INFO - Running <TaskInstance: ga4_raw_data_elt.end_task scheduled__2025-06-24T02:07:00+00:00 [running]> on host 040d1cf847a3
[2025-06-27T02:06:40.765+0000] {taskinstance.py:3131} INFO - Exporting env vars: AIRFLOW_CTX_DAG_OWNER='***' AIRFLOW_CTX_DAG_ID='ga4_raw_data_elt' AIRFLOW_CTX_TASK_ID='end_task' AIRFLOW_CTX_EXECUTION_DATE='2025-06-24T02:07:00+00:00' AIRFLOW_CTX_TRY_NUMBER='1' AIRFLOW_CTX_DAG_RUN_ID='scheduled__2025-06-24T02:07:00+00:00'
[2025-06-27T02:06:40.766+0000] {taskinstance.py:731} INFO - ::endgroup::
[2025-06-27T02:06:40.768+0000] {logging_mixin.py:190} INFO - end
[2025-06-27T02:06:40.768+0000] {python.py:240} INFO - Done. Returned value was: None
[2025-06-27T02:06:40.772+0000] {taskinstance.py:340} INFO - ::group::Post task execution logs
[2025-06-27T02:06:40.773+0000] {taskinstance.py:352} INFO - Marking task as SUCCESS. dag_id=ga4_raw_data_elt, task_id=end_task, run_id=scheduled__2025-06-24T02:07:00+00:00, execution_date=20250624T020700, start_date=20250627T020640, end_date=20250627T020640
[2025-06-27T02:06:40.797+0000] {local_task_job_runner.py:266} INFO - Task exited with return code 0
[2025-06-27T02:06:40.806+0000] {taskinstance.py:3900} INFO - 0 downstream tasks scheduled from follow-on schedule check
[2025-06-27T02:06:40.806+0000] {local_task_job_runner.py:245} INFO - ::endgroup::
[2025-06-27T02:21:41.791+0000] {local_task_job_runner.py:123} INFO - ::group::Pre task execution logs
[2025-06-27T02:21:41.806+0000] {taskinstance.py:2612} INFO - Dependencies all met for dep_context=non-requeueable deps ti=<TaskInstance: ga4_raw_data_elt.end_task scheduled__2025-06-24T02:07:00+00:00 [queued]>
[2025-06-27T02:21:41.813+0000] {taskinstance.py:2612} INFO - Dependencies all met for dep_context=requeueable deps ti=<TaskInstance: ga4_raw_data_elt.end_task scheduled__2025-06-24T02:07:00+00:00 [queued]>
[2025-06-27T02:21:41.814+0000] {taskinstance.py:2865} INFO - Starting attempt 1 of 1
[2025-06-27T02:21:41.824+0000] {taskinstance.py:2888} INFO - Executing <Task(_PythonDecoratedOperator): end_task> on 2025-06-24 02:07:00+00:00
[2025-06-27T02:21:41.833+0000] {warnings.py:112} WARNING - /home/***/.local/lib/python3.12/site-packages/***/task/task_runner/standard_task_runner.py:70: DeprecationWarning: This process (pid=190) is multi-threaded, use of fork() may lead to deadlocks in the child.
  pid = os.fork()

[2025-06-27T02:21:41.836+0000] {standard_task_runner.py:72} INFO - Started process 196 to run task
[2025-06-27T02:21:41.842+0000] {standard_task_runner.py:104} INFO - Running: ['***', 'tasks', 'run', 'ga4_raw_data_elt', 'end_task', 'scheduled__2025-06-24T02:07:00+00:00', '--job-id', '38', '--raw', '--subdir', 'DAGS_FOLDER/GA4_data_elt.py', '--cfg-path', '/tmp/tmp8ef29xen']
[2025-06-27T02:21:41.846+0000] {standard_task_runner.py:105} INFO - Job 38: Subtask end_task
[2025-06-27T02:21:41.902+0000] {task_command.py:467} INFO - Running <TaskInstance: ga4_raw_data_elt.end_task scheduled__2025-06-24T02:07:00+00:00 [running]> on host a6d750376b6f
[2025-06-27T02:21:42.048+0000] {taskinstance.py:3131} INFO - Exporting env vars: AIRFLOW_CTX_DAG_OWNER='***' AIRFLOW_CTX_DAG_ID='ga4_raw_data_elt' AIRFLOW_CTX_TASK_ID='end_task' AIRFLOW_CTX_EXECUTION_DATE='2025-06-24T02:07:00+00:00' AIRFLOW_CTX_TRY_NUMBER='1' AIRFLOW_CTX_DAG_RUN_ID='scheduled__2025-06-24T02:07:00+00:00'
[2025-06-27T02:21:42.053+0000] {taskinstance.py:731} INFO - ::endgroup::
[2025-06-27T02:21:42.057+0000] {logging_mixin.py:190} INFO - end
[2025-06-27T02:21:42.058+0000] {python.py:240} INFO - Done. Returned value was: None
[2025-06-27T02:21:42.079+0000] {taskinstance.py:340} INFO - ::group::Post task execution logs
[2025-06-27T02:21:42.079+0000] {taskinstance.py:352} INFO - Marking task as SUCCESS. dag_id=ga4_raw_data_elt, task_id=end_task, run_id=scheduled__2025-06-24T02:07:00+00:00, execution_date=20250624T020700, start_date=20250627T022141, end_date=20250627T022142
[2025-06-27T02:21:42.103+0000] {local_task_job_runner.py:266} INFO - Task exited with return code 0
[2025-06-27T02:21:42.124+0000] {taskinstance.py:3900} INFO - 0 downstream tasks scheduled from follow-on schedule check
[2025-06-27T02:21:42.129+0000] {local_task_job_runner.py:245} INFO - ::endgroup::
[2025-06-27T02:35:26.998+0000] {local_task_job_runner.py:123} INFO - ::group::Pre task execution logs
[2025-06-27T02:35:27.005+0000] {taskinstance.py:2612} INFO - Dependencies all met for dep_context=non-requeueable deps ti=<TaskInstance: ga4_raw_data_elt.end_task scheduled__2025-06-24T02:07:00+00:00 [queued]>
[2025-06-27T02:35:27.009+0000] {taskinstance.py:2612} INFO - Dependencies all met for dep_context=requeueable deps ti=<TaskInstance: ga4_raw_data_elt.end_task scheduled__2025-06-24T02:07:00+00:00 [queued]>
[2025-06-27T02:35:27.009+0000] {taskinstance.py:2865} INFO - Starting attempt 1 of 1
[2025-06-27T02:35:27.015+0000] {taskinstance.py:2888} INFO - Executing <Task(_PythonDecoratedOperator): end_task> on 2025-06-24 02:07:00+00:00
[2025-06-27T02:35:27.019+0000] {warnings.py:112} WARNING - /home/***/.local/lib/python3.12/site-packages/***/task/task_runner/standard_task_runner.py:70: DeprecationWarning: This process (pid=195) is multi-threaded, use of fork() may lead to deadlocks in the child.
  pid = os.fork()

[2025-06-27T02:35:27.020+0000] {standard_task_runner.py:72} INFO - Started process 197 to run task
[2025-06-27T02:35:27.021+0000] {standard_task_runner.py:104} INFO - Running: ['***', 'tasks', 'run', 'ga4_raw_data_elt', 'end_task', 'scheduled__2025-06-24T02:07:00+00:00', '--job-id', '39', '--raw', '--subdir', 'DAGS_FOLDER/GA4_data_elt.py', '--cfg-path', '/tmp/tmpz82oal_s']
[2025-06-27T02:35:27.023+0000] {standard_task_runner.py:105} INFO - Job 39: Subtask end_task
[2025-06-27T02:35:27.046+0000] {task_command.py:467} INFO - Running <TaskInstance: ga4_raw_data_elt.end_task scheduled__2025-06-24T02:07:00+00:00 [running]> on host ba60ab6371e3
[2025-06-27T02:35:27.082+0000] {taskinstance.py:3131} INFO - Exporting env vars: AIRFLOW_CTX_DAG_OWNER='***' AIRFLOW_CTX_DAG_ID='ga4_raw_data_elt' AIRFLOW_CTX_TASK_ID='end_task' AIRFLOW_CTX_EXECUTION_DATE='2025-06-24T02:07:00+00:00' AIRFLOW_CTX_TRY_NUMBER='1' AIRFLOW_CTX_DAG_RUN_ID='scheduled__2025-06-24T02:07:00+00:00'
[2025-06-27T02:35:27.083+0000] {taskinstance.py:731} INFO - ::endgroup::
[2025-06-27T02:35:27.085+0000] {logging_mixin.py:190} INFO - end
[2025-06-27T02:35:27.085+0000] {python.py:240} INFO - Done. Returned value was: None
[2025-06-27T02:35:27.089+0000] {taskinstance.py:340} INFO - ::group::Post task execution logs
[2025-06-27T02:35:27.090+0000] {taskinstance.py:352} INFO - Marking task as SUCCESS. dag_id=ga4_raw_data_elt, task_id=end_task, run_id=scheduled__2025-06-24T02:07:00+00:00, execution_date=20250624T020700, start_date=20250627T023527, end_date=20250627T023527
[2025-06-27T02:35:27.122+0000] {local_task_job_runner.py:266} INFO - Task exited with return code 0
[2025-06-27T02:35:27.130+0000] {taskinstance.py:3900} INFO - 0 downstream tasks scheduled from follow-on schedule check
[2025-06-27T02:35:27.131+0000] {local_task_job_runner.py:245} INFO - ::endgroup::
