[2025-06-27T05:29:00.665+0000] {local_task_job_runner.py:123} INFO - ::group::Pre task execution logs
[2025-06-27T05:29:00.673+0000] {taskinstance.py:2612} INFO - Dependencies all met for dep_context=non-requeueable deps ti=<TaskInstance: ga4_raw_data_elt_v1.0.start_task __airflow_temporary_run_2025-06-27T05:28:58.683560+00:00__ [queued]>
[2025-06-27T05:29:00.676+0000] {taskinstance.py:2612} INFO - Dependencies all met for dep_context=requeueable deps ti=<TaskInstance: ga4_raw_data_elt_v1.0.start_task __airflow_temporary_run_2025-06-27T05:28:58.683560+00:00__ [queued]>
[2025-06-27T05:29:00.676+0000] {taskinstance.py:2865} INFO - Starting attempt 1 of 1
[2025-06-27T05:29:00.683+0000] {taskinstance.py:2888} INFO - Executing <Task(_PythonDecoratedOperator): start_task> on 2025-06-27 05:28:58.683549+00:00
[2025-06-27T05:29:00.688+0000] {warnings.py:112} WARNING - /home/***/.local/lib/python3.12/site-packages/***/task/task_runner/standard_task_runner.py:70: DeprecationWarning: This process (pid=92) is multi-threaded, use of fork() may lead to deadlocks in the child.
  pid = os.fork()

[2025-06-27T05:29:00.689+0000] {standard_task_runner.py:72} INFO - Started process 94 to run task
[2025-06-27T05:29:00.689+0000] {standard_task_runner.py:104} INFO - Running: ['***', 'tasks', 'run', 'ga4_raw_data_elt_v1.0', 'start_task', '__***_temporary_run_2025-06-27T05:28:58.683560+00:00__', '--job-id', '1010', '--raw', '--subdir', 'DAGS_FOLDER/GA4_data_elt.py', '--cfg-path', '/tmp/tmpbvg1c4xl']
[2025-06-27T05:29:00.692+0000] {standard_task_runner.py:105} INFO - Job 1010: Subtask start_task
[2025-06-27T05:29:00.721+0000] {task_command.py:467} INFO - Running <TaskInstance: ga4_raw_data_elt_v1.0.start_task __airflow_temporary_run_2025-06-27T05:28:58.683560+00:00__ [running]> on host 5a19584397c4
[2025-06-27T05:29:00.802+0000] {taskinstance.py:3131} INFO - Exporting env vars: AIRFLOW_CTX_DAG_OWNER='***' AIRFLOW_CTX_DAG_ID='ga4_raw_data_elt_v1.0' AIRFLOW_CTX_TASK_ID='start_task' AIRFLOW_CTX_EXECUTION_DATE='2025-06-27T05:28:58.683549+00:00' AIRFLOW_CTX_TRY_NUMBER='1' AIRFLOW_CTX_DAG_RUN_ID='__***_temporary_run_2025-06-27T05:28:58.683560+00:00__'
[2025-06-27T05:29:00.804+0000] {taskinstance.py:731} INFO - ::endgroup::
[2025-06-27T05:29:00.806+0000] {logging_mixin.py:190} INFO - start
[2025-06-27T05:29:00.806+0000] {logging_mixin.py:190} INFO - ds: 2025-06-27
[2025-06-27T05:29:00.806+0000] {python.py:240} INFO - Done. Returned value was: None
[2025-06-27T05:29:00.813+0000] {taskinstance.py:340} INFO - ::group::Post task execution logs
[2025-06-27T05:29:00.814+0000] {taskinstance.py:352} INFO - Marking task as SUCCESS. dag_id=ga4_raw_data_elt_v1.0, task_id=start_task, run_id=__***_temporary_run_2025-06-27T05:28:58.683560+00:00__, execution_date=20250627T052858, start_date=20250627T052900, end_date=20250627T052900
[2025-06-27T05:29:00.829+0000] {local_task_job_runner.py:266} INFO - Task exited with return code 0
[2025-06-27T05:29:00.842+0000] {taskinstance.py:3900} INFO - 0 downstream tasks scheduled from follow-on schedule check
[2025-06-27T05:29:00.843+0000] {local_task_job_runner.py:245} INFO - ::endgroup::
