[2025-06-27T04:23:08.680+0000] {local_task_job_runner.py:123} INFO - ::group::Pre task execution logs
[2025-06-27T04:23:08.693+0000] {taskinstance.py:2612} INFO - Dependencies all met for dep_context=non-requeueable deps ti=<TaskInstance: ga4_raw_data_elt_v1.0.start_task scheduled__2025-01-30T05:00:00+00:00 [queued]>
[2025-06-27T04:23:08.705+0000] {taskinstance.py:2612} INFO - Dependencies all met for dep_context=requeueable deps ti=<TaskInstance: ga4_raw_data_elt_v1.0.start_task scheduled__2025-01-30T05:00:00+00:00 [queued]>
[2025-06-27T04:23:08.705+0000] {taskinstance.py:2865} INFO - Starting attempt 1 of 1
[2025-06-27T04:23:08.716+0000] {taskinstance.py:2888} INFO - Executing <Task(_PythonDecoratedOperator): start_task> on 2025-01-30 05:00:00+00:00
[2025-06-27T04:23:08.723+0000] {warnings.py:112} WARNING - /home/***/.local/lib/python3.12/site-packages/***/task/task_runner/standard_task_runner.py:70: DeprecationWarning: This process (pid=529) is multi-threaded, use of fork() may lead to deadlocks in the child.
  pid = os.fork()

[2025-06-27T04:23:08.726+0000] {standard_task_runner.py:72} INFO - Started process 554 to run task
[2025-06-27T04:23:08.725+0000] {standard_task_runner.py:104} INFO - Running: ['***', 'tasks', 'run', 'ga4_raw_data_elt_v1.0', 'start_task', 'scheduled__2025-01-30T05:00:00+00:00', '--job-id', '127', '--raw', '--subdir', 'DAGS_FOLDER/GA4_data_elt.py', '--cfg-path', '/tmp/tmpb0fhy6io']
[2025-06-27T04:23:08.729+0000] {standard_task_runner.py:105} INFO - Job 127: Subtask start_task
[2025-06-27T04:23:08.787+0000] {task_command.py:467} INFO - Running <TaskInstance: ga4_raw_data_elt_v1.0.start_task scheduled__2025-01-30T05:00:00+00:00 [running]> on host f79cc72a155d
[2025-06-27T04:23:08.861+0000] {taskinstance.py:3131} INFO - Exporting env vars: AIRFLOW_CTX_DAG_OWNER='***' AIRFLOW_CTX_DAG_ID='ga4_raw_data_elt_v1.0' AIRFLOW_CTX_TASK_ID='start_task' AIRFLOW_CTX_EXECUTION_DATE='2025-01-30T05:00:00+00:00' AIRFLOW_CTX_TRY_NUMBER='1' AIRFLOW_CTX_DAG_RUN_ID='scheduled__2025-01-30T05:00:00+00:00'
[2025-06-27T04:23:08.864+0000] {taskinstance.py:731} INFO - ::endgroup::
[2025-06-27T04:23:08.868+0000] {logging_mixin.py:190} INFO - start
[2025-06-27T04:23:08.870+0000] {logging_mixin.py:190} INFO - ds: 2025-01-30
[2025-06-27T04:23:08.872+0000] {python.py:240} INFO - Done. Returned value was: None
[2025-06-27T04:23:08.881+0000] {taskinstance.py:340} INFO - ::group::Post task execution logs
[2025-06-27T04:23:08.881+0000] {taskinstance.py:352} INFO - Marking task as SUCCESS. dag_id=ga4_raw_data_elt_v1.0, task_id=start_task, run_id=scheduled__2025-01-30T05:00:00+00:00, execution_date=20250130T050000, start_date=20250627T042308, end_date=20250627T042308
[2025-06-27T04:23:08.909+0000] {local_task_job_runner.py:266} INFO - Task exited with return code 0
[2025-06-27T04:23:08.924+0000] {local_task_job_runner.py:245} INFO - ::endgroup::
