[2025-06-27T06:59:27.880+0000] {local_task_job_runner.py:123} INFO - ::group::Pre task execution logs
[2025-06-27T06:59:27.933+0000] {taskinstance.py:2612} INFO - Dependencies all met for dep_context=non-requeueable deps ti=<TaskInstance: ga4_raw_data_elt_v1.0_prod.start_task scheduled__2025-06-22T09:00:00+00:00 [queued]>
[2025-06-27T06:59:27.945+0000] {taskinstance.py:2612} INFO - Dependencies all met for dep_context=requeueable deps ti=<TaskInstance: ga4_raw_data_elt_v1.0_prod.start_task scheduled__2025-06-22T09:00:00+00:00 [queued]>
[2025-06-27T06:59:27.951+0000] {taskinstance.py:2865} INFO - Starting attempt 1 of 1
[2025-06-27T06:59:28.008+0000] {taskinstance.py:2888} INFO - Executing <Task(_PythonDecoratedOperator): start_task> on 2025-06-22 09:00:00+00:00
[2025-06-27T06:59:28.031+0000] {warnings.py:112} WARNING - /home/***/.local/lib/python3.12/site-packages/***/task/task_runner/standard_task_runner.py:70: DeprecationWarning: This process (pid=3307) is multi-threaded, use of fork() may lead to deadlocks in the child.
  pid = os.fork()

[2025-06-27T06:59:28.045+0000] {standard_task_runner.py:72} INFO - Started process 3378 to run task
[2025-06-27T06:59:28.052+0000] {standard_task_runner.py:104} INFO - Running: ['***', 'tasks', 'run', 'ga4_raw_data_elt_v1.0_prod', 'start_task', 'scheduled__2025-06-22T09:00:00+00:00', '--job-id', '954', '--raw', '--subdir', 'DAGS_FOLDER/GA4_data_elt.py', '--cfg-path', '/tmp/tmp06jbw57t']
[2025-06-27T06:59:28.080+0000] {standard_task_runner.py:105} INFO - Job 954: Subtask start_task
[2025-06-27T06:59:28.408+0000] {task_command.py:467} INFO - Running <TaskInstance: ga4_raw_data_elt_v1.0_prod.start_task scheduled__2025-06-22T09:00:00+00:00 [running]> on host e7fdb6bf901c
[2025-06-27T06:59:28.723+0000] {taskinstance.py:3131} INFO - Exporting env vars: AIRFLOW_CTX_DAG_OWNER='***' AIRFLOW_CTX_DAG_ID='ga4_raw_data_elt_v1.0_prod' AIRFLOW_CTX_TASK_ID='start_task' AIRFLOW_CTX_EXECUTION_DATE='2025-06-22T09:00:00+00:00' AIRFLOW_CTX_TRY_NUMBER='1' AIRFLOW_CTX_DAG_RUN_ID='scheduled__2025-06-22T09:00:00+00:00'
[2025-06-27T06:59:28.745+0000] {taskinstance.py:731} INFO - ::endgroup::
[2025-06-27T06:59:28.757+0000] {logging_mixin.py:190} INFO - start
[2025-06-27T06:59:28.758+0000] {logging_mixin.py:190} INFO - ds: 2025-06-22
[2025-06-27T06:59:28.762+0000] {python.py:240} INFO - Done. Returned value was: None
[2025-06-27T06:59:28.796+0000] {taskinstance.py:340} INFO - ::group::Post task execution logs
[2025-06-27T06:59:28.798+0000] {taskinstance.py:352} INFO - Marking task as SUCCESS. dag_id=ga4_raw_data_elt_v1.0_prod, task_id=start_task, run_id=scheduled__2025-06-22T09:00:00+00:00, execution_date=20250622T090000, start_date=20250627T065927, end_date=20250627T065928
[2025-06-27T06:59:28.984+0000] {local_task_job_runner.py:266} INFO - Task exited with return code 0
[2025-06-27T06:59:29.170+0000] {taskinstance.py:3900} INFO - 0 downstream tasks scheduled from follow-on schedule check
[2025-06-27T06:59:29.184+0000] {local_task_job_runner.py:245} INFO - ::endgroup::
