[2025-06-27T02:06:39.853+0000] {local_task_job_runner.py:123} INFO - ::group::Pre task execution logs
[2025-06-27T02:06:39.865+0000] {taskinstance.py:2612} INFO - Dependencies all met for dep_context=non-requeueable deps ti=<TaskInstance: ga4_raw_data_elt.end_task scheduled__2025-06-25T02:07:00+00:00 [queued]>
[2025-06-27T02:06:39.872+0000] {taskinstance.py:2612} INFO - Dependencies all met for dep_context=requeueable deps ti=<TaskInstance: ga4_raw_data_elt.end_task scheduled__2025-06-25T02:07:00+00:00 [queued]>
[2025-06-27T02:06:39.873+0000] {taskinstance.py:2865} INFO - Starting attempt 1 of 1
[2025-06-27T02:06:39.882+0000] {taskinstance.py:2888} INFO - Executing <Task(_PythonDecoratedOperator): end_task> on 2025-06-25 02:07:00+00:00
[2025-06-27T02:06:39.890+0000] {warnings.py:112} WARNING - /home/***/.local/lib/python3.12/site-packages/***/task/task_runner/standard_task_runner.py:70: DeprecationWarning: This process (pid=164) is multi-threaded, use of fork() may lead to deadlocks in the child.
  pid = os.fork()

[2025-06-27T02:06:39.891+0000] {standard_task_runner.py:72} INFO - Started process 172 to run task
[2025-06-27T02:06:39.892+0000] {standard_task_runner.py:104} INFO - Running: ['***', 'tasks', 'run', 'ga4_raw_data_elt', 'end_task', 'scheduled__2025-06-25T02:07:00+00:00', '--job-id', '33', '--raw', '--subdir', 'DAGS_FOLDER/GA4_data_elt.py', '--cfg-path', '/tmp/tmpakwa751k']
[2025-06-27T02:06:39.895+0000] {standard_task_runner.py:105} INFO - Job 33: Subtask end_task
[2025-06-27T02:06:39.924+0000] {task_command.py:467} INFO - Running <TaskInstance: ga4_raw_data_elt.end_task scheduled__2025-06-25T02:07:00+00:00 [running]> on host 040d1cf847a3
[2025-06-27T02:06:39.976+0000] {taskinstance.py:3131} INFO - Exporting env vars: AIRFLOW_CTX_DAG_OWNER='***' AIRFLOW_CTX_DAG_ID='ga4_raw_data_elt' AIRFLOW_CTX_TASK_ID='end_task' AIRFLOW_CTX_EXECUTION_DATE='2025-06-25T02:07:00+00:00' AIRFLOW_CTX_TRY_NUMBER='1' AIRFLOW_CTX_DAG_RUN_ID='scheduled__2025-06-25T02:07:00+00:00'
[2025-06-27T02:06:39.978+0000] {taskinstance.py:731} INFO - ::endgroup::
[2025-06-27T02:06:39.981+0000] {logging_mixin.py:190} INFO - end
[2025-06-27T02:06:39.981+0000] {python.py:240} INFO - Done. Returned value was: None
[2025-06-27T02:06:39.989+0000] {taskinstance.py:340} INFO - ::group::Post task execution logs
[2025-06-27T02:06:39.989+0000] {taskinstance.py:352} INFO - Marking task as SUCCESS. dag_id=ga4_raw_data_elt, task_id=end_task, run_id=scheduled__2025-06-25T02:07:00+00:00, execution_date=20250625T020700, start_date=20250627T020639, end_date=20250627T020639
[2025-06-27T02:06:40.030+0000] {local_task_job_runner.py:266} INFO - Task exited with return code 0
[2025-06-27T02:06:40.041+0000] {local_task_job_runner.py:245} INFO - ::endgroup::
[2025-06-27T02:21:38.483+0000] {local_task_job_runner.py:123} INFO - ::group::Pre task execution logs
[2025-06-27T02:21:38.494+0000] {taskinstance.py:2612} INFO - Dependencies all met for dep_context=non-requeueable deps ti=<TaskInstance: ga4_raw_data_elt.end_task scheduled__2025-06-25T02:07:00+00:00 [queued]>
[2025-06-27T02:21:38.500+0000] {taskinstance.py:2612} INFO - Dependencies all met for dep_context=requeueable deps ti=<TaskInstance: ga4_raw_data_elt.end_task scheduled__2025-06-25T02:07:00+00:00 [queued]>
[2025-06-27T02:21:38.501+0000] {taskinstance.py:2865} INFO - Starting attempt 1 of 1
[2025-06-27T02:21:38.509+0000] {taskinstance.py:2888} INFO - Executing <Task(_PythonDecoratedOperator): end_task> on 2025-06-25 02:07:00+00:00
[2025-06-27T02:21:38.517+0000] {warnings.py:112} WARNING - /home/***/.local/lib/python3.12/site-packages/***/task/task_runner/standard_task_runner.py:70: DeprecationWarning: This process (pid=186) is multi-threaded, use of fork() may lead to deadlocks in the child.
  pid = os.fork()

[2025-06-27T02:21:38.518+0000] {standard_task_runner.py:72} INFO - Started process 188 to run task
[2025-06-27T02:21:38.519+0000] {standard_task_runner.py:104} INFO - Running: ['***', 'tasks', 'run', 'ga4_raw_data_elt', 'end_task', 'scheduled__2025-06-25T02:07:00+00:00', '--job-id', '37', '--raw', '--subdir', 'DAGS_FOLDER/GA4_data_elt.py', '--cfg-path', '/tmp/tmp33y25of7']
[2025-06-27T02:21:38.521+0000] {standard_task_runner.py:105} INFO - Job 37: Subtask end_task
[2025-06-27T02:21:38.558+0000] {task_command.py:467} INFO - Running <TaskInstance: ga4_raw_data_elt.end_task scheduled__2025-06-25T02:07:00+00:00 [running]> on host a6d750376b6f
[2025-06-27T02:21:38.619+0000] {taskinstance.py:3131} INFO - Exporting env vars: AIRFLOW_CTX_DAG_OWNER='***' AIRFLOW_CTX_DAG_ID='ga4_raw_data_elt' AIRFLOW_CTX_TASK_ID='end_task' AIRFLOW_CTX_EXECUTION_DATE='2025-06-25T02:07:00+00:00' AIRFLOW_CTX_TRY_NUMBER='1' AIRFLOW_CTX_DAG_RUN_ID='scheduled__2025-06-25T02:07:00+00:00'
[2025-06-27T02:21:38.622+0000] {taskinstance.py:731} INFO - ::endgroup::
[2025-06-27T02:21:38.627+0000] {logging_mixin.py:190} INFO - end
[2025-06-27T02:21:38.628+0000] {python.py:240} INFO - Done. Returned value was: None
[2025-06-27T02:21:38.636+0000] {taskinstance.py:340} INFO - ::group::Post task execution logs
[2025-06-27T02:21:38.637+0000] {taskinstance.py:352} INFO - Marking task as SUCCESS. dag_id=ga4_raw_data_elt, task_id=end_task, run_id=scheduled__2025-06-25T02:07:00+00:00, execution_date=20250625T020700, start_date=20250627T022138, end_date=20250627T022138
[2025-06-27T02:21:38.658+0000] {local_task_job_runner.py:266} INFO - Task exited with return code 0
[2025-06-27T02:21:38.673+0000] {taskinstance.py:3900} INFO - 0 downstream tasks scheduled from follow-on schedule check
[2025-06-27T02:21:38.674+0000] {local_task_job_runner.py:245} INFO - ::endgroup::
[2025-06-27T02:35:25.833+0000] {local_task_job_runner.py:123} INFO - ::group::Pre task execution logs
[2025-06-27T02:35:25.876+0000] {taskinstance.py:2612} INFO - Dependencies all met for dep_context=non-requeueable deps ti=<TaskInstance: ga4_raw_data_elt.end_task scheduled__2025-06-25T02:07:00+00:00 [queued]>
[2025-06-27T02:35:25.890+0000] {taskinstance.py:2612} INFO - Dependencies all met for dep_context=requeueable deps ti=<TaskInstance: ga4_raw_data_elt.end_task scheduled__2025-06-25T02:07:00+00:00 [queued]>
[2025-06-27T02:35:25.891+0000] {taskinstance.py:2865} INFO - Starting attempt 1 of 1
[2025-06-27T02:35:25.901+0000] {taskinstance.py:2888} INFO - Executing <Task(_PythonDecoratedOperator): end_task> on 2025-06-25 02:07:00+00:00
[2025-06-27T02:35:25.908+0000] {warnings.py:112} WARNING - /home/***/.local/lib/python3.12/site-packages/***/task/task_runner/standard_task_runner.py:70: DeprecationWarning: This process (pid=184) is multi-threaded, use of fork() may lead to deadlocks in the child.
  pid = os.fork()

[2025-06-27T02:35:25.909+0000] {standard_task_runner.py:72} INFO - Started process 191 to run task
[2025-06-27T02:35:25.909+0000] {standard_task_runner.py:104} INFO - Running: ['***', 'tasks', 'run', 'ga4_raw_data_elt', 'end_task', 'scheduled__2025-06-25T02:07:00+00:00', '--job-id', '37', '--raw', '--subdir', 'DAGS_FOLDER/GA4_data_elt.py', '--cfg-path', '/tmp/tmpcdtoz8d5']
[2025-06-27T02:35:25.913+0000] {standard_task_runner.py:105} INFO - Job 37: Subtask end_task
[2025-06-27T02:35:25.952+0000] {task_command.py:467} INFO - Running <TaskInstance: ga4_raw_data_elt.end_task scheduled__2025-06-25T02:07:00+00:00 [running]> on host ba60ab6371e3
[2025-06-27T02:35:26.008+0000] {taskinstance.py:3131} INFO - Exporting env vars: AIRFLOW_CTX_DAG_OWNER='***' AIRFLOW_CTX_DAG_ID='ga4_raw_data_elt' AIRFLOW_CTX_TASK_ID='end_task' AIRFLOW_CTX_EXECUTION_DATE='2025-06-25T02:07:00+00:00' AIRFLOW_CTX_TRY_NUMBER='1' AIRFLOW_CTX_DAG_RUN_ID='scheduled__2025-06-25T02:07:00+00:00'
[2025-06-27T02:35:26.009+0000] {taskinstance.py:731} INFO - ::endgroup::
[2025-06-27T02:35:26.011+0000] {logging_mixin.py:190} INFO - end
[2025-06-27T02:35:26.011+0000] {python.py:240} INFO - Done. Returned value was: None
[2025-06-27T02:35:26.017+0000] {taskinstance.py:340} INFO - ::group::Post task execution logs
[2025-06-27T02:35:26.017+0000] {taskinstance.py:352} INFO - Marking task as SUCCESS. dag_id=ga4_raw_data_elt, task_id=end_task, run_id=scheduled__2025-06-25T02:07:00+00:00, execution_date=20250625T020700, start_date=20250627T023525, end_date=20250627T023526
[2025-06-27T02:35:26.051+0000] {local_task_job_runner.py:266} INFO - Task exited with return code 0
[2025-06-27T02:35:26.060+0000] {taskinstance.py:3900} INFO - 0 downstream tasks scheduled from follow-on schedule check
[2025-06-27T02:35:26.061+0000] {local_task_job_runner.py:245} INFO - ::endgroup::
