[2025-06-27T02:57:57.165+0000] {local_task_job_runner.py:123} INFO - ::group::Pre task execution logs
[2025-06-27T02:57:57.226+0000] {taskinstance.py:2612} INFO - Dependencies all met for dep_context=non-requeueable deps ti=<TaskInstance: ga4_raw_data_elt_v1.0.start_task scheduled__2024-01-27T05:00:00+00:00 [queued]>
[2025-06-27T02:57:57.235+0000] {taskinstance.py:2612} INFO - Dependencies all met for dep_context=requeueable deps ti=<TaskInstance: ga4_raw_data_elt_v1.0.start_task scheduled__2024-01-27T05:00:00+00:00 [queued]>
[2025-06-27T02:57:57.237+0000] {taskinstance.py:2865} INFO - Starting attempt 1 of 1
[2025-06-27T02:57:57.278+0000] {taskinstance.py:2888} INFO - Executing <Task(_PythonDecoratedOperator): start_task> on 2024-01-27 05:00:00+00:00
[2025-06-27T02:57:57.357+0000] {warnings.py:112} WARNING - /home/***/.local/lib/python3.12/site-packages/***/task/task_runner/standard_task_runner.py:70: DeprecationWarning: This process (pid=449) is multi-threaded, use of fork() may lead to deadlocks in the child.
  pid = os.fork()

[2025-06-27T02:57:57.380+0000] {standard_task_runner.py:72} INFO - Started process 502 to run task
[2025-06-27T02:57:57.366+0000] {standard_task_runner.py:104} INFO - Running: ['***', 'tasks', 'run', 'ga4_raw_data_elt_v1.0', 'start_task', 'scheduled__2024-01-27T05:00:00+00:00', '--job-id', '216', '--raw', '--subdir', 'DAGS_FOLDER/GA4_data_elt.py', '--cfg-path', '/tmp/tmp3wffb9n0']
[2025-06-27T02:57:57.389+0000] {standard_task_runner.py:105} INFO - Job 216: Subtask start_task
[2025-06-27T02:57:57.713+0000] {task_command.py:467} INFO - Running <TaskInstance: ga4_raw_data_elt_v1.0.start_task scheduled__2024-01-27T05:00:00+00:00 [running]> on host ba60ab6371e3
[2025-06-27T02:57:57.955+0000] {taskinstance.py:3131} INFO - Exporting env vars: AIRFLOW_CTX_DAG_OWNER='***' AIRFLOW_CTX_DAG_ID='ga4_raw_data_elt_v1.0' AIRFLOW_CTX_TASK_ID='start_task' AIRFLOW_CTX_EXECUTION_DATE='2024-01-27T05:00:00+00:00' AIRFLOW_CTX_TRY_NUMBER='1' AIRFLOW_CTX_DAG_RUN_ID='scheduled__2024-01-27T05:00:00+00:00'
[2025-06-27T02:57:57.965+0000] {taskinstance.py:731} INFO - ::endgroup::
[2025-06-27T02:57:57.976+0000] {logging_mixin.py:190} INFO - start
[2025-06-27T02:57:57.977+0000] {logging_mixin.py:190} INFO - ds: 2024-01-27
[2025-06-27T02:57:57.978+0000] {python.py:240} INFO - Done. Returned value was: None
[2025-06-27T02:57:58.010+0000] {taskinstance.py:340} INFO - ::group::Post task execution logs
[2025-06-27T02:57:58.013+0000] {taskinstance.py:352} INFO - Marking task as SUCCESS. dag_id=ga4_raw_data_elt_v1.0, task_id=start_task, run_id=scheduled__2024-01-27T05:00:00+00:00, execution_date=20240127T050000, start_date=20250627T025757, end_date=20250627T025758
[2025-06-27T02:57:58.129+0000] {local_task_job_runner.py:266} INFO - Task exited with return code 0
[2025-06-27T02:57:58.486+0000] {taskinstance.py:3900} INFO - 1 downstream tasks scheduled from follow-on schedule check
[2025-06-27T02:57:58.501+0000] {local_task_job_runner.py:245} INFO - ::endgroup::
