[2025-06-27T05:53:30.982+0000] {local_task_job_runner.py:123} INFO - ::group::Pre task execution logs
[2025-06-27T05:53:31.023+0000] {taskinstance.py:2612} INFO - Dependencies all met for dep_context=non-requeueable deps ti=<TaskInstance: ga4_raw_data_elt_v1.0.create_partitioned_table_if_not_exists scheduled__2025-03-03T09:00:00+00:00 [queued]>
[2025-06-27T05:53:31.062+0000] {taskinstance.py:2612} INFO - Dependencies all met for dep_context=requeueable deps ti=<TaskInstance: ga4_raw_data_elt_v1.0.create_partitioned_table_if_not_exists scheduled__2025-03-03T09:00:00+00:00 [queued]>
[2025-06-27T05:53:31.063+0000] {taskinstance.py:2865} INFO - Starting attempt 1 of 1
[2025-06-27T05:53:31.143+0000] {taskinstance.py:2888} INFO - Executing <Task(BigQueryInsertJobOperator): create_partitioned_table_if_not_exists> on 2025-03-03 09:00:00+00:00
[2025-06-27T05:53:31.160+0000] {warnings.py:112} WARNING - /home/***/.local/lib/python3.12/site-packages/***/task/task_runner/standard_task_runner.py:70: DeprecationWarning: This process (pid=1673) is multi-threaded, use of fork() may lead to deadlocks in the child.
  pid = os.fork()

[2025-06-27T05:53:31.164+0000] {standard_task_runner.py:72} INFO - Started process 1703 to run task
[2025-06-27T05:53:31.168+0000] {standard_task_runner.py:104} INFO - Running: ['***', 'tasks', 'run', 'ga4_raw_data_elt_v1.0', 'create_partitioned_table_if_not_exists', 'scheduled__2025-03-03T09:00:00+00:00', '--job-id', '411', '--raw', '--subdir', 'DAGS_FOLDER/GA4_data_elt.py', '--cfg-path', '/tmp/tmpm0xqc0ro']
[2025-06-27T05:53:31.180+0000] {standard_task_runner.py:105} INFO - Job 411: Subtask create_partitioned_table_if_not_exists
[2025-06-27T05:53:31.320+0000] {task_command.py:467} INFO - Running <TaskInstance: ga4_raw_data_elt_v1.0.create_partitioned_table_if_not_exists scheduled__2025-03-03T09:00:00+00:00 [running]> on host 546ad4141aeb
[2025-06-27T05:53:31.824+0000] {taskinstance.py:3131} INFO - Exporting env vars: AIRFLOW_CTX_DAG_OWNER='***' AIRFLOW_CTX_DAG_ID='ga4_raw_data_elt_v1.0' AIRFLOW_CTX_TASK_ID='create_partitioned_table_if_not_exists' AIRFLOW_CTX_EXECUTION_DATE='2025-03-03T09:00:00+00:00' AIRFLOW_CTX_TRY_NUMBER='1' AIRFLOW_CTX_DAG_RUN_ID='scheduled__2025-03-03T09:00:00+00:00'
[2025-06-27T05:53:31.833+0000] {taskinstance.py:731} INFO - ::endgroup::
[2025-06-27T05:53:31.868+0000] {connection.py:277} WARNING - Connection schemes (type: google_cloud_platform) shall not contain '_' according to RFC3986.
[2025-06-27T05:53:31.877+0000] {base.py:84} INFO - Retrieving connection 'google_cloud_default'
[2025-06-27T05:53:32.059+0000] {bigquery.py:2957} INFO - Executing: {'query': {'query': 'DECLARE dt STRING;\nDECLARE source_table_exists BOOL;\n\nSET dt = FORMAT_DATE(\'%Y%m%d\', DATE(\'2025-03-03\'));\n\nSET source_table_exists = (\nSELECT COUNT(*) > 0\nFROM `sixth-topic-349709.analytics_412203527.__TABLES__`\nWHERE table_id = FORMAT("events_%s", dt)\n);\n\nIF source_table_exists THEN\nEXECUTE IMMEDIATE FORMAT(\'\'\'\n    CREATE TABLE IF NOT EXISTS `sixth-topic-349709.ga4_events.raw_data`\n    PARTITION BY partition_date\n    AS\n    SELECT *, PARSE_DATE(\'%%Y%%m%%d\', event_date) AS partition_date\n    FROM `sixth-topic-349709.analytics_412203527.events_%s`\n    WHERE FALSE\n\'\'\', dt);\nEND IF;', 'useLegacySql': False}}'
[2025-06-27T05:53:32.082+0000] {bigquery.py:1702} INFO - Inserting job ***_ga4_raw_data_elt_v1_0_create_partitioned_table_if_not_exists_2025_03_03T09_00_00_00_00_f8702d4c52c1f55988a681ab79fceb1b
[2025-06-27T05:53:34.541+0000] {taskinstance.py:340} INFO - ::group::Post task execution logs
[2025-06-27T05:53:34.548+0000] {taskinstance.py:352} INFO - Marking task as SUCCESS. dag_id=ga4_raw_data_elt_v1.0, task_id=create_partitioned_table_if_not_exists, run_id=scheduled__2025-03-03T09:00:00+00:00, execution_date=20250303T090000, start_date=20250627T055331, end_date=20250627T055334
[2025-06-27T05:53:34.835+0000] {local_task_job_runner.py:266} INFO - Task exited with return code 0
[2025-06-27T05:53:34.931+0000] {local_task_job_runner.py:245} INFO - ::endgroup::
