[2025-06-26T07:34:01.133+0000] {local_task_job_runner.py:123} INFO - ::group::Pre task execution logs
[2025-06-26T07:34:01.145+0000] {taskinstance.py:2612} INFO - Dependencies all met for dep_context=non-requeueable deps ti=<TaskInstance: ga4_raw_data_elt.create_partitioned_table_if_not_exists scheduled__2025-06-25T05:00:00+00:00 [queued]>
[2025-06-26T07:34:01.149+0000] {taskinstance.py:2612} INFO - Dependencies all met for dep_context=requeueable deps ti=<TaskInstance: ga4_raw_data_elt.create_partitioned_table_if_not_exists scheduled__2025-06-25T05:00:00+00:00 [queued]>
[2025-06-26T07:34:01.150+0000] {taskinstance.py:2865} INFO - Starting attempt 2 of 2
[2025-06-26T07:34:01.156+0000] {taskinstance.py:2888} INFO - Executing <Task(BigQueryInsertJobOperator): create_partitioned_table_if_not_exists> on 2025-06-25 05:00:00+00:00
[2025-06-26T07:34:01.164+0000] {logging_mixin.py:190} WARNING - /home/***/.local/lib/python3.12/site-packages/***/task/task_runner/standard_task_runner.py:70 DeprecationWarning: This process (pid=19003) is multi-threaded, use of fork() may lead to deadlocks in the child.
[2025-06-26T07:34:01.163+0000] {standard_task_runner.py:104} INFO - Running: ['***', 'tasks', 'run', 'ga4_raw_data_elt', 'create_partitioned_table_if_not_exists', 'scheduled__2025-06-25T05:00:00+00:00', '--job-id', '87', '--raw', '--subdir', 'DAGS_FOLDER/GA4_data_elt.py', '--cfg-path', '/tmp/tmpme8_aa38']
[2025-06-26T07:34:01.166+0000] {standard_task_runner.py:72} INFO - Started process 19007 to run task
[2025-06-26T07:34:01.166+0000] {standard_task_runner.py:105} INFO - Job 87: Subtask create_partitioned_table_if_not_exists
[2025-06-26T07:34:01.231+0000] {task_command.py:467} INFO - Running <TaskInstance: ga4_raw_data_elt.create_partitioned_table_if_not_exists scheduled__2025-06-25T05:00:00+00:00 [running]> on host 76eadcdb3baf
[2025-06-26T07:34:01.524+0000] {taskinstance.py:3131} INFO - Exporting env vars: AIRFLOW_CTX_DAG_OWNER='***' AIRFLOW_CTX_DAG_ID='ga4_raw_data_elt' AIRFLOW_CTX_TASK_ID='create_partitioned_table_if_not_exists' AIRFLOW_CTX_EXECUTION_DATE='2025-06-25T05:00:00+00:00' AIRFLOW_CTX_TRY_NUMBER='2' AIRFLOW_CTX_DAG_RUN_ID='scheduled__2025-06-25T05:00:00+00:00'
[2025-06-26T07:34:01.525+0000] {taskinstance.py:731} INFO - ::endgroup::
[2025-06-26T07:34:01.532+0000] {connection.py:277} WARNING - Connection schemes (type: google_cloud_platform) shall not contain '_' according to RFC3986.
[2025-06-26T07:34:01.536+0000] {base.py:84} INFO - Retrieving connection 'google_cloud_default'
[2025-06-26T07:34:01.577+0000] {bigquery.py:2957} INFO - Executing: {'query': {'query': '\n                    DECLARE dt STRING;\n                    DECLARE source_table_exists BOOL;\n\n                    SET dt = FORMAT_DATE(\'%Y%m%d\', DATE_SUB(DATE(\'2025-06-25\'), INTERVAL 1 DAY));\n\n                    SET source_table_exists = (\n                    SELECT COUNT(*) > 0\n                    FROM `sixth-topic-349709.analytics_412203527.__TABLES__`\n                    WHERE table_id = FORMAT("events_%s", dt)\n                    );\n\n                    IF source_table_exists THEN\n                    EXECUTE IMMEDIATE FORMAT(\'\'\'\n                        CREATE TABLE IF NOT EXISTS `sixth-topic-349709.ga4_events.raw_data`\n                        PARTITION BY partition_date\n                        AS\n                        SELECT *, PARSE_DATE(\'%%Y%%m%%d\', event_date) AS partition_date\n                        FROM `sixth-topic-349709.analytics_412203527.events_%s`\n                        WHERE FALSE\n                    \'\'\', dt);\n                    END IF;\n                ', 'useLegacySql': False}}'
[2025-06-26T07:34:01.578+0000] {bigquery.py:1702} INFO - Inserting job ***_ga4_raw_data_elt_create_partitioned_table_if_not_exists_2025_06_25T05_00_00_00_00_0e29328b192ba87e127a4b970b471141
[2025-06-26T07:34:04.086+0000] {taskinstance.py:340} INFO - ::group::Post task execution logs
[2025-06-26T07:34:04.087+0000] {taskinstance.py:352} INFO - Marking task as SUCCESS. dag_id=ga4_raw_data_elt, task_id=create_partitioned_table_if_not_exists, run_id=scheduled__2025-06-25T05:00:00+00:00, execution_date=20250625T050000, start_date=20250626T073401, end_date=20250626T073404
[2025-06-26T07:34:04.130+0000] {local_task_job_runner.py:266} INFO - Task exited with return code 0
[2025-06-26T07:34:04.154+0000] {taskinstance.py:3900} INFO - 1 downstream tasks scheduled from follow-on schedule check
[2025-06-26T07:34:04.155+0000] {local_task_job_runner.py:245} INFO - ::endgroup::
