[2025-06-27T04:36:43.764+0000] {local_task_job_runner.py:123} INFO - ::group::Pre task execution logs
[2025-06-27T04:36:43.774+0000] {taskinstance.py:2612} INFO - Dependencies all met for dep_context=non-requeueable deps ti=<TaskInstance: ga4_raw_data_elt_v1.0.end_task scheduled__2025-06-25T09:00:00+00:00 [queued]>
[2025-06-27T04:36:43.779+0000] {taskinstance.py:2612} INFO - Dependencies all met for dep_context=requeueable deps ti=<TaskInstance: ga4_raw_data_elt_v1.0.end_task scheduled__2025-06-25T09:00:00+00:00 [queued]>
[2025-06-27T04:36:43.780+0000] {taskinstance.py:2865} INFO - Starting attempt 1 of 1
[2025-06-27T04:36:43.791+0000] {taskinstance.py:2888} INFO - Executing <Task(_PythonDecoratedOperator): end_task> on 2025-06-25 09:00:00+00:00
[2025-06-27T04:36:43.803+0000] {warnings.py:112} WARNING - /home/***/.local/lib/python3.12/site-packages/***/task/task_runner/standard_task_runner.py:70: DeprecationWarning: This process (pid=3618) is multi-threaded, use of fork() may lead to deadlocks in the child.
  pid = os.fork()

[2025-06-27T04:36:43.805+0000] {standard_task_runner.py:72} INFO - Started process 3620 to run task
[2025-06-27T04:36:43.803+0000] {standard_task_runner.py:104} INFO - Running: ['***', 'tasks', 'run', 'ga4_raw_data_elt_v1.0', 'end_task', 'scheduled__2025-06-25T09:00:00+00:00', '--job-id', '895', '--raw', '--subdir', 'DAGS_FOLDER/GA4_data_elt.py', '--cfg-path', '/tmp/tmpq6x90ism']
[2025-06-27T04:36:43.806+0000] {standard_task_runner.py:105} INFO - Job 895: Subtask end_task
[2025-06-27T04:36:43.846+0000] {task_command.py:467} INFO - Running <TaskInstance: ga4_raw_data_elt_v1.0.end_task scheduled__2025-06-25T09:00:00+00:00 [running]> on host f79cc72a155d
[2025-06-27T04:36:43.902+0000] {taskinstance.py:3131} INFO - Exporting env vars: AIRFLOW_CTX_DAG_OWNER='***' AIRFLOW_CTX_DAG_ID='ga4_raw_data_elt_v1.0' AIRFLOW_CTX_TASK_ID='end_task' AIRFLOW_CTX_EXECUTION_DATE='2025-06-25T09:00:00+00:00' AIRFLOW_CTX_TRY_NUMBER='1' AIRFLOW_CTX_DAG_RUN_ID='scheduled__2025-06-25T09:00:00+00:00'
[2025-06-27T04:36:43.904+0000] {taskinstance.py:731} INFO - ::endgroup::
[2025-06-27T04:36:43.907+0000] {logging_mixin.py:190} INFO - end
[2025-06-27T04:36:43.907+0000] {python.py:240} INFO - Done. Returned value was: None
[2025-06-27T04:36:43.913+0000] {taskinstance.py:340} INFO - ::group::Post task execution logs
[2025-06-27T04:36:43.914+0000] {taskinstance.py:352} INFO - Marking task as SUCCESS. dag_id=ga4_raw_data_elt_v1.0, task_id=end_task, run_id=scheduled__2025-06-25T09:00:00+00:00, execution_date=20250625T090000, start_date=20250627T043643, end_date=20250627T043643
[2025-06-27T04:36:43.948+0000] {local_task_job_runner.py:266} INFO - Task exited with return code 0
[2025-06-27T04:36:43.959+0000] {taskinstance.py:3900} INFO - 0 downstream tasks scheduled from follow-on schedule check
[2025-06-27T04:36:43.960+0000] {local_task_job_runner.py:245} INFO - ::endgroup::
[2025-06-27T06:01:46.545+0000] {local_task_job_runner.py:123} INFO - ::group::Pre task execution logs
[2025-06-27T06:01:46.555+0000] {taskinstance.py:2612} INFO - Dependencies all met for dep_context=non-requeueable deps ti=<TaskInstance: ga4_raw_data_elt_v1.0.end_task scheduled__2025-06-25T09:00:00+00:00 [queued]>
[2025-06-27T06:01:46.561+0000] {taskinstance.py:2612} INFO - Dependencies all met for dep_context=requeueable deps ti=<TaskInstance: ga4_raw_data_elt_v1.0.end_task scheduled__2025-06-25T09:00:00+00:00 [queued]>
[2025-06-27T06:01:46.561+0000] {taskinstance.py:2865} INFO - Starting attempt 1 of 1
[2025-06-27T06:01:46.567+0000] {taskinstance.py:2888} INFO - Executing <Task(_PythonDecoratedOperator): end_task> on 2025-06-25 09:00:00+00:00
[2025-06-27T06:01:46.573+0000] {warnings.py:112} WARNING - /home/***/.local/lib/python3.12/site-packages/***/task/task_runner/standard_task_runner.py:70: DeprecationWarning: This process (pid=4034) is multi-threaded, use of fork() may lead to deadlocks in the child.
  pid = os.fork()

[2025-06-27T06:01:46.574+0000] {standard_task_runner.py:72} INFO - Started process 4036 to run task
[2025-06-27T06:01:46.574+0000] {standard_task_runner.py:104} INFO - Running: ['***', 'tasks', 'run', 'ga4_raw_data_elt_v1.0', 'end_task', 'scheduled__2025-06-25T09:00:00+00:00', '--job-id', '999', '--raw', '--subdir', 'DAGS_FOLDER/GA4_data_elt.py', '--cfg-path', '/tmp/tmpy0rv3xr3']
[2025-06-27T06:01:46.578+0000] {standard_task_runner.py:105} INFO - Job 999: Subtask end_task
[2025-06-27T06:01:46.620+0000] {task_command.py:467} INFO - Running <TaskInstance: ga4_raw_data_elt_v1.0.end_task scheduled__2025-06-25T09:00:00+00:00 [running]> on host 546ad4141aeb
[2025-06-27T06:01:46.688+0000] {taskinstance.py:3131} INFO - Exporting env vars: AIRFLOW_CTX_DAG_OWNER='***' AIRFLOW_CTX_DAG_ID='ga4_raw_data_elt_v1.0' AIRFLOW_CTX_TASK_ID='end_task' AIRFLOW_CTX_EXECUTION_DATE='2025-06-25T09:00:00+00:00' AIRFLOW_CTX_TRY_NUMBER='1' AIRFLOW_CTX_DAG_RUN_ID='scheduled__2025-06-25T09:00:00+00:00'
[2025-06-27T06:01:46.690+0000] {taskinstance.py:731} INFO - ::endgroup::
[2025-06-27T06:01:46.692+0000] {logging_mixin.py:190} INFO - end
[2025-06-27T06:01:46.693+0000] {python.py:240} INFO - Done. Returned value was: None
[2025-06-27T06:01:46.699+0000] {taskinstance.py:340} INFO - ::group::Post task execution logs
[2025-06-27T06:01:46.699+0000] {taskinstance.py:352} INFO - Marking task as SUCCESS. dag_id=ga4_raw_data_elt_v1.0, task_id=end_task, run_id=scheduled__2025-06-25T09:00:00+00:00, execution_date=20250625T090000, start_date=20250627T060146, end_date=20250627T060146
[2025-06-27T06:01:46.718+0000] {local_task_job_runner.py:266} INFO - Task exited with return code 0
[2025-06-27T06:01:46.744+0000] {taskinstance.py:3900} INFO - 0 downstream tasks scheduled from follow-on schedule check
[2025-06-27T06:01:46.745+0000] {local_task_job_runner.py:245} INFO - ::endgroup::
