[2025-06-27T02:06:37.314+0000] {local_task_job_runner.py:123} INFO - ::group::Pre task execution logs
[2025-06-27T02:06:37.342+0000] {taskinstance.py:2612} INFO - Dependencies all met for dep_context=non-requeueable deps ti=<TaskInstance: ga4_raw_data_elt.end_task scheduled__2025-06-20T02:07:00+00:00 [queued]>
[2025-06-27T02:06:37.356+0000] {taskinstance.py:2612} INFO - Dependencies all met for dep_context=requeueable deps ti=<TaskInstance: ga4_raw_data_elt.end_task scheduled__2025-06-20T02:07:00+00:00 [queued]>
[2025-06-27T02:06:37.357+0000] {taskinstance.py:2865} INFO - Starting attempt 1 of 1
[2025-06-27T02:06:37.378+0000] {taskinstance.py:2888} INFO - Executing <Task(_PythonDecoratedOperator): end_task> on 2025-06-20 02:07:00+00:00
[2025-06-27T02:06:37.392+0000] {warnings.py:112} WARNING - /home/***/.local/lib/python3.12/site-packages/***/task/task_runner/standard_task_runner.py:70: DeprecationWarning: This process (pid=158) is multi-threaded, use of fork() may lead to deadlocks in the child.
  pid = os.fork()

[2025-06-27T02:06:37.395+0000] {standard_task_runner.py:72} INFO - Started process 160 to run task
[2025-06-27T02:06:37.450+0000] {standard_task_runner.py:104} INFO - Running: ['***', 'tasks', 'run', 'ga4_raw_data_elt', 'end_task', 'scheduled__2025-06-20T02:07:00+00:00', '--job-id', '30', '--raw', '--subdir', 'DAGS_FOLDER/GA4_data_elt.py', '--cfg-path', '/tmp/tmp51_sm7kq']
[2025-06-27T02:06:37.476+0000] {standard_task_runner.py:105} INFO - Job 30: Subtask end_task
[2025-06-27T02:06:37.602+0000] {task_command.py:467} INFO - Running <TaskInstance: ga4_raw_data_elt.end_task scheduled__2025-06-20T02:07:00+00:00 [running]> on host 040d1cf847a3
[2025-06-27T02:06:37.670+0000] {taskinstance.py:3131} INFO - Exporting env vars: AIRFLOW_CTX_DAG_OWNER='***' AIRFLOW_CTX_DAG_ID='ga4_raw_data_elt' AIRFLOW_CTX_TASK_ID='end_task' AIRFLOW_CTX_EXECUTION_DATE='2025-06-20T02:07:00+00:00' AIRFLOW_CTX_TRY_NUMBER='1' AIRFLOW_CTX_DAG_RUN_ID='scheduled__2025-06-20T02:07:00+00:00'
[2025-06-27T02:06:37.672+0000] {taskinstance.py:731} INFO - ::endgroup::
[2025-06-27T02:06:37.676+0000] {logging_mixin.py:190} INFO - end
[2025-06-27T02:06:37.677+0000] {python.py:240} INFO - Done. Returned value was: None
[2025-06-27T02:06:37.689+0000] {taskinstance.py:340} INFO - ::group::Post task execution logs
[2025-06-27T02:06:37.689+0000] {taskinstance.py:352} INFO - Marking task as SUCCESS. dag_id=ga4_raw_data_elt, task_id=end_task, run_id=scheduled__2025-06-20T02:07:00+00:00, execution_date=20250620T020700, start_date=20250627T020637, end_date=20250627T020637
[2025-06-27T02:06:37.735+0000] {local_task_job_runner.py:266} INFO - Task exited with return code 0
[2025-06-27T02:06:37.752+0000] {taskinstance.py:3900} INFO - 0 downstream tasks scheduled from follow-on schedule check
[2025-06-27T02:06:37.753+0000] {local_task_job_runner.py:245} INFO - ::endgroup::
[2025-06-27T02:21:42.855+0000] {local_task_job_runner.py:123} INFO - ::group::Pre task execution logs
[2025-06-27T02:21:42.866+0000] {taskinstance.py:2612} INFO - Dependencies all met for dep_context=non-requeueable deps ti=<TaskInstance: ga4_raw_data_elt.end_task scheduled__2025-06-20T02:07:00+00:00 [queued]>
[2025-06-27T02:21:42.870+0000] {taskinstance.py:2612} INFO - Dependencies all met for dep_context=requeueable deps ti=<TaskInstance: ga4_raw_data_elt.end_task scheduled__2025-06-20T02:07:00+00:00 [queued]>
[2025-06-27T02:21:42.870+0000] {taskinstance.py:2865} INFO - Starting attempt 1 of 1
[2025-06-27T02:21:42.877+0000] {taskinstance.py:2888} INFO - Executing <Task(_PythonDecoratedOperator): end_task> on 2025-06-20 02:07:00+00:00
[2025-06-27T02:21:42.897+0000] {warnings.py:112} WARNING - /home/***/.local/lib/python3.12/site-packages/***/task/task_runner/standard_task_runner.py:70: DeprecationWarning: This process (pid=194) is multi-threaded, use of fork() may lead to deadlocks in the child.
  pid = os.fork()

[2025-06-27T02:21:42.904+0000] {standard_task_runner.py:72} INFO - Started process 200 to run task
[2025-06-27T02:21:42.900+0000] {standard_task_runner.py:104} INFO - Running: ['***', 'tasks', 'run', 'ga4_raw_data_elt', 'end_task', 'scheduled__2025-06-20T02:07:00+00:00', '--job-id', '40', '--raw', '--subdir', 'DAGS_FOLDER/GA4_data_elt.py', '--cfg-path', '/tmp/tmpm7jv1t_i']
[2025-06-27T02:21:42.908+0000] {standard_task_runner.py:105} INFO - Job 40: Subtask end_task
[2025-06-27T02:21:42.948+0000] {task_command.py:467} INFO - Running <TaskInstance: ga4_raw_data_elt.end_task scheduled__2025-06-20T02:07:00+00:00 [running]> on host a6d750376b6f
[2025-06-27T02:21:42.994+0000] {taskinstance.py:3131} INFO - Exporting env vars: AIRFLOW_CTX_DAG_OWNER='***' AIRFLOW_CTX_DAG_ID='ga4_raw_data_elt' AIRFLOW_CTX_TASK_ID='end_task' AIRFLOW_CTX_EXECUTION_DATE='2025-06-20T02:07:00+00:00' AIRFLOW_CTX_TRY_NUMBER='1' AIRFLOW_CTX_DAG_RUN_ID='scheduled__2025-06-20T02:07:00+00:00'
[2025-06-27T02:21:42.996+0000] {taskinstance.py:731} INFO - ::endgroup::
[2025-06-27T02:21:42.998+0000] {logging_mixin.py:190} INFO - end
[2025-06-27T02:21:42.998+0000] {python.py:240} INFO - Done. Returned value was: None
[2025-06-27T02:21:43.004+0000] {taskinstance.py:340} INFO - ::group::Post task execution logs
[2025-06-27T02:21:43.004+0000] {taskinstance.py:352} INFO - Marking task as SUCCESS. dag_id=ga4_raw_data_elt, task_id=end_task, run_id=scheduled__2025-06-20T02:07:00+00:00, execution_date=20250620T020700, start_date=20250627T022142, end_date=20250627T022143
[2025-06-27T02:21:43.052+0000] {local_task_job_runner.py:266} INFO - Task exited with return code 0
[2025-06-27T02:21:43.063+0000] {taskinstance.py:3900} INFO - 0 downstream tasks scheduled from follow-on schedule check
[2025-06-27T02:21:43.064+0000] {local_task_job_runner.py:245} INFO - ::endgroup::
[2025-06-27T02:35:27.976+0000] {local_task_job_runner.py:123} INFO - ::group::Pre task execution logs
[2025-06-27T02:35:27.984+0000] {taskinstance.py:2612} INFO - Dependencies all met for dep_context=non-requeueable deps ti=<TaskInstance: ga4_raw_data_elt.end_task scheduled__2025-06-20T02:07:00+00:00 [queued]>
[2025-06-27T02:35:27.988+0000] {taskinstance.py:2612} INFO - Dependencies all met for dep_context=requeueable deps ti=<TaskInstance: ga4_raw_data_elt.end_task scheduled__2025-06-20T02:07:00+00:00 [queued]>
[2025-06-27T02:35:27.988+0000] {taskinstance.py:2865} INFO - Starting attempt 1 of 1
[2025-06-27T02:35:27.994+0000] {taskinstance.py:2888} INFO - Executing <Task(_PythonDecoratedOperator): end_task> on 2025-06-20 02:07:00+00:00
[2025-06-27T02:35:27.998+0000] {warnings.py:112} WARNING - /home/***/.local/lib/python3.12/site-packages/***/task/task_runner/standard_task_runner.py:70: DeprecationWarning: This process (pid=199) is multi-threaded, use of fork() may lead to deadlocks in the child.
  pid = os.fork()

[2025-06-27T02:35:27.999+0000] {standard_task_runner.py:72} INFO - Started process 201 to run task
[2025-06-27T02:35:27.999+0000] {standard_task_runner.py:104} INFO - Running: ['***', 'tasks', 'run', 'ga4_raw_data_elt', 'end_task', 'scheduled__2025-06-20T02:07:00+00:00', '--job-id', '40', '--raw', '--subdir', 'DAGS_FOLDER/GA4_data_elt.py', '--cfg-path', '/tmp/tmpse_q1iys']
[2025-06-27T02:35:28.001+0000] {standard_task_runner.py:105} INFO - Job 40: Subtask end_task
[2025-06-27T02:35:28.033+0000] {task_command.py:467} INFO - Running <TaskInstance: ga4_raw_data_elt.end_task scheduled__2025-06-20T02:07:00+00:00 [running]> on host ba60ab6371e3
[2025-06-27T02:35:28.073+0000] {taskinstance.py:3131} INFO - Exporting env vars: AIRFLOW_CTX_DAG_OWNER='***' AIRFLOW_CTX_DAG_ID='ga4_raw_data_elt' AIRFLOW_CTX_TASK_ID='end_task' AIRFLOW_CTX_EXECUTION_DATE='2025-06-20T02:07:00+00:00' AIRFLOW_CTX_TRY_NUMBER='1' AIRFLOW_CTX_DAG_RUN_ID='scheduled__2025-06-20T02:07:00+00:00'
[2025-06-27T02:35:28.074+0000] {taskinstance.py:731} INFO - ::endgroup::
[2025-06-27T02:35:28.076+0000] {logging_mixin.py:190} INFO - end
[2025-06-27T02:35:28.076+0000] {python.py:240} INFO - Done. Returned value was: None
[2025-06-27T02:35:28.081+0000] {taskinstance.py:340} INFO - ::group::Post task execution logs
[2025-06-27T02:35:28.081+0000] {taskinstance.py:352} INFO - Marking task as SUCCESS. dag_id=ga4_raw_data_elt, task_id=end_task, run_id=scheduled__2025-06-20T02:07:00+00:00, execution_date=20250620T020700, start_date=20250627T023527, end_date=20250627T023528
[2025-06-27T02:35:28.100+0000] {local_task_job_runner.py:266} INFO - Task exited with return code 0
[2025-06-27T02:35:28.109+0000] {taskinstance.py:3900} INFO - 0 downstream tasks scheduled from follow-on schedule check
[2025-06-27T02:35:28.109+0000] {local_task_job_runner.py:245} INFO - ::endgroup::
