[2025-06-27T02:40:45.271+0000] {local_task_job_runner.py:123} INFO - ::group::Pre task execution logs
[2025-06-27T02:40:45.282+0000] {taskinstance.py:2612} INFO - Dependencies all met for dep_context=non-requeueable deps ti=<TaskInstance: ga4_raw_data_elt.end_task scheduled__2025-06-20T02:07:00+00:00 [queued]>
[2025-06-27T02:40:45.286+0000] {taskinstance.py:2612} INFO - Dependencies all met for dep_context=requeueable deps ti=<TaskInstance: ga4_raw_data_elt.end_task scheduled__2025-06-20T02:07:00+00:00 [queued]>
[2025-06-27T02:40:45.286+0000] {taskinstance.py:2865} INFO - Starting attempt 2 of 2
[2025-06-27T02:40:45.299+0000] {taskinstance.py:2888} INFO - Executing <Task(_PythonDecoratedOperator): end_task> on 2025-06-20 02:07:00+00:00
[2025-06-27T02:40:45.310+0000] {warnings.py:112} WARNING - /home/***/.local/lib/python3.12/site-packages/***/task/task_runner/standard_task_runner.py:70: DeprecationWarning: This process (pid=319) is multi-threaded, use of fork() may lead to deadlocks in the child.
  pid = os.fork()

[2025-06-27T02:40:45.312+0000] {standard_task_runner.py:72} INFO - Started process 321 to run task
[2025-06-27T02:40:45.312+0000] {standard_task_runner.py:104} INFO - Running: ['***', 'tasks', 'run', 'ga4_raw_data_elt', 'end_task', 'scheduled__2025-06-20T02:07:00+00:00', '--job-id', '70', '--raw', '--subdir', 'DAGS_FOLDER/GA4_data_elt.py', '--cfg-path', '/tmp/tmp3fxf79m2']
[2025-06-27T02:40:45.316+0000] {standard_task_runner.py:105} INFO - Job 70: Subtask end_task
[2025-06-27T02:40:45.353+0000] {task_command.py:467} INFO - Running <TaskInstance: ga4_raw_data_elt.end_task scheduled__2025-06-20T02:07:00+00:00 [running]> on host ba60ab6371e3
[2025-06-27T02:40:45.402+0000] {taskinstance.py:3131} INFO - Exporting env vars: AIRFLOW_CTX_DAG_OWNER='***' AIRFLOW_CTX_DAG_ID='ga4_raw_data_elt' AIRFLOW_CTX_TASK_ID='end_task' AIRFLOW_CTX_EXECUTION_DATE='2025-06-20T02:07:00+00:00' AIRFLOW_CTX_TRY_NUMBER='2' AIRFLOW_CTX_DAG_RUN_ID='scheduled__2025-06-20T02:07:00+00:00'
[2025-06-27T02:40:45.403+0000] {taskinstance.py:731} INFO - ::endgroup::
[2025-06-27T02:40:45.405+0000] {logging_mixin.py:190} INFO - end
[2025-06-27T02:40:45.406+0000] {python.py:240} INFO - Done. Returned value was: None
[2025-06-27T02:40:45.411+0000] {taskinstance.py:340} INFO - ::group::Post task execution logs
[2025-06-27T02:40:45.412+0000] {taskinstance.py:352} INFO - Marking task as SUCCESS. dag_id=ga4_raw_data_elt, task_id=end_task, run_id=scheduled__2025-06-20T02:07:00+00:00, execution_date=20250620T020700, start_date=20250627T024045, end_date=20250627T024045
[2025-06-27T02:40:45.455+0000] {local_task_job_runner.py:266} INFO - Task exited with return code 0
[2025-06-27T02:40:45.468+0000] {taskinstance.py:3900} INFO - 0 downstream tasks scheduled from follow-on schedule check
[2025-06-27T02:40:45.469+0000] {local_task_job_runner.py:245} INFO - ::endgroup::
