[2025-06-27T02:06:12.267+0000] {local_task_job_runner.py:123} INFO - ::group::Pre task execution logs
[2025-06-27T02:06:12.285+0000] {taskinstance.py:2612} INFO - Dependencies all met for dep_context=non-requeueable deps ti=<TaskInstance: ga4_raw_data_elt.create_ga4_events_dataset scheduled__2025-06-24T02:07:00+00:00 [queued]>
[2025-06-27T02:06:12.295+0000] {taskinstance.py:2612} INFO - Dependencies all met for dep_context=requeueable deps ti=<TaskInstance: ga4_raw_data_elt.create_ga4_events_dataset scheduled__2025-06-24T02:07:00+00:00 [queued]>
[2025-06-27T02:06:12.296+0000] {taskinstance.py:2865} INFO - Starting attempt 1 of 1
[2025-06-27T02:06:12.323+0000] {taskinstance.py:2888} INFO - Executing <Task(BigQueryCreateEmptyDatasetOperator): create_ga4_events_dataset> on 2025-06-24 02:07:00+00:00
[2025-06-27T02:06:12.364+0000] {warnings.py:112} WARNING - /home/***/.local/lib/python3.12/site-packages/***/task/task_runner/standard_task_runner.py:70: DeprecationWarning: This process (pid=83) is multi-threaded, use of fork() may lead to deadlocks in the child.
  pid = os.fork()

[2025-06-27T02:06:12.367+0000] {standard_task_runner.py:72} INFO - Started process 97 to run task
[2025-06-27T02:06:12.381+0000] {standard_task_runner.py:104} INFO - Running: ['***', 'tasks', 'run', 'ga4_raw_data_elt', 'create_ga4_events_dataset', 'scheduled__2025-06-24T02:07:00+00:00', '--job-id', '12', '--raw', '--subdir', 'DAGS_FOLDER/GA4_data_elt.py', '--cfg-path', '/tmp/tmp2zozqxyv']
[2025-06-27T02:06:12.399+0000] {standard_task_runner.py:105} INFO - Job 12: Subtask create_ga4_events_dataset
[2025-06-27T02:06:12.496+0000] {task_command.py:467} INFO - Running <TaskInstance: ga4_raw_data_elt.create_ga4_events_dataset scheduled__2025-06-24T02:07:00+00:00 [running]> on host 040d1cf847a3
[2025-06-27T02:06:12.622+0000] {taskinstance.py:3131} INFO - Exporting env vars: AIRFLOW_CTX_DAG_OWNER='***' AIRFLOW_CTX_DAG_ID='ga4_raw_data_elt' AIRFLOW_CTX_TASK_ID='create_ga4_events_dataset' AIRFLOW_CTX_EXECUTION_DATE='2025-06-24T02:07:00+00:00' AIRFLOW_CTX_TRY_NUMBER='1' AIRFLOW_CTX_DAG_RUN_ID='scheduled__2025-06-24T02:07:00+00:00'
[2025-06-27T02:06:12.624+0000] {taskinstance.py:731} INFO - ::endgroup::
[2025-06-27T02:06:12.651+0000] {connection.py:277} WARNING - Connection schemes (type: google_cloud_platform) shall not contain '_' according to RFC3986.
[2025-06-27T02:06:12.699+0000] {base.py:84} INFO - Retrieving connection 'google_cloud_default'
[2025-06-27T02:06:12.701+0000] {bigquery.py:533} INFO - datasetId was not specified in `dataset_reference`. Will use default value ga4_events.
[2025-06-27T02:06:12.703+0000] {bigquery.py:533} INFO - projectId was not specified in `dataset_reference`. Will use default value sixth-topic-349709.
[2025-06-27T02:06:12.705+0000] {bigquery.py:544} INFO - Creating dataset: ga4_events in project: sixth-topic-349709 
[2025-06-27T02:06:14.214+0000] {bigquery.py:548} INFO - Dataset created successfully.
[2025-06-27T02:06:14.257+0000] {taskinstance.py:340} INFO - ::group::Post task execution logs
[2025-06-27T02:06:14.257+0000] {taskinstance.py:352} INFO - Marking task as SUCCESS. dag_id=ga4_raw_data_elt, task_id=create_ga4_events_dataset, run_id=scheduled__2025-06-24T02:07:00+00:00, execution_date=20250624T020700, start_date=20250627T020612, end_date=20250627T020614
[2025-06-27T02:06:14.309+0000] {local_task_job_runner.py:266} INFO - Task exited with return code 0
[2025-06-27T02:06:14.337+0000] {local_task_job_runner.py:245} INFO - ::endgroup::
[2025-06-27T02:17:48.637+0000] {local_task_job_runner.py:123} INFO - ::group::Pre task execution logs
[2025-06-27T02:17:48.657+0000] {taskinstance.py:2612} INFO - Dependencies all met for dep_context=non-requeueable deps ti=<TaskInstance: ga4_raw_data_elt.create_ga4_events_dataset scheduled__2025-06-24T02:07:00+00:00 [queued]>
[2025-06-27T02:17:48.663+0000] {taskinstance.py:2612} INFO - Dependencies all met for dep_context=requeueable deps ti=<TaskInstance: ga4_raw_data_elt.create_ga4_events_dataset scheduled__2025-06-24T02:07:00+00:00 [queued]>
[2025-06-27T02:17:48.664+0000] {taskinstance.py:2865} INFO - Starting attempt 1 of 1
[2025-06-27T02:17:48.679+0000] {taskinstance.py:2888} INFO - Executing <Task(BigQueryCreateEmptyDatasetOperator): create_ga4_events_dataset> on 2025-06-24 02:07:00+00:00
[2025-06-27T02:17:48.705+0000] {warnings.py:112} WARNING - /home/***/.local/lib/python3.12/site-packages/***/task/task_runner/standard_task_runner.py:70: DeprecationWarning: This process (pid=86) is multi-threaded, use of fork() may lead to deadlocks in the child.
  pid = os.fork()

[2025-06-27T02:17:48.708+0000] {standard_task_runner.py:72} INFO - Started process 97 to run task
[2025-06-27T02:17:48.709+0000] {standard_task_runner.py:104} INFO - Running: ['***', 'tasks', 'run', 'ga4_raw_data_elt', 'create_ga4_events_dataset', 'scheduled__2025-06-24T02:07:00+00:00', '--job-id', '11', '--raw', '--subdir', 'DAGS_FOLDER/GA4_data_elt.py', '--cfg-path', '/tmp/tmpexnniz6n']
[2025-06-27T02:17:48.724+0000] {standard_task_runner.py:105} INFO - Job 11: Subtask create_ga4_events_dataset
[2025-06-27T02:17:48.832+0000] {task_command.py:467} INFO - Running <TaskInstance: ga4_raw_data_elt.create_ga4_events_dataset scheduled__2025-06-24T02:07:00+00:00 [running]> on host ece8b7d95be1
[2025-06-27T02:17:48.922+0000] {taskinstance.py:3131} INFO - Exporting env vars: AIRFLOW_CTX_DAG_OWNER='***' AIRFLOW_CTX_DAG_ID='ga4_raw_data_elt' AIRFLOW_CTX_TASK_ID='create_ga4_events_dataset' AIRFLOW_CTX_EXECUTION_DATE='2025-06-24T02:07:00+00:00' AIRFLOW_CTX_TRY_NUMBER='1' AIRFLOW_CTX_DAG_RUN_ID='scheduled__2025-06-24T02:07:00+00:00'
[2025-06-27T02:17:48.924+0000] {taskinstance.py:731} INFO - ::endgroup::
[2025-06-27T02:17:48.938+0000] {connection.py:277} WARNING - Connection schemes (type: google_cloud_platform) shall not contain '_' according to RFC3986.
[2025-06-27T02:17:48.959+0000] {base.py:84} INFO - Retrieving connection 'google_cloud_default'
[2025-06-27T02:17:48.961+0000] {bigquery.py:533} INFO - datasetId was not specified in `dataset_reference`. Will use default value ga4_events.
[2025-06-27T02:17:48.962+0000] {bigquery.py:533} INFO - projectId was not specified in `dataset_reference`. Will use default value sixth-topic-349709.
[2025-06-27T02:17:48.965+0000] {bigquery.py:544} INFO - Creating dataset: ga4_events in project: sixth-topic-349709 
[2025-06-27T02:17:50.232+0000] {bigquery.py:548} INFO - Dataset created successfully.
[2025-06-27T02:17:50.257+0000] {taskinstance.py:340} INFO - ::group::Post task execution logs
[2025-06-27T02:17:50.258+0000] {taskinstance.py:352} INFO - Marking task as SUCCESS. dag_id=ga4_raw_data_elt, task_id=create_ga4_events_dataset, run_id=scheduled__2025-06-24T02:07:00+00:00, execution_date=20250624T020700, start_date=20250627T021748, end_date=20250627T021750
[2025-06-27T02:17:50.300+0000] {local_task_job_runner.py:266} INFO - Task exited with return code 0
[2025-06-27T02:17:50.325+0000] {taskinstance.py:3900} INFO - 1 downstream tasks scheduled from follow-on schedule check
[2025-06-27T02:17:50.327+0000] {local_task_job_runner.py:245} INFO - ::endgroup::
[2025-06-27T02:21:09.146+0000] {local_task_job_runner.py:123} INFO - ::group::Pre task execution logs
[2025-06-27T02:21:09.161+0000] {taskinstance.py:2612} INFO - Dependencies all met for dep_context=non-requeueable deps ti=<TaskInstance: ga4_raw_data_elt.create_ga4_events_dataset scheduled__2025-06-24T02:07:00+00:00 [queued]>
[2025-06-27T02:21:09.174+0000] {taskinstance.py:2612} INFO - Dependencies all met for dep_context=requeueable deps ti=<TaskInstance: ga4_raw_data_elt.create_ga4_events_dataset scheduled__2025-06-24T02:07:00+00:00 [queued]>
[2025-06-27T02:21:09.175+0000] {taskinstance.py:2865} INFO - Starting attempt 1 of 1
[2025-06-27T02:21:09.218+0000] {taskinstance.py:2888} INFO - Executing <Task(BigQueryCreateEmptyDatasetOperator): create_ga4_events_dataset> on 2025-06-24 02:07:00+00:00
[2025-06-27T02:21:09.231+0000] {warnings.py:112} WARNING - /home/***/.local/lib/python3.12/site-packages/***/task/task_runner/standard_task_runner.py:70: DeprecationWarning: This process (pid=83) is multi-threaded, use of fork() may lead to deadlocks in the child.
  pid = os.fork()

[2025-06-27T02:21:09.237+0000] {standard_task_runner.py:72} INFO - Started process 98 to run task
[2025-06-27T02:21:09.236+0000] {standard_task_runner.py:104} INFO - Running: ['***', 'tasks', 'run', 'ga4_raw_data_elt', 'create_ga4_events_dataset', 'scheduled__2025-06-24T02:07:00+00:00', '--job-id', '11', '--raw', '--subdir', 'DAGS_FOLDER/GA4_data_elt.py', '--cfg-path', '/tmp/tmprr7kmvrz']
[2025-06-27T02:21:09.241+0000] {standard_task_runner.py:105} INFO - Job 11: Subtask create_ga4_events_dataset
[2025-06-27T02:21:09.369+0000] {task_command.py:467} INFO - Running <TaskInstance: ga4_raw_data_elt.create_ga4_events_dataset scheduled__2025-06-24T02:07:00+00:00 [running]> on host a6d750376b6f
[2025-06-27T02:21:09.457+0000] {taskinstance.py:3131} INFO - Exporting env vars: AIRFLOW_CTX_DAG_OWNER='***' AIRFLOW_CTX_DAG_ID='ga4_raw_data_elt' AIRFLOW_CTX_TASK_ID='create_ga4_events_dataset' AIRFLOW_CTX_EXECUTION_DATE='2025-06-24T02:07:00+00:00' AIRFLOW_CTX_TRY_NUMBER='1' AIRFLOW_CTX_DAG_RUN_ID='scheduled__2025-06-24T02:07:00+00:00'
[2025-06-27T02:21:09.460+0000] {taskinstance.py:731} INFO - ::endgroup::
[2025-06-27T02:21:09.474+0000] {connection.py:277} WARNING - Connection schemes (type: google_cloud_platform) shall not contain '_' according to RFC3986.
[2025-06-27T02:21:09.488+0000] {base.py:84} INFO - Retrieving connection 'google_cloud_default'
[2025-06-27T02:21:09.493+0000] {bigquery.py:533} INFO - datasetId was not specified in `dataset_reference`. Will use default value ga4_events.
[2025-06-27T02:21:09.494+0000] {bigquery.py:533} INFO - projectId was not specified in `dataset_reference`. Will use default value sixth-topic-349709.
[2025-06-27T02:21:09.495+0000] {bigquery.py:544} INFO - Creating dataset: ga4_events in project: sixth-topic-349709 
[2025-06-27T02:21:10.424+0000] {bigquery.py:548} INFO - Dataset created successfully.
[2025-06-27T02:21:10.457+0000] {taskinstance.py:340} INFO - ::group::Post task execution logs
[2025-06-27T02:21:10.457+0000] {taskinstance.py:352} INFO - Marking task as SUCCESS. dag_id=ga4_raw_data_elt, task_id=create_ga4_events_dataset, run_id=scheduled__2025-06-24T02:07:00+00:00, execution_date=20250624T020700, start_date=20250627T022109, end_date=20250627T022110
[2025-06-27T02:21:10.509+0000] {local_task_job_runner.py:266} INFO - Task exited with return code 0
[2025-06-27T02:21:10.544+0000] {taskinstance.py:3900} INFO - 1 downstream tasks scheduled from follow-on schedule check
[2025-06-27T02:21:10.545+0000] {local_task_job_runner.py:245} INFO - ::endgroup::
[2025-06-27T02:34:53.187+0000] {local_task_job_runner.py:123} INFO - ::group::Pre task execution logs
[2025-06-27T02:34:53.212+0000] {taskinstance.py:2612} INFO - Dependencies all met for dep_context=non-requeueable deps ti=<TaskInstance: ga4_raw_data_elt.create_ga4_events_dataset scheduled__2025-06-24T02:07:00+00:00 [queued]>
[2025-06-27T02:34:53.227+0000] {taskinstance.py:2612} INFO - Dependencies all met for dep_context=requeueable deps ti=<TaskInstance: ga4_raw_data_elt.create_ga4_events_dataset scheduled__2025-06-24T02:07:00+00:00 [queued]>
[2025-06-27T02:34:53.230+0000] {taskinstance.py:2865} INFO - Starting attempt 1 of 1
[2025-06-27T02:34:53.305+0000] {taskinstance.py:2888} INFO - Executing <Task(BigQueryCreateEmptyDatasetOperator): create_ga4_events_dataset> on 2025-06-24 02:07:00+00:00
[2025-06-27T02:34:53.333+0000] {warnings.py:112} WARNING - /home/***/.local/lib/python3.12/site-packages/***/task/task_runner/standard_task_runner.py:70: DeprecationWarning: This process (pid=85) is multi-threaded, use of fork() may lead to deadlocks in the child.
  pid = os.fork()

[2025-06-27T02:34:53.341+0000] {standard_task_runner.py:72} INFO - Started process 103 to run task
[2025-06-27T02:34:53.342+0000] {standard_task_runner.py:104} INFO - Running: ['***', 'tasks', 'run', 'ga4_raw_data_elt', 'create_ga4_events_dataset', 'scheduled__2025-06-24T02:07:00+00:00', '--job-id', '15', '--raw', '--subdir', 'DAGS_FOLDER/GA4_data_elt.py', '--cfg-path', '/tmp/tmpf4fbninv']
[2025-06-27T02:34:53.349+0000] {standard_task_runner.py:105} INFO - Job 15: Subtask create_ga4_events_dataset
[2025-06-27T02:34:53.499+0000] {task_command.py:467} INFO - Running <TaskInstance: ga4_raw_data_elt.create_ga4_events_dataset scheduled__2025-06-24T02:07:00+00:00 [running]> on host ba60ab6371e3
[2025-06-27T02:34:53.668+0000] {taskinstance.py:3131} INFO - Exporting env vars: AIRFLOW_CTX_DAG_OWNER='***' AIRFLOW_CTX_DAG_ID='ga4_raw_data_elt' AIRFLOW_CTX_TASK_ID='create_ga4_events_dataset' AIRFLOW_CTX_EXECUTION_DATE='2025-06-24T02:07:00+00:00' AIRFLOW_CTX_TRY_NUMBER='1' AIRFLOW_CTX_DAG_RUN_ID='scheduled__2025-06-24T02:07:00+00:00'
[2025-06-27T02:34:53.678+0000] {taskinstance.py:731} INFO - ::endgroup::
[2025-06-27T02:34:53.693+0000] {connection.py:277} WARNING - Connection schemes (type: google_cloud_platform) shall not contain '_' according to RFC3986.
[2025-06-27T02:34:53.696+0000] {base.py:84} INFO - Retrieving connection 'google_cloud_default'
[2025-06-27T02:34:53.697+0000] {bigquery.py:533} INFO - datasetId was not specified in `dataset_reference`. Will use default value ga4_events.
[2025-06-27T02:34:53.697+0000] {bigquery.py:533} INFO - projectId was not specified in `dataset_reference`. Will use default value sixth-topic-349709.
[2025-06-27T02:34:53.698+0000] {bigquery.py:544} INFO - Creating dataset: ga4_events in project: sixth-topic-349709 
[2025-06-27T02:34:55.359+0000] {bigquery.py:548} INFO - Dataset created successfully.
[2025-06-27T02:34:55.441+0000] {taskinstance.py:340} INFO - ::group::Post task execution logs
[2025-06-27T02:34:55.443+0000] {taskinstance.py:352} INFO - Marking task as SUCCESS. dag_id=ga4_raw_data_elt, task_id=create_ga4_events_dataset, run_id=scheduled__2025-06-24T02:07:00+00:00, execution_date=20250624T020700, start_date=20250627T023453, end_date=20250627T023455
[2025-06-27T02:34:55.497+0000] {local_task_job_runner.py:266} INFO - Task exited with return code 0
[2025-06-27T02:34:55.536+0000] {local_task_job_runner.py:245} INFO - ::endgroup::
