[2025-06-26T01:23:32.088+0000] {local_task_job_runner.py:123} INFO - ::group::Pre task execution logs
[2025-06-26T01:23:32.178+0000] {taskinstance.py:2612} INFO - Dependencies all met for dep_context=non-requeueable deps ti=<TaskInstance: country_capital_to_bigquery_operator.create_table scheduled__2025-06-24T02:00:00+00:00 [queued]>
[2025-06-26T01:23:32.182+0000] {taskinstance.py:2612} INFO - Dependencies all met for dep_context=requeueable deps ti=<TaskInstance: country_capital_to_bigquery_operator.create_table scheduled__2025-06-24T02:00:00+00:00 [queued]>
[2025-06-26T01:23:32.183+0000] {taskinstance.py:2865} INFO - Starting attempt 1 of 1
[2025-06-26T01:23:32.189+0000] {taskinstance.py:2888} INFO - Executing <Task(BigQueryCreateEmptyTableOperator): create_table> on 2025-06-24 02:00:00+00:00
[2025-06-26T01:23:32.197+0000] {logging_mixin.py:190} WARNING - /home/***/.local/lib/python3.12/site-packages/***/task/task_runner/standard_task_runner.py:70 DeprecationWarning: This process (pid=435) is multi-threaded, use of fork() may lead to deadlocks in the child.
[2025-06-26T01:23:32.196+0000] {standard_task_runner.py:104} INFO - Running: ['***', 'tasks', 'run', 'country_capital_to_bigquery_operator', 'create_table', 'scheduled__2025-06-24T02:00:00+00:00', '--job-id', '9', '--raw', '--subdir', 'DAGS_FOLDER/simple_etl_bigquery_operator.py', '--cfg-path', '/tmp/tmpegy6w022']
[2025-06-26T01:23:32.198+0000] {standard_task_runner.py:105} INFO - Job 9: Subtask create_table
[2025-06-26T01:23:32.198+0000] {standard_task_runner.py:72} INFO - Started process 437 to run task
[2025-06-26T01:23:32.235+0000] {task_command.py:467} INFO - Running <TaskInstance: country_capital_to_bigquery_operator.create_table scheduled__2025-06-24T02:00:00+00:00 [running]> on host 76eadcdb3baf
[2025-06-26T01:23:32.280+0000] {taskinstance.py:3131} INFO - Exporting env vars: AIRFLOW_CTX_DAG_OWNER='***' AIRFLOW_CTX_DAG_ID='country_capital_to_bigquery_operator' AIRFLOW_CTX_TASK_ID='create_table' AIRFLOW_CTX_EXECUTION_DATE='2025-06-24T02:00:00+00:00' AIRFLOW_CTX_TRY_NUMBER='1' AIRFLOW_CTX_DAG_RUN_ID='scheduled__2025-06-24T02:00:00+00:00'
[2025-06-26T01:23:32.281+0000] {taskinstance.py:731} INFO - ::endgroup::
[2025-06-26T01:23:32.287+0000] {connection.py:277} WARNING - Connection schemes (type: google_cloud_platform) shall not contain '_' according to RFC3986.
[2025-06-26T01:23:32.292+0000] {base.py:84} INFO - Retrieving connection 'google_cloud_default'
[2025-06-26T01:23:32.293+0000] {bigquery.py:1635} INFO - Creating table
[2025-06-26T01:23:33.245+0000] {bigquery.py:1657} INFO - Table sixth-topic-349709.raw_data.country_capital created successfully
[2025-06-26T01:23:33.271+0000] {taskinstance.py:340} INFO - ::group::Post task execution logs
[2025-06-26T01:23:33.272+0000] {taskinstance.py:352} INFO - Marking task as SUCCESS. dag_id=country_capital_to_bigquery_operator, task_id=create_table, run_id=scheduled__2025-06-24T02:00:00+00:00, execution_date=20250624T020000, start_date=20250626T012332, end_date=20250626T012333
[2025-06-26T01:23:33.311+0000] {local_task_job_runner.py:266} INFO - Task exited with return code 0
[2025-06-26T01:23:33.331+0000] {taskinstance.py:3900} INFO - 1 downstream tasks scheduled from follow-on schedule check
[2025-06-26T01:23:33.332+0000] {local_task_job_runner.py:245} INFO - ::endgroup::
