[2025-06-27T02:57:23.435+0000] {local_task_job_runner.py:123} INFO - ::group::Pre task execution logs
[2025-06-27T02:57:23.521+0000] {taskinstance.py:2612} INFO - Dependencies all met for dep_context=non-requeueable deps ti=<TaskInstance: ga4_raw_data_elt_v1.0.create_partitioned_table_if_not_exists scheduled__2024-01-10T05:00:00+00:00 [queued]>
[2025-06-27T02:57:23.566+0000] {taskinstance.py:2612} INFO - Dependencies all met for dep_context=requeueable deps ti=<TaskInstance: ga4_raw_data_elt_v1.0.create_partitioned_table_if_not_exists scheduled__2024-01-10T05:00:00+00:00 [queued]>
[2025-06-27T02:57:23.568+0000] {taskinstance.py:2865} INFO - Starting attempt 1 of 1
[2025-06-27T02:57:23.629+0000] {taskinstance.py:2888} INFO - Executing <Task(BigQueryInsertJobOperator): create_partitioned_table_if_not_exists> on 2024-01-10 05:00:00+00:00
[2025-06-27T02:57:23.752+0000] {warnings.py:112} WARNING - /home/***/.local/lib/python3.12/site-packages/***/task/task_runner/standard_task_runner.py:70: DeprecationWarning: This process (pid=305) is multi-threaded, use of fork() may lead to deadlocks in the child.
  pid = os.fork()

[2025-06-27T02:57:23.795+0000] {standard_task_runner.py:72} INFO - Started process 346 to run task
[2025-06-27T02:57:23.777+0000] {standard_task_runner.py:104} INFO - Running: ['***', 'tasks', 'run', 'ga4_raw_data_elt_v1.0', 'create_partitioned_table_if_not_exists', 'scheduled__2024-01-10T05:00:00+00:00', '--job-id', '180', '--raw', '--subdir', 'DAGS_FOLDER/GA4_data_elt.py', '--cfg-path', '/tmp/tmpuwqe9r5f']
[2025-06-27T02:57:23.805+0000] {standard_task_runner.py:105} INFO - Job 180: Subtask create_partitioned_table_if_not_exists
[2025-06-27T02:57:24.116+0000] {task_command.py:467} INFO - Running <TaskInstance: ga4_raw_data_elt_v1.0.create_partitioned_table_if_not_exists scheduled__2024-01-10T05:00:00+00:00 [running]> on host ba60ab6371e3
[2025-06-27T02:57:24.449+0000] {taskinstance.py:3131} INFO - Exporting env vars: AIRFLOW_CTX_DAG_OWNER='***' AIRFLOW_CTX_DAG_ID='ga4_raw_data_elt_v1.0' AIRFLOW_CTX_TASK_ID='create_partitioned_table_if_not_exists' AIRFLOW_CTX_EXECUTION_DATE='2024-01-10T05:00:00+00:00' AIRFLOW_CTX_TRY_NUMBER='1' AIRFLOW_CTX_DAG_RUN_ID='scheduled__2024-01-10T05:00:00+00:00'
[2025-06-27T02:57:24.485+0000] {taskinstance.py:731} INFO - ::endgroup::
[2025-06-27T02:57:24.596+0000] {connection.py:277} WARNING - Connection schemes (type: google_cloud_platform) shall not contain '_' according to RFC3986.
[2025-06-27T02:57:24.624+0000] {base.py:84} INFO - Retrieving connection 'google_cloud_default'
[2025-06-27T02:57:24.735+0000] {bigquery.py:2957} INFO - Executing: {'query': {'query': '\n                    DECLARE dt STRING;\n                    DECLARE source_table_exists BOOL;\n\n                    SET dt = FORMAT_DATE(\'%Y%m%d\', DATE(\'2024-01-10\'));\n\n                    SET source_table_exists = (\n                    SELECT COUNT(*) > 0\n                    FROM `sixth-topic-349709.analytics_412203527.__TABLES__`\n                    WHERE table_id = FORMAT("events_%s", dt)\n                    );\n\n                    IF source_table_exists THEN\n                    EXECUTE IMMEDIATE FORMAT(\'\'\'\n                        CREATE TABLE IF NOT EXISTS `sixth-topic-349709.ga4_events.raw_data`\n                        PARTITION BY partition_date\n                        AS\n                        SELECT *, PARSE_DATE(\'%%Y%%m%%d\', event_date) AS partition_date\n                        FROM `sixth-topic-349709.analytics_412203527.events_%s`\n                        WHERE FALSE\n                    \'\'\', dt);\n                    END IF;\n                ', 'useLegacySql': False}}'
[2025-06-27T02:57:24.748+0000] {bigquery.py:1702} INFO - Inserting job ***_ga4_raw_data_elt_v1_0_create_partitioned_table_if_not_exists_2024_01_10T05_00_00_00_00_873eab6c45a120ebe536320150c5882d
[2025-06-27T02:57:27.160+0000] {taskinstance.py:340} INFO - ::group::Post task execution logs
[2025-06-27T02:57:27.169+0000] {taskinstance.py:352} INFO - Marking task as SUCCESS. dag_id=ga4_raw_data_elt_v1.0, task_id=create_partitioned_table_if_not_exists, run_id=scheduled__2024-01-10T05:00:00+00:00, execution_date=20240110T050000, start_date=20250627T025723, end_date=20250627T025727
[2025-06-27T02:57:27.241+0000] {local_task_job_runner.py:266} INFO - Task exited with return code 0
[2025-06-27T02:57:27.476+0000] {taskinstance.py:3900} INFO - 1 downstream tasks scheduled from follow-on schedule check
[2025-06-27T02:57:27.490+0000] {local_task_job_runner.py:245} INFO - ::endgroup::
