[2025-06-27T02:06:15.911+0000] {local_task_job_runner.py:123} INFO - ::group::Pre task execution logs
[2025-06-27T02:06:15.933+0000] {taskinstance.py:2612} INFO - Dependencies all met for dep_context=non-requeueable deps ti=<TaskInstance: ga4_raw_data_elt.create_partitioned_table_if_not_exists scheduled__2025-06-20T02:07:00+00:00 [queued]>
[2025-06-27T02:06:15.951+0000] {taskinstance.py:2612} INFO - Dependencies all met for dep_context=requeueable deps ti=<TaskInstance: ga4_raw_data_elt.create_partitioned_table_if_not_exists scheduled__2025-06-20T02:07:00+00:00 [queued]>
[2025-06-27T02:06:15.953+0000] {taskinstance.py:2865} INFO - Starting attempt 1 of 1
[2025-06-27T02:06:15.974+0000] {taskinstance.py:2888} INFO - Executing <Task(BigQueryInsertJobOperator): create_partitioned_table_if_not_exists> on 2025-06-20 02:07:00+00:00
[2025-06-27T02:06:15.994+0000] {warnings.py:112} WARNING - /home/***/.local/lib/python3.12/site-packages/***/task/task_runner/standard_task_runner.py:70: DeprecationWarning: This process (pid=108) is multi-threaded, use of fork() may lead to deadlocks in the child.
  pid = os.fork()

[2025-06-27T02:06:15.994+0000] {standard_task_runner.py:104} INFO - Running: ['***', 'tasks', 'run', 'ga4_raw_data_elt', 'create_partitioned_table_if_not_exists', 'scheduled__2025-06-20T02:07:00+00:00', '--job-id', '17', '--raw', '--subdir', 'DAGS_FOLDER/GA4_data_elt.py', '--cfg-path', '/tmp/tmp7ot46j9d']
[2025-06-27T02:06:15.998+0000] {standard_task_runner.py:105} INFO - Job 17: Subtask create_partitioned_table_if_not_exists
[2025-06-27T02:06:15.997+0000] {standard_task_runner.py:72} INFO - Started process 123 to run task
[2025-06-27T02:06:16.062+0000] {task_command.py:467} INFO - Running <TaskInstance: ga4_raw_data_elt.create_partitioned_table_if_not_exists scheduled__2025-06-20T02:07:00+00:00 [running]> on host 040d1cf847a3
[2025-06-27T02:06:16.133+0000] {taskinstance.py:3131} INFO - Exporting env vars: AIRFLOW_CTX_DAG_OWNER='***' AIRFLOW_CTX_DAG_ID='ga4_raw_data_elt' AIRFLOW_CTX_TASK_ID='create_partitioned_table_if_not_exists' AIRFLOW_CTX_EXECUTION_DATE='2025-06-20T02:07:00+00:00' AIRFLOW_CTX_TRY_NUMBER='1' AIRFLOW_CTX_DAG_RUN_ID='scheduled__2025-06-20T02:07:00+00:00'
[2025-06-27T02:06:16.134+0000] {taskinstance.py:731} INFO - ::endgroup::
[2025-06-27T02:06:16.148+0000] {connection.py:277} WARNING - Connection schemes (type: google_cloud_platform) shall not contain '_' according to RFC3986.
[2025-06-27T02:06:16.158+0000] {base.py:84} INFO - Retrieving connection 'google_cloud_default'
[2025-06-27T02:06:16.206+0000] {bigquery.py:2957} INFO - Executing: {'query': {'query': '\n                    DECLARE dt STRING;\n                    DECLARE source_table_exists BOOL;\n\n                    SET dt = FORMAT_DATE(\'%Y%m%d\', DATE_SUB(DATE(\'2025-06-20\'), INTERVAL 1 DAY));\n\n                    SET source_table_exists = (\n                    SELECT COUNT(*) > 0\n                    FROM `sixth-topic-349709.analytics_412203527.__TABLES__`\n                    WHERE table_id = FORMAT("events_%s", dt)\n                    );\n\n                    IF source_table_exists THEN\n                    EXECUTE IMMEDIATE FORMAT(\'\'\'\n                        CREATE TABLE IF NOT EXISTS `sixth-topic-349709.ga4_events.raw_data`\n                        PARTITION BY partition_date\n                        AS\n                        SELECT *, PARSE_DATE(\'%%Y%%m%%d\', event_date) AS partition_date\n                        FROM `sixth-topic-349709.analytics_412203527.events_%s`\n                        WHERE FALSE\n                    \'\'\', dt);\n                    END IF;\n                ', 'useLegacySql': False}}'
[2025-06-27T02:06:16.211+0000] {bigquery.py:1702} INFO - Inserting job ***_ga4_raw_data_elt_create_partitioned_table_if_not_exists_2025_06_20T02_07_00_00_00_0837f3aaf8ad9dc4997b0c2fa4c8146a
[2025-06-27T02:06:18.566+0000] {taskinstance.py:340} INFO - ::group::Post task execution logs
[2025-06-27T02:06:18.568+0000] {taskinstance.py:352} INFO - Marking task as SUCCESS. dag_id=ga4_raw_data_elt, task_id=create_partitioned_table_if_not_exists, run_id=scheduled__2025-06-20T02:07:00+00:00, execution_date=20250620T020700, start_date=20250627T020615, end_date=20250627T020618
[2025-06-27T02:06:18.621+0000] {local_task_job_runner.py:266} INFO - Task exited with return code 0
[2025-06-27T02:06:18.678+0000] {taskinstance.py:3900} INFO - 1 downstream tasks scheduled from follow-on schedule check
[2025-06-27T02:06:18.681+0000] {local_task_job_runner.py:245} INFO - ::endgroup::
[2025-06-27T02:17:54.139+0000] {local_task_job_runner.py:123} INFO - ::group::Pre task execution logs
[2025-06-27T02:17:54.156+0000] {taskinstance.py:2612} INFO - Dependencies all met for dep_context=non-requeueable deps ti=<TaskInstance: ga4_raw_data_elt.create_partitioned_table_if_not_exists scheduled__2025-06-20T02:07:00+00:00 [queued]>
[2025-06-27T02:17:54.165+0000] {taskinstance.py:2612} INFO - Dependencies all met for dep_context=requeueable deps ti=<TaskInstance: ga4_raw_data_elt.create_partitioned_table_if_not_exists scheduled__2025-06-20T02:07:00+00:00 [queued]>
[2025-06-27T02:17:54.166+0000] {taskinstance.py:2865} INFO - Starting attempt 1 of 1
[2025-06-27T02:17:54.192+0000] {taskinstance.py:2888} INFO - Executing <Task(BigQueryInsertJobOperator): create_partitioned_table_if_not_exists> on 2025-06-20 02:07:00+00:00
[2025-06-27T02:17:54.202+0000] {warnings.py:112} WARNING - /home/***/.local/lib/python3.12/site-packages/***/task/task_runner/standard_task_runner.py:70: DeprecationWarning: This process (pid=120) is multi-threaded, use of fork() may lead to deadlocks in the child.
  pid = os.fork()

[2025-06-27T02:17:54.205+0000] {standard_task_runner.py:72} INFO - Started process 140 to run task
[2025-06-27T02:17:54.209+0000] {standard_task_runner.py:104} INFO - Running: ['***', 'tasks', 'run', 'ga4_raw_data_elt', 'create_partitioned_table_if_not_exists', 'scheduled__2025-06-20T02:07:00+00:00', '--job-id', '24', '--raw', '--subdir', 'DAGS_FOLDER/GA4_data_elt.py', '--cfg-path', '/tmp/tmpmc6mb6rl']
[2025-06-27T02:17:54.222+0000] {standard_task_runner.py:105} INFO - Job 24: Subtask create_partitioned_table_if_not_exists
[2025-06-27T02:17:54.298+0000] {task_command.py:467} INFO - Running <TaskInstance: ga4_raw_data_elt.create_partitioned_table_if_not_exists scheduled__2025-06-20T02:07:00+00:00 [running]> on host ece8b7d95be1
[2025-06-27T02:17:54.379+0000] {taskinstance.py:3131} INFO - Exporting env vars: AIRFLOW_CTX_DAG_OWNER='***' AIRFLOW_CTX_DAG_ID='ga4_raw_data_elt' AIRFLOW_CTX_TASK_ID='create_partitioned_table_if_not_exists' AIRFLOW_CTX_EXECUTION_DATE='2025-06-20T02:07:00+00:00' AIRFLOW_CTX_TRY_NUMBER='1' AIRFLOW_CTX_DAG_RUN_ID='scheduled__2025-06-20T02:07:00+00:00'
[2025-06-27T02:17:54.384+0000] {taskinstance.py:731} INFO - ::endgroup::
[2025-06-27T02:17:54.406+0000] {connection.py:277} WARNING - Connection schemes (type: google_cloud_platform) shall not contain '_' according to RFC3986.
[2025-06-27T02:17:54.415+0000] {base.py:84} INFO - Retrieving connection 'google_cloud_default'
[2025-06-27T02:17:54.465+0000] {bigquery.py:2957} INFO - Executing: {'query': {'query': '\n                    DECLARE dt STRING;\n                    DECLARE source_table_exists BOOL;\n\n                    SET dt = FORMAT_DATE(\'%Y%m%d\', DATE_SUB(DATE(\'2025-06-20\')));\n\n                    SET source_table_exists = (\n                    SELECT COUNT(*) > 0\n                    FROM `sixth-topic-349709.analytics_412203527.__TABLES__`\n                    WHERE table_id = FORMAT("events_%s", dt)\n                    );\n\n                    IF source_table_exists THEN\n                    EXECUTE IMMEDIATE FORMAT(\'\'\'\n                        CREATE TABLE IF NOT EXISTS `sixth-topic-349709.ga4_events.raw_data`\n                        PARTITION BY partition_date\n                        AS\n                        SELECT *, PARSE_DATE(\'%%Y%%m%%d\', event_date) AS partition_date\n                        FROM `sixth-topic-349709.analytics_412203527.events_%s`\n                        WHERE FALSE\n                    \'\'\', dt);\n                    END IF;\n                ', 'useLegacySql': False}}'
[2025-06-27T02:17:54.467+0000] {bigquery.py:1702} INFO - Inserting job ***_ga4_raw_data_elt_create_partitioned_table_if_not_exists_2025_06_20T02_07_00_00_00_29a28cf017309a0cc9d1938dd343b9ba
[2025-06-27T02:17:55.713+0000] {taskinstance.py:3310} ERROR - Task failed with exception
Traceback (most recent call last):
  File "/home/airflow/.local/lib/python3.12/site-packages/airflow/models/taskinstance.py", line 767, in _execute_task
    result = _execute_callable(context=context, **execute_callable_kwargs)
             ^^^^^^^^^^^^^^^^^^^^^^^^^^^^^^^^^^^^^^^^^^^^^^^^^^^^^^^^^^^^^
  File "/home/airflow/.local/lib/python3.12/site-packages/airflow/models/taskinstance.py", line 733, in _execute_callable
    return ExecutionCallableRunner(
           ^^^^^^^^^^^^^^^^^^^^^^^^
  File "/home/airflow/.local/lib/python3.12/site-packages/airflow/utils/operator_helpers.py", line 252, in run
    return self.func(*args, **kwargs)
           ^^^^^^^^^^^^^^^^^^^^^^^^^^
  File "/home/airflow/.local/lib/python3.12/site-packages/airflow/models/baseoperator.py", line 406, in wrapper
    return func(self, *args, **kwargs)
           ^^^^^^^^^^^^^^^^^^^^^^^^^^^
  File "/home/airflow/.local/lib/python3.12/site-packages/airflow/providers/google/cloud/operators/bigquery.py", line 3023, in execute
    job.result(timeout=self.result_timeout, retry=self.result_retry)
  File "/home/airflow/.local/lib/python3.12/site-packages/google/cloud/bigquery/job/query.py", line 1590, in result
    do_get_result()
  File "/home/airflow/.local/lib/python3.12/site-packages/google/cloud/bigquery/job/query.py", line 1579, in do_get_result
    super(QueryJob, self).result(retry=retry, timeout=timeout)
  File "/home/airflow/.local/lib/python3.12/site-packages/google/cloud/bigquery/job/base.py", line 971, in result
    return super(_AsyncJob, self).result(timeout=timeout, **kwargs)
           ^^^^^^^^^^^^^^^^^^^^^^^^^^^^^^^^^^^^^^^^^^^^^^^^^^^^^^^^
  File "/home/airflow/.local/lib/python3.12/site-packages/google/api_core/future/polling.py", line 261, in result
    raise self._exception
google.api_core.exceptions.BadRequest: 400 Query error: No matching signature for function DATE_SUB for argument types: DATE
  Signature: DATE_SUB(DATE, INTERVAL INT64 DATE_TIME_PART)
    Signature requires at least 3 arguments, found 1 argument
  Signature: DATE_SUB(DATETIME, INTERVAL INT64 DATE_TIME_PART)
    Signature requires at least 3 arguments, found 1 argument
  Signature: DATE_SUB(TIMESTAMP, INTERVAL INT64 DATE_TIME_PART)
    Signature requires at least 3 arguments, found 1 argument at [1:45] at [5:30]

Location: US
Job ID: airflow_ga4_raw_data_elt_create_partitioned_table_if_not_exists_2025_06_20T02_07_00_00_00_29a28cf017309a0cc9d1938dd343b9ba

[2025-06-27T02:17:55.733+0000] {taskinstance.py:1225} INFO - Marking task as FAILED. dag_id=ga4_raw_data_elt, task_id=create_partitioned_table_if_not_exists, run_id=scheduled__2025-06-20T02:07:00+00:00, execution_date=20250620T020700, start_date=20250627T021754, end_date=20250627T021755
[2025-06-27T02:17:55.754+0000] {taskinstance.py:340} INFO - ::group::Post task execution logs
[2025-06-27T02:17:55.756+0000] {standard_task_runner.py:124} ERROR - Failed to execute job 24 for task create_partitioned_table_if_not_exists (400 Query error: No matching signature for function DATE_SUB for argument types: DATE
  Signature: DATE_SUB(DATE, INTERVAL INT64 DATE_TIME_PART)
    Signature requires at least 3 arguments, found 1 argument
  Signature: DATE_SUB(DATETIME, INTERVAL INT64 DATE_TIME_PART)
    Signature requires at least 3 arguments, found 1 argument
  Signature: DATE_SUB(TIMESTAMP, INTERVAL INT64 DATE_TIME_PART)
    Signature requires at least 3 arguments, found 1 argument at [1:45] at [5:30]

Location: US
Job ID: airflow_ga4_raw_data_elt_create_partitioned_table_if_not_exists_2025_06_20T02_07_00_00_00_29a28cf017309a0cc9d1938dd343b9ba
; 140)
Traceback (most recent call last):
  File "/home/airflow/.local/lib/python3.12/site-packages/airflow/task/task_runner/standard_task_runner.py", line 117, in _start_by_fork
    ret = args.func(args, dag=self.dag)
          ^^^^^^^^^^^^^^^^^^^^^^^^^^^^^
  File "/home/airflow/.local/lib/python3.12/site-packages/airflow/cli/cli_config.py", line 49, in command
    return func(*args, **kwargs)
           ^^^^^^^^^^^^^^^^^^^^^
  File "/home/airflow/.local/lib/python3.12/site-packages/airflow/utils/cli.py", line 115, in wrapper
    return f(*args, **kwargs)
           ^^^^^^^^^^^^^^^^^^
  File "/home/airflow/.local/lib/python3.12/site-packages/airflow/cli/commands/task_command.py", line 483, in task_run
    task_return_code = _run_task_by_selected_method(args, _dag, ti)
                       ^^^^^^^^^^^^^^^^^^^^^^^^^^^^^^^^^^^^^^^^^^^^
  File "/home/airflow/.local/lib/python3.12/site-packages/airflow/cli/commands/task_command.py", line 256, in _run_task_by_selected_method
    return _run_raw_task(args, ti)
           ^^^^^^^^^^^^^^^^^^^^^^^
  File "/home/airflow/.local/lib/python3.12/site-packages/airflow/cli/commands/task_command.py", line 341, in _run_raw_task
    return ti._run_raw_task(
           ^^^^^^^^^^^^^^^^^
  File "/home/airflow/.local/lib/python3.12/site-packages/airflow/utils/session.py", line 97, in wrapper
    return func(*args, session=session, **kwargs)
           ^^^^^^^^^^^^^^^^^^^^^^^^^^^^^^^^^^^^^^
  File "/home/airflow/.local/lib/python3.12/site-packages/airflow/models/taskinstance.py", line 3004, in _run_raw_task
    return _run_raw_task(
           ^^^^^^^^^^^^^^
  File "/home/airflow/.local/lib/python3.12/site-packages/airflow/models/taskinstance.py", line 273, in _run_raw_task
    TaskInstance._execute_task_with_callbacks(
  File "/home/airflow/.local/lib/python3.12/site-packages/airflow/models/taskinstance.py", line 3158, in _execute_task_with_callbacks
    result = self._execute_task(context, task_orig)
             ^^^^^^^^^^^^^^^^^^^^^^^^^^^^^^^^^^^^^^
  File "/home/airflow/.local/lib/python3.12/site-packages/airflow/models/taskinstance.py", line 3182, in _execute_task
    return _execute_task(self, context, task_orig)
           ^^^^^^^^^^^^^^^^^^^^^^^^^^^^^^^^^^^^^^^
  File "/home/airflow/.local/lib/python3.12/site-packages/airflow/models/taskinstance.py", line 767, in _execute_task
    result = _execute_callable(context=context, **execute_callable_kwargs)
             ^^^^^^^^^^^^^^^^^^^^^^^^^^^^^^^^^^^^^^^^^^^^^^^^^^^^^^^^^^^^^
  File "/home/airflow/.local/lib/python3.12/site-packages/airflow/models/taskinstance.py", line 733, in _execute_callable
    return ExecutionCallableRunner(
           ^^^^^^^^^^^^^^^^^^^^^^^^
  File "/home/airflow/.local/lib/python3.12/site-packages/airflow/utils/operator_helpers.py", line 252, in run
    return self.func(*args, **kwargs)
           ^^^^^^^^^^^^^^^^^^^^^^^^^^
  File "/home/airflow/.local/lib/python3.12/site-packages/airflow/models/baseoperator.py", line 406, in wrapper
    return func(self, *args, **kwargs)
           ^^^^^^^^^^^^^^^^^^^^^^^^^^^
  File "/home/airflow/.local/lib/python3.12/site-packages/airflow/providers/google/cloud/operators/bigquery.py", line 3023, in execute
    job.result(timeout=self.result_timeout, retry=self.result_retry)
  File "/home/airflow/.local/lib/python3.12/site-packages/google/cloud/bigquery/job/query.py", line 1590, in result
    do_get_result()
  File "/home/airflow/.local/lib/python3.12/site-packages/google/cloud/bigquery/job/query.py", line 1579, in do_get_result
    super(QueryJob, self).result(retry=retry, timeout=timeout)
  File "/home/airflow/.local/lib/python3.12/site-packages/google/cloud/bigquery/job/base.py", line 971, in result
    return super(_AsyncJob, self).result(timeout=timeout, **kwargs)
           ^^^^^^^^^^^^^^^^^^^^^^^^^^^^^^^^^^^^^^^^^^^^^^^^^^^^^^^^
  File "/home/airflow/.local/lib/python3.12/site-packages/google/api_core/future/polling.py", line 261, in result
    raise self._exception
google.api_core.exceptions.BadRequest: 400 Query error: No matching signature for function DATE_SUB for argument types: DATE
  Signature: DATE_SUB(DATE, INTERVAL INT64 DATE_TIME_PART)
    Signature requires at least 3 arguments, found 1 argument
  Signature: DATE_SUB(DATETIME, INTERVAL INT64 DATE_TIME_PART)
    Signature requires at least 3 arguments, found 1 argument
  Signature: DATE_SUB(TIMESTAMP, INTERVAL INT64 DATE_TIME_PART)
    Signature requires at least 3 arguments, found 1 argument at [1:45] at [5:30]

Location: US
Job ID: airflow_ga4_raw_data_elt_create_partitioned_table_if_not_exists_2025_06_20T02_07_00_00_00_29a28cf017309a0cc9d1938dd343b9ba

[2025-06-27T02:17:55.783+0000] {local_task_job_runner.py:266} INFO - Task exited with return code 1
[2025-06-27T02:17:55.837+0000] {taskinstance.py:3900} INFO - 0 downstream tasks scheduled from follow-on schedule check
[2025-06-27T02:17:55.845+0000] {local_task_job_runner.py:245} INFO - ::endgroup::
[2025-06-27T02:21:13.963+0000] {local_task_job_runner.py:123} INFO - ::group::Pre task execution logs
[2025-06-27T02:21:13.990+0000] {taskinstance.py:2612} INFO - Dependencies all met for dep_context=non-requeueable deps ti=<TaskInstance: ga4_raw_data_elt.create_partitioned_table_if_not_exists scheduled__2025-06-20T02:07:00+00:00 [queued]>
[2025-06-27T02:21:14.005+0000] {taskinstance.py:2612} INFO - Dependencies all met for dep_context=requeueable deps ti=<TaskInstance: ga4_raw_data_elt.create_partitioned_table_if_not_exists scheduled__2025-06-20T02:07:00+00:00 [queued]>
[2025-06-27T02:21:14.006+0000] {taskinstance.py:2865} INFO - Starting attempt 1 of 1
[2025-06-27T02:21:14.024+0000] {taskinstance.py:2888} INFO - Executing <Task(BigQueryInsertJobOperator): create_partitioned_table_if_not_exists> on 2025-06-20 02:07:00+00:00
[2025-06-27T02:21:14.042+0000] {warnings.py:112} WARNING - /home/***/.local/lib/python3.12/site-packages/***/task/task_runner/standard_task_runner.py:70: DeprecationWarning: This process (pid=118) is multi-threaded, use of fork() may lead to deadlocks in the child.
  pid = os.fork()

[2025-06-27T02:21:14.045+0000] {standard_task_runner.py:72} INFO - Started process 138 to run task
[2025-06-27T02:21:14.045+0000] {standard_task_runner.py:104} INFO - Running: ['***', 'tasks', 'run', 'ga4_raw_data_elt', 'create_partitioned_table_if_not_exists', 'scheduled__2025-06-20T02:07:00+00:00', '--job-id', '23', '--raw', '--subdir', 'DAGS_FOLDER/GA4_data_elt.py', '--cfg-path', '/tmp/tmpa3yc6uqq']
[2025-06-27T02:21:14.049+0000] {standard_task_runner.py:105} INFO - Job 23: Subtask create_partitioned_table_if_not_exists
[2025-06-27T02:21:14.191+0000] {task_command.py:467} INFO - Running <TaskInstance: ga4_raw_data_elt.create_partitioned_table_if_not_exists scheduled__2025-06-20T02:07:00+00:00 [running]> on host a6d750376b6f
[2025-06-27T02:21:14.440+0000] {taskinstance.py:3131} INFO - Exporting env vars: AIRFLOW_CTX_DAG_OWNER='***' AIRFLOW_CTX_DAG_ID='ga4_raw_data_elt' AIRFLOW_CTX_TASK_ID='create_partitioned_table_if_not_exists' AIRFLOW_CTX_EXECUTION_DATE='2025-06-20T02:07:00+00:00' AIRFLOW_CTX_TRY_NUMBER='1' AIRFLOW_CTX_DAG_RUN_ID='scheduled__2025-06-20T02:07:00+00:00'
[2025-06-27T02:21:14.448+0000] {taskinstance.py:731} INFO - ::endgroup::
[2025-06-27T02:21:14.472+0000] {connection.py:277} WARNING - Connection schemes (type: google_cloud_platform) shall not contain '_' according to RFC3986.
[2025-06-27T02:21:14.485+0000] {base.py:84} INFO - Retrieving connection 'google_cloud_default'
[2025-06-27T02:21:14.527+0000] {bigquery.py:2957} INFO - Executing: {'query': {'query': '\n                    DECLARE dt STRING;\n                    DECLARE source_table_exists BOOL;\n\n                    SET dt = FORMAT_DATE(\'%Y%m%d\', DATE(\'2025-06-20\'));\n\n                    SET source_table_exists = (\n                    SELECT COUNT(*) > 0\n                    FROM `sixth-topic-349709.analytics_412203527.__TABLES__`\n                    WHERE table_id = FORMAT("events_%s", dt)\n                    );\n\n                    IF source_table_exists THEN\n                    EXECUTE IMMEDIATE FORMAT(\'\'\'\n                        CREATE TABLE IF NOT EXISTS `sixth-topic-349709.ga4_events.raw_data`\n                        PARTITION BY partition_date\n                        AS\n                        SELECT *, PARSE_DATE(\'%%Y%%m%%d\', event_date) AS partition_date\n                        FROM `sixth-topic-349709.analytics_412203527.events_%s`\n                        WHERE FALSE\n                    \'\'\', dt);\n                    END IF;\n                ', 'useLegacySql': False}}'
[2025-06-27T02:21:14.530+0000] {bigquery.py:1702} INFO - Inserting job ***_ga4_raw_data_elt_create_partitioned_table_if_not_exists_2025_06_20T02_07_00_00_00_acf7ffd600e43df43ace9e27b587f210
[2025-06-27T02:21:17.198+0000] {taskinstance.py:340} INFO - ::group::Post task execution logs
[2025-06-27T02:21:17.204+0000] {taskinstance.py:352} INFO - Marking task as SUCCESS. dag_id=ga4_raw_data_elt, task_id=create_partitioned_table_if_not_exists, run_id=scheduled__2025-06-20T02:07:00+00:00, execution_date=20250620T020700, start_date=20250627T022113, end_date=20250627T022117
[2025-06-27T02:21:17.282+0000] {local_task_job_runner.py:266} INFO - Task exited with return code 0
[2025-06-27T02:21:17.400+0000] {taskinstance.py:3900} INFO - 1 downstream tasks scheduled from follow-on schedule check
[2025-06-27T02:21:17.403+0000] {local_task_job_runner.py:245} INFO - ::endgroup::
[2025-06-27T02:34:57.504+0000] {local_task_job_runner.py:123} INFO - ::group::Pre task execution logs
[2025-06-27T02:34:57.537+0000] {taskinstance.py:2612} INFO - Dependencies all met for dep_context=non-requeueable deps ti=<TaskInstance: ga4_raw_data_elt.create_partitioned_table_if_not_exists scheduled__2025-06-20T02:07:00+00:00 [queued]>
[2025-06-27T02:34:57.553+0000] {taskinstance.py:2612} INFO - Dependencies all met for dep_context=requeueable deps ti=<TaskInstance: ga4_raw_data_elt.create_partitioned_table_if_not_exists scheduled__2025-06-20T02:07:00+00:00 [queued]>
[2025-06-27T02:34:57.556+0000] {taskinstance.py:2865} INFO - Starting attempt 1 of 1
[2025-06-27T02:34:57.582+0000] {taskinstance.py:2888} INFO - Executing <Task(BigQueryInsertJobOperator): create_partitioned_table_if_not_exists> on 2025-06-20 02:07:00+00:00
[2025-06-27T02:34:57.597+0000] {warnings.py:112} WARNING - /home/***/.local/lib/python3.12/site-packages/***/task/task_runner/standard_task_runner.py:70: DeprecationWarning: This process (pid=115) is multi-threaded, use of fork() may lead to deadlocks in the child.
  pid = os.fork()

[2025-06-27T02:34:57.599+0000] {standard_task_runner.py:72} INFO - Started process 133 to run task
[2025-06-27T02:34:57.599+0000] {standard_task_runner.py:104} INFO - Running: ['***', 'tasks', 'run', 'ga4_raw_data_elt', 'create_partitioned_table_if_not_exists', 'scheduled__2025-06-20T02:07:00+00:00', '--job-id', '20', '--raw', '--subdir', 'DAGS_FOLDER/GA4_data_elt.py', '--cfg-path', '/tmp/tmp32zr1cm_']
[2025-06-27T02:34:57.602+0000] {standard_task_runner.py:105} INFO - Job 20: Subtask create_partitioned_table_if_not_exists
[2025-06-27T02:34:57.719+0000] {task_command.py:467} INFO - Running <TaskInstance: ga4_raw_data_elt.create_partitioned_table_if_not_exists scheduled__2025-06-20T02:07:00+00:00 [running]> on host ba60ab6371e3
[2025-06-27T02:34:57.828+0000] {taskinstance.py:3131} INFO - Exporting env vars: AIRFLOW_CTX_DAG_OWNER='***' AIRFLOW_CTX_DAG_ID='ga4_raw_data_elt' AIRFLOW_CTX_TASK_ID='create_partitioned_table_if_not_exists' AIRFLOW_CTX_EXECUTION_DATE='2025-06-20T02:07:00+00:00' AIRFLOW_CTX_TRY_NUMBER='1' AIRFLOW_CTX_DAG_RUN_ID='scheduled__2025-06-20T02:07:00+00:00'
[2025-06-27T02:34:57.833+0000] {taskinstance.py:731} INFO - ::endgroup::
[2025-06-27T02:34:57.978+0000] {connection.py:277} WARNING - Connection schemes (type: google_cloud_platform) shall not contain '_' according to RFC3986.
[2025-06-27T02:34:58.023+0000] {base.py:84} INFO - Retrieving connection 'google_cloud_default'
[2025-06-27T02:34:58.116+0000] {bigquery.py:2957} INFO - Executing: {'query': {'query': '\n                    DECLARE dt STRING;\n                    DECLARE source_table_exists BOOL;\n\n                    SET dt = FORMAT_DATE(\'%Y%m%d\', DATE(\'2025-06-20\'));\n\n                    SET source_table_exists = (\n                    SELECT COUNT(*) > 0\n                    FROM `sixth-topic-349709.analytics_412203527.__TABLES__`\n                    WHERE table_id = FORMAT("events_%s", dt)\n                    );\n\n                    IF source_table_exists THEN\n                    EXECUTE IMMEDIATE FORMAT(\'\'\'\n                        CREATE TABLE IF NOT EXISTS `sixth-topic-349709.analytics_412203527.raw_data`\n                        PARTITION BY partition_date\n                        AS\n                        SELECT *, PARSE_DATE(\'%%Y%%m%%d\', event_date) AS partition_date\n                        FROM `sixth-topic-349709.analytics_412203527.events_%s`\n                        WHERE FALSE\n                    \'\'\', dt);\n                    END IF;\n                ', 'useLegacySql': False}}'
[2025-06-27T02:34:58.147+0000] {bigquery.py:1702} INFO - Inserting job ***_ga4_raw_data_elt_create_partitioned_table_if_not_exists_2025_06_20T02_07_00_00_00_661181198e89e3b754450d97ebce8483
[2025-06-27T02:35:02.192+0000] {taskinstance.py:340} INFO - ::group::Post task execution logs
[2025-06-27T02:35:02.194+0000] {taskinstance.py:352} INFO - Marking task as SUCCESS. dag_id=ga4_raw_data_elt, task_id=create_partitioned_table_if_not_exists, run_id=scheduled__2025-06-20T02:07:00+00:00, execution_date=20250620T020700, start_date=20250627T023457, end_date=20250627T023502
[2025-06-27T02:35:02.257+0000] {local_task_job_runner.py:266} INFO - Task exited with return code 0
[2025-06-27T02:35:02.314+0000] {taskinstance.py:3900} INFO - 1 downstream tasks scheduled from follow-on schedule check
[2025-06-27T02:35:02.315+0000] {local_task_job_runner.py:245} INFO - ::endgroup::
