[2025-06-27T02:06:16.125+0000] {local_task_job_runner.py:123} INFO - ::group::Pre task execution logs
[2025-06-27T02:06:16.141+0000] {taskinstance.py:2612} INFO - Dependencies all met for dep_context=non-requeueable deps ti=<TaskInstance: ga4_raw_data_elt.create_partitioned_table_if_not_exists scheduled__2025-06-23T02:07:00+00:00 [queued]>
[2025-06-27T02:06:16.147+0000] {taskinstance.py:2612} INFO - Dependencies all met for dep_context=requeueable deps ti=<TaskInstance: ga4_raw_data_elt.create_partitioned_table_if_not_exists scheduled__2025-06-23T02:07:00+00:00 [queued]>
[2025-06-27T02:06:16.148+0000] {taskinstance.py:2865} INFO - Starting attempt 1 of 1
[2025-06-27T02:06:16.158+0000] {taskinstance.py:2888} INFO - Executing <Task(BigQueryInsertJobOperator): create_partitioned_table_if_not_exists> on 2025-06-23 02:07:00+00:00
[2025-06-27T02:06:16.163+0000] {warnings.py:112} WARNING - /home/***/.local/lib/python3.12/site-packages/***/task/task_runner/standard_task_runner.py:70: DeprecationWarning: This process (pid=117) is multi-threaded, use of fork() may lead to deadlocks in the child.
  pid = os.fork()

[2025-06-27T02:06:16.165+0000] {standard_task_runner.py:72} INFO - Started process 132 to run task
[2025-06-27T02:06:16.165+0000] {standard_task_runner.py:104} INFO - Running: ['***', 'tasks', 'run', 'ga4_raw_data_elt', 'create_partitioned_table_if_not_exists', 'scheduled__2025-06-23T02:07:00+00:00', '--job-id', '23', '--raw', '--subdir', 'DAGS_FOLDER/GA4_data_elt.py', '--cfg-path', '/tmp/tmpdnycreas']
[2025-06-27T02:06:16.168+0000] {standard_task_runner.py:105} INFO - Job 23: Subtask create_partitioned_table_if_not_exists
[2025-06-27T02:06:16.243+0000] {task_command.py:467} INFO - Running <TaskInstance: ga4_raw_data_elt.create_partitioned_table_if_not_exists scheduled__2025-06-23T02:07:00+00:00 [running]> on host 040d1cf847a3
[2025-06-27T02:06:16.300+0000] {taskinstance.py:3131} INFO - Exporting env vars: AIRFLOW_CTX_DAG_OWNER='***' AIRFLOW_CTX_DAG_ID='ga4_raw_data_elt' AIRFLOW_CTX_TASK_ID='create_partitioned_table_if_not_exists' AIRFLOW_CTX_EXECUTION_DATE='2025-06-23T02:07:00+00:00' AIRFLOW_CTX_TRY_NUMBER='1' AIRFLOW_CTX_DAG_RUN_ID='scheduled__2025-06-23T02:07:00+00:00'
[2025-06-27T02:06:16.302+0000] {taskinstance.py:731} INFO - ::endgroup::
[2025-06-27T02:06:16.310+0000] {connection.py:277} WARNING - Connection schemes (type: google_cloud_platform) shall not contain '_' according to RFC3986.
[2025-06-27T02:06:16.317+0000] {base.py:84} INFO - Retrieving connection 'google_cloud_default'
[2025-06-27T02:06:16.355+0000] {bigquery.py:2957} INFO - Executing: {'query': {'query': '\n                    DECLARE dt STRING;\n                    DECLARE source_table_exists BOOL;\n\n                    SET dt = FORMAT_DATE(\'%Y%m%d\', DATE_SUB(DATE(\'2025-06-23\'), INTERVAL 1 DAY));\n\n                    SET source_table_exists = (\n                    SELECT COUNT(*) > 0\n                    FROM `sixth-topic-349709.analytics_412203527.__TABLES__`\n                    WHERE table_id = FORMAT("events_%s", dt)\n                    );\n\n                    IF source_table_exists THEN\n                    EXECUTE IMMEDIATE FORMAT(\'\'\'\n                        CREATE TABLE IF NOT EXISTS `sixth-topic-349709.ga4_events.raw_data`\n                        PARTITION BY partition_date\n                        AS\n                        SELECT *, PARSE_DATE(\'%%Y%%m%%d\', event_date) AS partition_date\n                        FROM `sixth-topic-349709.analytics_412203527.events_%s`\n                        WHERE FALSE\n                    \'\'\', dt);\n                    END IF;\n                ', 'useLegacySql': False}}'
[2025-06-27T02:06:16.360+0000] {bigquery.py:1702} INFO - Inserting job ***_ga4_raw_data_elt_create_partitioned_table_if_not_exists_2025_06_23T02_07_00_00_00_b08e7cc9618d35f957524ec620e482b2
[2025-06-27T02:06:18.605+0000] {taskinstance.py:340} INFO - ::group::Post task execution logs
[2025-06-27T02:06:18.607+0000] {taskinstance.py:352} INFO - Marking task as SUCCESS. dag_id=ga4_raw_data_elt, task_id=create_partitioned_table_if_not_exists, run_id=scheduled__2025-06-23T02:07:00+00:00, execution_date=20250623T020700, start_date=20250627T020616, end_date=20250627T020618
[2025-06-27T02:06:18.661+0000] {local_task_job_runner.py:266} INFO - Task exited with return code 0
[2025-06-27T02:06:18.705+0000] {taskinstance.py:3900} INFO - 1 downstream tasks scheduled from follow-on schedule check
[2025-06-27T02:06:18.707+0000] {local_task_job_runner.py:245} INFO - ::endgroup::
[2025-06-27T02:17:54.119+0000] {local_task_job_runner.py:123} INFO - ::group::Pre task execution logs
[2025-06-27T02:17:54.140+0000] {taskinstance.py:2612} INFO - Dependencies all met for dep_context=non-requeueable deps ti=<TaskInstance: ga4_raw_data_elt.create_partitioned_table_if_not_exists scheduled__2025-06-23T02:07:00+00:00 [queued]>
[2025-06-27T02:17:54.148+0000] {taskinstance.py:2612} INFO - Dependencies all met for dep_context=requeueable deps ti=<TaskInstance: ga4_raw_data_elt.create_partitioned_table_if_not_exists scheduled__2025-06-23T02:07:00+00:00 [queued]>
[2025-06-27T02:17:54.148+0000] {taskinstance.py:2865} INFO - Starting attempt 1 of 1
[2025-06-27T02:17:54.163+0000] {taskinstance.py:2888} INFO - Executing <Task(BigQueryInsertJobOperator): create_partitioned_table_if_not_exists> on 2025-06-23 02:07:00+00:00
[2025-06-27T02:17:54.188+0000] {warnings.py:112} WARNING - /home/***/.local/lib/python3.12/site-packages/***/task/task_runner/standard_task_runner.py:70: DeprecationWarning: This process (pid=116) is multi-threaded, use of fork() may lead to deadlocks in the child.
  pid = os.fork()

[2025-06-27T02:17:54.191+0000] {standard_task_runner.py:72} INFO - Started process 134 to run task
[2025-06-27T02:17:54.194+0000] {standard_task_runner.py:104} INFO - Running: ['***', 'tasks', 'run', 'ga4_raw_data_elt', 'create_partitioned_table_if_not_exists', 'scheduled__2025-06-23T02:07:00+00:00', '--job-id', '21', '--raw', '--subdir', 'DAGS_FOLDER/GA4_data_elt.py', '--cfg-path', '/tmp/tmpucp5nx96']
[2025-06-27T02:17:54.205+0000] {standard_task_runner.py:105} INFO - Job 21: Subtask create_partitioned_table_if_not_exists
[2025-06-27T02:17:54.280+0000] {task_command.py:467} INFO - Running <TaskInstance: ga4_raw_data_elt.create_partitioned_table_if_not_exists scheduled__2025-06-23T02:07:00+00:00 [running]> on host ece8b7d95be1
[2025-06-27T02:17:54.357+0000] {taskinstance.py:3131} INFO - Exporting env vars: AIRFLOW_CTX_DAG_OWNER='***' AIRFLOW_CTX_DAG_ID='ga4_raw_data_elt' AIRFLOW_CTX_TASK_ID='create_partitioned_table_if_not_exists' AIRFLOW_CTX_EXECUTION_DATE='2025-06-23T02:07:00+00:00' AIRFLOW_CTX_TRY_NUMBER='1' AIRFLOW_CTX_DAG_RUN_ID='scheduled__2025-06-23T02:07:00+00:00'
[2025-06-27T02:17:54.361+0000] {taskinstance.py:731} INFO - ::endgroup::
[2025-06-27T02:17:54.374+0000] {connection.py:277} WARNING - Connection schemes (type: google_cloud_platform) shall not contain '_' according to RFC3986.
[2025-06-27T02:17:54.390+0000] {base.py:84} INFO - Retrieving connection 'google_cloud_default'
[2025-06-27T02:17:54.437+0000] {bigquery.py:2957} INFO - Executing: {'query': {'query': '\n                    DECLARE dt STRING;\n                    DECLARE source_table_exists BOOL;\n\n                    SET dt = FORMAT_DATE(\'%Y%m%d\', DATE_SUB(DATE(\'2025-06-23\')));\n\n                    SET source_table_exists = (\n                    SELECT COUNT(*) > 0\n                    FROM `sixth-topic-349709.analytics_412203527.__TABLES__`\n                    WHERE table_id = FORMAT("events_%s", dt)\n                    );\n\n                    IF source_table_exists THEN\n                    EXECUTE IMMEDIATE FORMAT(\'\'\'\n                        CREATE TABLE IF NOT EXISTS `sixth-topic-349709.ga4_events.raw_data`\n                        PARTITION BY partition_date\n                        AS\n                        SELECT *, PARSE_DATE(\'%%Y%%m%%d\', event_date) AS partition_date\n                        FROM `sixth-topic-349709.analytics_412203527.events_%s`\n                        WHERE FALSE\n                    \'\'\', dt);\n                    END IF;\n                ', 'useLegacySql': False}}'
[2025-06-27T02:17:54.439+0000] {bigquery.py:1702} INFO - Inserting job ***_ga4_raw_data_elt_create_partitioned_table_if_not_exists_2025_06_23T02_07_00_00_00_d7f48c4d0487510aa558ff45702d84d7
[2025-06-27T02:17:55.730+0000] {taskinstance.py:3310} ERROR - Task failed with exception
Traceback (most recent call last):
  File "/home/airflow/.local/lib/python3.12/site-packages/airflow/models/taskinstance.py", line 767, in _execute_task
    result = _execute_callable(context=context, **execute_callable_kwargs)
             ^^^^^^^^^^^^^^^^^^^^^^^^^^^^^^^^^^^^^^^^^^^^^^^^^^^^^^^^^^^^^
  File "/home/airflow/.local/lib/python3.12/site-packages/airflow/models/taskinstance.py", line 733, in _execute_callable
    return ExecutionCallableRunner(
           ^^^^^^^^^^^^^^^^^^^^^^^^
  File "/home/airflow/.local/lib/python3.12/site-packages/airflow/utils/operator_helpers.py", line 252, in run
    return self.func(*args, **kwargs)
           ^^^^^^^^^^^^^^^^^^^^^^^^^^
  File "/home/airflow/.local/lib/python3.12/site-packages/airflow/models/baseoperator.py", line 406, in wrapper
    return func(self, *args, **kwargs)
           ^^^^^^^^^^^^^^^^^^^^^^^^^^^
  File "/home/airflow/.local/lib/python3.12/site-packages/airflow/providers/google/cloud/operators/bigquery.py", line 3023, in execute
    job.result(timeout=self.result_timeout, retry=self.result_retry)
  File "/home/airflow/.local/lib/python3.12/site-packages/google/cloud/bigquery/job/query.py", line 1590, in result
    do_get_result()
  File "/home/airflow/.local/lib/python3.12/site-packages/google/cloud/bigquery/job/query.py", line 1579, in do_get_result
    super(QueryJob, self).result(retry=retry, timeout=timeout)
  File "/home/airflow/.local/lib/python3.12/site-packages/google/cloud/bigquery/job/base.py", line 971, in result
    return super(_AsyncJob, self).result(timeout=timeout, **kwargs)
           ^^^^^^^^^^^^^^^^^^^^^^^^^^^^^^^^^^^^^^^^^^^^^^^^^^^^^^^^
  File "/home/airflow/.local/lib/python3.12/site-packages/google/api_core/future/polling.py", line 261, in result
    raise self._exception
google.api_core.exceptions.BadRequest: 400 Query error: No matching signature for function DATE_SUB for argument types: DATE
  Signature: DATE_SUB(DATE, INTERVAL INT64 DATE_TIME_PART)
    Signature requires at least 3 arguments, found 1 argument
  Signature: DATE_SUB(DATETIME, INTERVAL INT64 DATE_TIME_PART)
    Signature requires at least 3 arguments, found 1 argument
  Signature: DATE_SUB(TIMESTAMP, INTERVAL INT64 DATE_TIME_PART)
    Signature requires at least 3 arguments, found 1 argument at [1:45] at [5:30]

Location: US
Job ID: airflow_ga4_raw_data_elt_create_partitioned_table_if_not_exists_2025_06_23T02_07_00_00_00_d7f48c4d0487510aa558ff45702d84d7

[2025-06-27T02:17:55.751+0000] {taskinstance.py:1225} INFO - Marking task as FAILED. dag_id=ga4_raw_data_elt, task_id=create_partitioned_table_if_not_exists, run_id=scheduled__2025-06-23T02:07:00+00:00, execution_date=20250623T020700, start_date=20250627T021754, end_date=20250627T021755
[2025-06-27T02:17:55.771+0000] {taskinstance.py:340} INFO - ::group::Post task execution logs
[2025-06-27T02:17:55.772+0000] {standard_task_runner.py:124} ERROR - Failed to execute job 21 for task create_partitioned_table_if_not_exists (400 Query error: No matching signature for function DATE_SUB for argument types: DATE
  Signature: DATE_SUB(DATE, INTERVAL INT64 DATE_TIME_PART)
    Signature requires at least 3 arguments, found 1 argument
  Signature: DATE_SUB(DATETIME, INTERVAL INT64 DATE_TIME_PART)
    Signature requires at least 3 arguments, found 1 argument
  Signature: DATE_SUB(TIMESTAMP, INTERVAL INT64 DATE_TIME_PART)
    Signature requires at least 3 arguments, found 1 argument at [1:45] at [5:30]

Location: US
Job ID: airflow_ga4_raw_data_elt_create_partitioned_table_if_not_exists_2025_06_23T02_07_00_00_00_d7f48c4d0487510aa558ff45702d84d7
; 134)
Traceback (most recent call last):
  File "/home/airflow/.local/lib/python3.12/site-packages/airflow/task/task_runner/standard_task_runner.py", line 117, in _start_by_fork
    ret = args.func(args, dag=self.dag)
          ^^^^^^^^^^^^^^^^^^^^^^^^^^^^^
  File "/home/airflow/.local/lib/python3.12/site-packages/airflow/cli/cli_config.py", line 49, in command
    return func(*args, **kwargs)
           ^^^^^^^^^^^^^^^^^^^^^
  File "/home/airflow/.local/lib/python3.12/site-packages/airflow/utils/cli.py", line 115, in wrapper
    return f(*args, **kwargs)
           ^^^^^^^^^^^^^^^^^^
  File "/home/airflow/.local/lib/python3.12/site-packages/airflow/cli/commands/task_command.py", line 483, in task_run
    task_return_code = _run_task_by_selected_method(args, _dag, ti)
                       ^^^^^^^^^^^^^^^^^^^^^^^^^^^^^^^^^^^^^^^^^^^^
  File "/home/airflow/.local/lib/python3.12/site-packages/airflow/cli/commands/task_command.py", line 256, in _run_task_by_selected_method
    return _run_raw_task(args, ti)
           ^^^^^^^^^^^^^^^^^^^^^^^
  File "/home/airflow/.local/lib/python3.12/site-packages/airflow/cli/commands/task_command.py", line 341, in _run_raw_task
    return ti._run_raw_task(
           ^^^^^^^^^^^^^^^^^
  File "/home/airflow/.local/lib/python3.12/site-packages/airflow/utils/session.py", line 97, in wrapper
    return func(*args, session=session, **kwargs)
           ^^^^^^^^^^^^^^^^^^^^^^^^^^^^^^^^^^^^^^
  File "/home/airflow/.local/lib/python3.12/site-packages/airflow/models/taskinstance.py", line 3004, in _run_raw_task
    return _run_raw_task(
           ^^^^^^^^^^^^^^
  File "/home/airflow/.local/lib/python3.12/site-packages/airflow/models/taskinstance.py", line 273, in _run_raw_task
    TaskInstance._execute_task_with_callbacks(
  File "/home/airflow/.local/lib/python3.12/site-packages/airflow/models/taskinstance.py", line 3158, in _execute_task_with_callbacks
    result = self._execute_task(context, task_orig)
             ^^^^^^^^^^^^^^^^^^^^^^^^^^^^^^^^^^^^^^
  File "/home/airflow/.local/lib/python3.12/site-packages/airflow/models/taskinstance.py", line 3182, in _execute_task
    return _execute_task(self, context, task_orig)
           ^^^^^^^^^^^^^^^^^^^^^^^^^^^^^^^^^^^^^^^
  File "/home/airflow/.local/lib/python3.12/site-packages/airflow/models/taskinstance.py", line 767, in _execute_task
    result = _execute_callable(context=context, **execute_callable_kwargs)
             ^^^^^^^^^^^^^^^^^^^^^^^^^^^^^^^^^^^^^^^^^^^^^^^^^^^^^^^^^^^^^
  File "/home/airflow/.local/lib/python3.12/site-packages/airflow/models/taskinstance.py", line 733, in _execute_callable
    return ExecutionCallableRunner(
           ^^^^^^^^^^^^^^^^^^^^^^^^
  File "/home/airflow/.local/lib/python3.12/site-packages/airflow/utils/operator_helpers.py", line 252, in run
    return self.func(*args, **kwargs)
           ^^^^^^^^^^^^^^^^^^^^^^^^^^
  File "/home/airflow/.local/lib/python3.12/site-packages/airflow/models/baseoperator.py", line 406, in wrapper
    return func(self, *args, **kwargs)
           ^^^^^^^^^^^^^^^^^^^^^^^^^^^
  File "/home/airflow/.local/lib/python3.12/site-packages/airflow/providers/google/cloud/operators/bigquery.py", line 3023, in execute
    job.result(timeout=self.result_timeout, retry=self.result_retry)
  File "/home/airflow/.local/lib/python3.12/site-packages/google/cloud/bigquery/job/query.py", line 1590, in result
    do_get_result()
  File "/home/airflow/.local/lib/python3.12/site-packages/google/cloud/bigquery/job/query.py", line 1579, in do_get_result
    super(QueryJob, self).result(retry=retry, timeout=timeout)
  File "/home/airflow/.local/lib/python3.12/site-packages/google/cloud/bigquery/job/base.py", line 971, in result
    return super(_AsyncJob, self).result(timeout=timeout, **kwargs)
           ^^^^^^^^^^^^^^^^^^^^^^^^^^^^^^^^^^^^^^^^^^^^^^^^^^^^^^^^
  File "/home/airflow/.local/lib/python3.12/site-packages/google/api_core/future/polling.py", line 261, in result
    raise self._exception
google.api_core.exceptions.BadRequest: 400 Query error: No matching signature for function DATE_SUB for argument types: DATE
  Signature: DATE_SUB(DATE, INTERVAL INT64 DATE_TIME_PART)
    Signature requires at least 3 arguments, found 1 argument
  Signature: DATE_SUB(DATETIME, INTERVAL INT64 DATE_TIME_PART)
    Signature requires at least 3 arguments, found 1 argument
  Signature: DATE_SUB(TIMESTAMP, INTERVAL INT64 DATE_TIME_PART)
    Signature requires at least 3 arguments, found 1 argument at [1:45] at [5:30]

Location: US
Job ID: airflow_ga4_raw_data_elt_create_partitioned_table_if_not_exists_2025_06_23T02_07_00_00_00_d7f48c4d0487510aa558ff45702d84d7

[2025-06-27T02:17:55.795+0000] {local_task_job_runner.py:266} INFO - Task exited with return code 1
[2025-06-27T02:17:55.845+0000] {taskinstance.py:3900} INFO - 0 downstream tasks scheduled from follow-on schedule check
[2025-06-27T02:17:55.851+0000] {local_task_job_runner.py:245} INFO - ::endgroup::
[2025-06-27T02:21:14.135+0000] {local_task_job_runner.py:123} INFO - ::group::Pre task execution logs
[2025-06-27T02:21:14.170+0000] {taskinstance.py:2612} INFO - Dependencies all met for dep_context=non-requeueable deps ti=<TaskInstance: ga4_raw_data_elt.create_partitioned_table_if_not_exists scheduled__2025-06-23T02:07:00+00:00 [queued]>
[2025-06-27T02:21:14.184+0000] {taskinstance.py:2612} INFO - Dependencies all met for dep_context=requeueable deps ti=<TaskInstance: ga4_raw_data_elt.create_partitioned_table_if_not_exists scheduled__2025-06-23T02:07:00+00:00 [queued]>
[2025-06-27T02:21:14.186+0000] {taskinstance.py:2865} INFO - Starting attempt 1 of 1
[2025-06-27T02:21:14.214+0000] {taskinstance.py:2888} INFO - Executing <Task(BigQueryInsertJobOperator): create_partitioned_table_if_not_exists> on 2025-06-23 02:07:00+00:00
[2025-06-27T02:21:14.237+0000] {warnings.py:112} WARNING - /home/***/.local/lib/python3.12/site-packages/***/task/task_runner/standard_task_runner.py:70: DeprecationWarning: This process (pid=124) is multi-threaded, use of fork() may lead to deadlocks in the child.
  pid = os.fork()

[2025-06-27T02:21:14.266+0000] {standard_task_runner.py:72} INFO - Started process 140 to run task
[2025-06-27T02:21:14.278+0000] {standard_task_runner.py:104} INFO - Running: ['***', 'tasks', 'run', 'ga4_raw_data_elt', 'create_partitioned_table_if_not_exists', 'scheduled__2025-06-23T02:07:00+00:00', '--job-id', '24', '--raw', '--subdir', 'DAGS_FOLDER/GA4_data_elt.py', '--cfg-path', '/tmp/tmp8kg2w7y4']
[2025-06-27T02:21:14.293+0000] {standard_task_runner.py:105} INFO - Job 24: Subtask create_partitioned_table_if_not_exists
[2025-06-27T02:21:14.445+0000] {task_command.py:467} INFO - Running <TaskInstance: ga4_raw_data_elt.create_partitioned_table_if_not_exists scheduled__2025-06-23T02:07:00+00:00 [running]> on host a6d750376b6f
[2025-06-27T02:21:14.525+0000] {taskinstance.py:3131} INFO - Exporting env vars: AIRFLOW_CTX_DAG_OWNER='***' AIRFLOW_CTX_DAG_ID='ga4_raw_data_elt' AIRFLOW_CTX_TASK_ID='create_partitioned_table_if_not_exists' AIRFLOW_CTX_EXECUTION_DATE='2025-06-23T02:07:00+00:00' AIRFLOW_CTX_TRY_NUMBER='1' AIRFLOW_CTX_DAG_RUN_ID='scheduled__2025-06-23T02:07:00+00:00'
[2025-06-27T02:21:14.528+0000] {taskinstance.py:731} INFO - ::endgroup::
[2025-06-27T02:21:14.539+0000] {connection.py:277} WARNING - Connection schemes (type: google_cloud_platform) shall not contain '_' according to RFC3986.
[2025-06-27T02:21:14.547+0000] {base.py:84} INFO - Retrieving connection 'google_cloud_default'
[2025-06-27T02:21:14.592+0000] {bigquery.py:2957} INFO - Executing: {'query': {'query': '\n                    DECLARE dt STRING;\n                    DECLARE source_table_exists BOOL;\n\n                    SET dt = FORMAT_DATE(\'%Y%m%d\', DATE(\'2025-06-23\'));\n\n                    SET source_table_exists = (\n                    SELECT COUNT(*) > 0\n                    FROM `sixth-topic-349709.analytics_412203527.__TABLES__`\n                    WHERE table_id = FORMAT("events_%s", dt)\n                    );\n\n                    IF source_table_exists THEN\n                    EXECUTE IMMEDIATE FORMAT(\'\'\'\n                        CREATE TABLE IF NOT EXISTS `sixth-topic-349709.ga4_events.raw_data`\n                        PARTITION BY partition_date\n                        AS\n                        SELECT *, PARSE_DATE(\'%%Y%%m%%d\', event_date) AS partition_date\n                        FROM `sixth-topic-349709.analytics_412203527.events_%s`\n                        WHERE FALSE\n                    \'\'\', dt);\n                    END IF;\n                ', 'useLegacySql': False}}'
[2025-06-27T02:21:14.597+0000] {bigquery.py:1702} INFO - Inserting job ***_ga4_raw_data_elt_create_partitioned_table_if_not_exists_2025_06_23T02_07_00_00_00_715b1200b58c0a37818aa4dbebf24f81
[2025-06-27T02:21:16.866+0000] {taskinstance.py:340} INFO - ::group::Post task execution logs
[2025-06-27T02:21:16.875+0000] {taskinstance.py:352} INFO - Marking task as SUCCESS. dag_id=ga4_raw_data_elt, task_id=create_partitioned_table_if_not_exists, run_id=scheduled__2025-06-23T02:07:00+00:00, execution_date=20250623T020700, start_date=20250627T022114, end_date=20250627T022116
[2025-06-27T02:21:16.945+0000] {local_task_job_runner.py:266} INFO - Task exited with return code 0
[2025-06-27T02:21:17.008+0000] {taskinstance.py:3900} INFO - 1 downstream tasks scheduled from follow-on schedule check
[2025-06-27T02:21:17.009+0000] {local_task_job_runner.py:245} INFO - ::endgroup::
[2025-06-27T02:34:58.033+0000] {local_task_job_runner.py:123} INFO - ::group::Pre task execution logs
[2025-06-27T02:34:58.107+0000] {taskinstance.py:2612} INFO - Dependencies all met for dep_context=non-requeueable deps ti=<TaskInstance: ga4_raw_data_elt.create_partitioned_table_if_not_exists scheduled__2025-06-23T02:07:00+00:00 [queued]>
[2025-06-27T02:34:58.143+0000] {taskinstance.py:2612} INFO - Dependencies all met for dep_context=requeueable deps ti=<TaskInstance: ga4_raw_data_elt.create_partitioned_table_if_not_exists scheduled__2025-06-23T02:07:00+00:00 [queued]>
[2025-06-27T02:34:58.144+0000] {taskinstance.py:2865} INFO - Starting attempt 1 of 1
[2025-06-27T02:34:58.333+0000] {taskinstance.py:2888} INFO - Executing <Task(BigQueryInsertJobOperator): create_partitioned_table_if_not_exists> on 2025-06-23 02:07:00+00:00
[2025-06-27T02:34:58.397+0000] {warnings.py:112} WARNING - /home/***/.local/lib/python3.12/site-packages/***/task/task_runner/standard_task_runner.py:70: DeprecationWarning: This process (pid=118) is multi-threaded, use of fork() may lead to deadlocks in the child.
  pid = os.fork()

[2025-06-27T02:34:58.415+0000] {standard_task_runner.py:72} INFO - Started process 139 to run task
[2025-06-27T02:34:58.414+0000] {standard_task_runner.py:104} INFO - Running: ['***', 'tasks', 'run', 'ga4_raw_data_elt', 'create_partitioned_table_if_not_exists', 'scheduled__2025-06-23T02:07:00+00:00', '--job-id', '23', '--raw', '--subdir', 'DAGS_FOLDER/GA4_data_elt.py', '--cfg-path', '/tmp/tmpdujiuhy_']
[2025-06-27T02:34:58.437+0000] {standard_task_runner.py:105} INFO - Job 23: Subtask create_partitioned_table_if_not_exists
[2025-06-27T02:34:58.553+0000] {task_command.py:467} INFO - Running <TaskInstance: ga4_raw_data_elt.create_partitioned_table_if_not_exists scheduled__2025-06-23T02:07:00+00:00 [running]> on host ba60ab6371e3
[2025-06-27T02:34:58.670+0000] {taskinstance.py:3131} INFO - Exporting env vars: AIRFLOW_CTX_DAG_OWNER='***' AIRFLOW_CTX_DAG_ID='ga4_raw_data_elt' AIRFLOW_CTX_TASK_ID='create_partitioned_table_if_not_exists' AIRFLOW_CTX_EXECUTION_DATE='2025-06-23T02:07:00+00:00' AIRFLOW_CTX_TRY_NUMBER='1' AIRFLOW_CTX_DAG_RUN_ID='scheduled__2025-06-23T02:07:00+00:00'
[2025-06-27T02:34:58.673+0000] {taskinstance.py:731} INFO - ::endgroup::
[2025-06-27T02:34:58.687+0000] {connection.py:277} WARNING - Connection schemes (type: google_cloud_platform) shall not contain '_' according to RFC3986.
[2025-06-27T02:34:58.692+0000] {base.py:84} INFO - Retrieving connection 'google_cloud_default'
[2025-06-27T02:34:58.748+0000] {bigquery.py:2957} INFO - Executing: {'query': {'query': '\n                    DECLARE dt STRING;\n                    DECLARE source_table_exists BOOL;\n\n                    SET dt = FORMAT_DATE(\'%Y%m%d\', DATE(\'2025-06-23\'));\n\n                    SET source_table_exists = (\n                    SELECT COUNT(*) > 0\n                    FROM `sixth-topic-349709.analytics_412203527.__TABLES__`\n                    WHERE table_id = FORMAT("events_%s", dt)\n                    );\n\n                    IF source_table_exists THEN\n                    EXECUTE IMMEDIATE FORMAT(\'\'\'\n                        CREATE TABLE IF NOT EXISTS `sixth-topic-349709.analytics_412203527.raw_data`\n                        PARTITION BY partition_date\n                        AS\n                        SELECT *, PARSE_DATE(\'%%Y%%m%%d\', event_date) AS partition_date\n                        FROM `sixth-topic-349709.analytics_412203527.events_%s`\n                        WHERE FALSE\n                    \'\'\', dt);\n                    END IF;\n                ', 'useLegacySql': False}}'
[2025-06-27T02:34:58.751+0000] {bigquery.py:1702} INFO - Inserting job ***_ga4_raw_data_elt_create_partitioned_table_if_not_exists_2025_06_23T02_07_00_00_00_03e3ae361e7d2e14d2dccdc267a8e6c9
[2025-06-27T02:35:02.431+0000] {taskinstance.py:340} INFO - ::group::Post task execution logs
[2025-06-27T02:35:02.436+0000] {taskinstance.py:352} INFO - Marking task as SUCCESS. dag_id=ga4_raw_data_elt, task_id=create_partitioned_table_if_not_exists, run_id=scheduled__2025-06-23T02:07:00+00:00, execution_date=20250623T020700, start_date=20250627T023458, end_date=20250627T023502
[2025-06-27T02:35:02.507+0000] {local_task_job_runner.py:266} INFO - Task exited with return code 0
[2025-06-27T02:35:02.553+0000] {taskinstance.py:3900} INFO - 1 downstream tasks scheduled from follow-on schedule check
[2025-06-27T02:35:02.554+0000] {local_task_job_runner.py:245} INFO - ::endgroup::
