[2025-06-27T00:52:52.476+0000] {local_task_job_runner.py:123} INFO - ::group::Pre task execution logs
[2025-06-27T00:52:52.496+0000] {taskinstance.py:2612} INFO - Dependencies all met for dep_context=non-requeueable deps ti=<TaskInstance: gcs_to_bigquery_etl.create_raw_data_dataset scheduled__2025-06-25T02:00:00+00:00 [queued]>
[2025-06-27T00:52:52.503+0000] {taskinstance.py:2612} INFO - Dependencies all met for dep_context=requeueable deps ti=<TaskInstance: gcs_to_bigquery_etl.create_raw_data_dataset scheduled__2025-06-25T02:00:00+00:00 [queued]>
[2025-06-27T00:52:52.504+0000] {taskinstance.py:2865} INFO - Starting attempt 1 of 1
[2025-06-27T00:52:52.515+0000] {taskinstance.py:2888} INFO - Executing <Task(BigQueryCreateEmptyDatasetOperator): create_raw_data_dataset> on 2025-06-25 02:00:00+00:00
[2025-06-27T00:52:52.529+0000] {warnings.py:112} WARNING - /home/***/.local/lib/python3.12/site-packages/***/task/task_runner/standard_task_runner.py:70: DeprecationWarning: This process (pid=51) is multi-threaded, use of fork() may lead to deadlocks in the child.
  pid = os.fork()

[2025-06-27T00:52:52.531+0000] {standard_task_runner.py:72} INFO - Started process 65 to run task
[2025-06-27T00:52:52.537+0000] {standard_task_runner.py:104} INFO - Running: ['***', 'tasks', 'run', 'gcs_to_bigquery_etl', 'create_raw_data_dataset', 'scheduled__2025-06-25T02:00:00+00:00', '--job-id', '3', '--raw', '--subdir', 'DAGS_FOLDER/simple_etl_bigquery_ver3.py', '--cfg-path', '/tmp/tmpgkrqzpkk']
[2025-06-27T00:52:52.543+0000] {standard_task_runner.py:105} INFO - Job 3: Subtask create_raw_data_dataset
[2025-06-27T00:52:52.633+0000] {task_command.py:467} INFO - Running <TaskInstance: gcs_to_bigquery_etl.create_raw_data_dataset scheduled__2025-06-25T02:00:00+00:00 [running]> on host 9cd2c6ca0862
[2025-06-27T00:52:52.710+0000] {taskinstance.py:3131} INFO - Exporting env vars: AIRFLOW_CTX_DAG_OWNER='***' AIRFLOW_CTX_DAG_ID='gcs_to_bigquery_etl' AIRFLOW_CTX_TASK_ID='create_raw_data_dataset' AIRFLOW_CTX_EXECUTION_DATE='2025-06-25T02:00:00+00:00' AIRFLOW_CTX_TRY_NUMBER='1' AIRFLOW_CTX_DAG_RUN_ID='scheduled__2025-06-25T02:00:00+00:00'
[2025-06-27T00:52:52.712+0000] {taskinstance.py:731} INFO - ::endgroup::
[2025-06-27T00:52:52.733+0000] {connection.py:277} WARNING - Connection schemes (type: google_cloud_platform) shall not contain '_' according to RFC3986.
[2025-06-27T00:52:52.738+0000] {base.py:84} INFO - Retrieving connection 'google_cloud_default'
[2025-06-27T00:52:52.739+0000] {bigquery.py:533} INFO - datasetId was not specified in `dataset_reference`. Will use default value raw_data.
[2025-06-27T00:52:52.739+0000] {bigquery.py:533} INFO - projectId was not specified in `dataset_reference`. Will use default value sixth-topic-349709.
[2025-06-27T00:52:52.740+0000] {bigquery.py:544} INFO - Creating dataset: raw_data in project: sixth-topic-349709 
[2025-06-27T00:52:53.838+0000] {bigquery.py:548} INFO - Dataset created successfully.
[2025-06-27T00:52:53.898+0000] {taskinstance.py:340} INFO - ::group::Post task execution logs
[2025-06-27T00:52:53.899+0000] {taskinstance.py:352} INFO - Marking task as SUCCESS. dag_id=gcs_to_bigquery_etl, task_id=create_raw_data_dataset, run_id=scheduled__2025-06-25T02:00:00+00:00, execution_date=20250625T020000, start_date=20250627T005252, end_date=20250627T005253
[2025-06-27T00:52:53.954+0000] {local_task_job_runner.py:266} INFO - Task exited with return code 0
[2025-06-27T00:52:54.018+0000] {taskinstance.py:3900} INFO - 1 downstream tasks scheduled from follow-on schedule check
[2025-06-27T00:52:54.037+0000] {local_task_job_runner.py:245} INFO - ::endgroup::
