[2025-06-27T02:58:13.320+0000] {local_task_job_runner.py:123} INFO - ::group::Pre task execution logs
[2025-06-27T02:58:13.569+0000] {taskinstance.py:2612} INFO - Dependencies all met for dep_context=non-requeueable deps ti=<TaskInstance: ga4_raw_data_elt_v1.0.create_partitioned_table_if_not_exists scheduled__2024-01-24T05:00:00+00:00 [queued]>
[2025-06-27T02:58:13.610+0000] {taskinstance.py:2612} INFO - Dependencies all met for dep_context=requeueable deps ti=<TaskInstance: ga4_raw_data_elt_v1.0.create_partitioned_table_if_not_exists scheduled__2024-01-24T05:00:00+00:00 [queued]>
[2025-06-27T02:58:13.612+0000] {taskinstance.py:2865} INFO - Starting attempt 1 of 1
[2025-06-27T02:58:13.705+0000] {taskinstance.py:2888} INFO - Executing <Task(BigQueryInsertJobOperator): create_partitioned_table_if_not_exists> on 2024-01-24 05:00:00+00:00
[2025-06-27T02:58:13.790+0000] {warnings.py:112} WARNING - /home/***/.local/lib/python3.12/site-packages/***/task/task_runner/standard_task_runner.py:70: DeprecationWarning: This process (pid=552) is multi-threaded, use of fork() may lead to deadlocks in the child.
  pid = os.fork()

[2025-06-27T02:58:13.800+0000] {standard_task_runner.py:72} INFO - Started process 592 to run task
[2025-06-27T02:58:13.787+0000] {standard_task_runner.py:104} INFO - Running: ['***', 'tasks', 'run', 'ga4_raw_data_elt_v1.0', 'create_partitioned_table_if_not_exists', 'scheduled__2024-01-24T05:00:00+00:00', '--job-id', '238', '--raw', '--subdir', 'DAGS_FOLDER/GA4_data_elt.py', '--cfg-path', '/tmp/tmp33qja2xn']
[2025-06-27T02:58:13.805+0000] {standard_task_runner.py:105} INFO - Job 238: Subtask create_partitioned_table_if_not_exists
[2025-06-27T02:58:14.172+0000] {task_command.py:467} INFO - Running <TaskInstance: ga4_raw_data_elt_v1.0.create_partitioned_table_if_not_exists scheduled__2024-01-24T05:00:00+00:00 [running]> on host ba60ab6371e3
[2025-06-27T02:58:14.572+0000] {taskinstance.py:3131} INFO - Exporting env vars: AIRFLOW_CTX_DAG_OWNER='***' AIRFLOW_CTX_DAG_ID='ga4_raw_data_elt_v1.0' AIRFLOW_CTX_TASK_ID='create_partitioned_table_if_not_exists' AIRFLOW_CTX_EXECUTION_DATE='2024-01-24T05:00:00+00:00' AIRFLOW_CTX_TRY_NUMBER='1' AIRFLOW_CTX_DAG_RUN_ID='scheduled__2024-01-24T05:00:00+00:00'
[2025-06-27T02:58:14.584+0000] {taskinstance.py:731} INFO - ::endgroup::
[2025-06-27T02:58:14.633+0000] {connection.py:277} WARNING - Connection schemes (type: google_cloud_platform) shall not contain '_' according to RFC3986.
[2025-06-27T02:58:14.656+0000] {base.py:84} INFO - Retrieving connection 'google_cloud_default'
[2025-06-27T02:58:14.849+0000] {bigquery.py:2957} INFO - Executing: {'query': {'query': '\n                    DECLARE dt STRING;\n                    DECLARE source_table_exists BOOL;\n\n                    SET dt = FORMAT_DATE(\'%Y%m%d\', DATE(\'2024-01-24\'));\n\n                    SET source_table_exists = (\n                    SELECT COUNT(*) > 0\n                    FROM `sixth-topic-349709.analytics_412203527.__TABLES__`\n                    WHERE table_id = FORMAT("events_%s", dt)\n                    );\n\n                    IF source_table_exists THEN\n                    EXECUTE IMMEDIATE FORMAT(\'\'\'\n                        CREATE TABLE IF NOT EXISTS `sixth-topic-349709.ga4_events.raw_data`\n                        PARTITION BY partition_date\n                        AS\n                        SELECT *, PARSE_DATE(\'%%Y%%m%%d\', event_date) AS partition_date\n                        FROM `sixth-topic-349709.analytics_412203527.events_%s`\n                        WHERE FALSE\n                    \'\'\', dt);\n                    END IF;\n                ', 'useLegacySql': False}}'
[2025-06-27T02:58:14.883+0000] {bigquery.py:1702} INFO - Inserting job ***_ga4_raw_data_elt_v1_0_create_partitioned_table_if_not_exists_2024_01_24T05_00_00_00_00_99f66beecd90759df0c3469920171ebd
[2025-06-27T02:58:18.294+0000] {taskinstance.py:340} INFO - ::group::Post task execution logs
[2025-06-27T02:58:18.298+0000] {taskinstance.py:352} INFO - Marking task as SUCCESS. dag_id=ga4_raw_data_elt_v1.0, task_id=create_partitioned_table_if_not_exists, run_id=scheduled__2024-01-24T05:00:00+00:00, execution_date=20240124T050000, start_date=20250627T025813, end_date=20250627T025818
[2025-06-27T02:58:18.396+0000] {local_task_job_runner.py:266} INFO - Task exited with return code 0
[2025-06-27T02:58:18.579+0000] {taskinstance.py:3900} INFO - 1 downstream tasks scheduled from follow-on schedule check
[2025-06-27T02:58:18.587+0000] {local_task_job_runner.py:245} INFO - ::endgroup::
