[2025-06-27T06:57:14.502+0000] {local_task_job_runner.py:123} INFO - ::group::Pre task execution logs
[2025-06-27T06:57:14.529+0000] {taskinstance.py:2612} INFO - Dependencies all met for dep_context=non-requeueable deps ti=<TaskInstance: ga4_raw_data_elt_v1.0_prod.start_task scheduled__2025-05-15T09:00:00+00:00 [queued]>
[2025-06-27T06:57:14.545+0000] {taskinstance.py:2612} INFO - Dependencies all met for dep_context=requeueable deps ti=<TaskInstance: ga4_raw_data_elt_v1.0_prod.start_task scheduled__2025-05-15T09:00:00+00:00 [queued]>
[2025-06-27T06:57:14.549+0000] {taskinstance.py:2865} INFO - Starting attempt 1 of 1
[2025-06-27T06:57:14.577+0000] {taskinstance.py:2888} INFO - Executing <Task(_PythonDecoratedOperator): start_task> on 2025-05-15 09:00:00+00:00
[2025-06-27T06:57:14.599+0000] {warnings.py:112} WARNING - /home/***/.local/lib/python3.12/site-packages/***/task/task_runner/standard_task_runner.py:70: DeprecationWarning: This process (pid=2597) is multi-threaded, use of fork() may lead to deadlocks in the child.
  pid = os.fork()

[2025-06-27T06:57:14.602+0000] {standard_task_runner.py:72} INFO - Started process 2624 to run task
[2025-06-27T06:57:14.608+0000] {standard_task_runner.py:104} INFO - Running: ['***', 'tasks', 'run', 'ga4_raw_data_elt_v1.0_prod', 'start_task', 'scheduled__2025-05-15T09:00:00+00:00', '--job-id', '767', '--raw', '--subdir', 'DAGS_FOLDER/GA4_data_elt.py', '--cfg-path', '/tmp/tmp1eavf90g']
[2025-06-27T06:57:14.612+0000] {standard_task_runner.py:105} INFO - Job 767: Subtask start_task
[2025-06-27T06:57:14.763+0000] {task_command.py:467} INFO - Running <TaskInstance: ga4_raw_data_elt_v1.0_prod.start_task scheduled__2025-05-15T09:00:00+00:00 [running]> on host e7fdb6bf901c
[2025-06-27T06:57:15.418+0000] {taskinstance.py:3131} INFO - Exporting env vars: AIRFLOW_CTX_DAG_OWNER='***' AIRFLOW_CTX_DAG_ID='ga4_raw_data_elt_v1.0_prod' AIRFLOW_CTX_TASK_ID='start_task' AIRFLOW_CTX_EXECUTION_DATE='2025-05-15T09:00:00+00:00' AIRFLOW_CTX_TRY_NUMBER='1' AIRFLOW_CTX_DAG_RUN_ID='scheduled__2025-05-15T09:00:00+00:00'
[2025-06-27T06:57:15.459+0000] {taskinstance.py:731} INFO - ::endgroup::
[2025-06-27T06:57:15.485+0000] {logging_mixin.py:190} INFO - start
[2025-06-27T06:57:15.487+0000] {logging_mixin.py:190} INFO - ds: 2025-05-15
[2025-06-27T06:57:15.489+0000] {python.py:240} INFO - Done. Returned value was: None
[2025-06-27T06:57:15.541+0000] {taskinstance.py:340} INFO - ::group::Post task execution logs
[2025-06-27T06:57:15.544+0000] {taskinstance.py:352} INFO - Marking task as SUCCESS. dag_id=ga4_raw_data_elt_v1.0_prod, task_id=start_task, run_id=scheduled__2025-05-15T09:00:00+00:00, execution_date=20250515T090000, start_date=20250627T065714, end_date=20250627T065715
[2025-06-27T06:57:15.628+0000] {local_task_job_runner.py:266} INFO - Task exited with return code 0
[2025-06-27T06:57:15.839+0000] {taskinstance.py:3900} INFO - 1 downstream tasks scheduled from follow-on schedule check
[2025-06-27T06:57:15.848+0000] {local_task_job_runner.py:245} INFO - ::endgroup::
