[2025-06-27T04:25:09.672+0000] {local_task_job_runner.py:123} INFO - ::group::Pre task execution logs
[2025-06-27T04:25:09.710+0000] {taskinstance.py:2612} INFO - Dependencies all met for dep_context=non-requeueable deps ti=<TaskInstance: ga4_raw_data_elt_v1.0.create_partitioned_table_if_not_exists scheduled__2025-03-04T05:00:00+00:00 [queued]>
[2025-06-27T04:25:09.748+0000] {taskinstance.py:2612} INFO - Dependencies all met for dep_context=requeueable deps ti=<TaskInstance: ga4_raw_data_elt_v1.0.create_partitioned_table_if_not_exists scheduled__2025-03-04T05:00:00+00:00 [queued]>
[2025-06-27T04:25:09.753+0000] {taskinstance.py:2865} INFO - Starting attempt 1 of 1
[2025-06-27T04:25:09.792+0000] {taskinstance.py:2888} INFO - Executing <Task(BigQueryInsertJobOperator): create_partitioned_table_if_not_exists> on 2025-03-04 05:00:00+00:00
[2025-06-27T04:25:09.837+0000] {warnings.py:112} WARNING - /home/***/.local/lib/python3.12/site-packages/***/task/task_runner/standard_task_runner.py:70: DeprecationWarning: This process (pid=1197) is multi-threaded, use of fork() may lead to deadlocks in the child.
  pid = os.fork()

[2025-06-27T04:25:09.848+0000] {standard_task_runner.py:72} INFO - Started process 1226 to run task
[2025-06-27T04:25:09.853+0000] {standard_task_runner.py:104} INFO - Running: ['***', 'tasks', 'run', 'ga4_raw_data_elt_v1.0', 'create_partitioned_table_if_not_exists', 'scheduled__2025-03-04T05:00:00+00:00', '--job-id', '295', '--raw', '--subdir', 'DAGS_FOLDER/GA4_data_elt.py', '--cfg-path', '/tmp/tmpizawk41y']
[2025-06-27T04:25:09.876+0000] {standard_task_runner.py:105} INFO - Job 295: Subtask create_partitioned_table_if_not_exists
[2025-06-27T04:25:10.197+0000] {task_command.py:467} INFO - Running <TaskInstance: ga4_raw_data_elt_v1.0.create_partitioned_table_if_not_exists scheduled__2025-03-04T05:00:00+00:00 [running]> on host f79cc72a155d
[2025-06-27T04:25:10.366+0000] {taskinstance.py:3131} INFO - Exporting env vars: AIRFLOW_CTX_DAG_OWNER='***' AIRFLOW_CTX_DAG_ID='ga4_raw_data_elt_v1.0' AIRFLOW_CTX_TASK_ID='create_partitioned_table_if_not_exists' AIRFLOW_CTX_EXECUTION_DATE='2025-03-04T05:00:00+00:00' AIRFLOW_CTX_TRY_NUMBER='1' AIRFLOW_CTX_DAG_RUN_ID='scheduled__2025-03-04T05:00:00+00:00'
[2025-06-27T04:25:10.371+0000] {taskinstance.py:731} INFO - ::endgroup::
[2025-06-27T04:25:10.390+0000] {connection.py:277} WARNING - Connection schemes (type: google_cloud_platform) shall not contain '_' according to RFC3986.
[2025-06-27T04:25:10.398+0000] {base.py:84} INFO - Retrieving connection 'google_cloud_default'
[2025-06-27T04:25:10.460+0000] {bigquery.py:2957} INFO - Executing: {'query': {'query': '\n                    DECLARE dt STRING;\n                    DECLARE source_table_exists BOOL;\n\n                    SET dt = FORMAT_DATE(\'%Y%m%d\', DATE(\'2025-03-04\'));\n\n                    SET source_table_exists = (\n                    SELECT COUNT(*) > 0\n                    FROM `sixth-topic-349709.analytics_412203527.__TABLES__`\n                    WHERE table_id = FORMAT("events_%s", dt)\n                    );\n\n                    IF source_table_exists THEN\n                    EXECUTE IMMEDIATE FORMAT(\'\'\'\n                        CREATE TABLE IF NOT EXISTS `sixth-topic-349709.ga4_events.raw_data`\n                        PARTITION BY partition_date\n                        AS\n                        SELECT *, PARSE_DATE(\'%%Y%%m%%d\', event_date) AS partition_date\n                        FROM `sixth-topic-349709.analytics_412203527.events_%s`\n                        WHERE FALSE\n                    \'\'\', dt);\n                    END IF;\n                ', 'useLegacySql': False}}'
[2025-06-27T04:25:10.469+0000] {bigquery.py:1702} INFO - Inserting job ***_ga4_raw_data_elt_v1_0_create_partitioned_table_if_not_exists_2025_03_04T05_00_00_00_00_566394f15bf2784fe1fe18d629f0824d
[2025-06-27T04:25:12.580+0000] {taskinstance.py:340} INFO - ::group::Post task execution logs
[2025-06-27T04:25:12.585+0000] {taskinstance.py:352} INFO - Marking task as SUCCESS. dag_id=ga4_raw_data_elt_v1.0, task_id=create_partitioned_table_if_not_exists, run_id=scheduled__2025-03-04T05:00:00+00:00, execution_date=20250304T050000, start_date=20250627T042509, end_date=20250627T042512
[2025-06-27T04:25:12.711+0000] {local_task_job_runner.py:266} INFO - Task exited with return code 0
[2025-06-27T04:25:13.153+0000] {taskinstance.py:3900} INFO - 1 downstream tasks scheduled from follow-on schedule check
[2025-06-27T04:25:13.187+0000] {local_task_job_runner.py:245} INFO - ::endgroup::
