[2025-06-27T05:53:24.238+0000] {local_task_job_runner.py:123} INFO - ::group::Pre task execution logs
[2025-06-27T05:53:24.306+0000] {taskinstance.py:2612} INFO - Dependencies all met for dep_context=non-requeueable deps ti=<TaskInstance: ga4_raw_data_elt_v1.0.create_ga4_events_dataset scheduled__2025-03-03T09:00:00+00:00 [queued]>
[2025-06-27T05:53:24.330+0000] {taskinstance.py:2612} INFO - Dependencies all met for dep_context=requeueable deps ti=<TaskInstance: ga4_raw_data_elt_v1.0.create_ga4_events_dataset scheduled__2025-03-03T09:00:00+00:00 [queued]>
[2025-06-27T05:53:24.332+0000] {taskinstance.py:2865} INFO - Starting attempt 1 of 1
[2025-06-27T05:53:24.386+0000] {taskinstance.py:2888} INFO - Executing <Task(BigQueryCreateEmptyDatasetOperator): create_ga4_events_dataset> on 2025-03-03 09:00:00+00:00
[2025-06-27T05:53:24.418+0000] {warnings.py:112} WARNING - /home/***/.local/lib/python3.12/site-packages/***/task/task_runner/standard_task_runner.py:70: DeprecationWarning: This process (pid=1615) is multi-threaded, use of fork() may lead to deadlocks in the child.
  pid = os.fork()

[2025-06-27T05:53:24.426+0000] {standard_task_runner.py:72} INFO - Started process 1646 to run task
[2025-06-27T05:53:24.461+0000] {standard_task_runner.py:104} INFO - Running: ['***', 'tasks', 'run', 'ga4_raw_data_elt_v1.0', 'create_ga4_events_dataset', 'scheduled__2025-03-03T09:00:00+00:00', '--job-id', '397', '--raw', '--subdir', 'DAGS_FOLDER/GA4_data_elt.py', '--cfg-path', '/tmp/tmpgd972u27']
[2025-06-27T05:53:24.476+0000] {standard_task_runner.py:105} INFO - Job 397: Subtask create_ga4_events_dataset
[2025-06-27T05:53:24.650+0000] {task_command.py:467} INFO - Running <TaskInstance: ga4_raw_data_elt_v1.0.create_ga4_events_dataset scheduled__2025-03-03T09:00:00+00:00 [running]> on host 546ad4141aeb
[2025-06-27T05:53:24.820+0000] {taskinstance.py:3131} INFO - Exporting env vars: AIRFLOW_CTX_DAG_OWNER='***' AIRFLOW_CTX_DAG_ID='ga4_raw_data_elt_v1.0' AIRFLOW_CTX_TASK_ID='create_ga4_events_dataset' AIRFLOW_CTX_EXECUTION_DATE='2025-03-03T09:00:00+00:00' AIRFLOW_CTX_TRY_NUMBER='1' AIRFLOW_CTX_DAG_RUN_ID='scheduled__2025-03-03T09:00:00+00:00'
[2025-06-27T05:53:24.835+0000] {taskinstance.py:731} INFO - ::endgroup::
[2025-06-27T05:53:24.867+0000] {connection.py:277} WARNING - Connection schemes (type: google_cloud_platform) shall not contain '_' according to RFC3986.
[2025-06-27T05:53:24.880+0000] {base.py:84} INFO - Retrieving connection 'google_cloud_default'
[2025-06-27T05:53:24.885+0000] {bigquery.py:533} INFO - datasetId was not specified in `dataset_reference`. Will use default value ga4_events.
[2025-06-27T05:53:24.887+0000] {bigquery.py:533} INFO - projectId was not specified in `dataset_reference`. Will use default value sixth-topic-349709.
[2025-06-27T05:53:24.890+0000] {bigquery.py:544} INFO - Creating dataset: ga4_events in project: sixth-topic-349709 
[2025-06-27T05:53:25.901+0000] {bigquery.py:548} INFO - Dataset created successfully.
[2025-06-27T05:53:25.947+0000] {taskinstance.py:340} INFO - ::group::Post task execution logs
[2025-06-27T05:53:25.948+0000] {taskinstance.py:352} INFO - Marking task as SUCCESS. dag_id=ga4_raw_data_elt_v1.0, task_id=create_ga4_events_dataset, run_id=scheduled__2025-03-03T09:00:00+00:00, execution_date=20250303T090000, start_date=20250627T055324, end_date=20250627T055325
[2025-06-27T05:53:26.013+0000] {local_task_job_runner.py:266} INFO - Task exited with return code 0
[2025-06-27T05:53:26.062+0000] {taskinstance.py:3900} INFO - 1 downstream tasks scheduled from follow-on schedule check
[2025-06-27T05:53:26.064+0000] {local_task_job_runner.py:245} INFO - ::endgroup::
