[2025-06-27T02:06:09.142+0000] {local_task_job_runner.py:123} INFO - ::group::Pre task execution logs
[2025-06-27T02:06:09.166+0000] {taskinstance.py:2612} INFO - Dependencies all met for dep_context=non-requeueable deps ti=<TaskInstance: ga4_raw_data_elt.start_task scheduled__2025-06-21T02:07:00+00:00 [queued]>
[2025-06-27T02:06:09.173+0000] {taskinstance.py:2612} INFO - Dependencies all met for dep_context=requeueable deps ti=<TaskInstance: ga4_raw_data_elt.start_task scheduled__2025-06-21T02:07:00+00:00 [queued]>
[2025-06-27T02:06:09.173+0000] {taskinstance.py:2865} INFO - Starting attempt 1 of 1
[2025-06-27T02:06:09.199+0000] {taskinstance.py:2888} INFO - Executing <Task(_PythonDecoratedOperator): start_task> on 2025-06-21 02:07:00+00:00
[2025-06-27T02:06:09.249+0000] {warnings.py:112} WARNING - /home/***/.local/lib/python3.12/site-packages/***/task/task_runner/standard_task_runner.py:70: DeprecationWarning: This process (pid=51) is multi-threaded, use of fork() may lead to deadlocks in the child.
  pid = os.fork()

[2025-06-27T02:06:09.266+0000] {standard_task_runner.py:72} INFO - Started process 67 to run task
[2025-06-27T02:06:09.280+0000] {standard_task_runner.py:104} INFO - Running: ['***', 'tasks', 'run', 'ga4_raw_data_elt', 'start_task', 'scheduled__2025-06-21T02:07:00+00:00', '--job-id', '4', '--raw', '--subdir', 'DAGS_FOLDER/GA4_data_elt.py', '--cfg-path', '/tmp/tmpw2wc0m1k']
[2025-06-27T02:06:09.294+0000] {standard_task_runner.py:105} INFO - Job 4: Subtask start_task
[2025-06-27T02:06:09.418+0000] {task_command.py:467} INFO - Running <TaskInstance: ga4_raw_data_elt.start_task scheduled__2025-06-21T02:07:00+00:00 [running]> on host 040d1cf847a3
[2025-06-27T02:06:09.503+0000] {taskinstance.py:3131} INFO - Exporting env vars: AIRFLOW_CTX_DAG_OWNER='***' AIRFLOW_CTX_DAG_ID='ga4_raw_data_elt' AIRFLOW_CTX_TASK_ID='start_task' AIRFLOW_CTX_EXECUTION_DATE='2025-06-21T02:07:00+00:00' AIRFLOW_CTX_TRY_NUMBER='1' AIRFLOW_CTX_DAG_RUN_ID='scheduled__2025-06-21T02:07:00+00:00'
[2025-06-27T02:06:09.508+0000] {taskinstance.py:731} INFO - ::endgroup::
[2025-06-27T02:06:09.514+0000] {logging_mixin.py:190} INFO - start
[2025-06-27T02:06:09.514+0000] {logging_mixin.py:190} INFO - ds: 2025-06-21
[2025-06-27T02:06:09.515+0000] {python.py:240} INFO - Done. Returned value was: None
[2025-06-27T02:06:09.529+0000] {taskinstance.py:340} INFO - ::group::Post task execution logs
[2025-06-27T02:06:09.530+0000] {taskinstance.py:352} INFO - Marking task as SUCCESS. dag_id=ga4_raw_data_elt, task_id=start_task, run_id=scheduled__2025-06-21T02:07:00+00:00, execution_date=20250621T020700, start_date=20250627T020609, end_date=20250627T020609
[2025-06-27T02:06:09.582+0000] {local_task_job_runner.py:266} INFO - Task exited with return code 0
[2025-06-27T02:06:09.618+0000] {taskinstance.py:3900} INFO - 1 downstream tasks scheduled from follow-on schedule check
[2025-06-27T02:06:09.621+0000] {local_task_job_runner.py:245} INFO - ::endgroup::
[2025-06-27T02:17:46.036+0000] {local_task_job_runner.py:123} INFO - ::group::Pre task execution logs
[2025-06-27T02:17:46.057+0000] {taskinstance.py:2612} INFO - Dependencies all met for dep_context=non-requeueable deps ti=<TaskInstance: ga4_raw_data_elt.start_task scheduled__2025-06-21T02:07:00+00:00 [queued]>
[2025-06-27T02:17:46.064+0000] {taskinstance.py:2612} INFO - Dependencies all met for dep_context=requeueable deps ti=<TaskInstance: ga4_raw_data_elt.start_task scheduled__2025-06-21T02:07:00+00:00 [queued]>
[2025-06-27T02:17:46.065+0000] {taskinstance.py:2865} INFO - Starting attempt 1 of 1
[2025-06-27T02:17:46.082+0000] {taskinstance.py:2888} INFO - Executing <Task(_PythonDecoratedOperator): start_task> on 2025-06-21 02:07:00+00:00
[2025-06-27T02:17:46.117+0000] {warnings.py:112} WARNING - /home/***/.local/lib/python3.12/site-packages/***/task/task_runner/standard_task_runner.py:70: DeprecationWarning: This process (pid=51) is multi-threaded, use of fork() may lead to deadlocks in the child.
  pid = os.fork()

[2025-06-27T02:17:46.122+0000] {standard_task_runner.py:72} INFO - Started process 71 to run task
[2025-06-27T02:17:46.165+0000] {standard_task_runner.py:104} INFO - Running: ['***', 'tasks', 'run', 'ga4_raw_data_elt', 'start_task', 'scheduled__2025-06-21T02:07:00+00:00', '--job-id', '4', '--raw', '--subdir', 'DAGS_FOLDER/GA4_data_elt.py', '--cfg-path', '/tmp/tmpaxxfh2q5']
[2025-06-27T02:17:46.198+0000] {standard_task_runner.py:105} INFO - Job 4: Subtask start_task
[2025-06-27T02:17:46.307+0000] {task_command.py:467} INFO - Running <TaskInstance: ga4_raw_data_elt.start_task scheduled__2025-06-21T02:07:00+00:00 [running]> on host ece8b7d95be1
[2025-06-27T02:17:46.389+0000] {taskinstance.py:3131} INFO - Exporting env vars: AIRFLOW_CTX_DAG_OWNER='***' AIRFLOW_CTX_DAG_ID='ga4_raw_data_elt' AIRFLOW_CTX_TASK_ID='start_task' AIRFLOW_CTX_EXECUTION_DATE='2025-06-21T02:07:00+00:00' AIRFLOW_CTX_TRY_NUMBER='1' AIRFLOW_CTX_DAG_RUN_ID='scheduled__2025-06-21T02:07:00+00:00'
[2025-06-27T02:17:46.392+0000] {taskinstance.py:731} INFO - ::endgroup::
[2025-06-27T02:17:46.397+0000] {logging_mixin.py:190} INFO - start
[2025-06-27T02:17:46.398+0000] {logging_mixin.py:190} INFO - ds: 2025-06-21
[2025-06-27T02:17:46.399+0000] {python.py:240} INFO - Done. Returned value was: None
[2025-06-27T02:17:46.408+0000] {taskinstance.py:340} INFO - ::group::Post task execution logs
[2025-06-27T02:17:46.409+0000] {taskinstance.py:352} INFO - Marking task as SUCCESS. dag_id=ga4_raw_data_elt, task_id=start_task, run_id=scheduled__2025-06-21T02:07:00+00:00, execution_date=20250621T020700, start_date=20250627T021746, end_date=20250627T021746
[2025-06-27T02:17:46.456+0000] {local_task_job_runner.py:266} INFO - Task exited with return code 0
[2025-06-27T02:17:46.481+0000] {taskinstance.py:3900} INFO - 1 downstream tasks scheduled from follow-on schedule check
[2025-06-27T02:17:46.484+0000] {local_task_job_runner.py:245} INFO - ::endgroup::
[2025-06-27T02:21:06.112+0000] {local_task_job_runner.py:123} INFO - ::group::Pre task execution logs
[2025-06-27T02:21:06.137+0000] {taskinstance.py:2612} INFO - Dependencies all met for dep_context=non-requeueable deps ti=<TaskInstance: ga4_raw_data_elt.start_task scheduled__2025-06-21T02:07:00+00:00 [queued]>
[2025-06-27T02:21:06.147+0000] {taskinstance.py:2612} INFO - Dependencies all met for dep_context=requeueable deps ti=<TaskInstance: ga4_raw_data_elt.start_task scheduled__2025-06-21T02:07:00+00:00 [queued]>
[2025-06-27T02:21:06.148+0000] {taskinstance.py:2865} INFO - Starting attempt 1 of 1
[2025-06-27T02:21:06.170+0000] {taskinstance.py:2888} INFO - Executing <Task(_PythonDecoratedOperator): start_task> on 2025-06-21 02:07:00+00:00
[2025-06-27T02:21:06.209+0000] {warnings.py:112} WARNING - /home/***/.local/lib/python3.12/site-packages/***/task/task_runner/standard_task_runner.py:70: DeprecationWarning: This process (pid=51) is multi-threaded, use of fork() may lead to deadlocks in the child.
  pid = os.fork()

[2025-06-27T02:21:06.215+0000] {standard_task_runner.py:72} INFO - Started process 72 to run task
[2025-06-27T02:21:06.353+0000] {standard_task_runner.py:104} INFO - Running: ['***', 'tasks', 'run', 'ga4_raw_data_elt', 'start_task', 'scheduled__2025-06-21T02:07:00+00:00', '--job-id', '5', '--raw', '--subdir', 'DAGS_FOLDER/GA4_data_elt.py', '--cfg-path', '/tmp/tmps0qelgop']
[2025-06-27T02:21:06.361+0000] {standard_task_runner.py:105} INFO - Job 5: Subtask start_task
[2025-06-27T02:21:06.444+0000] {task_command.py:467} INFO - Running <TaskInstance: ga4_raw_data_elt.start_task scheduled__2025-06-21T02:07:00+00:00 [running]> on host a6d750376b6f
[2025-06-27T02:21:06.522+0000] {taskinstance.py:3131} INFO - Exporting env vars: AIRFLOW_CTX_DAG_OWNER='***' AIRFLOW_CTX_DAG_ID='ga4_raw_data_elt' AIRFLOW_CTX_TASK_ID='start_task' AIRFLOW_CTX_EXECUTION_DATE='2025-06-21T02:07:00+00:00' AIRFLOW_CTX_TRY_NUMBER='1' AIRFLOW_CTX_DAG_RUN_ID='scheduled__2025-06-21T02:07:00+00:00'
[2025-06-27T02:21:06.530+0000] {taskinstance.py:731} INFO - ::endgroup::
[2025-06-27T02:21:06.536+0000] {logging_mixin.py:190} INFO - start
[2025-06-27T02:21:06.538+0000] {logging_mixin.py:190} INFO - ds: 2025-06-21
[2025-06-27T02:21:06.539+0000] {python.py:240} INFO - Done. Returned value was: None
[2025-06-27T02:21:06.550+0000] {taskinstance.py:340} INFO - ::group::Post task execution logs
[2025-06-27T02:21:06.550+0000] {taskinstance.py:352} INFO - Marking task as SUCCESS. dag_id=ga4_raw_data_elt, task_id=start_task, run_id=scheduled__2025-06-21T02:07:00+00:00, execution_date=20250621T020700, start_date=20250627T022106, end_date=20250627T022106
[2025-06-27T02:21:06.575+0000] {local_task_job_runner.py:266} INFO - Task exited with return code 0
[2025-06-27T02:21:06.600+0000] {taskinstance.py:3900} INFO - 1 downstream tasks scheduled from follow-on schedule check
[2025-06-27T02:21:06.602+0000] {local_task_job_runner.py:245} INFO - ::endgroup::
[2025-06-27T02:34:50.410+0000] {local_task_job_runner.py:123} INFO - ::group::Pre task execution logs
[2025-06-27T02:34:50.424+0000] {taskinstance.py:2612} INFO - Dependencies all met for dep_context=non-requeueable deps ti=<TaskInstance: ga4_raw_data_elt.start_task scheduled__2025-06-21T02:07:00+00:00 [queued]>
[2025-06-27T02:34:50.432+0000] {taskinstance.py:2612} INFO - Dependencies all met for dep_context=requeueable deps ti=<TaskInstance: ga4_raw_data_elt.start_task scheduled__2025-06-21T02:07:00+00:00 [queued]>
[2025-06-27T02:34:50.433+0000] {taskinstance.py:2865} INFO - Starting attempt 1 of 1
[2025-06-27T02:34:50.451+0000] {taskinstance.py:2888} INFO - Executing <Task(_PythonDecoratedOperator): start_task> on 2025-06-21 02:07:00+00:00
[2025-06-27T02:34:50.474+0000] {warnings.py:112} WARNING - /home/***/.local/lib/python3.12/site-packages/***/task/task_runner/standard_task_runner.py:70: DeprecationWarning: This process (pid=52) is multi-threaded, use of fork() may lead to deadlocks in the child.
  pid = os.fork()

[2025-06-27T02:34:50.481+0000] {standard_task_runner.py:72} INFO - Started process 69 to run task
[2025-06-27T02:34:50.475+0000] {standard_task_runner.py:104} INFO - Running: ['***', 'tasks', 'run', 'ga4_raw_data_elt', 'start_task', 'scheduled__2025-06-21T02:07:00+00:00', '--job-id', '7', '--raw', '--subdir', 'DAGS_FOLDER/GA4_data_elt.py', '--cfg-path', '/tmp/tmp3m_04v9k']
[2025-06-27T02:34:50.495+0000] {standard_task_runner.py:105} INFO - Job 7: Subtask start_task
[2025-06-27T02:34:50.630+0000] {task_command.py:467} INFO - Running <TaskInstance: ga4_raw_data_elt.start_task scheduled__2025-06-21T02:07:00+00:00 [running]> on host ba60ab6371e3
[2025-06-27T02:34:50.729+0000] {taskinstance.py:3131} INFO - Exporting env vars: AIRFLOW_CTX_DAG_OWNER='***' AIRFLOW_CTX_DAG_ID='ga4_raw_data_elt' AIRFLOW_CTX_TASK_ID='start_task' AIRFLOW_CTX_EXECUTION_DATE='2025-06-21T02:07:00+00:00' AIRFLOW_CTX_TRY_NUMBER='1' AIRFLOW_CTX_DAG_RUN_ID='scheduled__2025-06-21T02:07:00+00:00'
[2025-06-27T02:34:50.732+0000] {taskinstance.py:731} INFO - ::endgroup::
[2025-06-27T02:34:50.739+0000] {logging_mixin.py:190} INFO - start
[2025-06-27T02:34:50.741+0000] {logging_mixin.py:190} INFO - ds: 2025-06-21
[2025-06-27T02:34:50.743+0000] {python.py:240} INFO - Done. Returned value was: None
[2025-06-27T02:34:50.755+0000] {taskinstance.py:340} INFO - ::group::Post task execution logs
[2025-06-27T02:34:50.756+0000] {taskinstance.py:352} INFO - Marking task as SUCCESS. dag_id=ga4_raw_data_elt, task_id=start_task, run_id=scheduled__2025-06-21T02:07:00+00:00, execution_date=20250621T020700, start_date=20250627T023450, end_date=20250627T023450
[2025-06-27T02:34:50.804+0000] {local_task_job_runner.py:266} INFO - Task exited with return code 0
[2025-06-27T02:34:50.827+0000] {taskinstance.py:3900} INFO - 1 downstream tasks scheduled from follow-on schedule check
[2025-06-27T02:34:50.829+0000] {local_task_job_runner.py:245} INFO - ::endgroup::
