[2025-06-27T02:54:51.565+0000] {local_task_job_runner.py:123} INFO - ::group::Pre task execution logs
[2025-06-27T02:54:51.581+0000] {taskinstance.py:2612} INFO - Dependencies all met for dep_context=non-requeueable deps ti=<TaskInstance: ga4_raw_data_elt_v1.0.start_task scheduled__2025-06-20T05:00:00+00:00 [queued]>
[2025-06-27T02:54:51.596+0000] {taskinstance.py:2612} INFO - Dependencies all met for dep_context=requeueable deps ti=<TaskInstance: ga4_raw_data_elt_v1.0.start_task scheduled__2025-06-20T05:00:00+00:00 [queued]>
[2025-06-27T02:54:51.599+0000] {taskinstance.py:2865} INFO - Starting attempt 1 of 1
[2025-06-27T02:54:51.616+0000] {taskinstance.py:2888} INFO - Executing <Task(_PythonDecoratedOperator): start_task> on 2025-06-20 05:00:00+00:00
[2025-06-27T02:54:51.625+0000] {warnings.py:112} WARNING - /home/***/.local/lib/python3.12/site-packages/***/task/task_runner/standard_task_runner.py:70: DeprecationWarning: This process (pid=50) is multi-threaded, use of fork() may lead to deadlocks in the child.
  pid = os.fork()

[2025-06-27T02:54:51.630+0000] {standard_task_runner.py:72} INFO - Started process 64 to run task
[2025-06-27T02:54:51.631+0000] {standard_task_runner.py:104} INFO - Running: ['***', 'tasks', 'run', 'ga4_raw_data_elt_v1.0', 'start_task', 'scheduled__2025-06-20T05:00:00+00:00', '--job-id', '112', '--raw', '--subdir', 'DAGS_FOLDER/GA4_data_elt.py', '--cfg-path', '/tmp/tmp33uzq3x5']
[2025-06-27T02:54:51.661+0000] {standard_task_runner.py:105} INFO - Job 112: Subtask start_task
[2025-06-27T02:54:51.729+0000] {task_command.py:467} INFO - Running <TaskInstance: ga4_raw_data_elt_v1.0.start_task scheduled__2025-06-20T05:00:00+00:00 [running]> on host ba60ab6371e3
[2025-06-27T02:54:51.782+0000] {taskinstance.py:3131} INFO - Exporting env vars: AIRFLOW_CTX_DAG_OWNER='***' AIRFLOW_CTX_DAG_ID='ga4_raw_data_elt_v1.0' AIRFLOW_CTX_TASK_ID='start_task' AIRFLOW_CTX_EXECUTION_DATE='2025-06-20T05:00:00+00:00' AIRFLOW_CTX_TRY_NUMBER='1' AIRFLOW_CTX_DAG_RUN_ID='scheduled__2025-06-20T05:00:00+00:00'
[2025-06-27T02:54:51.784+0000] {taskinstance.py:731} INFO - ::endgroup::
[2025-06-27T02:54:51.787+0000] {logging_mixin.py:190} INFO - start
[2025-06-27T02:54:51.787+0000] {logging_mixin.py:190} INFO - ds: 2025-06-20
[2025-06-27T02:54:51.788+0000] {python.py:240} INFO - Done. Returned value was: None
[2025-06-27T02:54:51.796+0000] {taskinstance.py:340} INFO - ::group::Post task execution logs
[2025-06-27T02:54:51.796+0000] {taskinstance.py:352} INFO - Marking task as SUCCESS. dag_id=ga4_raw_data_elt_v1.0, task_id=start_task, run_id=scheduled__2025-06-20T05:00:00+00:00, execution_date=20250620T050000, start_date=20250627T025451, end_date=20250627T025451
[2025-06-27T02:54:51.826+0000] {local_task_job_runner.py:266} INFO - Task exited with return code 0
[2025-06-27T02:54:51.857+0000] {taskinstance.py:3900} INFO - 1 downstream tasks scheduled from follow-on schedule check
[2025-06-27T02:54:51.862+0000] {local_task_job_runner.py:245} INFO - ::endgroup::
[2025-06-27T04:31:53.504+0000] {local_task_job_runner.py:123} INFO - ::group::Pre task execution logs
[2025-06-27T04:31:53.543+0000] {taskinstance.py:2612} INFO - Dependencies all met for dep_context=non-requeueable deps ti=<TaskInstance: ga4_raw_data_elt_v1.0.start_task scheduled__2025-06-20T05:00:00+00:00 [queued]>
[2025-06-27T04:31:53.558+0000] {taskinstance.py:2612} INFO - Dependencies all met for dep_context=requeueable deps ti=<TaskInstance: ga4_raw_data_elt_v1.0.start_task scheduled__2025-06-20T05:00:00+00:00 [queued]>
[2025-06-27T04:31:53.560+0000] {taskinstance.py:2865} INFO - Starting attempt 1 of 1
[2025-06-27T04:31:53.620+0000] {taskinstance.py:2888} INFO - Executing <Task(_PythonDecoratedOperator): start_task> on 2025-06-20 05:00:00+00:00
[2025-06-27T04:31:53.645+0000] {warnings.py:112} WARNING - /home/***/.local/lib/python3.12/site-packages/***/task/task_runner/standard_task_runner.py:70: DeprecationWarning: This process (pid=3370) is multi-threaded, use of fork() may lead to deadlocks in the child.
  pid = os.fork()

[2025-06-27T04:31:53.652+0000] {standard_task_runner.py:72} INFO - Started process 3402 to run task
[2025-06-27T04:31:53.654+0000] {standard_task_runner.py:104} INFO - Running: ['***', 'tasks', 'run', 'ga4_raw_data_elt_v1.0', 'start_task', 'scheduled__2025-06-20T05:00:00+00:00', '--job-id', '837', '--raw', '--subdir', 'DAGS_FOLDER/GA4_data_elt.py', '--cfg-path', '/tmp/tmpx2qglg3f']
[2025-06-27T04:31:53.662+0000] {standard_task_runner.py:105} INFO - Job 837: Subtask start_task
[2025-06-27T04:31:53.783+0000] {task_command.py:467} INFO - Running <TaskInstance: ga4_raw_data_elt_v1.0.start_task scheduled__2025-06-20T05:00:00+00:00 [running]> on host f79cc72a155d
[2025-06-27T04:31:53.982+0000] {taskinstance.py:3131} INFO - Exporting env vars: AIRFLOW_CTX_DAG_OWNER='***' AIRFLOW_CTX_DAG_ID='ga4_raw_data_elt_v1.0' AIRFLOW_CTX_TASK_ID='start_task' AIRFLOW_CTX_EXECUTION_DATE='2025-06-20T05:00:00+00:00' AIRFLOW_CTX_TRY_NUMBER='1' AIRFLOW_CTX_DAG_RUN_ID='scheduled__2025-06-20T05:00:00+00:00'
[2025-06-27T04:31:53.988+0000] {taskinstance.py:731} INFO - ::endgroup::
[2025-06-27T04:31:53.997+0000] {logging_mixin.py:190} INFO - start
[2025-06-27T04:31:53.999+0000] {logging_mixin.py:190} INFO - ds: 2025-06-20
[2025-06-27T04:31:54.001+0000] {python.py:240} INFO - Done. Returned value was: None
[2025-06-27T04:31:54.039+0000] {taskinstance.py:340} INFO - ::group::Post task execution logs
[2025-06-27T04:31:54.044+0000] {taskinstance.py:352} INFO - Marking task as SUCCESS. dag_id=ga4_raw_data_elt_v1.0, task_id=start_task, run_id=scheduled__2025-06-20T05:00:00+00:00, execution_date=20250620T050000, start_date=20250627T043153, end_date=20250627T043154
[2025-06-27T04:31:54.105+0000] {local_task_job_runner.py:266} INFO - Task exited with return code 0
[2025-06-27T04:31:54.162+0000] {local_task_job_runner.py:245} INFO - ::endgroup::
