[2025-06-27T01:41:01.103+0000] {local_task_job_runner.py:123} INFO - ::group::Pre task execution logs
[2025-06-27T01:41:01.114+0000] {taskinstance.py:2612} INFO - Dependencies all met for dep_context=non-requeueable deps ti=<TaskInstance: country_capital_to_bigquery_operator.create_table scheduled__2025-06-25T02:00:00+00:00 [queued]>
[2025-06-27T01:41:01.118+0000] {taskinstance.py:2612} INFO - Dependencies all met for dep_context=requeueable deps ti=<TaskInstance: country_capital_to_bigquery_operator.create_table scheduled__2025-06-25T02:00:00+00:00 [queued]>
[2025-06-27T01:41:01.119+0000] {taskinstance.py:2865} INFO - Starting attempt 1 of 1
[2025-06-27T01:41:01.126+0000] {taskinstance.py:2888} INFO - Executing <Task(BigQueryCreateEmptyTableOperator): create_table> on 2025-06-25 02:00:00+00:00
[2025-06-27T01:41:01.133+0000] {standard_task_runner.py:104} INFO - Running: ['***', 'tasks', 'run', 'country_capital_to_bigquery_operator', 'create_table', 'scheduled__2025-06-25T02:00:00+00:00', '--job-id', '4', '--raw', '--subdir', 'DAGS_FOLDER/simple_etl_bigquery_ver2.py', '--cfg-path', '/tmp/tmpq6aykt9n']
[2025-06-27T01:41:01.135+0000] {standard_task_runner.py:105} INFO - Job 4: Subtask create_table
[2025-06-27T01:41:01.135+0000] {logging_mixin.py:190} WARNING - /home/***/.local/lib/python3.12/site-packages/***/task/task_runner/standard_task_runner.py:70 DeprecationWarning: This process (pid=314) is multi-threaded, use of fork() may lead to deadlocks in the child.
[2025-06-27T01:41:01.137+0000] {standard_task_runner.py:72} INFO - Started process 316 to run task
[2025-06-27T01:41:01.159+0000] {task_command.py:467} INFO - Running <TaskInstance: country_capital_to_bigquery_operator.create_table scheduled__2025-06-25T02:00:00+00:00 [running]> on host d46d6ba51874
[2025-06-27T01:41:01.193+0000] {taskinstance.py:3131} INFO - Exporting env vars: AIRFLOW_CTX_DAG_OWNER='***' AIRFLOW_CTX_DAG_ID='country_capital_to_bigquery_operator' AIRFLOW_CTX_TASK_ID='create_table' AIRFLOW_CTX_EXECUTION_DATE='2025-06-25T02:00:00+00:00' AIRFLOW_CTX_TRY_NUMBER='1' AIRFLOW_CTX_DAG_RUN_ID='scheduled__2025-06-25T02:00:00+00:00'
[2025-06-27T01:41:01.193+0000] {taskinstance.py:731} INFO - ::endgroup::
[2025-06-27T01:41:01.198+0000] {connection.py:277} WARNING - Connection schemes (type: google_cloud_platform) shall not contain '_' according to RFC3986.
[2025-06-27T01:41:01.198+0000] {base.py:84} INFO - Retrieving connection 'google_cloud_default'
[2025-06-27T01:41:01.199+0000] {bigquery.py:1635} INFO - Creating table
[2025-06-27T01:41:02.201+0000] {bigquery.py:1657} INFO - Table sixth-topic-349709.raw_data.country_capital created successfully
[2025-06-27T01:41:02.376+0000] {taskinstance.py:340} INFO - ::group::Post task execution logs
[2025-06-27T01:41:02.377+0000] {taskinstance.py:352} INFO - Marking task as SUCCESS. dag_id=country_capital_to_bigquery_operator, task_id=create_table, run_id=scheduled__2025-06-25T02:00:00+00:00, execution_date=20250625T020000, start_date=20250627T014101, end_date=20250627T014102
[2025-06-27T01:41:02.395+0000] {local_task_job_runner.py:266} INFO - Task exited with return code 0
[2025-06-27T01:41:02.408+0000] {taskinstance.py:3900} INFO - 1 downstream tasks scheduled from follow-on schedule check
[2025-06-27T01:41:02.409+0000] {local_task_job_runner.py:245} INFO - ::endgroup::
