[2025-06-26T05:47:00.737+0000] {local_task_job_runner.py:123} INFO - ::group::Pre task execution logs
[2025-06-26T05:47:00.760+0000] {taskinstance.py:2612} INFO - Dependencies all met for dep_context=non-requeueable deps ti=<TaskInstance: ga4_raw_data_elt.start_task scheduled__2025-06-23T05:00:00+00:00 [queued]>
[2025-06-26T05:47:00.768+0000] {taskinstance.py:2612} INFO - Dependencies all met for dep_context=requeueable deps ti=<TaskInstance: ga4_raw_data_elt.start_task scheduled__2025-06-23T05:00:00+00:00 [queued]>
[2025-06-26T05:47:00.768+0000] {taskinstance.py:2865} INFO - Starting attempt 1 of 1
[2025-06-26T05:47:00.779+0000] {taskinstance.py:2888} INFO - Executing <Task(_PythonDecoratedOperator): start_task> on 2025-06-23 05:00:00+00:00
[2025-06-26T05:47:00.799+0000] {standard_task_runner.py:104} INFO - Running: ['***', 'tasks', 'run', 'ga4_raw_data_elt', 'start_task', 'scheduled__2025-06-23T05:00:00+00:00', '--job-id', '36', '--raw', '--subdir', 'DAGS_FOLDER/GA4_data_elt.py', '--cfg-path', '/tmp/tmp8kwl2ytj']
[2025-06-26T05:47:00.808+0000] {logging_mixin.py:190} WARNING - /home/***/.local/lib/python3.12/site-packages/***/task/task_runner/standard_task_runner.py:70 DeprecationWarning: This process (pid=13323) is multi-threaded, use of fork() may lead to deadlocks in the child.
[2025-06-26T05:47:00.812+0000] {standard_task_runner.py:72} INFO - Started process 13332 to run task
[2025-06-26T05:47:00.811+0000] {standard_task_runner.py:105} INFO - Job 36: Subtask start_task
[2025-06-26T05:47:00.941+0000] {task_command.py:467} INFO - Running <TaskInstance: ga4_raw_data_elt.start_task scheduled__2025-06-23T05:00:00+00:00 [running]> on host 76eadcdb3baf
[2025-06-26T05:47:01.632+0000] {taskinstance.py:3131} INFO - Exporting env vars: AIRFLOW_CTX_DAG_OWNER='***' AIRFLOW_CTX_DAG_ID='ga4_raw_data_elt' AIRFLOW_CTX_TASK_ID='start_task' AIRFLOW_CTX_EXECUTION_DATE='2025-06-23T05:00:00+00:00' AIRFLOW_CTX_TRY_NUMBER='1' AIRFLOW_CTX_DAG_RUN_ID='scheduled__2025-06-23T05:00:00+00:00'
[2025-06-26T05:47:01.635+0000] {taskinstance.py:731} INFO - ::endgroup::
[2025-06-26T05:47:01.638+0000] {logging_mixin.py:190} INFO - start
[2025-06-26T05:47:01.639+0000] {logging_mixin.py:190} INFO - ds: 2025-06-23
[2025-06-26T05:47:01.639+0000] {python.py:240} INFO - Done. Returned value was: None
[2025-06-26T05:47:01.646+0000] {taskinstance.py:340} INFO - ::group::Post task execution logs
[2025-06-26T05:47:01.646+0000] {taskinstance.py:352} INFO - Marking task as SUCCESS. dag_id=ga4_raw_data_elt, task_id=start_task, run_id=scheduled__2025-06-23T05:00:00+00:00, execution_date=20250623T050000, start_date=20250626T054700, end_date=20250626T054701
[2025-06-26T05:47:01.667+0000] {local_task_job_runner.py:266} INFO - Task exited with return code 0
[2025-06-26T05:47:01.720+0000] {taskinstance.py:3900} INFO - 1 downstream tasks scheduled from follow-on schedule check
[2025-06-26T05:47:01.724+0000] {local_task_job_runner.py:245} INFO - ::endgroup::
