[2025-06-27T02:54:51.605+0000] {local_task_job_runner.py:123} INFO - ::group::Pre task execution logs
[2025-06-27T02:54:51.627+0000] {taskinstance.py:2612} INFO - Dependencies all met for dep_context=non-requeueable deps ti=<TaskInstance: ga4_raw_data_elt_v1.0.start_task scheduled__2025-06-22T05:00:00+00:00 [queued]>
[2025-06-27T02:54:51.658+0000] {taskinstance.py:2612} INFO - Dependencies all met for dep_context=requeueable deps ti=<TaskInstance: ga4_raw_data_elt_v1.0.start_task scheduled__2025-06-22T05:00:00+00:00 [queued]>
[2025-06-27T02:54:51.661+0000] {taskinstance.py:2865} INFO - Starting attempt 1 of 1
[2025-06-27T02:54:51.675+0000] {taskinstance.py:2888} INFO - Executing <Task(_PythonDecoratedOperator): start_task> on 2025-06-22 05:00:00+00:00
[2025-06-27T02:54:51.685+0000] {warnings.py:112} WARNING - /home/***/.local/lib/python3.12/site-packages/***/task/task_runner/standard_task_runner.py:70: DeprecationWarning: This process (pid=55) is multi-threaded, use of fork() may lead to deadlocks in the child.
  pid = os.fork()

[2025-06-27T02:54:51.693+0000] {standard_task_runner.py:72} INFO - Started process 72 to run task
[2025-06-27T02:54:51.691+0000] {standard_task_runner.py:104} INFO - Running: ['***', 'tasks', 'run', 'ga4_raw_data_elt_v1.0', 'start_task', 'scheduled__2025-06-22T05:00:00+00:00', '--job-id', '115', '--raw', '--subdir', 'DAGS_FOLDER/GA4_data_elt.py', '--cfg-path', '/tmp/tmpro5wdlx7']
[2025-06-27T02:54:51.696+0000] {standard_task_runner.py:105} INFO - Job 115: Subtask start_task
[2025-06-27T02:54:51.744+0000] {task_command.py:467} INFO - Running <TaskInstance: ga4_raw_data_elt_v1.0.start_task scheduled__2025-06-22T05:00:00+00:00 [running]> on host ba60ab6371e3
[2025-06-27T02:54:51.798+0000] {taskinstance.py:3131} INFO - Exporting env vars: AIRFLOW_CTX_DAG_OWNER='***' AIRFLOW_CTX_DAG_ID='ga4_raw_data_elt_v1.0' AIRFLOW_CTX_TASK_ID='start_task' AIRFLOW_CTX_EXECUTION_DATE='2025-06-22T05:00:00+00:00' AIRFLOW_CTX_TRY_NUMBER='1' AIRFLOW_CTX_DAG_RUN_ID='scheduled__2025-06-22T05:00:00+00:00'
[2025-06-27T02:54:51.800+0000] {taskinstance.py:731} INFO - ::endgroup::
[2025-06-27T02:54:51.802+0000] {logging_mixin.py:190} INFO - start
[2025-06-27T02:54:51.802+0000] {logging_mixin.py:190} INFO - ds: 2025-06-22
[2025-06-27T02:54:51.802+0000] {python.py:240} INFO - Done. Returned value was: None
[2025-06-27T02:54:51.808+0000] {taskinstance.py:340} INFO - ::group::Post task execution logs
[2025-06-27T02:54:51.809+0000] {taskinstance.py:352} INFO - Marking task as SUCCESS. dag_id=ga4_raw_data_elt_v1.0, task_id=start_task, run_id=scheduled__2025-06-22T05:00:00+00:00, execution_date=20250622T050000, start_date=20250627T025451, end_date=20250627T025451
[2025-06-27T02:54:51.838+0000] {local_task_job_runner.py:266} INFO - Task exited with return code 0
[2025-06-27T02:54:51.867+0000] {taskinstance.py:3900} INFO - 1 downstream tasks scheduled from follow-on schedule check
[2025-06-27T02:54:51.868+0000] {local_task_job_runner.py:245} INFO - ::endgroup::
[2025-06-27T04:31:54.101+0000] {local_task_job_runner.py:123} INFO - ::group::Pre task execution logs
[2025-06-27T04:31:54.153+0000] {taskinstance.py:2612} INFO - Dependencies all met for dep_context=non-requeueable deps ti=<TaskInstance: ga4_raw_data_elt_v1.0.start_task scheduled__2025-06-22T05:00:00+00:00 [queued]>
[2025-06-27T04:31:54.180+0000] {taskinstance.py:2612} INFO - Dependencies all met for dep_context=requeueable deps ti=<TaskInstance: ga4_raw_data_elt_v1.0.start_task scheduled__2025-06-22T05:00:00+00:00 [queued]>
[2025-06-27T04:31:54.182+0000] {taskinstance.py:2865} INFO - Starting attempt 1 of 1
[2025-06-27T04:31:54.265+0000] {taskinstance.py:2888} INFO - Executing <Task(_PythonDecoratedOperator): start_task> on 2025-06-22 05:00:00+00:00
[2025-06-27T04:31:54.291+0000] {warnings.py:112} WARNING - /home/***/.local/lib/python3.12/site-packages/***/task/task_runner/standard_task_runner.py:70: DeprecationWarning: This process (pid=3374) is multi-threaded, use of fork() may lead to deadlocks in the child.
  pid = os.fork()

[2025-06-27T04:31:54.294+0000] {standard_task_runner.py:72} INFO - Started process 3411 to run task
[2025-06-27T04:31:54.304+0000] {standard_task_runner.py:104} INFO - Running: ['***', 'tasks', 'run', 'ga4_raw_data_elt_v1.0', 'start_task', 'scheduled__2025-06-22T05:00:00+00:00', '--job-id', '839', '--raw', '--subdir', 'DAGS_FOLDER/GA4_data_elt.py', '--cfg-path', '/tmp/tmp4ufst283']
[2025-06-27T04:31:54.315+0000] {standard_task_runner.py:105} INFO - Job 839: Subtask start_task
[2025-06-27T04:31:54.449+0000] {task_command.py:467} INFO - Running <TaskInstance: ga4_raw_data_elt_v1.0.start_task scheduled__2025-06-22T05:00:00+00:00 [running]> on host f79cc72a155d
[2025-06-27T04:31:54.634+0000] {taskinstance.py:3131} INFO - Exporting env vars: AIRFLOW_CTX_DAG_OWNER='***' AIRFLOW_CTX_DAG_ID='ga4_raw_data_elt_v1.0' AIRFLOW_CTX_TASK_ID='start_task' AIRFLOW_CTX_EXECUTION_DATE='2025-06-22T05:00:00+00:00' AIRFLOW_CTX_TRY_NUMBER='1' AIRFLOW_CTX_DAG_RUN_ID='scheduled__2025-06-22T05:00:00+00:00'
[2025-06-27T04:31:54.643+0000] {taskinstance.py:731} INFO - ::endgroup::
[2025-06-27T04:31:54.648+0000] {logging_mixin.py:190} INFO - start
[2025-06-27T04:31:54.653+0000] {logging_mixin.py:190} INFO - ds: 2025-06-22
[2025-06-27T04:31:54.653+0000] {python.py:240} INFO - Done. Returned value was: None
[2025-06-27T04:31:54.672+0000] {taskinstance.py:340} INFO - ::group::Post task execution logs
[2025-06-27T04:31:54.673+0000] {taskinstance.py:352} INFO - Marking task as SUCCESS. dag_id=ga4_raw_data_elt_v1.0, task_id=start_task, run_id=scheduled__2025-06-22T05:00:00+00:00, execution_date=20250622T050000, start_date=20250627T043154, end_date=20250627T043154
[2025-06-27T04:31:54.708+0000] {local_task_job_runner.py:266} INFO - Task exited with return code 0
[2025-06-27T04:31:54.778+0000] {taskinstance.py:3900} INFO - 1 downstream tasks scheduled from follow-on schedule check
[2025-06-27T04:31:54.786+0000] {local_task_job_runner.py:245} INFO - ::endgroup::
