[2025-06-27T06:58:10.990+0000] {local_task_job_runner.py:123} INFO - ::group::Pre task execution logs
[2025-06-27T06:58:11.016+0000] {taskinstance.py:2612} INFO - Dependencies all met for dep_context=non-requeueable deps ti=<TaskInstance: ga4_raw_data_elt_v1.0_prod.start_task scheduled__2025-05-26T09:00:00+00:00 [queued]>
[2025-06-27T06:58:11.026+0000] {taskinstance.py:2612} INFO - Dependencies all met for dep_context=requeueable deps ti=<TaskInstance: ga4_raw_data_elt_v1.0_prod.start_task scheduled__2025-05-26T09:00:00+00:00 [queued]>
[2025-06-27T06:58:11.027+0000] {taskinstance.py:2865} INFO - Starting attempt 1 of 1
[2025-06-27T06:58:11.044+0000] {taskinstance.py:2888} INFO - Executing <Task(_PythonDecoratedOperator): start_task> on 2025-05-26 09:00:00+00:00
[2025-06-27T06:58:11.063+0000] {warnings.py:112} WARNING - /home/***/.local/lib/python3.12/site-packages/***/task/task_runner/standard_task_runner.py:70: DeprecationWarning: This process (pid=2888) is multi-threaded, use of fork() may lead to deadlocks in the child.
  pid = os.fork()

[2025-06-27T06:58:11.065+0000] {standard_task_runner.py:72} INFO - Started process 2912 to run task
[2025-06-27T06:58:11.069+0000] {standard_task_runner.py:104} INFO - Running: ['***', 'tasks', 'run', 'ga4_raw_data_elt_v1.0_prod', 'start_task', 'scheduled__2025-05-26T09:00:00+00:00', '--job-id', '838', '--raw', '--subdir', 'DAGS_FOLDER/GA4_data_elt.py', '--cfg-path', '/tmp/tmp7y1t1bxv']
[2025-06-27T06:58:11.072+0000] {standard_task_runner.py:105} INFO - Job 838: Subtask start_task
[2025-06-27T06:58:11.187+0000] {task_command.py:467} INFO - Running <TaskInstance: ga4_raw_data_elt_v1.0_prod.start_task scheduled__2025-05-26T09:00:00+00:00 [running]> on host e7fdb6bf901c
[2025-06-27T06:58:11.334+0000] {taskinstance.py:3131} INFO - Exporting env vars: AIRFLOW_CTX_DAG_OWNER='***' AIRFLOW_CTX_DAG_ID='ga4_raw_data_elt_v1.0_prod' AIRFLOW_CTX_TASK_ID='start_task' AIRFLOW_CTX_EXECUTION_DATE='2025-05-26T09:00:00+00:00' AIRFLOW_CTX_TRY_NUMBER='1' AIRFLOW_CTX_DAG_RUN_ID='scheduled__2025-05-26T09:00:00+00:00'
[2025-06-27T06:58:11.339+0000] {taskinstance.py:731} INFO - ::endgroup::
[2025-06-27T06:58:11.350+0000] {logging_mixin.py:190} INFO - start
[2025-06-27T06:58:11.352+0000] {logging_mixin.py:190} INFO - ds: 2025-05-26
[2025-06-27T06:58:11.355+0000] {python.py:240} INFO - Done. Returned value was: None
[2025-06-27T06:58:11.388+0000] {taskinstance.py:340} INFO - ::group::Post task execution logs
[2025-06-27T06:58:11.393+0000] {taskinstance.py:352} INFO - Marking task as SUCCESS. dag_id=ga4_raw_data_elt_v1.0_prod, task_id=start_task, run_id=scheduled__2025-05-26T09:00:00+00:00, execution_date=20250526T090000, start_date=20250627T065811, end_date=20250627T065811
[2025-06-27T06:58:11.466+0000] {local_task_job_runner.py:266} INFO - Task exited with return code 0
[2025-06-27T06:58:11.485+0000] {local_task_job_runner.py:245} INFO - ::endgroup::
