[2025-06-27T00:53:03.131+0000] {local_task_job_runner.py:123} INFO - ::group::Pre task execution logs
[2025-06-27T00:53:03.159+0000] {taskinstance.py:2612} INFO - Dependencies all met for dep_context=non-requeueable deps ti=<TaskInstance: ga4_raw_data_elt.run_partition_insert_if_table_exists scheduled__2025-06-20T05:00:00+00:00 [queued]>
[2025-06-27T00:53:03.170+0000] {taskinstance.py:2612} INFO - Dependencies all met for dep_context=requeueable deps ti=<TaskInstance: ga4_raw_data_elt.run_partition_insert_if_table_exists scheduled__2025-06-20T05:00:00+00:00 [queued]>
[2025-06-27T00:53:03.170+0000] {taskinstance.py:2865} INFO - Starting attempt 1 of 1
[2025-06-27T00:53:03.187+0000] {taskinstance.py:2888} INFO - Executing <Task(BigQueryInsertJobOperator): run_partition_insert_if_table_exists> on 2025-06-20 05:00:00+00:00
[2025-06-27T00:53:03.204+0000] {warnings.py:112} WARNING - /home/***/.local/lib/python3.12/site-packages/***/task/task_runner/standard_task_runner.py:70: DeprecationWarning: This process (pid=136) is multi-threaded, use of fork() may lead to deadlocks in the child.
  pid = os.fork()

[2025-06-27T00:53:03.211+0000] {standard_task_runner.py:72} INFO - Started process 148 to run task
[2025-06-27T00:53:03.215+0000] {standard_task_runner.py:104} INFO - Running: ['***', 'tasks', 'run', 'ga4_raw_data_elt', 'run_partition_insert_if_table_exists', 'scheduled__2025-06-20T05:00:00+00:00', '--job-id', '25', '--raw', '--subdir', 'DAGS_FOLDER/GA4_data_elt.py', '--cfg-path', '/tmp/tmpj1pwxq6v']
[2025-06-27T00:53:03.220+0000] {standard_task_runner.py:105} INFO - Job 25: Subtask run_partition_insert_if_table_exists
[2025-06-27T00:53:03.332+0000] {task_command.py:467} INFO - Running <TaskInstance: ga4_raw_data_elt.run_partition_insert_if_table_exists scheduled__2025-06-20T05:00:00+00:00 [running]> on host 9cd2c6ca0862
[2025-06-27T00:53:03.439+0000] {taskinstance.py:3131} INFO - Exporting env vars: AIRFLOW_CTX_DAG_OWNER='***' AIRFLOW_CTX_DAG_ID='ga4_raw_data_elt' AIRFLOW_CTX_TASK_ID='run_partition_insert_if_table_exists' AIRFLOW_CTX_EXECUTION_DATE='2025-06-20T05:00:00+00:00' AIRFLOW_CTX_TRY_NUMBER='1' AIRFLOW_CTX_DAG_RUN_ID='scheduled__2025-06-20T05:00:00+00:00'
[2025-06-27T00:53:03.450+0000] {taskinstance.py:731} INFO - ::endgroup::
[2025-06-27T00:53:03.472+0000] {connection.py:277} WARNING - Connection schemes (type: google_cloud_platform) shall not contain '_' according to RFC3986.
[2025-06-27T00:53:03.483+0000] {base.py:84} INFO - Retrieving connection 'google_cloud_default'
[2025-06-27T00:53:03.532+0000] {bigquery.py:2957} INFO - Executing: {'query': {'query': '\n                    DECLARE dt STRING;\n                    DECLARE table_exists BOOL;\n\n                    SET dt = FORMAT_DATE(\'%Y%m%d\', DATE_SUB(DATE(\'2025-06-20\'), INTERVAL 1 DAY));\n\n                    SET table_exists = (\n                    SELECT COUNT(*) > 0\n                    FROM `sixth-topic-349709.analytics_412203527.__TABLES__`\n                    WHERE table_id = FORMAT("events_%s", dt)\n                    );\n\n                    IF table_exists THEN\n                    EXECUTE IMMEDIATE FORMAT(\'\'\'\n                        DELETE FROM `sixth-topic-349709.ga4_events.raw_data`\n                        WHERE partition_date = PARSE_DATE(\'%%Y%%m%%d\', \'%s\')\n                    \'\'\', dt);\n                    \n                    EXECUTE IMMEDIATE FORMAT(\'\'\'\n                        INSERT INTO `sixth-topic-349709.ga4_events.raw_data`    \n                        SELECT *, PARSE_DATE(\'%%Y%%m%%d\', event_date) AS partition_date\n                        FROM `sixth-topic-349709.analytics_412203527.events_%s`\n                    \'\'\', dt);\n                    END IF;     \n                ', 'useLegacySql': False}}'
[2025-06-27T00:53:03.534+0000] {bigquery.py:1702} INFO - Inserting job ***_ga4_raw_data_elt_run_partition_insert_if_table_exists_2025_06_20T05_00_00_00_00_ce53e7238c330da780a6c4a0304ebd01
[2025-06-27T00:53:18.540+0000] {taskinstance.py:340} INFO - ::group::Post task execution logs
[2025-06-27T00:53:18.543+0000] {taskinstance.py:352} INFO - Marking task as SUCCESS. dag_id=ga4_raw_data_elt, task_id=run_partition_insert_if_table_exists, run_id=scheduled__2025-06-20T05:00:00+00:00, execution_date=20250620T050000, start_date=20250627T005303, end_date=20250627T005318
[2025-06-27T00:53:18.592+0000] {local_task_job_runner.py:266} INFO - Task exited with return code 0
[2025-06-27T00:53:18.621+0000] {taskinstance.py:3900} INFO - 1 downstream tasks scheduled from follow-on schedule check
[2025-06-27T00:53:18.623+0000] {local_task_job_runner.py:245} INFO - ::endgroup::
[2025-06-27T02:50:59.445+0000] {local_task_job_runner.py:123} INFO - ::group::Pre task execution logs
[2025-06-27T02:50:59.466+0000] {taskinstance.py:2612} INFO - Dependencies all met for dep_context=non-requeueable deps ti=<TaskInstance: ga4_raw_data_elt.run_partition_insert_if_table_exists scheduled__2025-06-20T05:00:00+00:00 [queued]>
[2025-06-27T02:50:59.473+0000] {taskinstance.py:2612} INFO - Dependencies all met for dep_context=requeueable deps ti=<TaskInstance: ga4_raw_data_elt.run_partition_insert_if_table_exists scheduled__2025-06-20T05:00:00+00:00 [queued]>
[2025-06-27T02:50:59.475+0000] {taskinstance.py:2865} INFO - Starting attempt 1 of 1
[2025-06-27T02:50:59.487+0000] {taskinstance.py:2888} INFO - Executing <Task(BigQueryInsertJobOperator): run_partition_insert_if_table_exists> on 2025-06-20 05:00:00+00:00
[2025-06-27T02:50:59.497+0000] {warnings.py:112} WARNING - /home/***/.local/lib/python3.12/site-packages/***/task/task_runner/standard_task_runner.py:70: DeprecationWarning: This process (pid=123) is multi-threaded, use of fork() may lead to deadlocks in the child.
  pid = os.fork()

[2025-06-27T02:50:59.501+0000] {standard_task_runner.py:72} INFO - Started process 137 to run task
[2025-06-27T02:50:59.501+0000] {standard_task_runner.py:104} INFO - Running: ['***', 'tasks', 'run', 'ga4_raw_data_elt', 'run_partition_insert_if_table_exists', 'scheduled__2025-06-20T05:00:00+00:00', '--job-id', '99', '--raw', '--subdir', 'DAGS_FOLDER/GA4_data_elt.py', '--cfg-path', '/tmp/tmplbitm8cc']
[2025-06-27T02:50:59.505+0000] {standard_task_runner.py:105} INFO - Job 99: Subtask run_partition_insert_if_table_exists
[2025-06-27T02:50:59.569+0000] {task_command.py:467} INFO - Running <TaskInstance: ga4_raw_data_elt.run_partition_insert_if_table_exists scheduled__2025-06-20T05:00:00+00:00 [running]> on host ba60ab6371e3
[2025-06-27T02:50:59.626+0000] {taskinstance.py:3131} INFO - Exporting env vars: AIRFLOW_CTX_DAG_OWNER='***' AIRFLOW_CTX_DAG_ID='ga4_raw_data_elt' AIRFLOW_CTX_TASK_ID='run_partition_insert_if_table_exists' AIRFLOW_CTX_EXECUTION_DATE='2025-06-20T05:00:00+00:00' AIRFLOW_CTX_TRY_NUMBER='1' AIRFLOW_CTX_DAG_RUN_ID='scheduled__2025-06-20T05:00:00+00:00'
[2025-06-27T02:50:59.629+0000] {taskinstance.py:731} INFO - ::endgroup::
[2025-06-27T02:50:59.638+0000] {connection.py:277} WARNING - Connection schemes (type: google_cloud_platform) shall not contain '_' according to RFC3986.
[2025-06-27T02:50:59.641+0000] {base.py:84} INFO - Retrieving connection 'google_cloud_default'
[2025-06-27T02:50:59.680+0000] {bigquery.py:2957} INFO - Executing: {'query': {'query': '\n                    DECLARE dt STRING;\n                    DECLARE table_exists BOOL;\n\n                    SET dt = FORMAT_DATE(\'%Y%m%d\', DATE(\'2025-06-20\'));\n\n                    SET table_exists = (\n                    SELECT COUNT(*) > 0\n                    FROM `sixth-topic-349709.analytics_412203527.__TABLES__`\n                    WHERE table_id = FORMAT("events_%s", dt)\n                    );\n\n                    IF table_exists THEN\n                    EXECUTE IMMEDIATE FORMAT(\'\'\'\n                        DELETE FROM `sixth-topic-349709.ga4_events.raw_data`\n                        WHERE partition_date = PARSE_DATE(\'%%Y%%m%%d\', \'%s\')\n                    \'\'\', dt);\n                    \n                    EXECUTE IMMEDIATE FORMAT(\'\'\'\n                        INSERT INTO `sixth-topic-349709.ga4_events.raw_data`    \n                        SELECT *, PARSE_DATE(\'%%Y%%m%%d\', event_date) AS partition_date\n                        FROM `sixth-topic-349709.analytics_412203527.events_%s`\n                    \'\'\', dt);\n                    END IF;     \n                ', 'useLegacySql': False}}'
[2025-06-27T02:50:59.682+0000] {bigquery.py:1702} INFO - Inserting job ***_ga4_raw_data_elt_run_partition_insert_if_table_exists_2025_06_20T05_00_00_00_00_93bf25554c305fb7ff65ef96b32cce65
[2025-06-27T02:51:21.006+0000] {taskinstance.py:340} INFO - ::group::Post task execution logs
[2025-06-27T02:51:21.009+0000] {taskinstance.py:352} INFO - Marking task as SUCCESS. dag_id=ga4_raw_data_elt, task_id=run_partition_insert_if_table_exists, run_id=scheduled__2025-06-20T05:00:00+00:00, execution_date=20250620T050000, start_date=20250627T025059, end_date=20250627T025121
[2025-06-27T02:51:21.051+0000] {local_task_job_runner.py:266} INFO - Task exited with return code 0
[2025-06-27T02:51:21.074+0000] {taskinstance.py:3900} INFO - 1 downstream tasks scheduled from follow-on schedule check
[2025-06-27T02:51:21.075+0000] {local_task_job_runner.py:245} INFO - ::endgroup::
