[2025-06-27T02:55:26.689+0000] {local_task_job_runner.py:123} INFO - ::group::Pre task execution logs
[2025-06-27T02:55:26.698+0000] {taskinstance.py:2612} INFO - Dependencies all met for dep_context=non-requeueable deps ti=<TaskInstance: ga4_raw_data_elt_v1.0.end_task scheduled__2025-06-24T05:00:00+00:00 [queued]>
[2025-06-27T02:55:26.702+0000] {taskinstance.py:2612} INFO - Dependencies all met for dep_context=requeueable deps ti=<TaskInstance: ga4_raw_data_elt_v1.0.end_task scheduled__2025-06-24T05:00:00+00:00 [queued]>
[2025-06-27T02:55:26.702+0000] {taskinstance.py:2865} INFO - Starting attempt 1 of 1
[2025-06-27T02:55:26.709+0000] {taskinstance.py:2888} INFO - Executing <Task(_PythonDecoratedOperator): end_task> on 2025-06-24 05:00:00+00:00
[2025-06-27T02:55:26.714+0000] {warnings.py:112} WARNING - /home/***/.local/lib/python3.12/site-packages/***/task/task_runner/standard_task_runner.py:70: DeprecationWarning: This process (pid=162) is multi-threaded, use of fork() may lead to deadlocks in the child.
  pid = os.fork()

[2025-06-27T02:55:26.715+0000] {standard_task_runner.py:72} INFO - Started process 164 to run task
[2025-06-27T02:55:26.716+0000] {standard_task_runner.py:104} INFO - Running: ['***', 'tasks', 'run', 'ga4_raw_data_elt_v1.0', 'end_task', 'scheduled__2025-06-24T05:00:00+00:00', '--job-id', '138', '--raw', '--subdir', 'DAGS_FOLDER/GA4_data_elt.py', '--cfg-path', '/tmp/tmpz57i1634']
[2025-06-27T02:55:26.718+0000] {standard_task_runner.py:105} INFO - Job 138: Subtask end_task
[2025-06-27T02:55:26.744+0000] {task_command.py:467} INFO - Running <TaskInstance: ga4_raw_data_elt_v1.0.end_task scheduled__2025-06-24T05:00:00+00:00 [running]> on host ba60ab6371e3
[2025-06-27T02:55:26.787+0000] {taskinstance.py:3131} INFO - Exporting env vars: AIRFLOW_CTX_DAG_OWNER='***' AIRFLOW_CTX_DAG_ID='ga4_raw_data_elt_v1.0' AIRFLOW_CTX_TASK_ID='end_task' AIRFLOW_CTX_EXECUTION_DATE='2025-06-24T05:00:00+00:00' AIRFLOW_CTX_TRY_NUMBER='1' AIRFLOW_CTX_DAG_RUN_ID='scheduled__2025-06-24T05:00:00+00:00'
[2025-06-27T02:55:26.788+0000] {taskinstance.py:731} INFO - ::endgroup::
[2025-06-27T02:55:26.791+0000] {logging_mixin.py:190} INFO - end
[2025-06-27T02:55:26.791+0000] {python.py:240} INFO - Done. Returned value was: None
[2025-06-27T02:55:26.797+0000] {taskinstance.py:340} INFO - ::group::Post task execution logs
[2025-06-27T02:55:26.797+0000] {taskinstance.py:352} INFO - Marking task as SUCCESS. dag_id=ga4_raw_data_elt_v1.0, task_id=end_task, run_id=scheduled__2025-06-24T05:00:00+00:00, execution_date=20250624T050000, start_date=20250627T025526, end_date=20250627T025526
[2025-06-27T02:55:26.815+0000] {local_task_job_runner.py:266} INFO - Task exited with return code 0
[2025-06-27T02:55:26.825+0000] {taskinstance.py:3900} INFO - 0 downstream tasks scheduled from follow-on schedule check
[2025-06-27T02:55:26.826+0000] {local_task_job_runner.py:245} INFO - ::endgroup::
[2025-06-27T04:32:35.715+0000] {local_task_job_runner.py:123} INFO - ::group::Pre task execution logs
[2025-06-27T04:32:35.725+0000] {taskinstance.py:2612} INFO - Dependencies all met for dep_context=non-requeueable deps ti=<TaskInstance: ga4_raw_data_elt_v1.0.end_task scheduled__2025-06-24T05:00:00+00:00 [queued]>
[2025-06-27T04:32:35.734+0000] {taskinstance.py:2612} INFO - Dependencies all met for dep_context=requeueable deps ti=<TaskInstance: ga4_raw_data_elt_v1.0.end_task scheduled__2025-06-24T05:00:00+00:00 [queued]>
[2025-06-27T04:32:35.735+0000] {taskinstance.py:2865} INFO - Starting attempt 1 of 1
[2025-06-27T04:32:35.756+0000] {taskinstance.py:2888} INFO - Executing <Task(_PythonDecoratedOperator): end_task> on 2025-06-24 05:00:00+00:00
[2025-06-27T04:32:35.770+0000] {warnings.py:112} WARNING - /home/***/.local/lib/python3.12/site-packages/***/task/task_runner/standard_task_runner.py:70: DeprecationWarning: This process (pid=3582) is multi-threaded, use of fork() may lead to deadlocks in the child.
  pid = os.fork()

[2025-06-27T04:32:35.772+0000] {standard_task_runner.py:72} INFO - Started process 3588 to run task
[2025-06-27T04:32:35.772+0000] {standard_task_runner.py:104} INFO - Running: ['***', 'tasks', 'run', 'ga4_raw_data_elt_v1.0', 'end_task', 'scheduled__2025-06-24T05:00:00+00:00', '--job-id', '886', '--raw', '--subdir', 'DAGS_FOLDER/GA4_data_elt.py', '--cfg-path', '/tmp/tmpbktkfpyi']
[2025-06-27T04:32:35.775+0000] {standard_task_runner.py:105} INFO - Job 886: Subtask end_task
[2025-06-27T04:32:35.811+0000] {task_command.py:467} INFO - Running <TaskInstance: ga4_raw_data_elt_v1.0.end_task scheduled__2025-06-24T05:00:00+00:00 [running]> on host f79cc72a155d
[2025-06-27T04:32:35.866+0000] {taskinstance.py:3131} INFO - Exporting env vars: AIRFLOW_CTX_DAG_OWNER='***' AIRFLOW_CTX_DAG_ID='ga4_raw_data_elt_v1.0' AIRFLOW_CTX_TASK_ID='end_task' AIRFLOW_CTX_EXECUTION_DATE='2025-06-24T05:00:00+00:00' AIRFLOW_CTX_TRY_NUMBER='1' AIRFLOW_CTX_DAG_RUN_ID='scheduled__2025-06-24T05:00:00+00:00'
[2025-06-27T04:32:35.868+0000] {taskinstance.py:731} INFO - ::endgroup::
[2025-06-27T04:32:35.870+0000] {logging_mixin.py:190} INFO - end
[2025-06-27T04:32:35.870+0000] {python.py:240} INFO - Done. Returned value was: None
[2025-06-27T04:32:35.876+0000] {taskinstance.py:340} INFO - ::group::Post task execution logs
[2025-06-27T04:32:35.877+0000] {taskinstance.py:352} INFO - Marking task as SUCCESS. dag_id=ga4_raw_data_elt_v1.0, task_id=end_task, run_id=scheduled__2025-06-24T05:00:00+00:00, execution_date=20250624T050000, start_date=20250627T043235, end_date=20250627T043235
[2025-06-27T04:32:35.913+0000] {local_task_job_runner.py:266} INFO - Task exited with return code 0
[2025-06-27T04:32:35.929+0000] {taskinstance.py:3900} INFO - 0 downstream tasks scheduled from follow-on schedule check
[2025-06-27T04:32:35.931+0000] {local_task_job_runner.py:245} INFO - ::endgroup::
