[2025-06-27T05:58:39.712+0000] {local_task_job_runner.py:123} INFO - ::group::Pre task execution logs
[2025-06-27T05:58:39.850+0000] {taskinstance.py:2612} INFO - Dependencies all met for dep_context=non-requeueable deps ti=<TaskInstance: ga4_raw_data_elt_v1.0.start_task scheduled__2025-05-20T09:00:00+00:00 [queued]>
[2025-06-27T05:58:39.919+0000] {taskinstance.py:2612} INFO - Dependencies all met for dep_context=requeueable deps ti=<TaskInstance: ga4_raw_data_elt_v1.0.start_task scheduled__2025-05-20T09:00:00+00:00 [queued]>
[2025-06-27T05:58:39.928+0000] {taskinstance.py:2865} INFO - Starting attempt 1 of 1
[2025-06-27T05:58:40.219+0000] {taskinstance.py:2888} INFO - Executing <Task(_PythonDecoratedOperator): start_task> on 2025-05-20 09:00:00+00:00
[2025-06-27T05:58:40.355+0000] {warnings.py:112} WARNING - /home/***/.local/lib/python3.12/site-packages/***/task/task_runner/standard_task_runner.py:70: DeprecationWarning: This process (pid=3246) is multi-threaded, use of fork() may lead to deadlocks in the child.
  pid = os.fork()

[2025-06-27T05:58:40.391+0000] {standard_task_runner.py:72} INFO - Started process 3277 to run task
[2025-06-27T05:58:40.425+0000] {standard_task_runner.py:104} INFO - Running: ['***', 'tasks', 'run', 'ga4_raw_data_elt_v1.0', 'start_task', 'scheduled__2025-05-20T09:00:00+00:00', '--job-id', '804', '--raw', '--subdir', 'DAGS_FOLDER/GA4_data_elt.py', '--cfg-path', '/tmp/tmpscbnw55w']
[2025-06-27T05:58:40.504+0000] {standard_task_runner.py:105} INFO - Job 804: Subtask start_task
[2025-06-27T05:58:40.881+0000] {task_command.py:467} INFO - Running <TaskInstance: ga4_raw_data_elt_v1.0.start_task scheduled__2025-05-20T09:00:00+00:00 [running]> on host 546ad4141aeb
[2025-06-27T05:58:41.389+0000] {taskinstance.py:3131} INFO - Exporting env vars: AIRFLOW_CTX_DAG_OWNER='***' AIRFLOW_CTX_DAG_ID='ga4_raw_data_elt_v1.0' AIRFLOW_CTX_TASK_ID='start_task' AIRFLOW_CTX_EXECUTION_DATE='2025-05-20T09:00:00+00:00' AIRFLOW_CTX_TRY_NUMBER='1' AIRFLOW_CTX_DAG_RUN_ID='scheduled__2025-05-20T09:00:00+00:00'
[2025-06-27T05:58:41.406+0000] {taskinstance.py:731} INFO - ::endgroup::
[2025-06-27T05:58:41.433+0000] {logging_mixin.py:190} INFO - start
[2025-06-27T05:58:41.442+0000] {logging_mixin.py:190} INFO - ds: 2025-05-20
[2025-06-27T05:58:41.443+0000] {python.py:240} INFO - Done. Returned value was: None
[2025-06-27T05:58:41.538+0000] {taskinstance.py:340} INFO - ::group::Post task execution logs
[2025-06-27T05:58:41.542+0000] {taskinstance.py:352} INFO - Marking task as SUCCESS. dag_id=ga4_raw_data_elt_v1.0, task_id=start_task, run_id=scheduled__2025-05-20T09:00:00+00:00, execution_date=20250520T090000, start_date=20250627T055839, end_date=20250627T055841
[2025-06-27T05:58:41.647+0000] {local_task_job_runner.py:266} INFO - Task exited with return code 0
[2025-06-27T05:58:41.753+0000] {local_task_job_runner.py:245} INFO - ::endgroup::
