[2025-06-27T02:06:09.195+0000] {local_task_job_runner.py:123} INFO - ::group::Pre task execution logs
[2025-06-27T02:06:09.220+0000] {taskinstance.py:2612} INFO - Dependencies all met for dep_context=non-requeueable deps ti=<TaskInstance: ga4_raw_data_elt.start_task scheduled__2025-06-24T02:07:00+00:00 [queued]>
[2025-06-27T02:06:09.248+0000] {taskinstance.py:2612} INFO - Dependencies all met for dep_context=requeueable deps ti=<TaskInstance: ga4_raw_data_elt.start_task scheduled__2025-06-24T02:07:00+00:00 [queued]>
[2025-06-27T02:06:09.250+0000] {taskinstance.py:2865} INFO - Starting attempt 1 of 1
[2025-06-27T02:06:09.281+0000] {taskinstance.py:2888} INFO - Executing <Task(_PythonDecoratedOperator): start_task> on 2025-06-24 02:07:00+00:00
[2025-06-27T02:06:09.296+0000] {warnings.py:112} WARNING - /home/***/.local/lib/python3.12/site-packages/***/task/task_runner/standard_task_runner.py:70: DeprecationWarning: This process (pid=59) is multi-threaded, use of fork() may lead to deadlocks in the child.
  pid = os.fork()

[2025-06-27T02:06:09.300+0000] {standard_task_runner.py:104} INFO - Running: ['***', 'tasks', 'run', 'ga4_raw_data_elt', 'start_task', 'scheduled__2025-06-24T02:07:00+00:00', '--job-id', '9', '--raw', '--subdir', 'DAGS_FOLDER/GA4_data_elt.py', '--cfg-path', '/tmp/tmp91fq3m7w']
[2025-06-27T02:06:09.308+0000] {standard_task_runner.py:72} INFO - Started process 76 to run task
[2025-06-27T02:06:09.309+0000] {standard_task_runner.py:105} INFO - Job 9: Subtask start_task
[2025-06-27T02:06:09.431+0000] {task_command.py:467} INFO - Running <TaskInstance: ga4_raw_data_elt.start_task scheduled__2025-06-24T02:07:00+00:00 [running]> on host 040d1cf847a3
[2025-06-27T02:06:09.528+0000] {taskinstance.py:3131} INFO - Exporting env vars: AIRFLOW_CTX_DAG_OWNER='***' AIRFLOW_CTX_DAG_ID='ga4_raw_data_elt' AIRFLOW_CTX_TASK_ID='start_task' AIRFLOW_CTX_EXECUTION_DATE='2025-06-24T02:07:00+00:00' AIRFLOW_CTX_TRY_NUMBER='1' AIRFLOW_CTX_DAG_RUN_ID='scheduled__2025-06-24T02:07:00+00:00'
[2025-06-27T02:06:09.533+0000] {taskinstance.py:731} INFO - ::endgroup::
[2025-06-27T02:06:09.537+0000] {logging_mixin.py:190} INFO - start
[2025-06-27T02:06:09.538+0000] {logging_mixin.py:190} INFO - ds: 2025-06-24
[2025-06-27T02:06:09.539+0000] {python.py:240} INFO - Done. Returned value was: None
[2025-06-27T02:06:09.551+0000] {taskinstance.py:340} INFO - ::group::Post task execution logs
[2025-06-27T02:06:09.552+0000] {taskinstance.py:352} INFO - Marking task as SUCCESS. dag_id=ga4_raw_data_elt, task_id=start_task, run_id=scheduled__2025-06-24T02:07:00+00:00, execution_date=20250624T020700, start_date=20250627T020609, end_date=20250627T020609
[2025-06-27T02:06:09.599+0000] {local_task_job_runner.py:266} INFO - Task exited with return code 0
[2025-06-27T02:06:09.638+0000] {taskinstance.py:3900} INFO - 1 downstream tasks scheduled from follow-on schedule check
[2025-06-27T02:06:09.640+0000] {local_task_job_runner.py:245} INFO - ::endgroup::
[2025-06-27T02:17:46.053+0000] {local_task_job_runner.py:123} INFO - ::group::Pre task execution logs
[2025-06-27T02:17:46.071+0000] {taskinstance.py:2612} INFO - Dependencies all met for dep_context=non-requeueable deps ti=<TaskInstance: ga4_raw_data_elt.start_task scheduled__2025-06-24T02:07:00+00:00 [queued]>
[2025-06-27T02:17:46.080+0000] {taskinstance.py:2612} INFO - Dependencies all met for dep_context=requeueable deps ti=<TaskInstance: ga4_raw_data_elt.start_task scheduled__2025-06-24T02:07:00+00:00 [queued]>
[2025-06-27T02:17:46.080+0000] {taskinstance.py:2865} INFO - Starting attempt 1 of 1
[2025-06-27T02:17:46.094+0000] {taskinstance.py:2888} INFO - Executing <Task(_PythonDecoratedOperator): start_task> on 2025-06-24 02:07:00+00:00
[2025-06-27T02:17:46.123+0000] {warnings.py:112} WARNING - /home/***/.local/lib/python3.12/site-packages/***/task/task_runner/standard_task_runner.py:70: DeprecationWarning: This process (pid=59) is multi-threaded, use of fork() may lead to deadlocks in the child.
  pid = os.fork()

[2025-06-27T02:17:46.163+0000] {standard_task_runner.py:72} INFO - Started process 68 to run task
[2025-06-27T02:17:46.189+0000] {standard_task_runner.py:104} INFO - Running: ['***', 'tasks', 'run', 'ga4_raw_data_elt', 'start_task', 'scheduled__2025-06-24T02:07:00+00:00', '--job-id', '8', '--raw', '--subdir', 'DAGS_FOLDER/GA4_data_elt.py', '--cfg-path', '/tmp/tmpae14vghi']
[2025-06-27T02:17:46.194+0000] {standard_task_runner.py:105} INFO - Job 8: Subtask start_task
[2025-06-27T02:17:46.300+0000] {task_command.py:467} INFO - Running <TaskInstance: ga4_raw_data_elt.start_task scheduled__2025-06-24T02:07:00+00:00 [running]> on host ece8b7d95be1
[2025-06-27T02:17:46.394+0000] {taskinstance.py:3131} INFO - Exporting env vars: AIRFLOW_CTX_DAG_OWNER='***' AIRFLOW_CTX_DAG_ID='ga4_raw_data_elt' AIRFLOW_CTX_TASK_ID='start_task' AIRFLOW_CTX_EXECUTION_DATE='2025-06-24T02:07:00+00:00' AIRFLOW_CTX_TRY_NUMBER='1' AIRFLOW_CTX_DAG_RUN_ID='scheduled__2025-06-24T02:07:00+00:00'
[2025-06-27T02:17:46.397+0000] {taskinstance.py:731} INFO - ::endgroup::
[2025-06-27T02:17:46.400+0000] {logging_mixin.py:190} INFO - start
[2025-06-27T02:17:46.400+0000] {logging_mixin.py:190} INFO - ds: 2025-06-24
[2025-06-27T02:17:46.401+0000] {python.py:240} INFO - Done. Returned value was: None
[2025-06-27T02:17:46.413+0000] {taskinstance.py:340} INFO - ::group::Post task execution logs
[2025-06-27T02:17:46.414+0000] {taskinstance.py:352} INFO - Marking task as SUCCESS. dag_id=ga4_raw_data_elt, task_id=start_task, run_id=scheduled__2025-06-24T02:07:00+00:00, execution_date=20250624T020700, start_date=20250627T021746, end_date=20250627T021746
[2025-06-27T02:17:46.463+0000] {local_task_job_runner.py:266} INFO - Task exited with return code 0
[2025-06-27T02:17:46.489+0000] {taskinstance.py:3900} INFO - 1 downstream tasks scheduled from follow-on schedule check
[2025-06-27T02:17:46.492+0000] {local_task_job_runner.py:245} INFO - ::endgroup::
[2025-06-27T02:21:06.101+0000] {local_task_job_runner.py:123} INFO - ::group::Pre task execution logs
[2025-06-27T02:21:06.129+0000] {taskinstance.py:2612} INFO - Dependencies all met for dep_context=non-requeueable deps ti=<TaskInstance: ga4_raw_data_elt.start_task scheduled__2025-06-24T02:07:00+00:00 [queued]>
[2025-06-27T02:21:06.138+0000] {taskinstance.py:2612} INFO - Dependencies all met for dep_context=requeueable deps ti=<TaskInstance: ga4_raw_data_elt.start_task scheduled__2025-06-24T02:07:00+00:00 [queued]>
[2025-06-27T02:21:06.139+0000] {taskinstance.py:2865} INFO - Starting attempt 1 of 1
[2025-06-27T02:21:06.149+0000] {taskinstance.py:2888} INFO - Executing <Task(_PythonDecoratedOperator): start_task> on 2025-06-24 02:07:00+00:00
[2025-06-27T02:21:06.210+0000] {warnings.py:112} WARNING - /home/***/.local/lib/python3.12/site-packages/***/task/task_runner/standard_task_runner.py:70: DeprecationWarning: This process (pid=58) is multi-threaded, use of fork() may lead to deadlocks in the child.
  pid = os.fork()

[2025-06-27T02:21:06.223+0000] {standard_task_runner.py:72} INFO - Started process 69 to run task
[2025-06-27T02:21:06.353+0000] {standard_task_runner.py:104} INFO - Running: ['***', 'tasks', 'run', 'ga4_raw_data_elt', 'start_task', 'scheduled__2025-06-24T02:07:00+00:00', '--job-id', '4', '--raw', '--subdir', 'DAGS_FOLDER/GA4_data_elt.py', '--cfg-path', '/tmp/tmpw2udntzk']
[2025-06-27T02:21:06.362+0000] {standard_task_runner.py:105} INFO - Job 4: Subtask start_task
[2025-06-27T02:21:06.453+0000] {task_command.py:467} INFO - Running <TaskInstance: ga4_raw_data_elt.start_task scheduled__2025-06-24T02:07:00+00:00 [running]> on host a6d750376b6f
[2025-06-27T02:21:06.551+0000] {taskinstance.py:3131} INFO - Exporting env vars: AIRFLOW_CTX_DAG_OWNER='***' AIRFLOW_CTX_DAG_ID='ga4_raw_data_elt' AIRFLOW_CTX_TASK_ID='start_task' AIRFLOW_CTX_EXECUTION_DATE='2025-06-24T02:07:00+00:00' AIRFLOW_CTX_TRY_NUMBER='1' AIRFLOW_CTX_DAG_RUN_ID='scheduled__2025-06-24T02:07:00+00:00'
[2025-06-27T02:21:06.553+0000] {taskinstance.py:731} INFO - ::endgroup::
[2025-06-27T02:21:06.556+0000] {logging_mixin.py:190} INFO - start
[2025-06-27T02:21:06.557+0000] {logging_mixin.py:190} INFO - ds: 2025-06-24
[2025-06-27T02:21:06.558+0000] {python.py:240} INFO - Done. Returned value was: None
[2025-06-27T02:21:06.571+0000] {taskinstance.py:340} INFO - ::group::Post task execution logs
[2025-06-27T02:21:06.572+0000] {taskinstance.py:352} INFO - Marking task as SUCCESS. dag_id=ga4_raw_data_elt, task_id=start_task, run_id=scheduled__2025-06-24T02:07:00+00:00, execution_date=20250624T020700, start_date=20250627T022106, end_date=20250627T022106
[2025-06-27T02:21:06.622+0000] {local_task_job_runner.py:266} INFO - Task exited with return code 0
[2025-06-27T02:21:06.675+0000] {taskinstance.py:3900} INFO - 1 downstream tasks scheduled from follow-on schedule check
[2025-06-27T02:21:06.679+0000] {local_task_job_runner.py:245} INFO - ::endgroup::
[2025-06-27T02:34:50.389+0000] {local_task_job_runner.py:123} INFO - ::group::Pre task execution logs
[2025-06-27T02:34:50.406+0000] {taskinstance.py:2612} INFO - Dependencies all met for dep_context=non-requeueable deps ti=<TaskInstance: ga4_raw_data_elt.start_task scheduled__2025-06-24T02:07:00+00:00 [queued]>
[2025-06-27T02:34:50.417+0000] {taskinstance.py:2612} INFO - Dependencies all met for dep_context=requeueable deps ti=<TaskInstance: ga4_raw_data_elt.start_task scheduled__2025-06-24T02:07:00+00:00 [queued]>
[2025-06-27T02:34:50.418+0000] {taskinstance.py:2865} INFO - Starting attempt 1 of 1
[2025-06-27T02:34:50.430+0000] {taskinstance.py:2888} INFO - Executing <Task(_PythonDecoratedOperator): start_task> on 2025-06-24 02:07:00+00:00
[2025-06-27T02:34:50.470+0000] {warnings.py:112} WARNING - /home/***/.local/lib/python3.12/site-packages/***/task/task_runner/standard_task_runner.py:70: DeprecationWarning: This process (pid=59) is multi-threaded, use of fork() may lead to deadlocks in the child.
  pid = os.fork()

[2025-06-27T02:34:50.473+0000] {standard_task_runner.py:72} INFO - Started process 71 to run task
[2025-06-27T02:34:50.478+0000] {standard_task_runner.py:104} INFO - Running: ['***', 'tasks', 'run', 'ga4_raw_data_elt', 'start_task', 'scheduled__2025-06-24T02:07:00+00:00', '--job-id', '4', '--raw', '--subdir', 'DAGS_FOLDER/GA4_data_elt.py', '--cfg-path', '/tmp/tmp1mog7nxd']
[2025-06-27T02:34:50.491+0000] {standard_task_runner.py:105} INFO - Job 4: Subtask start_task
[2025-06-27T02:34:50.662+0000] {task_command.py:467} INFO - Running <TaskInstance: ga4_raw_data_elt.start_task scheduled__2025-06-24T02:07:00+00:00 [running]> on host ba60ab6371e3
[2025-06-27T02:34:50.760+0000] {taskinstance.py:3131} INFO - Exporting env vars: AIRFLOW_CTX_DAG_OWNER='***' AIRFLOW_CTX_DAG_ID='ga4_raw_data_elt' AIRFLOW_CTX_TASK_ID='start_task' AIRFLOW_CTX_EXECUTION_DATE='2025-06-24T02:07:00+00:00' AIRFLOW_CTX_TRY_NUMBER='1' AIRFLOW_CTX_DAG_RUN_ID='scheduled__2025-06-24T02:07:00+00:00'
[2025-06-27T02:34:50.764+0000] {taskinstance.py:731} INFO - ::endgroup::
[2025-06-27T02:34:50.767+0000] {logging_mixin.py:190} INFO - start
[2025-06-27T02:34:50.768+0000] {logging_mixin.py:190} INFO - ds: 2025-06-24
[2025-06-27T02:34:50.769+0000] {python.py:240} INFO - Done. Returned value was: None
[2025-06-27T02:34:50.782+0000] {taskinstance.py:340} INFO - ::group::Post task execution logs
[2025-06-27T02:34:50.783+0000] {taskinstance.py:352} INFO - Marking task as SUCCESS. dag_id=ga4_raw_data_elt, task_id=start_task, run_id=scheduled__2025-06-24T02:07:00+00:00, execution_date=20250624T020700, start_date=20250627T023450, end_date=20250627T023450
[2025-06-27T02:34:50.844+0000] {local_task_job_runner.py:266} INFO - Task exited with return code 0
[2025-06-27T02:34:50.918+0000] {taskinstance.py:3900} INFO - 1 downstream tasks scheduled from follow-on schedule check
[2025-06-27T02:34:50.919+0000] {local_task_job_runner.py:245} INFO - ::endgroup::
