[2025-06-27T02:06:20.859+0000] {local_task_job_runner.py:123} INFO - ::group::Pre task execution logs
[2025-06-27T02:06:20.874+0000] {taskinstance.py:2612} INFO - Dependencies all met for dep_context=non-requeueable deps ti=<TaskInstance: ga4_raw_data_elt.run_partition_insert_if_table_exists scheduled__2025-06-21T02:07:00+00:00 [queued]>
[2025-06-27T02:06:20.887+0000] {taskinstance.py:2612} INFO - Dependencies all met for dep_context=requeueable deps ti=<TaskInstance: ga4_raw_data_elt.run_partition_insert_if_table_exists scheduled__2025-06-21T02:07:00+00:00 [queued]>
[2025-06-27T02:06:20.887+0000] {taskinstance.py:2865} INFO - Starting attempt 1 of 1
[2025-06-27T02:06:20.901+0000] {taskinstance.py:2888} INFO - Executing <Task(BigQueryInsertJobOperator): run_partition_insert_if_table_exists> on 2025-06-21 02:07:00+00:00
[2025-06-27T02:06:20.928+0000] {warnings.py:112} WARNING - /home/***/.local/lib/python3.12/site-packages/***/task/task_runner/standard_task_runner.py:70: DeprecationWarning: This process (pid=136) is multi-threaded, use of fork() may lead to deadlocks in the child.
  pid = os.fork()

[2025-06-27T02:06:20.930+0000] {standard_task_runner.py:72} INFO - Started process 146 to run task
[2025-06-27T02:06:20.930+0000] {standard_task_runner.py:104} INFO - Running: ['***', 'tasks', 'run', 'ga4_raw_data_elt', 'run_partition_insert_if_table_exists', 'scheduled__2025-06-21T02:07:00+00:00', '--job-id', '25', '--raw', '--subdir', 'DAGS_FOLDER/GA4_data_elt.py', '--cfg-path', '/tmp/tmpnz1sb0o3']
[2025-06-27T02:06:20.946+0000] {standard_task_runner.py:105} INFO - Job 25: Subtask run_partition_insert_if_table_exists
[2025-06-27T02:06:21.011+0000] {task_command.py:467} INFO - Running <TaskInstance: ga4_raw_data_elt.run_partition_insert_if_table_exists scheduled__2025-06-21T02:07:00+00:00 [running]> on host 040d1cf847a3
[2025-06-27T02:06:21.068+0000] {taskinstance.py:3131} INFO - Exporting env vars: AIRFLOW_CTX_DAG_OWNER='***' AIRFLOW_CTX_DAG_ID='ga4_raw_data_elt' AIRFLOW_CTX_TASK_ID='run_partition_insert_if_table_exists' AIRFLOW_CTX_EXECUTION_DATE='2025-06-21T02:07:00+00:00' AIRFLOW_CTX_TRY_NUMBER='1' AIRFLOW_CTX_DAG_RUN_ID='scheduled__2025-06-21T02:07:00+00:00'
[2025-06-27T02:06:21.071+0000] {taskinstance.py:731} INFO - ::endgroup::
[2025-06-27T02:06:21.079+0000] {connection.py:277} WARNING - Connection schemes (type: google_cloud_platform) shall not contain '_' according to RFC3986.
[2025-06-27T02:06:21.089+0000] {base.py:84} INFO - Retrieving connection 'google_cloud_default'
[2025-06-27T02:06:21.136+0000] {bigquery.py:2957} INFO - Executing: {'query': {'query': '\n                    DECLARE dt STRING;\n                    DECLARE table_exists BOOL;\n\n                    SET dt = FORMAT_DATE(\'%Y%m%d\', DATE_SUB(DATE(\'2025-06-21\'), INTERVAL 1 DAY));\n\n                    SET table_exists = (\n                    SELECT COUNT(*) > 0\n                    FROM `sixth-topic-349709.analytics_412203527.__TABLES__`\n                    WHERE table_id = FORMAT("events_%s", dt)\n                    );\n\n                    IF table_exists THEN\n                    EXECUTE IMMEDIATE FORMAT(\'\'\'\n                        DELETE FROM `sixth-topic-349709.ga4_events.raw_data`\n                        WHERE partition_date = PARSE_DATE(\'%%Y%%m%%d\', \'%s\')\n                    \'\'\', dt);\n                    \n                    EXECUTE IMMEDIATE FORMAT(\'\'\'\n                        INSERT INTO `sixth-topic-349709.ga4_events.raw_data`    \n                        SELECT *, PARSE_DATE(\'%%Y%%m%%d\', event_date) AS partition_date\n                        FROM `sixth-topic-349709.analytics_412203527.events_%s`\n                    \'\'\', dt);\n                    END IF;     \n                ', 'useLegacySql': False}}'
[2025-06-27T02:06:21.138+0000] {bigquery.py:1702} INFO - Inserting job ***_ga4_raw_data_elt_run_partition_insert_if_table_exists_2025_06_21T02_07_00_00_00_25db75458979eab84f9af3e11fd5ce4b
[2025-06-27T02:06:36.202+0000] {taskinstance.py:340} INFO - ::group::Post task execution logs
[2025-06-27T02:06:36.214+0000] {taskinstance.py:352} INFO - Marking task as SUCCESS. dag_id=ga4_raw_data_elt, task_id=run_partition_insert_if_table_exists, run_id=scheduled__2025-06-21T02:07:00+00:00, execution_date=20250621T020700, start_date=20250627T020620, end_date=20250627T020636
[2025-06-27T02:06:36.268+0000] {local_task_job_runner.py:266} INFO - Task exited with return code 0
[2025-06-27T02:06:36.291+0000] {taskinstance.py:3900} INFO - 1 downstream tasks scheduled from follow-on schedule check
[2025-06-27T02:06:36.292+0000] {local_task_job_runner.py:245} INFO - ::endgroup::
[2025-06-27T02:21:19.173+0000] {local_task_job_runner.py:123} INFO - ::group::Pre task execution logs
[2025-06-27T02:21:19.203+0000] {taskinstance.py:2612} INFO - Dependencies all met for dep_context=non-requeueable deps ti=<TaskInstance: ga4_raw_data_elt.run_partition_insert_if_table_exists scheduled__2025-06-21T02:07:00+00:00 [queued]>
[2025-06-27T02:21:19.212+0000] {taskinstance.py:2612} INFO - Dependencies all met for dep_context=requeueable deps ti=<TaskInstance: ga4_raw_data_elt.run_partition_insert_if_table_exists scheduled__2025-06-21T02:07:00+00:00 [queued]>
[2025-06-27T02:21:19.212+0000] {taskinstance.py:2865} INFO - Starting attempt 1 of 1
[2025-06-27T02:21:19.223+0000] {taskinstance.py:2888} INFO - Executing <Task(BigQueryInsertJobOperator): run_partition_insert_if_table_exists> on 2025-06-21 02:07:00+00:00
[2025-06-27T02:21:19.234+0000] {warnings.py:112} WARNING - /home/***/.local/lib/python3.12/site-packages/***/task/task_runner/standard_task_runner.py:70: DeprecationWarning: This process (pid=146) is multi-threaded, use of fork() may lead to deadlocks in the child.
  pid = os.fork()

[2025-06-27T02:21:19.239+0000] {standard_task_runner.py:72} INFO - Started process 161 to run task
[2025-06-27T02:21:19.242+0000] {standard_task_runner.py:104} INFO - Running: ['***', 'tasks', 'run', 'ga4_raw_data_elt', 'run_partition_insert_if_table_exists', 'scheduled__2025-06-21T02:07:00+00:00', '--job-id', '28', '--raw', '--subdir', 'DAGS_FOLDER/GA4_data_elt.py', '--cfg-path', '/tmp/tmpgd8n8w_t']
[2025-06-27T02:21:19.249+0000] {standard_task_runner.py:105} INFO - Job 28: Subtask run_partition_insert_if_table_exists
[2025-06-27T02:21:19.332+0000] {task_command.py:467} INFO - Running <TaskInstance: ga4_raw_data_elt.run_partition_insert_if_table_exists scheduled__2025-06-21T02:07:00+00:00 [running]> on host a6d750376b6f
[2025-06-27T02:21:19.443+0000] {taskinstance.py:3131} INFO - Exporting env vars: AIRFLOW_CTX_DAG_OWNER='***' AIRFLOW_CTX_DAG_ID='ga4_raw_data_elt' AIRFLOW_CTX_TASK_ID='run_partition_insert_if_table_exists' AIRFLOW_CTX_EXECUTION_DATE='2025-06-21T02:07:00+00:00' AIRFLOW_CTX_TRY_NUMBER='1' AIRFLOW_CTX_DAG_RUN_ID='scheduled__2025-06-21T02:07:00+00:00'
[2025-06-27T02:21:19.445+0000] {taskinstance.py:731} INFO - ::endgroup::
[2025-06-27T02:21:19.455+0000] {connection.py:277} WARNING - Connection schemes (type: google_cloud_platform) shall not contain '_' according to RFC3986.
[2025-06-27T02:21:19.480+0000] {base.py:84} INFO - Retrieving connection 'google_cloud_default'
[2025-06-27T02:21:19.528+0000] {bigquery.py:2957} INFO - Executing: {'query': {'query': '\n                    DECLARE dt STRING;\n                    DECLARE table_exists BOOL;\n\n                    SET dt = FORMAT_DATE(\'%Y%m%d\', DATE(\'2025-06-21\'));\n\n                    SET table_exists = (\n                    SELECT COUNT(*) > 0\n                    FROM `sixth-topic-349709.analytics_412203527.__TABLES__`\n                    WHERE table_id = FORMAT("events_%s", dt)\n                    );\n\n                    IF table_exists THEN\n                    EXECUTE IMMEDIATE FORMAT(\'\'\'\n                        DELETE FROM `sixth-topic-349709.ga4_events.raw_data`\n                        WHERE partition_date = PARSE_DATE(\'%%Y%%m%%d\', \'%s\')\n                    \'\'\', dt);\n                    \n                    EXECUTE IMMEDIATE FORMAT(\'\'\'\n                        INSERT INTO `sixth-topic-349709.ga4_events.raw_data`    \n                        SELECT *, PARSE_DATE(\'%%Y%%m%%d\', event_date) AS partition_date\n                        FROM `sixth-topic-349709.analytics_412203527.events_%s`\n                    \'\'\', dt);\n                    END IF;     \n                ', 'useLegacySql': False}}'
[2025-06-27T02:21:19.534+0000] {bigquery.py:1702} INFO - Inserting job ***_ga4_raw_data_elt_run_partition_insert_if_table_exists_2025_06_21T02_07_00_00_00_0581092e87dbff019b29f26d52f05a95
[2025-06-27T02:21:33.875+0000] {taskinstance.py:340} INFO - ::group::Post task execution logs
[2025-06-27T02:21:33.885+0000] {taskinstance.py:352} INFO - Marking task as SUCCESS. dag_id=ga4_raw_data_elt, task_id=run_partition_insert_if_table_exists, run_id=scheduled__2025-06-21T02:07:00+00:00, execution_date=20250621T020700, start_date=20250627T022119, end_date=20250627T022133
[2025-06-27T02:21:33.931+0000] {local_task_job_runner.py:266} INFO - Task exited with return code 0
[2025-06-27T02:21:33.981+0000] {taskinstance.py:3900} INFO - 1 downstream tasks scheduled from follow-on schedule check
[2025-06-27T02:21:33.982+0000] {local_task_job_runner.py:245} INFO - ::endgroup::
[2025-06-27T02:35:04.772+0000] {local_task_job_runner.py:123} INFO - ::group::Pre task execution logs
[2025-06-27T02:35:04.790+0000] {taskinstance.py:2612} INFO - Dependencies all met for dep_context=non-requeueable deps ti=<TaskInstance: ga4_raw_data_elt.run_partition_insert_if_table_exists scheduled__2025-06-21T02:07:00+00:00 [queued]>
[2025-06-27T02:35:04.797+0000] {taskinstance.py:2612} INFO - Dependencies all met for dep_context=requeueable deps ti=<TaskInstance: ga4_raw_data_elt.run_partition_insert_if_table_exists scheduled__2025-06-21T02:07:00+00:00 [queued]>
[2025-06-27T02:35:04.801+0000] {taskinstance.py:2865} INFO - Starting attempt 1 of 1
[2025-06-27T02:35:04.816+0000] {taskinstance.py:2888} INFO - Executing <Task(BigQueryInsertJobOperator): run_partition_insert_if_table_exists> on 2025-06-21 02:07:00+00:00
[2025-06-27T02:35:04.830+0000] {warnings.py:112} WARNING - /home/***/.local/lib/python3.12/site-packages/***/task/task_runner/standard_task_runner.py:70: DeprecationWarning: This process (pid=153) is multi-threaded, use of fork() may lead to deadlocks in the child.
  pid = os.fork()

[2025-06-27T02:35:04.834+0000] {standard_task_runner.py:72} INFO - Started process 170 to run task
[2025-06-27T02:35:04.840+0000] {standard_task_runner.py:104} INFO - Running: ['***', 'tasks', 'run', 'ga4_raw_data_elt', 'run_partition_insert_if_table_exists', 'scheduled__2025-06-21T02:07:00+00:00', '--job-id', '31', '--raw', '--subdir', 'DAGS_FOLDER/GA4_data_elt.py', '--cfg-path', '/tmp/tmpdql5cltr']
[2025-06-27T02:35:04.846+0000] {standard_task_runner.py:105} INFO - Job 31: Subtask run_partition_insert_if_table_exists
[2025-06-27T02:35:04.934+0000] {task_command.py:467} INFO - Running <TaskInstance: ga4_raw_data_elt.run_partition_insert_if_table_exists scheduled__2025-06-21T02:07:00+00:00 [running]> on host ba60ab6371e3
[2025-06-27T02:35:05.017+0000] {taskinstance.py:3131} INFO - Exporting env vars: AIRFLOW_CTX_DAG_OWNER='***' AIRFLOW_CTX_DAG_ID='ga4_raw_data_elt' AIRFLOW_CTX_TASK_ID='run_partition_insert_if_table_exists' AIRFLOW_CTX_EXECUTION_DATE='2025-06-21T02:07:00+00:00' AIRFLOW_CTX_TRY_NUMBER='1' AIRFLOW_CTX_DAG_RUN_ID='scheduled__2025-06-21T02:07:00+00:00'
[2025-06-27T02:35:05.020+0000] {taskinstance.py:731} INFO - ::endgroup::
[2025-06-27T02:35:05.030+0000] {connection.py:277} WARNING - Connection schemes (type: google_cloud_platform) shall not contain '_' according to RFC3986.
[2025-06-27T02:35:05.032+0000] {base.py:84} INFO - Retrieving connection 'google_cloud_default'
[2025-06-27T02:35:05.080+0000] {bigquery.py:2957} INFO - Executing: {'query': {'query': '\n                    DECLARE dt STRING;\n                    DECLARE table_exists BOOL;\n\n                    SET dt = FORMAT_DATE(\'%Y%m%d\', DATE(\'2025-06-21\'));\n\n                    SET table_exists = (\n                    SELECT COUNT(*) > 0\n                    FROM `sixth-topic-349709.analytics_412203527.__TABLES__`\n                    WHERE table_id = FORMAT("events_%s", dt)\n                    );\n\n                    IF table_exists THEN\n                    EXECUTE IMMEDIATE FORMAT(\'\'\'\n                        DELETE FROM `sixth-topic-349709.analytics_412203527.raw_data`\n                        WHERE partition_date = PARSE_DATE(\'%%Y%%m%%d\', \'%s\')\n                    \'\'\', dt);\n                    \n                    EXECUTE IMMEDIATE FORMAT(\'\'\'\n                        INSERT INTO `sixth-topic-349709.analytics_412203527.raw_data`    \n                        SELECT *, PARSE_DATE(\'%%Y%%m%%d\', event_date) AS partition_date\n                        FROM `sixth-topic-349709.analytics_412203527.events_%s`\n                    \'\'\', dt);\n                    END IF;     \n                ', 'useLegacySql': False}}'
[2025-06-27T02:35:05.083+0000] {bigquery.py:1702} INFO - Inserting job ***_ga4_raw_data_elt_run_partition_insert_if_table_exists_2025_06_21T02_07_00_00_00_745e12887438288d48fc019e716b5f72
[2025-06-27T02:35:24.446+0000] {taskinstance.py:340} INFO - ::group::Post task execution logs
[2025-06-27T02:35:24.448+0000] {taskinstance.py:352} INFO - Marking task as SUCCESS. dag_id=ga4_raw_data_elt, task_id=run_partition_insert_if_table_exists, run_id=scheduled__2025-06-21T02:07:00+00:00, execution_date=20250621T020700, start_date=20250627T023504, end_date=20250627T023524
[2025-06-27T02:35:24.488+0000] {local_task_job_runner.py:266} INFO - Task exited with return code 0
[2025-06-27T02:35:24.542+0000] {taskinstance.py:3900} INFO - 1 downstream tasks scheduled from follow-on schedule check
[2025-06-27T02:35:24.543+0000] {local_task_job_runner.py:245} INFO - ::endgroup::
