[2025-06-27T02:40:35.152+0000] {local_task_job_runner.py:123} INFO - ::group::Pre task execution logs
[2025-06-27T02:40:35.164+0000] {taskinstance.py:2612} INFO - Dependencies all met for dep_context=non-requeueable deps ti=<TaskInstance: ga4_raw_data_elt.start_task scheduled__2025-06-26T02:07:00+00:00 [queued]>
[2025-06-27T02:40:35.169+0000] {taskinstance.py:2612} INFO - Dependencies all met for dep_context=requeueable deps ti=<TaskInstance: ga4_raw_data_elt.start_task scheduled__2025-06-26T02:07:00+00:00 [queued]>
[2025-06-27T02:40:35.169+0000] {taskinstance.py:2865} INFO - Starting attempt 2 of 2
[2025-06-27T02:40:35.178+0000] {taskinstance.py:2888} INFO - Executing <Task(_PythonDecoratedOperator): start_task> on 2025-06-26 02:07:00+00:00
[2025-06-27T02:40:35.188+0000] {standard_task_runner.py:104} INFO - Running: ['***', 'tasks', 'run', 'ga4_raw_data_elt', 'start_task', 'scheduled__2025-06-26T02:07:00+00:00', '--job-id', '60', '--raw', '--subdir', 'DAGS_FOLDER/GA4_data_elt.py', '--cfg-path', '/tmp/tmp015dto47']
[2025-06-27T02:40:35.185+0000] {warnings.py:112} WARNING - /home/***/.local/lib/python3.12/site-packages/***/task/task_runner/standard_task_runner.py:70: DeprecationWarning: This process (pid=275) is multi-threaded, use of fork() may lead to deadlocks in the child.
  pid = os.fork()

[2025-06-27T02:40:35.191+0000] {standard_task_runner.py:105} INFO - Job 60: Subtask start_task
[2025-06-27T02:40:35.191+0000] {standard_task_runner.py:72} INFO - Started process 283 to run task
[2025-06-27T02:40:35.229+0000] {task_command.py:467} INFO - Running <TaskInstance: ga4_raw_data_elt.start_task scheduled__2025-06-26T02:07:00+00:00 [running]> on host ba60ab6371e3
[2025-06-27T02:40:35.278+0000] {taskinstance.py:3131} INFO - Exporting env vars: AIRFLOW_CTX_DAG_OWNER='***' AIRFLOW_CTX_DAG_ID='ga4_raw_data_elt' AIRFLOW_CTX_TASK_ID='start_task' AIRFLOW_CTX_EXECUTION_DATE='2025-06-26T02:07:00+00:00' AIRFLOW_CTX_TRY_NUMBER='2' AIRFLOW_CTX_DAG_RUN_ID='scheduled__2025-06-26T02:07:00+00:00'
[2025-06-27T02:40:35.279+0000] {taskinstance.py:731} INFO - ::endgroup::
[2025-06-27T02:40:35.282+0000] {logging_mixin.py:190} INFO - start
[2025-06-27T02:40:35.282+0000] {logging_mixin.py:190} INFO - ds: 2025-06-26
[2025-06-27T02:40:35.282+0000] {python.py:240} INFO - Done. Returned value was: None
[2025-06-27T02:40:35.288+0000] {taskinstance.py:340} INFO - ::group::Post task execution logs
[2025-06-27T02:40:35.289+0000] {taskinstance.py:352} INFO - Marking task as SUCCESS. dag_id=ga4_raw_data_elt, task_id=start_task, run_id=scheduled__2025-06-26T02:07:00+00:00, execution_date=20250626T020700, start_date=20250627T024035, end_date=20250627T024035
[2025-06-27T02:40:35.335+0000] {local_task_job_runner.py:266} INFO - Task exited with return code 0
[2025-06-27T02:40:35.358+0000] {taskinstance.py:3900} INFO - 1 downstream tasks scheduled from follow-on schedule check
[2025-06-27T02:40:35.360+0000] {local_task_job_runner.py:245} INFO - ::endgroup::
