[2025-06-27T02:07:01.249+0000] {local_task_job_runner.py:123} INFO - ::group::Pre task execution logs
[2025-06-27T02:07:01.258+0000] {taskinstance.py:2612} INFO - Dependencies all met for dep_context=non-requeueable deps ti=<TaskInstance: ga4_raw_data_elt.start_task scheduled__2025-06-26T02:07:00+00:00 [queued]>
[2025-06-27T02:07:01.262+0000] {taskinstance.py:2612} INFO - Dependencies all met for dep_context=requeueable deps ti=<TaskInstance: ga4_raw_data_elt.start_task scheduled__2025-06-26T02:07:00+00:00 [queued]>
[2025-06-27T02:07:01.262+0000] {taskinstance.py:2865} INFO - Starting attempt 1 of 1
[2025-06-27T02:07:01.269+0000] {taskinstance.py:2888} INFO - Executing <Task(_PythonDecoratedOperator): start_task> on 2025-06-26 02:07:00+00:00
[2025-06-27T02:07:01.275+0000] {warnings.py:112} WARNING - /home/***/.local/lib/python3.12/site-packages/***/task/task_runner/standard_task_runner.py:70: DeprecationWarning: This process (pid=182) is multi-threaded, use of fork() may lead to deadlocks in the child.
  pid = os.fork()

[2025-06-27T02:07:01.276+0000] {standard_task_runner.py:72} INFO - Started process 184 to run task
[2025-06-27T02:07:01.277+0000] {standard_task_runner.py:104} INFO - Running: ['***', 'tasks', 'run', 'ga4_raw_data_elt', 'start_task', 'scheduled__2025-06-26T02:07:00+00:00', '--job-id', '36', '--raw', '--subdir', 'DAGS_FOLDER/GA4_data_elt.py', '--cfg-path', '/tmp/tmpkfxq4332']
[2025-06-27T02:07:01.279+0000] {standard_task_runner.py:105} INFO - Job 36: Subtask start_task
[2025-06-27T02:07:01.324+0000] {task_command.py:467} INFO - Running <TaskInstance: ga4_raw_data_elt.start_task scheduled__2025-06-26T02:07:00+00:00 [running]> on host 040d1cf847a3
[2025-06-27T02:07:01.369+0000] {taskinstance.py:3131} INFO - Exporting env vars: AIRFLOW_CTX_DAG_OWNER='***' AIRFLOW_CTX_DAG_ID='ga4_raw_data_elt' AIRFLOW_CTX_TASK_ID='start_task' AIRFLOW_CTX_EXECUTION_DATE='2025-06-26T02:07:00+00:00' AIRFLOW_CTX_TRY_NUMBER='1' AIRFLOW_CTX_DAG_RUN_ID='scheduled__2025-06-26T02:07:00+00:00'
[2025-06-27T02:07:01.371+0000] {taskinstance.py:731} INFO - ::endgroup::
[2025-06-27T02:07:01.372+0000] {logging_mixin.py:190} INFO - start
[2025-06-27T02:07:01.373+0000] {logging_mixin.py:190} INFO - ds: 2025-06-26
[2025-06-27T02:07:01.373+0000] {python.py:240} INFO - Done. Returned value was: None
[2025-06-27T02:07:01.378+0000] {taskinstance.py:340} INFO - ::group::Post task execution logs
[2025-06-27T02:07:01.378+0000] {taskinstance.py:352} INFO - Marking task as SUCCESS. dag_id=ga4_raw_data_elt, task_id=start_task, run_id=scheduled__2025-06-26T02:07:00+00:00, execution_date=20250626T020700, start_date=20250627T020701, end_date=20250627T020701
[2025-06-27T02:07:01.417+0000] {local_task_job_runner.py:266} INFO - Task exited with return code 0
[2025-06-27T02:07:01.431+0000] {taskinstance.py:3900} INFO - 1 downstream tasks scheduled from follow-on schedule check
[2025-06-27T02:07:01.431+0000] {local_task_job_runner.py:245} INFO - ::endgroup::
[2025-06-27T02:17:46.059+0000] {local_task_job_runner.py:123} INFO - ::group::Pre task execution logs
[2025-06-27T02:17:46.078+0000] {taskinstance.py:2612} INFO - Dependencies all met for dep_context=non-requeueable deps ti=<TaskInstance: ga4_raw_data_elt.start_task scheduled__2025-06-26T02:07:00+00:00 [queued]>
[2025-06-27T02:17:46.089+0000] {taskinstance.py:2612} INFO - Dependencies all met for dep_context=requeueable deps ti=<TaskInstance: ga4_raw_data_elt.start_task scheduled__2025-06-26T02:07:00+00:00 [queued]>
[2025-06-27T02:17:46.090+0000] {taskinstance.py:2865} INFO - Starting attempt 1 of 1
[2025-06-27T02:17:46.099+0000] {taskinstance.py:2888} INFO - Executing <Task(_PythonDecoratedOperator): start_task> on 2025-06-26 02:07:00+00:00
[2025-06-27T02:17:46.118+0000] {warnings.py:112} WARNING - /home/***/.local/lib/python3.12/site-packages/***/task/task_runner/standard_task_runner.py:70: DeprecationWarning: This process (pid=62) is multi-threaded, use of fork() may lead to deadlocks in the child.
  pid = os.fork()

[2025-06-27T02:17:46.162+0000] {standard_task_runner.py:72} INFO - Started process 70 to run task
[2025-06-27T02:17:46.164+0000] {standard_task_runner.py:104} INFO - Running: ['***', 'tasks', 'run', 'ga4_raw_data_elt', 'start_task', 'scheduled__2025-06-26T02:07:00+00:00', '--job-id', '10', '--raw', '--subdir', 'DAGS_FOLDER/GA4_data_elt.py', '--cfg-path', '/tmp/tmpagohlft1']
[2025-06-27T02:17:46.198+0000] {standard_task_runner.py:105} INFO - Job 10: Subtask start_task
[2025-06-27T02:17:46.305+0000] {task_command.py:467} INFO - Running <TaskInstance: ga4_raw_data_elt.start_task scheduled__2025-06-26T02:07:00+00:00 [running]> on host ece8b7d95be1
[2025-06-27T02:17:46.394+0000] {taskinstance.py:3131} INFO - Exporting env vars: AIRFLOW_CTX_DAG_OWNER='***' AIRFLOW_CTX_DAG_ID='ga4_raw_data_elt' AIRFLOW_CTX_TASK_ID='start_task' AIRFLOW_CTX_EXECUTION_DATE='2025-06-26T02:07:00+00:00' AIRFLOW_CTX_TRY_NUMBER='1' AIRFLOW_CTX_DAG_RUN_ID='scheduled__2025-06-26T02:07:00+00:00'
[2025-06-27T02:17:46.398+0000] {taskinstance.py:731} INFO - ::endgroup::
[2025-06-27T02:17:46.401+0000] {logging_mixin.py:190} INFO - start
[2025-06-27T02:17:46.401+0000] {logging_mixin.py:190} INFO - ds: 2025-06-26
[2025-06-27T02:17:46.402+0000] {python.py:240} INFO - Done. Returned value was: None
[2025-06-27T02:17:46.411+0000] {taskinstance.py:340} INFO - ::group::Post task execution logs
[2025-06-27T02:17:46.412+0000] {taskinstance.py:352} INFO - Marking task as SUCCESS. dag_id=ga4_raw_data_elt, task_id=start_task, run_id=scheduled__2025-06-26T02:07:00+00:00, execution_date=20250626T020700, start_date=20250627T021746, end_date=20250627T021746
[2025-06-27T02:17:46.457+0000] {local_task_job_runner.py:266} INFO - Task exited with return code 0
[2025-06-27T02:17:46.483+0000] {taskinstance.py:3900} INFO - 1 downstream tasks scheduled from follow-on schedule check
[2025-06-27T02:17:46.484+0000] {local_task_job_runner.py:245} INFO - ::endgroup::
[2025-06-27T02:21:06.151+0000] {local_task_job_runner.py:123} INFO - ::group::Pre task execution logs
[2025-06-27T02:21:06.181+0000] {taskinstance.py:2612} INFO - Dependencies all met for dep_context=non-requeueable deps ti=<TaskInstance: ga4_raw_data_elt.start_task scheduled__2025-06-26T02:07:00+00:00 [queued]>
[2025-06-27T02:21:06.194+0000] {taskinstance.py:2612} INFO - Dependencies all met for dep_context=requeueable deps ti=<TaskInstance: ga4_raw_data_elt.start_task scheduled__2025-06-26T02:07:00+00:00 [queued]>
[2025-06-27T02:21:06.195+0000] {taskinstance.py:2865} INFO - Starting attempt 1 of 1
[2025-06-27T02:21:06.354+0000] {taskinstance.py:2888} INFO - Executing <Task(_PythonDecoratedOperator): start_task> on 2025-06-26 02:07:00+00:00
[2025-06-27T02:21:06.382+0000] {warnings.py:112} WARNING - /home/***/.local/lib/python3.12/site-packages/***/task/task_runner/standard_task_runner.py:70: DeprecationWarning: This process (pid=63) is multi-threaded, use of fork() may lead to deadlocks in the child.
  pid = os.fork()

[2025-06-27T02:21:06.389+0000] {standard_task_runner.py:72} INFO - Started process 80 to run task
[2025-06-27T02:21:06.390+0000] {standard_task_runner.py:104} INFO - Running: ['***', 'tasks', 'run', 'ga4_raw_data_elt', 'start_task', 'scheduled__2025-06-26T02:07:00+00:00', '--job-id', '10', '--raw', '--subdir', 'DAGS_FOLDER/GA4_data_elt.py', '--cfg-path', '/tmp/tmp09re6kil']
[2025-06-27T02:21:06.396+0000] {standard_task_runner.py:105} INFO - Job 10: Subtask start_task
[2025-06-27T02:21:06.477+0000] {task_command.py:467} INFO - Running <TaskInstance: ga4_raw_data_elt.start_task scheduled__2025-06-26T02:07:00+00:00 [running]> on host a6d750376b6f
[2025-06-27T02:21:06.575+0000] {taskinstance.py:3131} INFO - Exporting env vars: AIRFLOW_CTX_DAG_OWNER='***' AIRFLOW_CTX_DAG_ID='ga4_raw_data_elt' AIRFLOW_CTX_TASK_ID='start_task' AIRFLOW_CTX_EXECUTION_DATE='2025-06-26T02:07:00+00:00' AIRFLOW_CTX_TRY_NUMBER='1' AIRFLOW_CTX_DAG_RUN_ID='scheduled__2025-06-26T02:07:00+00:00'
[2025-06-27T02:21:06.576+0000] {taskinstance.py:731} INFO - ::endgroup::
[2025-06-27T02:21:06.579+0000] {logging_mixin.py:190} INFO - start
[2025-06-27T02:21:06.582+0000] {logging_mixin.py:190} INFO - ds: 2025-06-26
[2025-06-27T02:21:06.582+0000] {python.py:240} INFO - Done. Returned value was: None
[2025-06-27T02:21:06.590+0000] {taskinstance.py:340} INFO - ::group::Post task execution logs
[2025-06-27T02:21:06.591+0000] {taskinstance.py:352} INFO - Marking task as SUCCESS. dag_id=ga4_raw_data_elt, task_id=start_task, run_id=scheduled__2025-06-26T02:07:00+00:00, execution_date=20250626T020700, start_date=20250627T022106, end_date=20250627T022106
[2025-06-27T02:21:06.620+0000] {local_task_job_runner.py:266} INFO - Task exited with return code 0
[2025-06-27T02:21:06.662+0000] {taskinstance.py:3900} INFO - 1 downstream tasks scheduled from follow-on schedule check
[2025-06-27T02:21:06.667+0000] {local_task_job_runner.py:245} INFO - ::endgroup::
[2025-06-27T02:34:50.413+0000] {local_task_job_runner.py:123} INFO - ::group::Pre task execution logs
[2025-06-27T02:34:50.428+0000] {taskinstance.py:2612} INFO - Dependencies all met for dep_context=non-requeueable deps ti=<TaskInstance: ga4_raw_data_elt.start_task scheduled__2025-06-26T02:07:00+00:00 [queued]>
[2025-06-27T02:34:50.435+0000] {taskinstance.py:2612} INFO - Dependencies all met for dep_context=requeueable deps ti=<TaskInstance: ga4_raw_data_elt.start_task scheduled__2025-06-26T02:07:00+00:00 [queued]>
[2025-06-27T02:34:50.436+0000] {taskinstance.py:2865} INFO - Starting attempt 1 of 1
[2025-06-27T02:34:50.454+0000] {taskinstance.py:2888} INFO - Executing <Task(_PythonDecoratedOperator): start_task> on 2025-06-26 02:07:00+00:00
[2025-06-27T02:34:50.469+0000] {warnings.py:112} WARNING - /home/***/.local/lib/python3.12/site-packages/***/task/task_runner/standard_task_runner.py:70: DeprecationWarning: This process (pid=63) is multi-threaded, use of fork() may lead to deadlocks in the child.
  pid = os.fork()

[2025-06-27T02:34:50.474+0000] {standard_task_runner.py:72} INFO - Started process 73 to run task
[2025-06-27T02:34:50.485+0000] {standard_task_runner.py:104} INFO - Running: ['***', 'tasks', 'run', 'ga4_raw_data_elt', 'start_task', 'scheduled__2025-06-26T02:07:00+00:00', '--job-id', '9', '--raw', '--subdir', 'DAGS_FOLDER/GA4_data_elt.py', '--cfg-path', '/tmp/tmpy2hk5a1_']
[2025-06-27T02:34:50.498+0000] {standard_task_runner.py:105} INFO - Job 9: Subtask start_task
[2025-06-27T02:34:50.652+0000] {task_command.py:467} INFO - Running <TaskInstance: ga4_raw_data_elt.start_task scheduled__2025-06-26T02:07:00+00:00 [running]> on host ba60ab6371e3
[2025-06-27T02:34:50.758+0000] {taskinstance.py:3131} INFO - Exporting env vars: AIRFLOW_CTX_DAG_OWNER='***' AIRFLOW_CTX_DAG_ID='ga4_raw_data_elt' AIRFLOW_CTX_TASK_ID='start_task' AIRFLOW_CTX_EXECUTION_DATE='2025-06-26T02:07:00+00:00' AIRFLOW_CTX_TRY_NUMBER='1' AIRFLOW_CTX_DAG_RUN_ID='scheduled__2025-06-26T02:07:00+00:00'
[2025-06-27T02:34:50.761+0000] {taskinstance.py:731} INFO - ::endgroup::
[2025-06-27T02:34:50.764+0000] {logging_mixin.py:190} INFO - start
[2025-06-27T02:34:50.765+0000] {logging_mixin.py:190} INFO - ds: 2025-06-26
[2025-06-27T02:34:50.766+0000] {python.py:240} INFO - Done. Returned value was: None
[2025-06-27T02:34:50.777+0000] {taskinstance.py:340} INFO - ::group::Post task execution logs
[2025-06-27T02:34:50.777+0000] {taskinstance.py:352} INFO - Marking task as SUCCESS. dag_id=ga4_raw_data_elt, task_id=start_task, run_id=scheduled__2025-06-26T02:07:00+00:00, execution_date=20250626T020700, start_date=20250627T023450, end_date=20250627T023450
[2025-06-27T02:34:50.843+0000] {local_task_job_runner.py:266} INFO - Task exited with return code 0
[2025-06-27T02:34:50.875+0000] {taskinstance.py:3900} INFO - 1 downstream tasks scheduled from follow-on schedule check
[2025-06-27T02:34:50.877+0000] {local_task_job_runner.py:245} INFO - ::endgroup::
