[2025-06-27T02:00:04.078+0000] {local_task_job_runner.py:123} INFO - ::group::Pre task execution logs
[2025-06-27T02:00:04.086+0000] {taskinstance.py:2612} INFO - Dependencies all met for dep_context=non-requeueable deps ti=<TaskInstance: gcs_to_bigquery_etl.extract_and_upload_to_gcs scheduled__2025-06-26T02:00:00+00:00 [queued]>
[2025-06-27T02:00:04.091+0000] {taskinstance.py:2612} INFO - Dependencies all met for dep_context=requeueable deps ti=<TaskInstance: gcs_to_bigquery_etl.extract_and_upload_to_gcs scheduled__2025-06-26T02:00:00+00:00 [queued]>
[2025-06-27T02:00:04.092+0000] {taskinstance.py:2865} INFO - Starting attempt 1 of 1
[2025-06-27T02:00:04.098+0000] {taskinstance.py:2888} INFO - Executing <Task(_PythonDecoratedOperator): extract_and_upload_to_gcs> on 2025-06-26 02:00:00+00:00
[2025-06-27T02:00:04.102+0000] {warnings.py:112} WARNING - /home/***/.local/lib/python3.12/site-packages/***/task/task_runner/standard_task_runner.py:70: DeprecationWarning: This process (pid=74) is multi-threaded, use of fork() may lead to deadlocks in the child.
  pid = os.fork()

[2025-06-27T02:00:04.103+0000] {standard_task_runner.py:72} INFO - Started process 76 to run task
[2025-06-27T02:00:04.104+0000] {standard_task_runner.py:104} INFO - Running: ['***', 'tasks', 'run', 'gcs_to_bigquery_etl', 'extract_and_upload_to_gcs', 'scheduled__2025-06-26T02:00:00+00:00', '--job-id', '44', '--raw', '--subdir', 'DAGS_FOLDER/simple_etl_bigquery_ver3.py', '--cfg-path', '/tmp/tmpm_istuq7']
[2025-06-27T02:00:04.106+0000] {standard_task_runner.py:105} INFO - Job 44: Subtask extract_and_upload_to_gcs
[2025-06-27T02:00:04.148+0000] {task_command.py:467} INFO - Running <TaskInstance: gcs_to_bigquery_etl.extract_and_upload_to_gcs scheduled__2025-06-26T02:00:00+00:00 [running]> on host 9cd2c6ca0862
[2025-06-27T02:00:04.199+0000] {taskinstance.py:3131} INFO - Exporting env vars: AIRFLOW_CTX_DAG_OWNER='***' AIRFLOW_CTX_DAG_ID='gcs_to_bigquery_etl' AIRFLOW_CTX_TASK_ID='extract_and_upload_to_gcs' AIRFLOW_CTX_EXECUTION_DATE='2025-06-26T02:00:00+00:00' AIRFLOW_CTX_TRY_NUMBER='1' AIRFLOW_CTX_DAG_RUN_ID='scheduled__2025-06-26T02:00:00+00:00'
[2025-06-27T02:00:04.200+0000] {taskinstance.py:731} INFO - ::endgroup::
[2025-06-27T02:00:04.702+0000] {connection.py:277} WARNING - Connection schemes (type: google_cloud_platform) shall not contain '_' according to RFC3986.
[2025-06-27T02:00:04.705+0000] {base.py:84} INFO - Retrieving connection 'google_cloud_default'
[2025-06-27T02:00:05.545+0000] {gcs.py:574} INFO - Data stream uploaded to country_capital.csv in hanpoom_*** bucket
[2025-06-27T02:00:05.547+0000] {python.py:240} INFO - Done. Returned value was: gs://hanpoom_***/country_capital.csv
[2025-06-27T02:00:05.573+0000] {taskinstance.py:340} INFO - ::group::Post task execution logs
[2025-06-27T02:00:05.574+0000] {taskinstance.py:352} INFO - Marking task as SUCCESS. dag_id=gcs_to_bigquery_etl, task_id=extract_and_upload_to_gcs, run_id=scheduled__2025-06-26T02:00:00+00:00, execution_date=20250626T020000, start_date=20250627T020004, end_date=20250627T020005
[2025-06-27T02:00:05.605+0000] {local_task_job_runner.py:266} INFO - Task exited with return code 0
[2025-06-27T02:00:05.627+0000] {taskinstance.py:3900} INFO - 1 downstream tasks scheduled from follow-on schedule check
[2025-06-27T02:00:05.629+0000] {local_task_job_runner.py:245} INFO - ::endgroup::
[2025-06-27T02:06:12.808+0000] {local_task_job_runner.py:123} INFO - ::group::Pre task execution logs
[2025-06-27T02:06:12.822+0000] {taskinstance.py:2612} INFO - Dependencies all met for dep_context=non-requeueable deps ti=<TaskInstance: gcs_to_bigquery_etl.extract_and_upload_to_gcs scheduled__2025-06-26T02:00:00+00:00 [queued]>
[2025-06-27T02:06:12.829+0000] {taskinstance.py:2612} INFO - Dependencies all met for dep_context=requeueable deps ti=<TaskInstance: gcs_to_bigquery_etl.extract_and_upload_to_gcs scheduled__2025-06-26T02:00:00+00:00 [queued]>
[2025-06-27T02:06:12.829+0000] {taskinstance.py:2865} INFO - Starting attempt 1 of 1
[2025-06-27T02:06:12.838+0000] {taskinstance.py:2888} INFO - Executing <Task(_PythonDecoratedOperator): extract_and_upload_to_gcs> on 2025-06-26 02:00:00+00:00
[2025-06-27T02:06:12.856+0000] {warnings.py:112} WARNING - /home/***/.local/lib/python3.12/site-packages/***/task/task_runner/standard_task_runner.py:70: DeprecationWarning: This process (pid=90) is multi-threaded, use of fork() may lead to deadlocks in the child.
  pid = os.fork()

[2025-06-27T02:06:12.861+0000] {standard_task_runner.py:72} INFO - Started process 104 to run task
[2025-06-27T02:06:12.862+0000] {standard_task_runner.py:104} INFO - Running: ['***', 'tasks', 'run', 'gcs_to_bigquery_etl', 'extract_and_upload_to_gcs', 'scheduled__2025-06-26T02:00:00+00:00', '--job-id', '16', '--raw', '--subdir', 'DAGS_FOLDER/simple_etl_bigquery_ver3.py', '--cfg-path', '/tmp/tmp077o33lk']
[2025-06-27T02:06:12.869+0000] {standard_task_runner.py:105} INFO - Job 16: Subtask extract_and_upload_to_gcs
[2025-06-27T02:06:12.940+0000] {task_command.py:467} INFO - Running <TaskInstance: gcs_to_bigquery_etl.extract_and_upload_to_gcs scheduled__2025-06-26T02:00:00+00:00 [running]> on host 040d1cf847a3
[2025-06-27T02:06:13.003+0000] {taskinstance.py:3131} INFO - Exporting env vars: AIRFLOW_CTX_DAG_OWNER='***' AIRFLOW_CTX_DAG_ID='gcs_to_bigquery_etl' AIRFLOW_CTX_TASK_ID='extract_and_upload_to_gcs' AIRFLOW_CTX_EXECUTION_DATE='2025-06-26T02:00:00+00:00' AIRFLOW_CTX_TRY_NUMBER='1' AIRFLOW_CTX_DAG_RUN_ID='scheduled__2025-06-26T02:00:00+00:00'
[2025-06-27T02:06:13.006+0000] {taskinstance.py:731} INFO - ::endgroup::
[2025-06-27T02:06:13.572+0000] {connection.py:277} WARNING - Connection schemes (type: google_cloud_platform) shall not contain '_' according to RFC3986.
[2025-06-27T02:06:13.574+0000] {base.py:84} INFO - Retrieving connection 'google_cloud_default'
[2025-06-27T02:06:14.235+0000] {gcs.py:574} INFO - Data stream uploaded to country_capital.csv in hanpoom_*** bucket
[2025-06-27T02:06:14.237+0000] {python.py:240} INFO - Done. Returned value was: gs://hanpoom_***/country_capital.csv
[2025-06-27T02:06:14.255+0000] {taskinstance.py:340} INFO - ::group::Post task execution logs
[2025-06-27T02:06:14.256+0000] {taskinstance.py:352} INFO - Marking task as SUCCESS. dag_id=gcs_to_bigquery_etl, task_id=extract_and_upload_to_gcs, run_id=scheduled__2025-06-26T02:00:00+00:00, execution_date=20250626T020000, start_date=20250627T020612, end_date=20250627T020614
[2025-06-27T02:06:14.290+0000] {local_task_job_runner.py:266} INFO - Task exited with return code 0
[2025-06-27T02:06:14.305+0000] {taskinstance.py:3900} INFO - 1 downstream tasks scheduled from follow-on schedule check
[2025-06-27T02:06:14.306+0000] {local_task_job_runner.py:245} INFO - ::endgroup::
[2025-06-27T02:17:49.845+0000] {local_task_job_runner.py:123} INFO - ::group::Pre task execution logs
[2025-06-27T02:17:49.857+0000] {taskinstance.py:2612} INFO - Dependencies all met for dep_context=non-requeueable deps ti=<TaskInstance: gcs_to_bigquery_etl.extract_and_upload_to_gcs scheduled__2025-06-26T02:00:00+00:00 [queued]>
[2025-06-27T02:17:49.862+0000] {taskinstance.py:2612} INFO - Dependencies all met for dep_context=requeueable deps ti=<TaskInstance: gcs_to_bigquery_etl.extract_and_upload_to_gcs scheduled__2025-06-26T02:00:00+00:00 [queued]>
[2025-06-27T02:17:49.862+0000] {taskinstance.py:2865} INFO - Starting attempt 1 of 1
[2025-06-27T02:17:49.869+0000] {taskinstance.py:2888} INFO - Executing <Task(_PythonDecoratedOperator): extract_and_upload_to_gcs> on 2025-06-26 02:00:00+00:00
[2025-06-27T02:17:49.874+0000] {warnings.py:112} WARNING - /home/***/.local/lib/python3.12/site-packages/***/task/task_runner/standard_task_runner.py:70: DeprecationWarning: This process (pid=110) is multi-threaded, use of fork() may lead to deadlocks in the child.
  pid = os.fork()

[2025-06-27T02:17:49.876+0000] {standard_task_runner.py:72} INFO - Started process 112 to run task
[2025-06-27T02:17:49.876+0000] {standard_task_runner.py:104} INFO - Running: ['***', 'tasks', 'run', 'gcs_to_bigquery_etl', 'extract_and_upload_to_gcs', 'scheduled__2025-06-26T02:00:00+00:00', '--job-id', '18', '--raw', '--subdir', 'DAGS_FOLDER/simple_etl_bigquery_ver3.py', '--cfg-path', '/tmp/tmpynsxinse']
[2025-06-27T02:17:49.879+0000] {standard_task_runner.py:105} INFO - Job 18: Subtask extract_and_upload_to_gcs
[2025-06-27T02:17:49.920+0000] {task_command.py:467} INFO - Running <TaskInstance: gcs_to_bigquery_etl.extract_and_upload_to_gcs scheduled__2025-06-26T02:00:00+00:00 [running]> on host ece8b7d95be1
[2025-06-27T02:17:49.985+0000] {taskinstance.py:3131} INFO - Exporting env vars: AIRFLOW_CTX_DAG_OWNER='***' AIRFLOW_CTX_DAG_ID='gcs_to_bigquery_etl' AIRFLOW_CTX_TASK_ID='extract_and_upload_to_gcs' AIRFLOW_CTX_EXECUTION_DATE='2025-06-26T02:00:00+00:00' AIRFLOW_CTX_TRY_NUMBER='1' AIRFLOW_CTX_DAG_RUN_ID='scheduled__2025-06-26T02:00:00+00:00'
[2025-06-27T02:17:49.987+0000] {taskinstance.py:731} INFO - ::endgroup::
[2025-06-27T02:17:50.507+0000] {connection.py:277} WARNING - Connection schemes (type: google_cloud_platform) shall not contain '_' according to RFC3986.
[2025-06-27T02:17:50.508+0000] {base.py:84} INFO - Retrieving connection 'google_cloud_default'
[2025-06-27T02:17:51.307+0000] {gcs.py:574} INFO - Data stream uploaded to country_capital.csv in hanpoom_*** bucket
[2025-06-27T02:17:51.314+0000] {python.py:240} INFO - Done. Returned value was: gs://hanpoom_***/country_capital.csv
[2025-06-27T02:17:51.380+0000] {taskinstance.py:340} INFO - ::group::Post task execution logs
[2025-06-27T02:17:51.381+0000] {taskinstance.py:352} INFO - Marking task as SUCCESS. dag_id=gcs_to_bigquery_etl, task_id=extract_and_upload_to_gcs, run_id=scheduled__2025-06-26T02:00:00+00:00, execution_date=20250626T020000, start_date=20250627T021749, end_date=20250627T021751
[2025-06-27T02:17:51.437+0000] {local_task_job_runner.py:266} INFO - Task exited with return code 0
[2025-06-27T02:17:51.480+0000] {taskinstance.py:3900} INFO - 1 downstream tasks scheduled from follow-on schedule check
[2025-06-27T02:17:51.488+0000] {local_task_job_runner.py:245} INFO - ::endgroup::
[2025-06-27T02:21:10.140+0000] {local_task_job_runner.py:123} INFO - ::group::Pre task execution logs
[2025-06-27T02:21:10.149+0000] {taskinstance.py:2612} INFO - Dependencies all met for dep_context=non-requeueable deps ti=<TaskInstance: gcs_to_bigquery_etl.extract_and_upload_to_gcs scheduled__2025-06-26T02:00:00+00:00 [queued]>
[2025-06-27T02:21:10.155+0000] {taskinstance.py:2612} INFO - Dependencies all met for dep_context=requeueable deps ti=<TaskInstance: gcs_to_bigquery_etl.extract_and_upload_to_gcs scheduled__2025-06-26T02:00:00+00:00 [queued]>
[2025-06-27T02:21:10.156+0000] {taskinstance.py:2865} INFO - Starting attempt 1 of 1
[2025-06-27T02:21:10.162+0000] {taskinstance.py:2888} INFO - Executing <Task(_PythonDecoratedOperator): extract_and_upload_to_gcs> on 2025-06-26 02:00:00+00:00
[2025-06-27T02:21:10.169+0000] {warnings.py:112} WARNING - /home/***/.local/lib/python3.12/site-packages/***/task/task_runner/standard_task_runner.py:70: DeprecationWarning: This process (pid=96) is multi-threaded, use of fork() may lead to deadlocks in the child.
  pid = os.fork()

[2025-06-27T02:21:10.171+0000] {standard_task_runner.py:72} INFO - Started process 112 to run task
[2025-06-27T02:21:10.170+0000] {standard_task_runner.py:104} INFO - Running: ['***', 'tasks', 'run', 'gcs_to_bigquery_etl', 'extract_and_upload_to_gcs', 'scheduled__2025-06-26T02:00:00+00:00', '--job-id', '18', '--raw', '--subdir', 'DAGS_FOLDER/simple_etl_bigquery_ver3.py', '--cfg-path', '/tmp/tmprrh6efux']
[2025-06-27T02:21:10.172+0000] {standard_task_runner.py:105} INFO - Job 18: Subtask extract_and_upload_to_gcs
[2025-06-27T02:21:10.213+0000] {task_command.py:467} INFO - Running <TaskInstance: gcs_to_bigquery_etl.extract_and_upload_to_gcs scheduled__2025-06-26T02:00:00+00:00 [running]> on host a6d750376b6f
[2025-06-27T02:21:10.268+0000] {taskinstance.py:3131} INFO - Exporting env vars: AIRFLOW_CTX_DAG_OWNER='***' AIRFLOW_CTX_DAG_ID='gcs_to_bigquery_etl' AIRFLOW_CTX_TASK_ID='extract_and_upload_to_gcs' AIRFLOW_CTX_EXECUTION_DATE='2025-06-26T02:00:00+00:00' AIRFLOW_CTX_TRY_NUMBER='1' AIRFLOW_CTX_DAG_RUN_ID='scheduled__2025-06-26T02:00:00+00:00'
[2025-06-27T02:21:10.271+0000] {taskinstance.py:731} INFO - ::endgroup::
[2025-06-27T02:21:10.761+0000] {connection.py:277} WARNING - Connection schemes (type: google_cloud_platform) shall not contain '_' according to RFC3986.
[2025-06-27T02:21:10.765+0000] {base.py:84} INFO - Retrieving connection 'google_cloud_default'
[2025-06-27T02:21:11.526+0000] {gcs.py:574} INFO - Data stream uploaded to country_capital.csv in hanpoom_*** bucket
[2025-06-27T02:21:11.537+0000] {python.py:240} INFO - Done. Returned value was: gs://hanpoom_***/country_capital.csv
[2025-06-27T02:21:11.611+0000] {taskinstance.py:340} INFO - ::group::Post task execution logs
[2025-06-27T02:21:11.613+0000] {taskinstance.py:352} INFO - Marking task as SUCCESS. dag_id=gcs_to_bigquery_etl, task_id=extract_and_upload_to_gcs, run_id=scheduled__2025-06-26T02:00:00+00:00, execution_date=20250626T020000, start_date=20250627T022110, end_date=20250627T022111
[2025-06-27T02:21:11.659+0000] {local_task_job_runner.py:266} INFO - Task exited with return code 0
[2025-06-27T02:21:11.705+0000] {local_task_job_runner.py:245} INFO - ::endgroup::
[2025-06-27T02:34:54.867+0000] {local_task_job_runner.py:123} INFO - ::group::Pre task execution logs
[2025-06-27T02:34:54.883+0000] {taskinstance.py:2612} INFO - Dependencies all met for dep_context=non-requeueable deps ti=<TaskInstance: gcs_to_bigquery_etl.extract_and_upload_to_gcs scheduled__2025-06-26T02:00:00+00:00 [queued]>
[2025-06-27T02:34:54.889+0000] {taskinstance.py:2612} INFO - Dependencies all met for dep_context=requeueable deps ti=<TaskInstance: gcs_to_bigquery_etl.extract_and_upload_to_gcs scheduled__2025-06-26T02:00:00+00:00 [queued]>
[2025-06-27T02:34:54.890+0000] {taskinstance.py:2865} INFO - Starting attempt 1 of 1
[2025-06-27T02:34:54.900+0000] {taskinstance.py:2888} INFO - Executing <Task(_PythonDecoratedOperator): extract_and_upload_to_gcs> on 2025-06-26 02:00:00+00:00
[2025-06-27T02:34:54.911+0000] {warnings.py:112} WARNING - /home/***/.local/lib/python3.12/site-packages/***/task/task_runner/standard_task_runner.py:70: DeprecationWarning: This process (pid=97) is multi-threaded, use of fork() may lead to deadlocks in the child.
  pid = os.fork()

[2025-06-27T02:34:54.913+0000] {standard_task_runner.py:72} INFO - Started process 113 to run task
[2025-06-27T02:34:54.912+0000] {standard_task_runner.py:104} INFO - Running: ['***', 'tasks', 'run', 'gcs_to_bigquery_etl', 'extract_and_upload_to_gcs', 'scheduled__2025-06-26T02:00:00+00:00', '--job-id', '18', '--raw', '--subdir', 'DAGS_FOLDER/simple_etl_bigquery_ver3.py', '--cfg-path', '/tmp/tmpqfthvelc']
[2025-06-27T02:34:54.917+0000] {standard_task_runner.py:105} INFO - Job 18: Subtask extract_and_upload_to_gcs
[2025-06-27T02:34:54.970+0000] {task_command.py:467} INFO - Running <TaskInstance: gcs_to_bigquery_etl.extract_and_upload_to_gcs scheduled__2025-06-26T02:00:00+00:00 [running]> on host ba60ab6371e3
[2025-06-27T02:34:55.025+0000] {taskinstance.py:3131} INFO - Exporting env vars: AIRFLOW_CTX_DAG_OWNER='***' AIRFLOW_CTX_DAG_ID='gcs_to_bigquery_etl' AIRFLOW_CTX_TASK_ID='extract_and_upload_to_gcs' AIRFLOW_CTX_EXECUTION_DATE='2025-06-26T02:00:00+00:00' AIRFLOW_CTX_TRY_NUMBER='1' AIRFLOW_CTX_DAG_RUN_ID='scheduled__2025-06-26T02:00:00+00:00'
[2025-06-27T02:34:55.033+0000] {taskinstance.py:731} INFO - ::endgroup::
[2025-06-27T02:34:55.619+0000] {connection.py:277} WARNING - Connection schemes (type: google_cloud_platform) shall not contain '_' according to RFC3986.
[2025-06-27T02:34:55.629+0000] {base.py:84} INFO - Retrieving connection 'google_cloud_default'
[2025-06-27T02:34:56.448+0000] {gcs.py:574} INFO - Data stream uploaded to country_capital.csv in hanpoom_*** bucket
[2025-06-27T02:34:56.456+0000] {python.py:240} INFO - Done. Returned value was: gs://hanpoom_***/country_capital.csv
[2025-06-27T02:34:56.546+0000] {taskinstance.py:340} INFO - ::group::Post task execution logs
[2025-06-27T02:34:56.547+0000] {taskinstance.py:352} INFO - Marking task as SUCCESS. dag_id=gcs_to_bigquery_etl, task_id=extract_and_upload_to_gcs, run_id=scheduled__2025-06-26T02:00:00+00:00, execution_date=20250626T020000, start_date=20250627T023454, end_date=20250627T023456
[2025-06-27T02:34:56.662+0000] {local_task_job_runner.py:266} INFO - Task exited with return code 0
[2025-06-27T02:34:56.853+0000] {taskinstance.py:3900} INFO - 1 downstream tasks scheduled from follow-on schedule check
[2025-06-27T02:34:56.859+0000] {local_task_job_runner.py:245} INFO - ::endgroup::
[2025-06-27T04:21:59.072+0000] {local_task_job_runner.py:123} INFO - ::group::Pre task execution logs
[2025-06-27T04:21:59.102+0000] {taskinstance.py:2612} INFO - Dependencies all met for dep_context=non-requeueable deps ti=<TaskInstance: gcs_to_bigquery_etl.extract_and_upload_to_gcs scheduled__2025-06-26T02:00:00+00:00 [queued]>
[2025-06-27T04:21:59.109+0000] {taskinstance.py:2612} INFO - Dependencies all met for dep_context=requeueable deps ti=<TaskInstance: gcs_to_bigquery_etl.extract_and_upload_to_gcs scheduled__2025-06-26T02:00:00+00:00 [queued]>
[2025-06-27T04:21:59.111+0000] {taskinstance.py:2865} INFO - Starting attempt 1 of 1
[2025-06-27T04:21:59.147+0000] {taskinstance.py:2888} INFO - Executing <Task(_PythonDecoratedOperator): extract_and_upload_to_gcs> on 2025-06-26 02:00:00+00:00
[2025-06-27T04:21:59.171+0000] {warnings.py:112} WARNING - /home/***/.local/lib/python3.12/site-packages/***/task/task_runner/standard_task_runner.py:70: DeprecationWarning: This process (pid=148) is multi-threaded, use of fork() may lead to deadlocks in the child.
  pid = os.fork()

[2025-06-27T04:21:59.175+0000] {standard_task_runner.py:72} INFO - Started process 189 to run task
[2025-06-27T04:21:59.181+0000] {standard_task_runner.py:104} INFO - Running: ['***', 'tasks', 'run', 'gcs_to_bigquery_etl', 'extract_and_upload_to_gcs', 'scheduled__2025-06-26T02:00:00+00:00', '--job-id', '35', '--raw', '--subdir', 'DAGS_FOLDER/simple_etl_bigquery_ver3.py', '--cfg-path', '/tmp/tmpfea41zt0']
[2025-06-27T04:21:59.200+0000] {standard_task_runner.py:105} INFO - Job 35: Subtask extract_and_upload_to_gcs
[2025-06-27T04:21:59.382+0000] {task_command.py:467} INFO - Running <TaskInstance: gcs_to_bigquery_etl.extract_and_upload_to_gcs scheduled__2025-06-26T02:00:00+00:00 [running]> on host f79cc72a155d
[2025-06-27T04:21:59.629+0000] {taskinstance.py:3131} INFO - Exporting env vars: AIRFLOW_CTX_DAG_OWNER='***' AIRFLOW_CTX_DAG_ID='gcs_to_bigquery_etl' AIRFLOW_CTX_TASK_ID='extract_and_upload_to_gcs' AIRFLOW_CTX_EXECUTION_DATE='2025-06-26T02:00:00+00:00' AIRFLOW_CTX_TRY_NUMBER='1' AIRFLOW_CTX_DAG_RUN_ID='scheduled__2025-06-26T02:00:00+00:00'
[2025-06-27T04:21:59.648+0000] {taskinstance.py:731} INFO - ::endgroup::
[2025-06-27T04:22:00.592+0000] {connection.py:277} WARNING - Connection schemes (type: google_cloud_platform) shall not contain '_' according to RFC3986.
[2025-06-27T04:22:00.600+0000] {base.py:84} INFO - Retrieving connection 'google_cloud_default'
[2025-06-27T04:22:01.742+0000] {gcs.py:574} INFO - Data stream uploaded to country_capital.csv in hanpoom_*** bucket
[2025-06-27T04:22:01.825+0000] {python.py:240} INFO - Done. Returned value was: gs://hanpoom_***/country_capital.csv
[2025-06-27T04:22:02.258+0000] {taskinstance.py:340} INFO - ::group::Post task execution logs
[2025-06-27T04:22:02.266+0000] {taskinstance.py:352} INFO - Marking task as SUCCESS. dag_id=gcs_to_bigquery_etl, task_id=extract_and_upload_to_gcs, run_id=scheduled__2025-06-26T02:00:00+00:00, execution_date=20250626T020000, start_date=20250627T042159, end_date=20250627T042202
[2025-06-27T04:22:02.732+0000] {local_task_job_runner.py:266} INFO - Task exited with return code 0
[2025-06-27T04:22:03.192+0000] {taskinstance.py:3900} INFO - 1 downstream tasks scheduled from follow-on schedule check
[2025-06-27T04:22:03.219+0000] {local_task_job_runner.py:245} INFO - ::endgroup::
[2025-06-27T05:36:24.317+0000] {local_task_job_runner.py:123} INFO - ::group::Pre task execution logs
[2025-06-27T05:36:24.412+0000] {taskinstance.py:2612} INFO - Dependencies all met for dep_context=non-requeueable deps ti=<TaskInstance: gcs_to_bigquery_etl.extract_and_upload_to_gcs scheduled__2025-06-26T02:00:00+00:00 [queued]>
[2025-06-27T05:36:24.430+0000] {taskinstance.py:2612} INFO - Dependencies all met for dep_context=requeueable deps ti=<TaskInstance: gcs_to_bigquery_etl.extract_and_upload_to_gcs scheduled__2025-06-26T02:00:00+00:00 [queued]>
[2025-06-27T05:36:24.433+0000] {taskinstance.py:2865} INFO - Starting attempt 1 of 1
[2025-06-27T05:36:24.476+0000] {taskinstance.py:2888} INFO - Executing <Task(_PythonDecoratedOperator): extract_and_upload_to_gcs> on 2025-06-26 02:00:00+00:00
[2025-06-27T05:36:24.507+0000] {warnings.py:112} WARNING - /home/***/.local/lib/python3.12/site-packages/***/task/task_runner/standard_task_runner.py:70: DeprecationWarning: This process (pid=173) is multi-threaded, use of fork() may lead to deadlocks in the child.
  pid = os.fork()

[2025-06-27T05:36:24.512+0000] {standard_task_runner.py:72} INFO - Started process 192 to run task
[2025-06-27T05:36:24.521+0000] {standard_task_runner.py:104} INFO - Running: ['***', 'tasks', 'run', 'gcs_to_bigquery_etl', 'extract_and_upload_to_gcs', 'scheduled__2025-06-26T02:00:00+00:00', '--job-id', '35', '--raw', '--subdir', 'DAGS_FOLDER/simple_etl_bigquery_ver3.py', '--cfg-path', '/tmp/tmpe05stjaj']
[2025-06-27T05:36:24.542+0000] {standard_task_runner.py:105} INFO - Job 35: Subtask extract_and_upload_to_gcs
[2025-06-27T05:36:24.707+0000] {task_command.py:467} INFO - Running <TaskInstance: gcs_to_bigquery_etl.extract_and_upload_to_gcs scheduled__2025-06-26T02:00:00+00:00 [running]> on host ba0a3a3d8846
[2025-06-27T05:36:24.803+0000] {taskinstance.py:3131} INFO - Exporting env vars: AIRFLOW_CTX_DAG_OWNER='***' AIRFLOW_CTX_DAG_ID='gcs_to_bigquery_etl' AIRFLOW_CTX_TASK_ID='extract_and_upload_to_gcs' AIRFLOW_CTX_EXECUTION_DATE='2025-06-26T02:00:00+00:00' AIRFLOW_CTX_TRY_NUMBER='1' AIRFLOW_CTX_DAG_RUN_ID='scheduled__2025-06-26T02:00:00+00:00'
[2025-06-27T05:36:24.810+0000] {taskinstance.py:731} INFO - ::endgroup::
[2025-06-27T05:36:25.960+0000] {connection.py:277} WARNING - Connection schemes (type: google_cloud_platform) shall not contain '_' according to RFC3986.
[2025-06-27T05:36:25.975+0000] {base.py:84} INFO - Retrieving connection 'google_cloud_default'
[2025-06-27T05:36:27.078+0000] {gcs.py:574} INFO - Data stream uploaded to country_capital.csv in hanpoom_*** bucket
[2025-06-27T05:36:27.149+0000] {python.py:240} INFO - Done. Returned value was: gs://hanpoom_***/country_capital.csv
[2025-06-27T05:36:27.558+0000] {taskinstance.py:340} INFO - ::group::Post task execution logs
[2025-06-27T05:36:27.564+0000] {taskinstance.py:352} INFO - Marking task as SUCCESS. dag_id=gcs_to_bigquery_etl, task_id=extract_and_upload_to_gcs, run_id=scheduled__2025-06-26T02:00:00+00:00, execution_date=20250626T020000, start_date=20250627T053624, end_date=20250627T053627
[2025-06-27T05:36:27.894+0000] {local_task_job_runner.py:266} INFO - Task exited with return code 0
[2025-06-27T05:36:28.320+0000] {taskinstance.py:3900} INFO - 1 downstream tasks scheduled from follow-on schedule check
[2025-06-27T05:36:28.337+0000] {local_task_job_runner.py:245} INFO - ::endgroup::
[2025-06-27T05:39:32.324+0000] {local_task_job_runner.py:123} INFO - ::group::Pre task execution logs
[2025-06-27T05:39:32.440+0000] {taskinstance.py:2612} INFO - Dependencies all met for dep_context=non-requeueable deps ti=<TaskInstance: gcs_to_bigquery_etl.extract_and_upload_to_gcs scheduled__2025-06-26T02:00:00+00:00 [queued]>
[2025-06-27T05:39:32.481+0000] {taskinstance.py:2612} INFO - Dependencies all met for dep_context=requeueable deps ti=<TaskInstance: gcs_to_bigquery_etl.extract_and_upload_to_gcs scheduled__2025-06-26T02:00:00+00:00 [queued]>
[2025-06-27T05:39:32.491+0000] {taskinstance.py:2865} INFO - Starting attempt 1 of 1
[2025-06-27T05:39:32.578+0000] {taskinstance.py:2888} INFO - Executing <Task(_PythonDecoratedOperator): extract_and_upload_to_gcs> on 2025-06-26 02:00:00+00:00
[2025-06-27T05:39:32.770+0000] {warnings.py:112} WARNING - /home/***/.local/lib/python3.12/site-packages/***/task/task_runner/standard_task_runner.py:70: DeprecationWarning: This process (pid=168) is multi-threaded, use of fork() may lead to deadlocks in the child.
  pid = os.fork()

[2025-06-27T05:39:32.822+0000] {standard_task_runner.py:72} INFO - Started process 200 to run task
[2025-06-27T05:39:32.714+0000] {standard_task_runner.py:104} INFO - Running: ['***', 'tasks', 'run', 'gcs_to_bigquery_etl', 'extract_and_upload_to_gcs', 'scheduled__2025-06-26T02:00:00+00:00', '--job-id', '35', '--raw', '--subdir', 'DAGS_FOLDER/simple_etl_bigquery_ver3.py', '--cfg-path', '/tmp/tmpp45asa30']
[2025-06-27T05:39:32.843+0000] {standard_task_runner.py:105} INFO - Job 35: Subtask extract_and_upload_to_gcs
[2025-06-27T05:39:33.264+0000] {task_command.py:467} INFO - Running <TaskInstance: gcs_to_bigquery_etl.extract_and_upload_to_gcs scheduled__2025-06-26T02:00:00+00:00 [running]> on host 616f50362410
[2025-06-27T05:39:33.582+0000] {taskinstance.py:3131} INFO - Exporting env vars: AIRFLOW_CTX_DAG_OWNER='***' AIRFLOW_CTX_DAG_ID='gcs_to_bigquery_etl' AIRFLOW_CTX_TASK_ID='extract_and_upload_to_gcs' AIRFLOW_CTX_EXECUTION_DATE='2025-06-26T02:00:00+00:00' AIRFLOW_CTX_TRY_NUMBER='1' AIRFLOW_CTX_DAG_RUN_ID='scheduled__2025-06-26T02:00:00+00:00'
[2025-06-27T05:39:33.602+0000] {taskinstance.py:731} INFO - ::endgroup::
[2025-06-27T05:39:34.881+0000] {connection.py:277} WARNING - Connection schemes (type: google_cloud_platform) shall not contain '_' according to RFC3986.
[2025-06-27T05:39:34.887+0000] {base.py:84} INFO - Retrieving connection 'google_cloud_default'
[2025-06-27T05:39:35.914+0000] {gcs.py:574} INFO - Data stream uploaded to country_capital.csv in hanpoom_*** bucket
[2025-06-27T05:39:35.920+0000] {python.py:240} INFO - Done. Returned value was: gs://hanpoom_***/country_capital.csv
[2025-06-27T05:39:36.045+0000] {taskinstance.py:340} INFO - ::group::Post task execution logs
[2025-06-27T05:39:36.053+0000] {taskinstance.py:352} INFO - Marking task as SUCCESS. dag_id=gcs_to_bigquery_etl, task_id=extract_and_upload_to_gcs, run_id=scheduled__2025-06-26T02:00:00+00:00, execution_date=20250626T020000, start_date=20250627T053932, end_date=20250627T053936
[2025-06-27T05:39:36.162+0000] {local_task_job_runner.py:266} INFO - Task exited with return code 0
[2025-06-27T05:39:36.445+0000] {taskinstance.py:3900} INFO - 1 downstream tasks scheduled from follow-on schedule check
[2025-06-27T05:39:36.458+0000] {local_task_job_runner.py:245} INFO - ::endgroup::
[2025-06-27T05:49:21.839+0000] {local_task_job_runner.py:123} INFO - ::group::Pre task execution logs
[2025-06-27T05:49:21.949+0000] {taskinstance.py:2612} INFO - Dependencies all met for dep_context=non-requeueable deps ti=<TaskInstance: gcs_to_bigquery_etl.extract_and_upload_to_gcs scheduled__2025-06-26T02:00:00+00:00 [queued]>
[2025-06-27T05:49:22.031+0000] {taskinstance.py:2612} INFO - Dependencies all met for dep_context=requeueable deps ti=<TaskInstance: gcs_to_bigquery_etl.extract_and_upload_to_gcs scheduled__2025-06-26T02:00:00+00:00 [queued]>
[2025-06-27T05:49:22.036+0000] {taskinstance.py:2865} INFO - Starting attempt 1 of 1
[2025-06-27T05:49:22.133+0000] {taskinstance.py:2888} INFO - Executing <Task(_PythonDecoratedOperator): extract_and_upload_to_gcs> on 2025-06-26 02:00:00+00:00
[2025-06-27T05:49:22.263+0000] {warnings.py:112} WARNING - /home/***/.local/lib/python3.12/site-packages/***/task/task_runner/standard_task_runner.py:70: DeprecationWarning: This process (pid=438) is multi-threaded, use of fork() may lead to deadlocks in the child.
  pid = os.fork()

[2025-06-27T05:49:22.271+0000] {standard_task_runner.py:72} INFO - Started process 469 to run task
[2025-06-27T05:49:22.286+0000] {standard_task_runner.py:104} INFO - Running: ['***', 'tasks', 'run', 'gcs_to_bigquery_etl', 'extract_and_upload_to_gcs', 'scheduled__2025-06-26T02:00:00+00:00', '--job-id', '100', '--raw', '--subdir', 'DAGS_FOLDER/simple_etl_bigquery_ver3.py', '--cfg-path', '/tmp/tmpry_3ua3i']
[2025-06-27T05:49:22.299+0000] {standard_task_runner.py:105} INFO - Job 100: Subtask extract_and_upload_to_gcs
[2025-06-27T05:49:22.858+0000] {task_command.py:467} INFO - Running <TaskInstance: gcs_to_bigquery_etl.extract_and_upload_to_gcs scheduled__2025-06-26T02:00:00+00:00 [running]> on host 546ad4141aeb
[2025-06-27T05:49:23.282+0000] {taskinstance.py:3131} INFO - Exporting env vars: AIRFLOW_CTX_DAG_OWNER='***' AIRFLOW_CTX_DAG_ID='gcs_to_bigquery_etl' AIRFLOW_CTX_TASK_ID='extract_and_upload_to_gcs' AIRFLOW_CTX_EXECUTION_DATE='2025-06-26T02:00:00+00:00' AIRFLOW_CTX_TRY_NUMBER='1' AIRFLOW_CTX_DAG_RUN_ID='scheduled__2025-06-26T02:00:00+00:00'
[2025-06-27T05:49:23.324+0000] {taskinstance.py:731} INFO - ::endgroup::
[2025-06-27T05:49:24.892+0000] {connection.py:277} WARNING - Connection schemes (type: google_cloud_platform) shall not contain '_' according to RFC3986.
[2025-06-27T05:49:24.945+0000] {base.py:84} INFO - Retrieving connection 'google_cloud_default'
[2025-06-27T05:49:26.395+0000] {gcs.py:574} INFO - Data stream uploaded to country_capital.csv in hanpoom_*** bucket
[2025-06-27T05:49:26.469+0000] {python.py:240} INFO - Done. Returned value was: gs://hanpoom_***/country_capital.csv
[2025-06-27T05:49:26.657+0000] {taskinstance.py:340} INFO - ::group::Post task execution logs
[2025-06-27T05:49:26.659+0000] {taskinstance.py:352} INFO - Marking task as SUCCESS. dag_id=gcs_to_bigquery_etl, task_id=extract_and_upload_to_gcs, run_id=scheduled__2025-06-26T02:00:00+00:00, execution_date=20250626T020000, start_date=20250627T054921, end_date=20250627T054926
[2025-06-27T05:49:26.830+0000] {local_task_job_runner.py:266} INFO - Task exited with return code 0
[2025-06-27T05:49:27.006+0000] {local_task_job_runner.py:245} INFO - ::endgroup::
[2025-06-27T06:20:27.249+0000] {local_task_job_runner.py:123} INFO - ::group::Pre task execution logs
[2025-06-27T06:20:27.270+0000] {taskinstance.py:2612} INFO - Dependencies all met for dep_context=non-requeueable deps ti=<TaskInstance: gcs_to_bigquery_etl.extract_and_upload_to_gcs scheduled__2025-06-26T02:00:00+00:00 [queued]>
[2025-06-27T06:20:27.287+0000] {taskinstance.py:2612} INFO - Dependencies all met for dep_context=requeueable deps ti=<TaskInstance: gcs_to_bigquery_etl.extract_and_upload_to_gcs scheduled__2025-06-26T02:00:00+00:00 [queued]>
[2025-06-27T06:20:27.289+0000] {taskinstance.py:2865} INFO - Starting attempt 1 of 1
[2025-06-27T06:20:27.310+0000] {taskinstance.py:2888} INFO - Executing <Task(_PythonDecoratedOperator): extract_and_upload_to_gcs> on 2025-06-26 02:00:00+00:00
[2025-06-27T06:20:27.318+0000] {warnings.py:112} WARNING - /home/***/.local/lib/python3.12/site-packages/***/task/task_runner/standard_task_runner.py:70: DeprecationWarning: This process (pid=138) is multi-threaded, use of fork() may lead to deadlocks in the child.
  pid = os.fork()

[2025-06-27T06:20:27.324+0000] {standard_task_runner.py:72} INFO - Started process 177 to run task
[2025-06-27T06:20:27.322+0000] {standard_task_runner.py:104} INFO - Running: ['***', 'tasks', 'run', 'gcs_to_bigquery_etl', 'extract_and_upload_to_gcs', 'scheduled__2025-06-26T02:00:00+00:00', '--job-id', '34', '--raw', '--subdir', 'DAGS_FOLDER/simple_etl_bigquery_ver3.py', '--cfg-path', '/tmp/tmp217z4euz']
[2025-06-27T06:20:27.326+0000] {standard_task_runner.py:105} INFO - Job 34: Subtask extract_and_upload_to_gcs
[2025-06-27T06:20:27.431+0000] {task_command.py:467} INFO - Running <TaskInstance: gcs_to_bigquery_etl.extract_and_upload_to_gcs scheduled__2025-06-26T02:00:00+00:00 [running]> on host 4e2c61145aac
[2025-06-27T06:20:27.544+0000] {taskinstance.py:3131} INFO - Exporting env vars: AIRFLOW_CTX_DAG_OWNER='***' AIRFLOW_CTX_DAG_ID='gcs_to_bigquery_etl' AIRFLOW_CTX_TASK_ID='extract_and_upload_to_gcs' AIRFLOW_CTX_EXECUTION_DATE='2025-06-26T02:00:00+00:00' AIRFLOW_CTX_TRY_NUMBER='1' AIRFLOW_CTX_DAG_RUN_ID='scheduled__2025-06-26T02:00:00+00:00'
[2025-06-27T06:20:27.546+0000] {taskinstance.py:731} INFO - ::endgroup::
[2025-06-27T06:20:28.119+0000] {connection.py:277} WARNING - Connection schemes (type: google_cloud_platform) shall not contain '_' according to RFC3986.
[2025-06-27T06:20:28.125+0000] {base.py:84} INFO - Retrieving connection 'google_cloud_default'
[2025-06-27T06:20:28.940+0000] {gcs.py:574} INFO - Data stream uploaded to country_capital.csv in hanpoom_*** bucket
[2025-06-27T06:20:28.951+0000] {python.py:240} INFO - Done. Returned value was: gs://hanpoom_***/country_capital.csv
[2025-06-27T06:20:29.051+0000] {taskinstance.py:340} INFO - ::group::Post task execution logs
[2025-06-27T06:20:29.054+0000] {taskinstance.py:352} INFO - Marking task as SUCCESS. dag_id=gcs_to_bigquery_etl, task_id=extract_and_upload_to_gcs, run_id=scheduled__2025-06-26T02:00:00+00:00, execution_date=20250626T020000, start_date=20250627T062027, end_date=20250627T062029
[2025-06-27T06:20:29.155+0000] {local_task_job_runner.py:266} INFO - Task exited with return code 0
[2025-06-27T06:20:29.316+0000] {taskinstance.py:3900} INFO - 1 downstream tasks scheduled from follow-on schedule check
[2025-06-27T06:20:29.330+0000] {local_task_job_runner.py:245} INFO - ::endgroup::
[2025-06-27T06:32:34.752+0000] {local_task_job_runner.py:123} INFO - ::group::Pre task execution logs
[2025-06-27T06:32:34.849+0000] {taskinstance.py:2612} INFO - Dependencies all met for dep_context=non-requeueable deps ti=<TaskInstance: gcs_to_bigquery_etl.extract_and_upload_to_gcs scheduled__2025-06-26T02:00:00+00:00 [queued]>
[2025-06-27T06:32:34.881+0000] {taskinstance.py:2612} INFO - Dependencies all met for dep_context=requeueable deps ti=<TaskInstance: gcs_to_bigquery_etl.extract_and_upload_to_gcs scheduled__2025-06-26T02:00:00+00:00 [queued]>
[2025-06-27T06:32:34.883+0000] {taskinstance.py:2865} INFO - Starting attempt 1 of 1
[2025-06-27T06:32:35.000+0000] {taskinstance.py:2888} INFO - Executing <Task(_PythonDecoratedOperator): extract_and_upload_to_gcs> on 2025-06-26 02:00:00+00:00
[2025-06-27T06:32:35.110+0000] {warnings.py:112} WARNING - /home/***/.local/lib/python3.12/site-packages/***/task/task_runner/standard_task_runner.py:70: DeprecationWarning: This process (pid=172) is multi-threaded, use of fork() may lead to deadlocks in the child.
  pid = os.fork()

[2025-06-27T06:32:35.115+0000] {standard_task_runner.py:72} INFO - Started process 210 to run task
[2025-06-27T06:32:35.133+0000] {standard_task_runner.py:104} INFO - Running: ['***', 'tasks', 'run', 'gcs_to_bigquery_etl', 'extract_and_upload_to_gcs', 'scheduled__2025-06-26T02:00:00+00:00', '--job-id', '35', '--raw', '--subdir', 'DAGS_FOLDER/simple_etl_bigquery_ver3.py', '--cfg-path', '/tmp/tmp2zprbvow']
[2025-06-27T06:32:35.155+0000] {standard_task_runner.py:105} INFO - Job 35: Subtask extract_and_upload_to_gcs
[2025-06-27T06:32:35.876+0000] {task_command.py:467} INFO - Running <TaskInstance: gcs_to_bigquery_etl.extract_and_upload_to_gcs scheduled__2025-06-26T02:00:00+00:00 [running]> on host 9254d6815a5d
[2025-06-27T06:32:36.899+0000] {taskinstance.py:3131} INFO - Exporting env vars: AIRFLOW_CTX_DAG_OWNER='***' AIRFLOW_CTX_DAG_ID='gcs_to_bigquery_etl' AIRFLOW_CTX_TASK_ID='extract_and_upload_to_gcs' AIRFLOW_CTX_EXECUTION_DATE='2025-06-26T02:00:00+00:00' AIRFLOW_CTX_TRY_NUMBER='1' AIRFLOW_CTX_DAG_RUN_ID='scheduled__2025-06-26T02:00:00+00:00'
[2025-06-27T06:32:36.960+0000] {taskinstance.py:731} INFO - ::endgroup::
[2025-06-27T06:32:39.383+0000] {connection.py:277} WARNING - Connection schemes (type: google_cloud_platform) shall not contain '_' according to RFC3986.
[2025-06-27T06:32:39.410+0000] {base.py:84} INFO - Retrieving connection 'google_cloud_default'
[2025-06-27T06:32:40.979+0000] {gcs.py:574} INFO - Data stream uploaded to country_capital.csv in hanpoom_*** bucket
[2025-06-27T06:32:41.408+0000] {python.py:240} INFO - Done. Returned value was: gs://hanpoom_***/country_capital.csv
[2025-06-27T06:32:41.784+0000] {taskinstance.py:340} INFO - ::group::Post task execution logs
[2025-06-27T06:32:41.787+0000] {taskinstance.py:352} INFO - Marking task as SUCCESS. dag_id=gcs_to_bigquery_etl, task_id=extract_and_upload_to_gcs, run_id=scheduled__2025-06-26T02:00:00+00:00, execution_date=20250626T020000, start_date=20250627T063234, end_date=20250627T063241
[2025-06-27T06:32:42.142+0000] {local_task_job_runner.py:266} INFO - Task exited with return code 0
[2025-06-27T06:32:42.316+0000] {taskinstance.py:3900} INFO - 1 downstream tasks scheduled from follow-on schedule check
[2025-06-27T06:32:42.334+0000] {local_task_job_runner.py:245} INFO - ::endgroup::
