[2025-06-27T02:00:07.003+0000] {local_task_job_runner.py:123} INFO - ::group::Pre task execution logs
[2025-06-27T02:00:07.014+0000] {taskinstance.py:2612} INFO - Dependencies all met for dep_context=non-requeueable deps ti=<TaskInstance: gcs_to_bigquery_etl.load_country_capital_from_gcs scheduled__2025-06-26T02:00:00+00:00 [queued]>
[2025-06-27T02:00:07.018+0000] {taskinstance.py:2612} INFO - Dependencies all met for dep_context=requeueable deps ti=<TaskInstance: gcs_to_bigquery_etl.load_country_capital_from_gcs scheduled__2025-06-26T02:00:00+00:00 [queued]>
[2025-06-27T02:00:07.019+0000] {taskinstance.py:2865} INFO - Starting attempt 1 of 1
[2025-06-27T02:00:07.026+0000] {taskinstance.py:2888} INFO - Executing <Task(BigQueryInsertJobOperator): load_country_capital_from_gcs> on 2025-06-26 02:00:00+00:00
[2025-06-27T02:00:07.030+0000] {warnings.py:112} WARNING - /home/***/.local/lib/python3.12/site-packages/***/task/task_runner/standard_task_runner.py:70: DeprecationWarning: This process (pid=78) is multi-threaded, use of fork() may lead to deadlocks in the child.
  pid = os.fork()

[2025-06-27T02:00:07.032+0000] {standard_task_runner.py:72} INFO - Started process 80 to run task
[2025-06-27T02:00:07.032+0000] {standard_task_runner.py:104} INFO - Running: ['***', 'tasks', 'run', 'gcs_to_bigquery_etl', 'load_country_capital_from_gcs', 'scheduled__2025-06-26T02:00:00+00:00', '--job-id', '45', '--raw', '--subdir', 'DAGS_FOLDER/simple_etl_bigquery_ver3.py', '--cfg-path', '/tmp/tmpczmuemuj']
[2025-06-27T02:00:07.034+0000] {standard_task_runner.py:105} INFO - Job 45: Subtask load_country_capital_from_gcs
[2025-06-27T02:00:07.060+0000] {task_command.py:467} INFO - Running <TaskInstance: gcs_to_bigquery_etl.load_country_capital_from_gcs scheduled__2025-06-26T02:00:00+00:00 [running]> on host 9cd2c6ca0862
[2025-06-27T02:00:07.105+0000] {taskinstance.py:3131} INFO - Exporting env vars: AIRFLOW_CTX_DAG_OWNER='***' AIRFLOW_CTX_DAG_ID='gcs_to_bigquery_etl' AIRFLOW_CTX_TASK_ID='load_country_capital_from_gcs' AIRFLOW_CTX_EXECUTION_DATE='2025-06-26T02:00:00+00:00' AIRFLOW_CTX_TRY_NUMBER='1' AIRFLOW_CTX_DAG_RUN_ID='scheduled__2025-06-26T02:00:00+00:00'
[2025-06-27T02:00:07.106+0000] {taskinstance.py:731} INFO - ::endgroup::
[2025-06-27T02:00:07.111+0000] {connection.py:277} WARNING - Connection schemes (type: google_cloud_platform) shall not contain '_' according to RFC3986.
[2025-06-27T02:00:07.113+0000] {base.py:84} INFO - Retrieving connection 'google_cloud_default'
[2025-06-27T02:00:07.149+0000] {bigquery.py:2957} INFO - Executing: {'load': {'sourceUris': ['gs://hanpoom_***/country_capital.csv'], 'destinationTable': {'projectId': 'sixth-topic-349709', 'datasetId': 'raw_data', 'tableId': 'country_capital'}, 'sourceFormat': 'CSV', 'skipLeadingRows': 1, 'writeDisposition': 'WRITE_TRUNCATE', 'schema': {'fields': [{'name': 'country', 'type': 'STRING', 'mode': 'REQUIRED'}, {'name': 'capital', 'type': 'STRING', 'mode': 'NULLABLE'}]}}}'
[2025-06-27T02:00:07.150+0000] {bigquery.py:1702} INFO - Inserting job ***_gcs_to_bigquery_etl_load_country_capital_from_gcs_2025_06_26T02_00_00_00_00_e1c1e7b021d1002a699f90db4d14d8a1
[2025-06-27T02:00:10.629+0000] {taskinstance.py:340} INFO - ::group::Post task execution logs
[2025-06-27T02:00:10.630+0000] {taskinstance.py:352} INFO - Marking task as SUCCESS. dag_id=gcs_to_bigquery_etl, task_id=load_country_capital_from_gcs, run_id=scheduled__2025-06-26T02:00:00+00:00, execution_date=20250626T020000, start_date=20250627T020007, end_date=20250627T020010
[2025-06-27T02:00:10.675+0000] {local_task_job_runner.py:266} INFO - Task exited with return code 0
[2025-06-27T02:00:10.693+0000] {taskinstance.py:3900} INFO - 0 downstream tasks scheduled from follow-on schedule check
[2025-06-27T02:00:10.695+0000] {local_task_job_runner.py:245} INFO - ::endgroup::
[2025-06-27T02:06:15.930+0000] {local_task_job_runner.py:123} INFO - ::group::Pre task execution logs
[2025-06-27T02:06:15.955+0000] {taskinstance.py:2612} INFO - Dependencies all met for dep_context=non-requeueable deps ti=<TaskInstance: gcs_to_bigquery_etl.load_country_capital_from_gcs scheduled__2025-06-26T02:00:00+00:00 [queued]>
[2025-06-27T02:06:15.963+0000] {taskinstance.py:2612} INFO - Dependencies all met for dep_context=requeueable deps ti=<TaskInstance: gcs_to_bigquery_etl.load_country_capital_from_gcs scheduled__2025-06-26T02:00:00+00:00 [queued]>
[2025-06-27T02:06:15.964+0000] {taskinstance.py:2865} INFO - Starting attempt 1 of 1
[2025-06-27T02:06:15.979+0000] {taskinstance.py:2888} INFO - Executing <Task(BigQueryInsertJobOperator): load_country_capital_from_gcs> on 2025-06-26 02:00:00+00:00
[2025-06-27T02:06:15.990+0000] {warnings.py:112} WARNING - /home/***/.local/lib/python3.12/site-packages/***/task/task_runner/standard_task_runner.py:70: DeprecationWarning: This process (pid=110) is multi-threaded, use of fork() may lead to deadlocks in the child.
  pid = os.fork()

[2025-06-27T02:06:15.992+0000] {standard_task_runner.py:72} INFO - Started process 121 to run task
[2025-06-27T02:06:16.007+0000] {standard_task_runner.py:104} INFO - Running: ['***', 'tasks', 'run', 'gcs_to_bigquery_etl', 'load_country_capital_from_gcs', 'scheduled__2025-06-26T02:00:00+00:00', '--job-id', '21', '--raw', '--subdir', 'DAGS_FOLDER/simple_etl_bigquery_ver3.py', '--cfg-path', '/tmp/tmp4y6r6cym']
[2025-06-27T02:06:16.011+0000] {standard_task_runner.py:105} INFO - Job 21: Subtask load_country_capital_from_gcs
[2025-06-27T02:06:16.082+0000] {task_command.py:467} INFO - Running <TaskInstance: gcs_to_bigquery_etl.load_country_capital_from_gcs scheduled__2025-06-26T02:00:00+00:00 [running]> on host 040d1cf847a3
[2025-06-27T02:06:16.152+0000] {taskinstance.py:3131} INFO - Exporting env vars: AIRFLOW_CTX_DAG_OWNER='***' AIRFLOW_CTX_DAG_ID='gcs_to_bigquery_etl' AIRFLOW_CTX_TASK_ID='load_country_capital_from_gcs' AIRFLOW_CTX_EXECUTION_DATE='2025-06-26T02:00:00+00:00' AIRFLOW_CTX_TRY_NUMBER='1' AIRFLOW_CTX_DAG_RUN_ID='scheduled__2025-06-26T02:00:00+00:00'
[2025-06-27T02:06:16.157+0000] {taskinstance.py:731} INFO - ::endgroup::
[2025-06-27T02:06:16.167+0000] {connection.py:277} WARNING - Connection schemes (type: google_cloud_platform) shall not contain '_' according to RFC3986.
[2025-06-27T02:06:16.169+0000] {base.py:84} INFO - Retrieving connection 'google_cloud_default'
[2025-06-27T02:06:16.214+0000] {bigquery.py:2957} INFO - Executing: {'load': {'sourceUris': ['gs://hanpoom_***/country_capital.csv'], 'destinationTable': {'projectId': 'sixth-topic-349709', 'datasetId': 'raw_data', 'tableId': 'country_capital'}, 'sourceFormat': 'CSV', 'skipLeadingRows': 1, 'writeDisposition': 'WRITE_TRUNCATE', 'schema': {'fields': [{'name': 'country', 'type': 'STRING', 'mode': 'REQUIRED'}, {'name': 'capital', 'type': 'STRING', 'mode': 'NULLABLE'}]}}}'
[2025-06-27T02:06:16.216+0000] {bigquery.py:1702} INFO - Inserting job ***_gcs_to_bigquery_etl_load_country_capital_from_gcs_2025_06_26T02_00_00_00_00_6ce974a35b3ddf85bf3d1c05202980ca
[2025-06-27T02:06:19.472+0000] {taskinstance.py:340} INFO - ::group::Post task execution logs
[2025-06-27T02:06:19.480+0000] {taskinstance.py:352} INFO - Marking task as SUCCESS. dag_id=gcs_to_bigquery_etl, task_id=load_country_capital_from_gcs, run_id=scheduled__2025-06-26T02:00:00+00:00, execution_date=20250626T020000, start_date=20250627T020615, end_date=20250627T020619
[2025-06-27T02:06:19.531+0000] {local_task_job_runner.py:266} INFO - Task exited with return code 0
[2025-06-27T02:06:19.587+0000] {taskinstance.py:3900} INFO - 0 downstream tasks scheduled from follow-on schedule check
[2025-06-27T02:06:19.592+0000] {local_task_job_runner.py:245} INFO - ::endgroup::
[2025-06-27T02:17:54.493+0000] {local_task_job_runner.py:123} INFO - ::group::Pre task execution logs
[2025-06-27T02:17:54.506+0000] {taskinstance.py:2612} INFO - Dependencies all met for dep_context=non-requeueable deps ti=<TaskInstance: gcs_to_bigquery_etl.load_country_capital_from_gcs scheduled__2025-06-26T02:00:00+00:00 [queued]>
[2025-06-27T02:17:54.510+0000] {taskinstance.py:2612} INFO - Dependencies all met for dep_context=requeueable deps ti=<TaskInstance: gcs_to_bigquery_etl.load_country_capital_from_gcs scheduled__2025-06-26T02:00:00+00:00 [queued]>
[2025-06-27T02:17:54.511+0000] {taskinstance.py:2865} INFO - Starting attempt 1 of 1
[2025-06-27T02:17:54.517+0000] {taskinstance.py:2888} INFO - Executing <Task(BigQueryInsertJobOperator): load_country_capital_from_gcs> on 2025-06-26 02:00:00+00:00
[2025-06-27T02:17:54.527+0000] {warnings.py:112} WARNING - /home/***/.local/lib/python3.12/site-packages/***/task/task_runner/standard_task_runner.py:70: DeprecationWarning: This process (pid=127) is multi-threaded, use of fork() may lead to deadlocks in the child.
  pid = os.fork()

[2025-06-27T02:17:54.532+0000] {standard_task_runner.py:72} INFO - Started process 144 to run task
[2025-06-27T02:17:54.530+0000] {standard_task_runner.py:104} INFO - Running: ['***', 'tasks', 'run', 'gcs_to_bigquery_etl', 'load_country_capital_from_gcs', 'scheduled__2025-06-26T02:00:00+00:00', '--job-id', '26', '--raw', '--subdir', 'DAGS_FOLDER/simple_etl_bigquery_ver3.py', '--cfg-path', '/tmp/tmp8eckmgpi']
[2025-06-27T02:17:54.536+0000] {standard_task_runner.py:105} INFO - Job 26: Subtask load_country_capital_from_gcs
[2025-06-27T02:17:54.605+0000] {task_command.py:467} INFO - Running <TaskInstance: gcs_to_bigquery_etl.load_country_capital_from_gcs scheduled__2025-06-26T02:00:00+00:00 [running]> on host ece8b7d95be1
[2025-06-27T02:17:54.660+0000] {taskinstance.py:3131} INFO - Exporting env vars: AIRFLOW_CTX_DAG_OWNER='***' AIRFLOW_CTX_DAG_ID='gcs_to_bigquery_etl' AIRFLOW_CTX_TASK_ID='load_country_capital_from_gcs' AIRFLOW_CTX_EXECUTION_DATE='2025-06-26T02:00:00+00:00' AIRFLOW_CTX_TRY_NUMBER='1' AIRFLOW_CTX_DAG_RUN_ID='scheduled__2025-06-26T02:00:00+00:00'
[2025-06-27T02:17:54.661+0000] {taskinstance.py:731} INFO - ::endgroup::
[2025-06-27T02:17:54.678+0000] {connection.py:277} WARNING - Connection schemes (type: google_cloud_platform) shall not contain '_' according to RFC3986.
[2025-06-27T02:17:54.683+0000] {base.py:84} INFO - Retrieving connection 'google_cloud_default'
[2025-06-27T02:17:54.727+0000] {bigquery.py:2957} INFO - Executing: {'load': {'sourceUris': ['gs://hanpoom_***/country_capital.csv'], 'destinationTable': {'projectId': 'sixth-topic-349709', 'datasetId': 'raw_data', 'tableId': 'country_capital'}, 'sourceFormat': 'CSV', 'skipLeadingRows': 1, 'writeDisposition': 'WRITE_TRUNCATE', 'schema': {'fields': [{'name': 'country', 'type': 'STRING', 'mode': 'REQUIRED'}, {'name': 'capital', 'type': 'STRING', 'mode': 'NULLABLE'}]}}}'
[2025-06-27T02:17:54.730+0000] {bigquery.py:1702} INFO - Inserting job ***_gcs_to_bigquery_etl_load_country_capital_from_gcs_2025_06_26T02_00_00_00_00_b07319cc698aebe28afcc10fa226d18b
[2025-06-27T02:17:58.182+0000] {taskinstance.py:340} INFO - ::group::Post task execution logs
[2025-06-27T02:17:58.188+0000] {taskinstance.py:352} INFO - Marking task as SUCCESS. dag_id=gcs_to_bigquery_etl, task_id=load_country_capital_from_gcs, run_id=scheduled__2025-06-26T02:00:00+00:00, execution_date=20250626T020000, start_date=20250627T021754, end_date=20250627T021758
[2025-06-27T02:17:58.226+0000] {local_task_job_runner.py:266} INFO - Task exited with return code 0
[2025-06-27T02:17:58.249+0000] {taskinstance.py:3900} INFO - 0 downstream tasks scheduled from follow-on schedule check
[2025-06-27T02:17:58.251+0000] {local_task_job_runner.py:245} INFO - ::endgroup::
[2025-06-27T02:21:14.582+0000] {local_task_job_runner.py:123} INFO - ::group::Pre task execution logs
[2025-06-27T02:21:14.595+0000] {taskinstance.py:2612} INFO - Dependencies all met for dep_context=non-requeueable deps ti=<TaskInstance: gcs_to_bigquery_etl.load_country_capital_from_gcs scheduled__2025-06-26T02:00:00+00:00 [queued]>
[2025-06-27T02:21:14.600+0000] {taskinstance.py:2612} INFO - Dependencies all met for dep_context=requeueable deps ti=<TaskInstance: gcs_to_bigquery_etl.load_country_capital_from_gcs scheduled__2025-06-26T02:00:00+00:00 [queued]>
[2025-06-27T02:21:14.601+0000] {taskinstance.py:2865} INFO - Starting attempt 1 of 1
[2025-06-27T02:21:14.610+0000] {taskinstance.py:2888} INFO - Executing <Task(BigQueryInsertJobOperator): load_country_capital_from_gcs> on 2025-06-26 02:00:00+00:00
[2025-06-27T02:21:14.615+0000] {warnings.py:112} WARNING - /home/***/.local/lib/python3.12/site-packages/***/task/task_runner/standard_task_runner.py:70: DeprecationWarning: This process (pid=126) is multi-threaded, use of fork() may lead to deadlocks in the child.
  pid = os.fork()

[2025-06-27T02:21:14.617+0000] {standard_task_runner.py:72} INFO - Started process 144 to run task
[2025-06-27T02:21:14.618+0000] {standard_task_runner.py:104} INFO - Running: ['***', 'tasks', 'run', 'gcs_to_bigquery_etl', 'load_country_capital_from_gcs', 'scheduled__2025-06-26T02:00:00+00:00', '--job-id', '26', '--raw', '--subdir', 'DAGS_FOLDER/simple_etl_bigquery_ver3.py', '--cfg-path', '/tmp/tmpakwirzf2']
[2025-06-27T02:21:14.621+0000] {standard_task_runner.py:105} INFO - Job 26: Subtask load_country_capital_from_gcs
[2025-06-27T02:21:14.659+0000] {task_command.py:467} INFO - Running <TaskInstance: gcs_to_bigquery_etl.load_country_capital_from_gcs scheduled__2025-06-26T02:00:00+00:00 [running]> on host a6d750376b6f
[2025-06-27T02:21:14.709+0000] {taskinstance.py:3131} INFO - Exporting env vars: AIRFLOW_CTX_DAG_OWNER='***' AIRFLOW_CTX_DAG_ID='gcs_to_bigquery_etl' AIRFLOW_CTX_TASK_ID='load_country_capital_from_gcs' AIRFLOW_CTX_EXECUTION_DATE='2025-06-26T02:00:00+00:00' AIRFLOW_CTX_TRY_NUMBER='1' AIRFLOW_CTX_DAG_RUN_ID='scheduled__2025-06-26T02:00:00+00:00'
[2025-06-27T02:21:14.712+0000] {taskinstance.py:731} INFO - ::endgroup::
[2025-06-27T02:21:14.723+0000] {connection.py:277} WARNING - Connection schemes (type: google_cloud_platform) shall not contain '_' according to RFC3986.
[2025-06-27T02:21:14.726+0000] {base.py:84} INFO - Retrieving connection 'google_cloud_default'
[2025-06-27T02:21:14.765+0000] {bigquery.py:2957} INFO - Executing: {'load': {'sourceUris': ['gs://hanpoom_***/country_capital.csv'], 'destinationTable': {'projectId': 'sixth-topic-349709', 'datasetId': 'raw_data', 'tableId': 'country_capital'}, 'sourceFormat': 'CSV', 'skipLeadingRows': 1, 'writeDisposition': 'WRITE_TRUNCATE', 'schema': {'fields': [{'name': 'country', 'type': 'STRING', 'mode': 'REQUIRED'}, {'name': 'capital', 'type': 'STRING', 'mode': 'NULLABLE'}]}}}'
[2025-06-27T02:21:14.766+0000] {bigquery.py:1702} INFO - Inserting job ***_gcs_to_bigquery_etl_load_country_capital_from_gcs_2025_06_26T02_00_00_00_00_088d674195fe2bb46bf3dda3dbb8bd62
[2025-06-27T02:21:18.885+0000] {taskinstance.py:340} INFO - ::group::Post task execution logs
[2025-06-27T02:21:18.892+0000] {taskinstance.py:352} INFO - Marking task as SUCCESS. dag_id=gcs_to_bigquery_etl, task_id=load_country_capital_from_gcs, run_id=scheduled__2025-06-26T02:00:00+00:00, execution_date=20250626T020000, start_date=20250627T022114, end_date=20250627T022118
[2025-06-27T02:21:19.009+0000] {local_task_job_runner.py:266} INFO - Task exited with return code 0
[2025-06-27T02:21:19.063+0000] {local_task_job_runner.py:245} INFO - ::endgroup::
[2025-06-27T02:34:59.245+0000] {local_task_job_runner.py:123} INFO - ::group::Pre task execution logs
[2025-06-27T02:34:59.254+0000] {taskinstance.py:2612} INFO - Dependencies all met for dep_context=non-requeueable deps ti=<TaskInstance: gcs_to_bigquery_etl.load_country_capital_from_gcs scheduled__2025-06-26T02:00:00+00:00 [queued]>
[2025-06-27T02:34:59.260+0000] {taskinstance.py:2612} INFO - Dependencies all met for dep_context=requeueable deps ti=<TaskInstance: gcs_to_bigquery_etl.load_country_capital_from_gcs scheduled__2025-06-26T02:00:00+00:00 [queued]>
[2025-06-27T02:34:59.261+0000] {taskinstance.py:2865} INFO - Starting attempt 1 of 1
[2025-06-27T02:34:59.269+0000] {taskinstance.py:2888} INFO - Executing <Task(BigQueryInsertJobOperator): load_country_capital_from_gcs> on 2025-06-26 02:00:00+00:00
[2025-06-27T02:34:59.280+0000] {warnings.py:112} WARNING - /home/***/.local/lib/python3.12/site-packages/***/task/task_runner/standard_task_runner.py:70: DeprecationWarning: This process (pid=128) is multi-threaded, use of fork() may lead to deadlocks in the child.
  pid = os.fork()

[2025-06-27T02:34:59.295+0000] {standard_task_runner.py:72} INFO - Started process 143 to run task
[2025-06-27T02:34:59.294+0000] {standard_task_runner.py:104} INFO - Running: ['***', 'tasks', 'run', 'gcs_to_bigquery_etl', 'load_country_capital_from_gcs', 'scheduled__2025-06-26T02:00:00+00:00', '--job-id', '25', '--raw', '--subdir', 'DAGS_FOLDER/simple_etl_bigquery_ver3.py', '--cfg-path', '/tmp/tmpq7pakaqx']
[2025-06-27T02:34:59.300+0000] {standard_task_runner.py:105} INFO - Job 25: Subtask load_country_capital_from_gcs
[2025-06-27T02:34:59.354+0000] {task_command.py:467} INFO - Running <TaskInstance: gcs_to_bigquery_etl.load_country_capital_from_gcs scheduled__2025-06-26T02:00:00+00:00 [running]> on host ba60ab6371e3
[2025-06-27T02:34:59.420+0000] {taskinstance.py:3131} INFO - Exporting env vars: AIRFLOW_CTX_DAG_OWNER='***' AIRFLOW_CTX_DAG_ID='gcs_to_bigquery_etl' AIRFLOW_CTX_TASK_ID='load_country_capital_from_gcs' AIRFLOW_CTX_EXECUTION_DATE='2025-06-26T02:00:00+00:00' AIRFLOW_CTX_TRY_NUMBER='1' AIRFLOW_CTX_DAG_RUN_ID='scheduled__2025-06-26T02:00:00+00:00'
[2025-06-27T02:34:59.423+0000] {taskinstance.py:731} INFO - ::endgroup::
[2025-06-27T02:34:59.434+0000] {connection.py:277} WARNING - Connection schemes (type: google_cloud_platform) shall not contain '_' according to RFC3986.
[2025-06-27T02:34:59.436+0000] {base.py:84} INFO - Retrieving connection 'google_cloud_default'
[2025-06-27T02:34:59.481+0000] {bigquery.py:2957} INFO - Executing: {'load': {'sourceUris': ['gs://hanpoom_***/country_capital.csv'], 'destinationTable': {'projectId': 'sixth-topic-349709', 'datasetId': 'raw_data', 'tableId': 'country_capital'}, 'sourceFormat': 'CSV', 'skipLeadingRows': 1, 'writeDisposition': 'WRITE_TRUNCATE', 'schema': {'fields': [{'name': 'country', 'type': 'STRING', 'mode': 'REQUIRED'}, {'name': 'capital', 'type': 'STRING', 'mode': 'NULLABLE'}]}}}'
[2025-06-27T02:34:59.483+0000] {bigquery.py:1702} INFO - Inserting job ***_gcs_to_bigquery_etl_load_country_capital_from_gcs_2025_06_26T02_00_00_00_00_519a20828a74a16c2c8014e152657dce
[2025-06-27T02:35:03.484+0000] {taskinstance.py:340} INFO - ::group::Post task execution logs
[2025-06-27T02:35:03.492+0000] {taskinstance.py:352} INFO - Marking task as SUCCESS. dag_id=gcs_to_bigquery_etl, task_id=load_country_capital_from_gcs, run_id=scheduled__2025-06-26T02:00:00+00:00, execution_date=20250626T020000, start_date=20250627T023459, end_date=20250627T023503
[2025-06-27T02:35:03.552+0000] {local_task_job_runner.py:266} INFO - Task exited with return code 0
[2025-06-27T02:35:03.617+0000] {taskinstance.py:3900} INFO - 0 downstream tasks scheduled from follow-on schedule check
[2025-06-27T02:35:03.620+0000] {local_task_job_runner.py:245} INFO - ::endgroup::
[2025-06-27T04:22:10.554+0000] {local_task_job_runner.py:123} INFO - ::group::Pre task execution logs
[2025-06-27T04:22:10.573+0000] {taskinstance.py:2612} INFO - Dependencies all met for dep_context=non-requeueable deps ti=<TaskInstance: gcs_to_bigquery_etl.load_country_capital_from_gcs scheduled__2025-06-26T02:00:00+00:00 [queued]>
[2025-06-27T04:22:10.581+0000] {taskinstance.py:2612} INFO - Dependencies all met for dep_context=requeueable deps ti=<TaskInstance: gcs_to_bigquery_etl.load_country_capital_from_gcs scheduled__2025-06-26T02:00:00+00:00 [queued]>
[2025-06-27T04:22:10.582+0000] {taskinstance.py:2865} INFO - Starting attempt 1 of 1
[2025-06-27T04:22:10.594+0000] {taskinstance.py:2888} INFO - Executing <Task(BigQueryInsertJobOperator): load_country_capital_from_gcs> on 2025-06-26 02:00:00+00:00
[2025-06-27T04:22:10.605+0000] {warnings.py:112} WARNING - /home/***/.local/lib/python3.12/site-packages/***/task/task_runner/standard_task_runner.py:70: DeprecationWarning: This process (pid=242) is multi-threaded, use of fork() may lead to deadlocks in the child.
  pid = os.fork()

[2025-06-27T04:22:10.609+0000] {standard_task_runner.py:72} INFO - Started process 248 to run task
[2025-06-27T04:22:10.613+0000] {standard_task_runner.py:104} INFO - Running: ['***', 'tasks', 'run', 'gcs_to_bigquery_etl', 'load_country_capital_from_gcs', 'scheduled__2025-06-26T02:00:00+00:00', '--job-id', '52', '--raw', '--subdir', 'DAGS_FOLDER/simple_etl_bigquery_ver3.py', '--cfg-path', '/tmp/tmpj5afiror']
[2025-06-27T04:22:10.616+0000] {standard_task_runner.py:105} INFO - Job 52: Subtask load_country_capital_from_gcs
[2025-06-27T04:22:10.666+0000] {task_command.py:467} INFO - Running <TaskInstance: gcs_to_bigquery_etl.load_country_capital_from_gcs scheduled__2025-06-26T02:00:00+00:00 [running]> on host f79cc72a155d
[2025-06-27T04:22:10.767+0000] {taskinstance.py:3131} INFO - Exporting env vars: AIRFLOW_CTX_DAG_OWNER='***' AIRFLOW_CTX_DAG_ID='gcs_to_bigquery_etl' AIRFLOW_CTX_TASK_ID='load_country_capital_from_gcs' AIRFLOW_CTX_EXECUTION_DATE='2025-06-26T02:00:00+00:00' AIRFLOW_CTX_TRY_NUMBER='1' AIRFLOW_CTX_DAG_RUN_ID='scheduled__2025-06-26T02:00:00+00:00'
[2025-06-27T04:22:10.769+0000] {taskinstance.py:731} INFO - ::endgroup::
[2025-06-27T04:22:10.783+0000] {connection.py:277} WARNING - Connection schemes (type: google_cloud_platform) shall not contain '_' according to RFC3986.
[2025-06-27T04:22:10.787+0000] {base.py:84} INFO - Retrieving connection 'google_cloud_default'
[2025-06-27T04:22:10.826+0000] {bigquery.py:2957} INFO - Executing: {'load': {'sourceUris': ['gs://hanpoom_***/country_capital.csv'], 'destinationTable': {'projectId': 'sixth-topic-349709', 'datasetId': 'raw_data', 'tableId': 'country_capital'}, 'sourceFormat': 'CSV', 'skipLeadingRows': 1, 'writeDisposition': 'WRITE_TRUNCATE', 'schema': {'fields': [{'name': 'country', 'type': 'STRING', 'mode': 'REQUIRED'}, {'name': 'capital', 'type': 'STRING', 'mode': 'NULLABLE'}]}}}'
[2025-06-27T04:22:10.827+0000] {bigquery.py:1702} INFO - Inserting job ***_gcs_to_bigquery_etl_load_country_capital_from_gcs_2025_06_26T02_00_00_00_00_0bdfd564648f7729686ebf1804a4220d
[2025-06-27T04:22:14.878+0000] {taskinstance.py:340} INFO - ::group::Post task execution logs
[2025-06-27T04:22:14.923+0000] {taskinstance.py:352} INFO - Marking task as SUCCESS. dag_id=gcs_to_bigquery_etl, task_id=load_country_capital_from_gcs, run_id=scheduled__2025-06-26T02:00:00+00:00, execution_date=20250626T020000, start_date=20250627T042210, end_date=20250627T042214
[2025-06-27T04:22:15.298+0000] {local_task_job_runner.py:266} INFO - Task exited with return code 0
[2025-06-27T04:22:15.613+0000] {standard_task_runner.py:217} INFO - Process not found (most likely exited), stop collecting metrics
[2025-06-27T04:22:15.644+0000] {taskinstance.py:3900} INFO - 0 downstream tasks scheduled from follow-on schedule check
[2025-06-27T04:22:15.663+0000] {local_task_job_runner.py:245} INFO - ::endgroup::
[2025-06-27T05:36:34.625+0000] {local_task_job_runner.py:123} INFO - ::group::Pre task execution logs
[2025-06-27T05:36:34.658+0000] {taskinstance.py:2612} INFO - Dependencies all met for dep_context=non-requeueable deps ti=<TaskInstance: gcs_to_bigquery_etl.load_country_capital_from_gcs scheduled__2025-06-26T02:00:00+00:00 [queued]>
[2025-06-27T05:36:34.681+0000] {taskinstance.py:2612} INFO - Dependencies all met for dep_context=requeueable deps ti=<TaskInstance: gcs_to_bigquery_etl.load_country_capital_from_gcs scheduled__2025-06-26T02:00:00+00:00 [queued]>
[2025-06-27T05:36:34.682+0000] {taskinstance.py:2865} INFO - Starting attempt 1 of 1
[2025-06-27T05:36:34.719+0000] {taskinstance.py:2888} INFO - Executing <Task(BigQueryInsertJobOperator): load_country_capital_from_gcs> on 2025-06-26 02:00:00+00:00
[2025-06-27T05:36:34.753+0000] {warnings.py:112} WARNING - /home/***/.local/lib/python3.12/site-packages/***/task/task_runner/standard_task_runner.py:70: DeprecationWarning: This process (pid=229) is multi-threaded, use of fork() may lead to deadlocks in the child.
  pid = os.fork()

[2025-06-27T05:36:34.763+0000] {standard_task_runner.py:72} INFO - Started process 251 to run task
[2025-06-27T05:36:34.762+0000] {standard_task_runner.py:104} INFO - Running: ['***', 'tasks', 'run', 'gcs_to_bigquery_etl', 'load_country_capital_from_gcs', 'scheduled__2025-06-26T02:00:00+00:00', '--job-id', '52', '--raw', '--subdir', 'DAGS_FOLDER/simple_etl_bigquery_ver3.py', '--cfg-path', '/tmp/tmpzukbu1qq']
[2025-06-27T05:36:34.769+0000] {standard_task_runner.py:105} INFO - Job 52: Subtask load_country_capital_from_gcs
[2025-06-27T05:36:34.968+0000] {task_command.py:467} INFO - Running <TaskInstance: gcs_to_bigquery_etl.load_country_capital_from_gcs scheduled__2025-06-26T02:00:00+00:00 [running]> on host ba0a3a3d8846
[2025-06-27T05:36:35.202+0000] {taskinstance.py:3131} INFO - Exporting env vars: AIRFLOW_CTX_DAG_OWNER='***' AIRFLOW_CTX_DAG_ID='gcs_to_bigquery_etl' AIRFLOW_CTX_TASK_ID='load_country_capital_from_gcs' AIRFLOW_CTX_EXECUTION_DATE='2025-06-26T02:00:00+00:00' AIRFLOW_CTX_TRY_NUMBER='1' AIRFLOW_CTX_DAG_RUN_ID='scheduled__2025-06-26T02:00:00+00:00'
[2025-06-27T05:36:35.217+0000] {taskinstance.py:731} INFO - ::endgroup::
[2025-06-27T05:36:35.281+0000] {connection.py:277} WARNING - Connection schemes (type: google_cloud_platform) shall not contain '_' according to RFC3986.
[2025-06-27T05:36:35.295+0000] {base.py:84} INFO - Retrieving connection 'google_cloud_default'
[2025-06-27T05:36:35.375+0000] {bigquery.py:2957} INFO - Executing: {'load': {'sourceUris': ['gs://hanpoom_***/country_capital.csv'], 'destinationTable': {'projectId': 'sixth-topic-349709', 'datasetId': 'raw_data', 'tableId': 'country_capital'}, 'sourceFormat': 'CSV', 'skipLeadingRows': 1, 'writeDisposition': 'WRITE_TRUNCATE', 'schema': {'fields': [{'name': 'country', 'type': 'STRING', 'mode': 'REQUIRED'}, {'name': 'capital', 'type': 'STRING', 'mode': 'NULLABLE'}]}}}'
[2025-06-27T05:36:35.398+0000] {bigquery.py:1702} INFO - Inserting job ***_gcs_to_bigquery_etl_load_country_capital_from_gcs_2025_06_26T02_00_00_00_00_051d4e5044085d0d91c76b751340391f
[2025-06-27T05:36:38.763+0000] {taskinstance.py:340} INFO - ::group::Post task execution logs
[2025-06-27T05:36:38.786+0000] {taskinstance.py:352} INFO - Marking task as SUCCESS. dag_id=gcs_to_bigquery_etl, task_id=load_country_capital_from_gcs, run_id=scheduled__2025-06-26T02:00:00+00:00, execution_date=20250626T020000, start_date=20250627T053634, end_date=20250627T053638
[2025-06-27T05:36:39.086+0000] {local_task_job_runner.py:266} INFO - Task exited with return code 0
[2025-06-27T05:36:39.267+0000] {taskinstance.py:3900} INFO - 0 downstream tasks scheduled from follow-on schedule check
[2025-06-27T05:36:39.281+0000] {local_task_job_runner.py:245} INFO - ::endgroup::
[2025-06-27T05:39:39.394+0000] {local_task_job_runner.py:123} INFO - ::group::Pre task execution logs
[2025-06-27T05:39:39.416+0000] {taskinstance.py:2612} INFO - Dependencies all met for dep_context=non-requeueable deps ti=<TaskInstance: gcs_to_bigquery_etl.load_country_capital_from_gcs scheduled__2025-06-26T02:00:00+00:00 [queued]>
[2025-06-27T05:39:39.424+0000] {taskinstance.py:2612} INFO - Dependencies all met for dep_context=requeueable deps ti=<TaskInstance: gcs_to_bigquery_etl.load_country_capital_from_gcs scheduled__2025-06-26T02:00:00+00:00 [queued]>
[2025-06-27T05:39:39.424+0000] {taskinstance.py:2865} INFO - Starting attempt 1 of 1
[2025-06-27T05:39:39.435+0000] {taskinstance.py:2888} INFO - Executing <Task(BigQueryInsertJobOperator): load_country_capital_from_gcs> on 2025-06-26 02:00:00+00:00
[2025-06-27T05:39:39.442+0000] {warnings.py:112} WARNING - /home/***/.local/lib/python3.12/site-packages/***/task/task_runner/standard_task_runner.py:70: DeprecationWarning: This process (pid=244) is multi-threaded, use of fork() may lead to deadlocks in the child.
  pid = os.fork()

[2025-06-27T05:39:39.444+0000] {standard_task_runner.py:72} INFO - Started process 254 to run task
[2025-06-27T05:39:39.446+0000] {standard_task_runner.py:104} INFO - Running: ['***', 'tasks', 'run', 'gcs_to_bigquery_etl', 'load_country_capital_from_gcs', 'scheduled__2025-06-26T02:00:00+00:00', '--job-id', '52', '--raw', '--subdir', 'DAGS_FOLDER/simple_etl_bigquery_ver3.py', '--cfg-path', '/tmp/tmpcx0kxj_2']
[2025-06-27T05:39:39.449+0000] {standard_task_runner.py:105} INFO - Job 52: Subtask load_country_capital_from_gcs
[2025-06-27T05:39:39.504+0000] {task_command.py:467} INFO - Running <TaskInstance: gcs_to_bigquery_etl.load_country_capital_from_gcs scheduled__2025-06-26T02:00:00+00:00 [running]> on host 616f50362410
[2025-06-27T05:39:39.643+0000] {taskinstance.py:3131} INFO - Exporting env vars: AIRFLOW_CTX_DAG_OWNER='***' AIRFLOW_CTX_DAG_ID='gcs_to_bigquery_etl' AIRFLOW_CTX_TASK_ID='load_country_capital_from_gcs' AIRFLOW_CTX_EXECUTION_DATE='2025-06-26T02:00:00+00:00' AIRFLOW_CTX_TRY_NUMBER='1' AIRFLOW_CTX_DAG_RUN_ID='scheduled__2025-06-26T02:00:00+00:00'
[2025-06-27T05:39:39.649+0000] {taskinstance.py:731} INFO - ::endgroup::
[2025-06-27T05:39:39.669+0000] {connection.py:277} WARNING - Connection schemes (type: google_cloud_platform) shall not contain '_' according to RFC3986.
[2025-06-27T05:39:39.673+0000] {base.py:84} INFO - Retrieving connection 'google_cloud_default'
[2025-06-27T05:39:39.727+0000] {bigquery.py:2957} INFO - Executing: {'load': {'sourceUris': ['gs://hanpoom_***/country_capital.csv'], 'destinationTable': {'projectId': 'sixth-topic-349709', 'datasetId': 'raw_data', 'tableId': 'country_capital'}, 'sourceFormat': 'CSV', 'skipLeadingRows': 1, 'writeDisposition': 'WRITE_TRUNCATE', 'schema': {'fields': [{'name': 'country', 'type': 'STRING', 'mode': 'REQUIRED'}, {'name': 'capital', 'type': 'STRING', 'mode': 'NULLABLE'}]}}}'
[2025-06-27T05:39:39.729+0000] {bigquery.py:1702} INFO - Inserting job ***_gcs_to_bigquery_etl_load_country_capital_from_gcs_2025_06_26T02_00_00_00_00_f111031fb9e051bdc0eea4bb12c70563
[2025-06-27T05:39:43.228+0000] {taskinstance.py:340} INFO - ::group::Post task execution logs
[2025-06-27T05:39:43.237+0000] {taskinstance.py:352} INFO - Marking task as SUCCESS. dag_id=gcs_to_bigquery_etl, task_id=load_country_capital_from_gcs, run_id=scheduled__2025-06-26T02:00:00+00:00, execution_date=20250626T020000, start_date=20250627T053939, end_date=20250627T053943
[2025-06-27T05:39:43.404+0000] {local_task_job_runner.py:266} INFO - Task exited with return code 0
[2025-06-27T05:39:43.609+0000] {taskinstance.py:3900} INFO - 0 downstream tasks scheduled from follow-on schedule check
[2025-06-27T05:39:43.625+0000] {local_task_job_runner.py:245} INFO - ::endgroup::
[2025-06-27T05:49:47.045+0000] {local_task_job_runner.py:123} INFO - ::group::Pre task execution logs
[2025-06-27T05:49:47.059+0000] {taskinstance.py:2612} INFO - Dependencies all met for dep_context=non-requeueable deps ti=<TaskInstance: gcs_to_bigquery_etl.load_country_capital_from_gcs scheduled__2025-06-26T02:00:00+00:00 [queued]>
[2025-06-27T05:49:47.067+0000] {taskinstance.py:2612} INFO - Dependencies all met for dep_context=requeueable deps ti=<TaskInstance: gcs_to_bigquery_etl.load_country_capital_from_gcs scheduled__2025-06-26T02:00:00+00:00 [queued]>
[2025-06-27T05:49:47.067+0000] {taskinstance.py:2865} INFO - Starting attempt 1 of 1
[2025-06-27T05:49:47.076+0000] {taskinstance.py:2888} INFO - Executing <Task(BigQueryInsertJobOperator): load_country_capital_from_gcs> on 2025-06-26 02:00:00+00:00
[2025-06-27T05:49:47.087+0000] {warnings.py:112} WARNING - /home/***/.local/lib/python3.12/site-packages/***/task/task_runner/standard_task_runner.py:70: DeprecationWarning: This process (pid=561) is multi-threaded, use of fork() may lead to deadlocks in the child.
  pid = os.fork()

[2025-06-27T05:49:47.089+0000] {standard_task_runner.py:72} INFO - Started process 575 to run task
[2025-06-27T05:49:47.096+0000] {standard_task_runner.py:104} INFO - Running: ['***', 'tasks', 'run', 'gcs_to_bigquery_etl', 'load_country_capital_from_gcs', 'scheduled__2025-06-26T02:00:00+00:00', '--job-id', '133', '--raw', '--subdir', 'DAGS_FOLDER/simple_etl_bigquery_ver3.py', '--cfg-path', '/tmp/tmpkfyo22w2']
[2025-06-27T05:49:47.106+0000] {standard_task_runner.py:105} INFO - Job 133: Subtask load_country_capital_from_gcs
[2025-06-27T05:49:47.193+0000] {task_command.py:467} INFO - Running <TaskInstance: gcs_to_bigquery_etl.load_country_capital_from_gcs scheduled__2025-06-26T02:00:00+00:00 [running]> on host 546ad4141aeb
[2025-06-27T05:49:47.296+0000] {taskinstance.py:3131} INFO - Exporting env vars: AIRFLOW_CTX_DAG_OWNER='***' AIRFLOW_CTX_DAG_ID='gcs_to_bigquery_etl' AIRFLOW_CTX_TASK_ID='load_country_capital_from_gcs' AIRFLOW_CTX_EXECUTION_DATE='2025-06-26T02:00:00+00:00' AIRFLOW_CTX_TRY_NUMBER='1' AIRFLOW_CTX_DAG_RUN_ID='scheduled__2025-06-26T02:00:00+00:00'
[2025-06-27T05:49:47.299+0000] {taskinstance.py:731} INFO - ::endgroup::
[2025-06-27T05:49:47.314+0000] {connection.py:277} WARNING - Connection schemes (type: google_cloud_platform) shall not contain '_' according to RFC3986.
[2025-06-27T05:49:47.318+0000] {base.py:84} INFO - Retrieving connection 'google_cloud_default'
[2025-06-27T05:49:47.376+0000] {bigquery.py:2957} INFO - Executing: {'load': {'sourceUris': ['gs://hanpoom_***/country_capital.csv'], 'destinationTable': {'projectId': 'sixth-topic-349709', 'datasetId': 'raw_data', 'tableId': 'country_capital'}, 'sourceFormat': 'CSV', 'skipLeadingRows': 1, 'writeDisposition': 'WRITE_TRUNCATE', 'schema': {'fields': [{'name': 'country', 'type': 'STRING', 'mode': 'REQUIRED'}, {'name': 'capital', 'type': 'STRING', 'mode': 'NULLABLE'}]}}}'
[2025-06-27T05:49:47.378+0000] {bigquery.py:1702} INFO - Inserting job ***_gcs_to_bigquery_etl_load_country_capital_from_gcs_2025_06_26T02_00_00_00_00_75b53a96a05f3e263aec1d2ab8ea972f
[2025-06-27T05:49:50.744+0000] {taskinstance.py:340} INFO - ::group::Post task execution logs
[2025-06-27T05:49:50.747+0000] {taskinstance.py:352} INFO - Marking task as SUCCESS. dag_id=gcs_to_bigquery_etl, task_id=load_country_capital_from_gcs, run_id=scheduled__2025-06-26T02:00:00+00:00, execution_date=20250626T020000, start_date=20250627T054947, end_date=20250627T054950
[2025-06-27T05:49:50.846+0000] {local_task_job_runner.py:266} INFO - Task exited with return code 0
[2025-06-27T05:49:50.981+0000] {taskinstance.py:3900} INFO - 0 downstream tasks scheduled from follow-on schedule check
[2025-06-27T05:49:50.992+0000] {local_task_job_runner.py:245} INFO - ::endgroup::
[2025-06-27T06:20:38.974+0000] {local_task_job_runner.py:123} INFO - ::group::Pre task execution logs
[2025-06-27T06:20:39.146+0000] {taskinstance.py:2612} INFO - Dependencies all met for dep_context=non-requeueable deps ti=<TaskInstance: gcs_to_bigquery_etl.load_country_capital_from_gcs scheduled__2025-06-26T02:00:00+00:00 [queued]>
[2025-06-27T06:20:39.191+0000] {taskinstance.py:2612} INFO - Dependencies all met for dep_context=requeueable deps ti=<TaskInstance: gcs_to_bigquery_etl.load_country_capital_from_gcs scheduled__2025-06-26T02:00:00+00:00 [queued]>
[2025-06-27T06:20:39.192+0000] {taskinstance.py:2865} INFO - Starting attempt 1 of 1
[2025-06-27T06:20:39.254+0000] {taskinstance.py:2888} INFO - Executing <Task(BigQueryInsertJobOperator): load_country_capital_from_gcs> on 2025-06-26 02:00:00+00:00
[2025-06-27T06:20:39.287+0000] {warnings.py:112} WARNING - /home/***/.local/lib/python3.12/site-packages/***/task/task_runner/standard_task_runner.py:70: DeprecationWarning: This process (pid=220) is multi-threaded, use of fork() may lead to deadlocks in the child.
  pid = os.fork()

[2025-06-27T06:20:39.307+0000] {standard_task_runner.py:72} INFO - Started process 257 to run task
[2025-06-27T06:20:39.340+0000] {standard_task_runner.py:104} INFO - Running: ['***', 'tasks', 'run', 'gcs_to_bigquery_etl', 'load_country_capital_from_gcs', 'scheduled__2025-06-26T02:00:00+00:00', '--job-id', '51', '--raw', '--subdir', 'DAGS_FOLDER/simple_etl_bigquery_ver3.py', '--cfg-path', '/tmp/tmpumbz6yog']
[2025-06-27T06:20:39.368+0000] {standard_task_runner.py:105} INFO - Job 51: Subtask load_country_capital_from_gcs
[2025-06-27T06:20:39.704+0000] {task_command.py:467} INFO - Running <TaskInstance: gcs_to_bigquery_etl.load_country_capital_from_gcs scheduled__2025-06-26T02:00:00+00:00 [running]> on host 4e2c61145aac
[2025-06-27T06:20:40.173+0000] {taskinstance.py:3131} INFO - Exporting env vars: AIRFLOW_CTX_DAG_OWNER='***' AIRFLOW_CTX_DAG_ID='gcs_to_bigquery_etl' AIRFLOW_CTX_TASK_ID='load_country_capital_from_gcs' AIRFLOW_CTX_EXECUTION_DATE='2025-06-26T02:00:00+00:00' AIRFLOW_CTX_TRY_NUMBER='1' AIRFLOW_CTX_DAG_RUN_ID='scheduled__2025-06-26T02:00:00+00:00'
[2025-06-27T06:20:40.210+0000] {taskinstance.py:731} INFO - ::endgroup::
[2025-06-27T06:20:40.260+0000] {connection.py:277} WARNING - Connection schemes (type: google_cloud_platform) shall not contain '_' according to RFC3986.
[2025-06-27T06:20:40.295+0000] {base.py:84} INFO - Retrieving connection 'google_cloud_default'
[2025-06-27T06:20:40.553+0000] {bigquery.py:2957} INFO - Executing: {'load': {'sourceUris': ['gs://hanpoom_***/country_capital.csv'], 'destinationTable': {'projectId': 'sixth-topic-349709', 'datasetId': 'raw_data', 'tableId': 'country_capital'}, 'sourceFormat': 'CSV', 'skipLeadingRows': 1, 'writeDisposition': 'WRITE_TRUNCATE', 'schema': {'fields': [{'name': 'country', 'type': 'STRING', 'mode': 'REQUIRED'}, {'name': 'capital', 'type': 'STRING', 'mode': 'NULLABLE'}]}}}'
[2025-06-27T06:20:40.571+0000] {bigquery.py:1702} INFO - Inserting job ***_gcs_to_bigquery_etl_load_country_capital_from_gcs_2025_06_26T02_00_00_00_00_e6969824ffcb46bbe32d2c5dbc5e6ed2
[2025-06-27T06:20:45.180+0000] {taskinstance.py:340} INFO - ::group::Post task execution logs
[2025-06-27T06:20:45.239+0000] {taskinstance.py:352} INFO - Marking task as SUCCESS. dag_id=gcs_to_bigquery_etl, task_id=load_country_capital_from_gcs, run_id=scheduled__2025-06-26T02:00:00+00:00, execution_date=20250626T020000, start_date=20250627T062039, end_date=20250627T062045
[2025-06-27T06:20:46.046+0000] {local_task_job_runner.py:266} INFO - Task exited with return code 0
[2025-06-27T06:20:46.838+0000] {taskinstance.py:3900} INFO - 0 downstream tasks scheduled from follow-on schedule check
[2025-06-27T06:20:46.895+0000] {local_task_job_runner.py:245} INFO - ::endgroup::
[2025-06-27T06:32:49.411+0000] {local_task_job_runner.py:123} INFO - ::group::Pre task execution logs
[2025-06-27T06:32:49.475+0000] {taskinstance.py:2612} INFO - Dependencies all met for dep_context=non-requeueable deps ti=<TaskInstance: gcs_to_bigquery_etl.load_country_capital_from_gcs scheduled__2025-06-26T02:00:00+00:00 [queued]>
[2025-06-27T06:32:49.524+0000] {taskinstance.py:2612} INFO - Dependencies all met for dep_context=requeueable deps ti=<TaskInstance: gcs_to_bigquery_etl.load_country_capital_from_gcs scheduled__2025-06-26T02:00:00+00:00 [queued]>
[2025-06-27T06:32:49.527+0000] {taskinstance.py:2865} INFO - Starting attempt 1 of 1
[2025-06-27T06:32:49.640+0000] {taskinstance.py:2888} INFO - Executing <Task(BigQueryInsertJobOperator): load_country_capital_from_gcs> on 2025-06-26 02:00:00+00:00
[2025-06-27T06:32:49.760+0000] {warnings.py:112} WARNING - /home/***/.local/lib/python3.12/site-packages/***/task/task_runner/standard_task_runner.py:70: DeprecationWarning: This process (pid=246) is multi-threaded, use of fork() may lead to deadlocks in the child.
  pid = os.fork()

[2025-06-27T06:32:49.773+0000] {standard_task_runner.py:72} INFO - Started process 268 to run task
[2025-06-27T06:32:49.788+0000] {standard_task_runner.py:104} INFO - Running: ['***', 'tasks', 'run', 'gcs_to_bigquery_etl', 'load_country_capital_from_gcs', 'scheduled__2025-06-26T02:00:00+00:00', '--job-id', '53', '--raw', '--subdir', 'DAGS_FOLDER/simple_etl_bigquery_ver3.py', '--cfg-path', '/tmp/tmpe2pooz3h']
[2025-06-27T06:32:49.808+0000] {standard_task_runner.py:105} INFO - Job 53: Subtask load_country_capital_from_gcs
[2025-06-27T06:32:50.051+0000] {task_command.py:467} INFO - Running <TaskInstance: gcs_to_bigquery_etl.load_country_capital_from_gcs scheduled__2025-06-26T02:00:00+00:00 [running]> on host 9254d6815a5d
[2025-06-27T06:32:50.641+0000] {taskinstance.py:3131} INFO - Exporting env vars: AIRFLOW_CTX_DAG_OWNER='***' AIRFLOW_CTX_DAG_ID='gcs_to_bigquery_etl' AIRFLOW_CTX_TASK_ID='load_country_capital_from_gcs' AIRFLOW_CTX_EXECUTION_DATE='2025-06-26T02:00:00+00:00' AIRFLOW_CTX_TRY_NUMBER='1' AIRFLOW_CTX_DAG_RUN_ID='scheduled__2025-06-26T02:00:00+00:00'
[2025-06-27T06:32:50.672+0000] {taskinstance.py:731} INFO - ::endgroup::
[2025-06-27T06:32:50.752+0000] {connection.py:277} WARNING - Connection schemes (type: google_cloud_platform) shall not contain '_' according to RFC3986.
[2025-06-27T06:32:50.804+0000] {base.py:84} INFO - Retrieving connection 'google_cloud_default'
[2025-06-27T06:32:51.069+0000] {bigquery.py:2957} INFO - Executing: {'load': {'sourceUris': ['gs://hanpoom_***/country_capital.csv'], 'destinationTable': {'projectId': 'sixth-topic-349709', 'datasetId': 'raw_data', 'tableId': 'country_capital'}, 'sourceFormat': 'CSV', 'skipLeadingRows': 1, 'writeDisposition': 'WRITE_TRUNCATE', 'schema': {'fields': [{'name': 'country', 'type': 'STRING', 'mode': 'REQUIRED'}, {'name': 'capital', 'type': 'STRING', 'mode': 'NULLABLE'}]}}}'
[2025-06-27T06:32:51.085+0000] {bigquery.py:1702} INFO - Inserting job ***_gcs_to_bigquery_etl_load_country_capital_from_gcs_2025_06_26T02_00_00_00_00_7c0c8fee2286efba82eacfc015abd2e7
[2025-06-27T06:32:54.523+0000] {taskinstance.py:340} INFO - ::group::Post task execution logs
[2025-06-27T06:32:54.552+0000] {taskinstance.py:352} INFO - Marking task as SUCCESS. dag_id=gcs_to_bigquery_etl, task_id=load_country_capital_from_gcs, run_id=scheduled__2025-06-26T02:00:00+00:00, execution_date=20250626T020000, start_date=20250627T063249, end_date=20250627T063254
[2025-06-27T06:32:55.145+0000] {local_task_job_runner.py:266} INFO - Task exited with return code 0
[2025-06-27T06:32:55.371+0000] {taskinstance.py:3900} INFO - 0 downstream tasks scheduled from follow-on schedule check
[2025-06-27T06:32:55.389+0000] {local_task_job_runner.py:245} INFO - ::endgroup::
