[2025-06-27T00:52:54.940+0000] {local_task_job_runner.py:123} INFO - ::group::Pre task execution logs
[2025-06-27T00:52:54.963+0000] {taskinstance.py:2612} INFO - Dependencies all met for dep_context=non-requeueable deps ti=<TaskInstance: ga4_raw_data_elt.create_ga4_events_dataset scheduled__2025-06-25T05:00:00+00:00 [queued]>
[2025-06-27T00:52:54.973+0000] {taskinstance.py:2612} INFO - Dependencies all met for dep_context=requeueable deps ti=<TaskInstance: ga4_raw_data_elt.create_ga4_events_dataset scheduled__2025-06-25T05:00:00+00:00 [queued]>
[2025-06-27T00:52:54.974+0000] {taskinstance.py:2865} INFO - Starting attempt 1 of 1
[2025-06-27T00:52:54.987+0000] {taskinstance.py:2888} INFO - Executing <Task(BigQueryCreateEmptyDatasetOperator): create_ga4_events_dataset> on 2025-06-25 05:00:00+00:00
[2025-06-27T00:52:54.998+0000] {warnings.py:112} WARNING - /home/***/.local/lib/python3.12/site-packages/***/task/task_runner/standard_task_runner.py:70: DeprecationWarning: This process (pid=79) is multi-threaded, use of fork() may lead to deadlocks in the child.
  pid = os.fork()

[2025-06-27T00:52:55.002+0000] {standard_task_runner.py:72} INFO - Started process 101 to run task
[2025-06-27T00:52:55.008+0000] {standard_task_runner.py:104} INFO - Running: ['***', 'tasks', 'run', 'ga4_raw_data_elt', 'create_ga4_events_dataset', 'scheduled__2025-06-25T05:00:00+00:00', '--job-id', '14', '--raw', '--subdir', 'DAGS_FOLDER/GA4_data_elt.py', '--cfg-path', '/tmp/tmpir2cc_03']
[2025-06-27T00:52:55.013+0000] {standard_task_runner.py:105} INFO - Job 14: Subtask create_ga4_events_dataset
[2025-06-27T00:52:55.133+0000] {task_command.py:467} INFO - Running <TaskInstance: ga4_raw_data_elt.create_ga4_events_dataset scheduled__2025-06-25T05:00:00+00:00 [running]> on host 9cd2c6ca0862
[2025-06-27T00:52:55.203+0000] {taskinstance.py:3131} INFO - Exporting env vars: AIRFLOW_CTX_DAG_OWNER='***' AIRFLOW_CTX_DAG_ID='ga4_raw_data_elt' AIRFLOW_CTX_TASK_ID='create_ga4_events_dataset' AIRFLOW_CTX_EXECUTION_DATE='2025-06-25T05:00:00+00:00' AIRFLOW_CTX_TRY_NUMBER='1' AIRFLOW_CTX_DAG_RUN_ID='scheduled__2025-06-25T05:00:00+00:00'
[2025-06-27T00:52:55.210+0000] {taskinstance.py:731} INFO - ::endgroup::
[2025-06-27T00:52:55.234+0000] {connection.py:277} WARNING - Connection schemes (type: google_cloud_platform) shall not contain '_' according to RFC3986.
[2025-06-27T00:52:55.246+0000] {base.py:84} INFO - Retrieving connection 'google_cloud_default'
[2025-06-27T00:52:55.251+0000] {bigquery.py:533} INFO - datasetId was not specified in `dataset_reference`. Will use default value ga4_events.
[2025-06-27T00:52:55.251+0000] {bigquery.py:533} INFO - projectId was not specified in `dataset_reference`. Will use default value sixth-topic-349709.
[2025-06-27T00:52:55.253+0000] {bigquery.py:544} INFO - Creating dataset: ga4_events in project: sixth-topic-349709 
[2025-06-27T00:52:56.430+0000] {bigquery.py:548} INFO - Dataset created successfully.
[2025-06-27T00:52:56.498+0000] {taskinstance.py:340} INFO - ::group::Post task execution logs
[2025-06-27T00:52:56.500+0000] {taskinstance.py:352} INFO - Marking task as SUCCESS. dag_id=ga4_raw_data_elt, task_id=create_ga4_events_dataset, run_id=scheduled__2025-06-25T05:00:00+00:00, execution_date=20250625T050000, start_date=20250627T005254, end_date=20250627T005256
[2025-06-27T00:52:56.593+0000] {local_task_job_runner.py:266} INFO - Task exited with return code 0
[2025-06-27T00:52:56.614+0000] {local_task_job_runner.py:245} INFO - ::endgroup::
[2025-06-27T02:50:52.039+0000] {local_task_job_runner.py:123} INFO - ::group::Pre task execution logs
[2025-06-27T02:50:52.052+0000] {taskinstance.py:2612} INFO - Dependencies all met for dep_context=non-requeueable deps ti=<TaskInstance: ga4_raw_data_elt.create_ga4_events_dataset scheduled__2025-06-25T05:00:00+00:00 [queued]>
[2025-06-27T02:50:52.057+0000] {taskinstance.py:2612} INFO - Dependencies all met for dep_context=requeueable deps ti=<TaskInstance: ga4_raw_data_elt.create_ga4_events_dataset scheduled__2025-06-25T05:00:00+00:00 [queued]>
[2025-06-27T02:50:52.058+0000] {taskinstance.py:2865} INFO - Starting attempt 1 of 1
[2025-06-27T02:50:52.067+0000] {taskinstance.py:2888} INFO - Executing <Task(BigQueryCreateEmptyDatasetOperator): create_ga4_events_dataset> on 2025-06-25 05:00:00+00:00
[2025-06-27T02:50:52.071+0000] {warnings.py:112} WARNING - /home/***/.local/lib/python3.12/site-packages/***/task/task_runner/standard_task_runner.py:70: DeprecationWarning: This process (pid=81) is multi-threaded, use of fork() may lead to deadlocks in the child.
  pid = os.fork()

[2025-06-27T02:50:52.074+0000] {standard_task_runner.py:72} INFO - Started process 96 to run task
[2025-06-27T02:50:52.075+0000] {standard_task_runner.py:104} INFO - Running: ['***', 'tasks', 'run', 'ga4_raw_data_elt', 'create_ga4_events_dataset', 'scheduled__2025-06-25T05:00:00+00:00', '--job-id', '89', '--raw', '--subdir', 'DAGS_FOLDER/GA4_data_elt.py', '--cfg-path', '/tmp/tmp9eatno0k']
[2025-06-27T02:50:52.078+0000] {standard_task_runner.py:105} INFO - Job 89: Subtask create_ga4_events_dataset
[2025-06-27T02:50:52.119+0000] {task_command.py:467} INFO - Running <TaskInstance: ga4_raw_data_elt.create_ga4_events_dataset scheduled__2025-06-25T05:00:00+00:00 [running]> on host ba60ab6371e3
[2025-06-27T02:50:52.163+0000] {taskinstance.py:3131} INFO - Exporting env vars: AIRFLOW_CTX_DAG_OWNER='***' AIRFLOW_CTX_DAG_ID='ga4_raw_data_elt' AIRFLOW_CTX_TASK_ID='create_ga4_events_dataset' AIRFLOW_CTX_EXECUTION_DATE='2025-06-25T05:00:00+00:00' AIRFLOW_CTX_TRY_NUMBER='1' AIRFLOW_CTX_DAG_RUN_ID='scheduled__2025-06-25T05:00:00+00:00'
[2025-06-27T02:50:52.165+0000] {taskinstance.py:731} INFO - ::endgroup::
[2025-06-27T02:50:52.171+0000] {connection.py:277} WARNING - Connection schemes (type: google_cloud_platform) shall not contain '_' according to RFC3986.
[2025-06-27T02:50:52.173+0000] {base.py:84} INFO - Retrieving connection 'google_cloud_default'
[2025-06-27T02:50:52.173+0000] {bigquery.py:533} INFO - datasetId was not specified in `dataset_reference`. Will use default value ga4_events.
[2025-06-27T02:50:52.173+0000] {bigquery.py:533} INFO - projectId was not specified in `dataset_reference`. Will use default value sixth-topic-349709.
[2025-06-27T02:50:52.174+0000] {bigquery.py:544} INFO - Creating dataset: ga4_events in project: sixth-topic-349709 
[2025-06-27T02:50:53.469+0000] {bigquery.py:548} INFO - Dataset created successfully.
[2025-06-27T02:50:53.502+0000] {taskinstance.py:340} INFO - ::group::Post task execution logs
[2025-06-27T02:50:53.504+0000] {taskinstance.py:352} INFO - Marking task as SUCCESS. dag_id=ga4_raw_data_elt, task_id=create_ga4_events_dataset, run_id=scheduled__2025-06-25T05:00:00+00:00, execution_date=20250625T050000, start_date=20250627T025052, end_date=20250627T025053
[2025-06-27T02:50:53.605+0000] {local_task_job_runner.py:266} INFO - Task exited with return code 0
[2025-06-27T02:50:53.643+0000] {taskinstance.py:3900} INFO - 1 downstream tasks scheduled from follow-on schedule check
[2025-06-27T02:50:53.647+0000] {local_task_job_runner.py:245} INFO - ::endgroup::
