[2025-06-27T02:06:44.021+0000] {local_task_job_runner.py:123} INFO - ::group::Pre task execution logs
[2025-06-27T02:06:44.029+0000] {taskinstance.py:2612} INFO - Dependencies all met for dep_context=non-requeueable deps ti=<TaskInstance: ga4_raw_data_elt.end_task scheduled__2025-06-23T02:07:00+00:00 [queued]>
[2025-06-27T02:06:44.032+0000] {taskinstance.py:2612} INFO - Dependencies all met for dep_context=requeueable deps ti=<TaskInstance: ga4_raw_data_elt.end_task scheduled__2025-06-23T02:07:00+00:00 [queued]>
[2025-06-27T02:06:44.033+0000] {taskinstance.py:2865} INFO - Starting attempt 1 of 1
[2025-06-27T02:06:44.038+0000] {taskinstance.py:2888} INFO - Executing <Task(_PythonDecoratedOperator): end_task> on 2025-06-23 02:07:00+00:00
[2025-06-27T02:06:44.043+0000] {warnings.py:112} WARNING - /home/***/.local/lib/python3.12/site-packages/***/task/task_runner/standard_task_runner.py:70: DeprecationWarning: This process (pid=178) is multi-threaded, use of fork() may lead to deadlocks in the child.
  pid = os.fork()

[2025-06-27T02:06:44.044+0000] {standard_task_runner.py:72} INFO - Started process 180 to run task
[2025-06-27T02:06:44.045+0000] {standard_task_runner.py:104} INFO - Running: ['***', 'tasks', 'run', 'ga4_raw_data_elt', 'end_task', 'scheduled__2025-06-23T02:07:00+00:00', '--job-id', '35', '--raw', '--subdir', 'DAGS_FOLDER/GA4_data_elt.py', '--cfg-path', '/tmp/tmpacey392z']
[2025-06-27T02:06:44.047+0000] {standard_task_runner.py:105} INFO - Job 35: Subtask end_task
[2025-06-27T02:06:44.073+0000] {task_command.py:467} INFO - Running <TaskInstance: ga4_raw_data_elt.end_task scheduled__2025-06-23T02:07:00+00:00 [running]> on host 040d1cf847a3
[2025-06-27T02:06:44.117+0000] {taskinstance.py:3131} INFO - Exporting env vars: AIRFLOW_CTX_DAG_OWNER='***' AIRFLOW_CTX_DAG_ID='ga4_raw_data_elt' AIRFLOW_CTX_TASK_ID='end_task' AIRFLOW_CTX_EXECUTION_DATE='2025-06-23T02:07:00+00:00' AIRFLOW_CTX_TRY_NUMBER='1' AIRFLOW_CTX_DAG_RUN_ID='scheduled__2025-06-23T02:07:00+00:00'
[2025-06-27T02:06:44.119+0000] {taskinstance.py:731} INFO - ::endgroup::
[2025-06-27T02:06:44.120+0000] {logging_mixin.py:190} INFO - end
[2025-06-27T02:06:44.121+0000] {python.py:240} INFO - Done. Returned value was: None
[2025-06-27T02:06:44.126+0000] {taskinstance.py:340} INFO - ::group::Post task execution logs
[2025-06-27T02:06:44.126+0000] {taskinstance.py:352} INFO - Marking task as SUCCESS. dag_id=ga4_raw_data_elt, task_id=end_task, run_id=scheduled__2025-06-23T02:07:00+00:00, execution_date=20250623T020700, start_date=20250627T020644, end_date=20250627T020644
[2025-06-27T02:06:44.144+0000] {local_task_job_runner.py:266} INFO - Task exited with return code 0
[2025-06-27T02:06:44.152+0000] {taskinstance.py:3900} INFO - 0 downstream tasks scheduled from follow-on schedule check
[2025-06-27T02:06:44.153+0000] {local_task_job_runner.py:245} INFO - ::endgroup::
[2025-06-27T02:21:41.797+0000] {local_task_job_runner.py:123} INFO - ::group::Pre task execution logs
[2025-06-27T02:21:41.808+0000] {taskinstance.py:2612} INFO - Dependencies all met for dep_context=non-requeueable deps ti=<TaskInstance: ga4_raw_data_elt.end_task scheduled__2025-06-23T02:07:00+00:00 [queued]>
[2025-06-27T02:21:41.815+0000] {taskinstance.py:2612} INFO - Dependencies all met for dep_context=requeueable deps ti=<TaskInstance: ga4_raw_data_elt.end_task scheduled__2025-06-23T02:07:00+00:00 [queued]>
[2025-06-27T02:21:41.816+0000] {taskinstance.py:2865} INFO - Starting attempt 1 of 1
[2025-06-27T02:21:41.825+0000] {taskinstance.py:2888} INFO - Executing <Task(_PythonDecoratedOperator): end_task> on 2025-06-23 02:07:00+00:00
[2025-06-27T02:21:41.832+0000] {warnings.py:112} WARNING - /home/***/.local/lib/python3.12/site-packages/***/task/task_runner/standard_task_runner.py:70: DeprecationWarning: This process (pid=191) is multi-threaded, use of fork() may lead to deadlocks in the child.
  pid = os.fork()

[2025-06-27T02:21:41.835+0000] {standard_task_runner.py:72} INFO - Started process 195 to run task
[2025-06-27T02:21:41.840+0000] {standard_task_runner.py:104} INFO - Running: ['***', 'tasks', 'run', 'ga4_raw_data_elt', 'end_task', 'scheduled__2025-06-23T02:07:00+00:00', '--job-id', '39', '--raw', '--subdir', 'DAGS_FOLDER/GA4_data_elt.py', '--cfg-path', '/tmp/tmpqw4ph3sd']
[2025-06-27T02:21:41.848+0000] {standard_task_runner.py:105} INFO - Job 39: Subtask end_task
[2025-06-27T02:21:41.904+0000] {task_command.py:467} INFO - Running <TaskInstance: ga4_raw_data_elt.end_task scheduled__2025-06-23T02:07:00+00:00 [running]> on host a6d750376b6f
[2025-06-27T02:21:42.049+0000] {taskinstance.py:3131} INFO - Exporting env vars: AIRFLOW_CTX_DAG_OWNER='***' AIRFLOW_CTX_DAG_ID='ga4_raw_data_elt' AIRFLOW_CTX_TASK_ID='end_task' AIRFLOW_CTX_EXECUTION_DATE='2025-06-23T02:07:00+00:00' AIRFLOW_CTX_TRY_NUMBER='1' AIRFLOW_CTX_DAG_RUN_ID='scheduled__2025-06-23T02:07:00+00:00'
[2025-06-27T02:21:42.052+0000] {taskinstance.py:731} INFO - ::endgroup::
[2025-06-27T02:21:42.055+0000] {logging_mixin.py:190} INFO - end
[2025-06-27T02:21:42.056+0000] {python.py:240} INFO - Done. Returned value was: None
[2025-06-27T02:21:42.075+0000] {taskinstance.py:340} INFO - ::group::Post task execution logs
[2025-06-27T02:21:42.076+0000] {taskinstance.py:352} INFO - Marking task as SUCCESS. dag_id=ga4_raw_data_elt, task_id=end_task, run_id=scheduled__2025-06-23T02:07:00+00:00, execution_date=20250623T020700, start_date=20250627T022141, end_date=20250627T022142
[2025-06-27T02:21:42.106+0000] {local_task_job_runner.py:266} INFO - Task exited with return code 0
[2025-06-27T02:21:42.135+0000] {taskinstance.py:3900} INFO - 0 downstream tasks scheduled from follow-on schedule check
[2025-06-27T02:21:42.136+0000] {local_task_job_runner.py:245} INFO - ::endgroup::
[2025-06-27T02:35:25.679+0000] {local_task_job_runner.py:123} INFO - ::group::Pre task execution logs
[2025-06-27T02:35:25.691+0000] {taskinstance.py:2612} INFO - Dependencies all met for dep_context=non-requeueable deps ti=<TaskInstance: ga4_raw_data_elt.end_task scheduled__2025-06-23T02:07:00+00:00 [queued]>
[2025-06-27T02:35:25.697+0000] {taskinstance.py:2612} INFO - Dependencies all met for dep_context=requeueable deps ti=<TaskInstance: ga4_raw_data_elt.end_task scheduled__2025-06-23T02:07:00+00:00 [queued]>
[2025-06-27T02:35:25.697+0000] {taskinstance.py:2865} INFO - Starting attempt 1 of 1
[2025-06-27T02:35:25.705+0000] {taskinstance.py:2888} INFO - Executing <Task(_PythonDecoratedOperator): end_task> on 2025-06-23 02:07:00+00:00
[2025-06-27T02:35:25.722+0000] {warnings.py:112} WARNING - /home/***/.local/lib/python3.12/site-packages/***/task/task_runner/standard_task_runner.py:70: DeprecationWarning: This process (pid=183) is multi-threaded, use of fork() may lead to deadlocks in the child.
  pid = os.fork()

[2025-06-27T02:35:25.722+0000] {standard_task_runner.py:104} INFO - Running: ['***', 'tasks', 'run', 'ga4_raw_data_elt', 'end_task', 'scheduled__2025-06-23T02:07:00+00:00', '--job-id', '36', '--raw', '--subdir', 'DAGS_FOLDER/GA4_data_elt.py', '--cfg-path', '/tmp/tmpm5k724d7']
[2025-06-27T02:35:25.724+0000] {standard_task_runner.py:72} INFO - Started process 189 to run task
[2025-06-27T02:35:25.724+0000] {standard_task_runner.py:105} INFO - Job 36: Subtask end_task
[2025-06-27T02:35:25.774+0000] {task_command.py:467} INFO - Running <TaskInstance: ga4_raw_data_elt.end_task scheduled__2025-06-23T02:07:00+00:00 [running]> on host ba60ab6371e3
[2025-06-27T02:35:25.912+0000] {taskinstance.py:3131} INFO - Exporting env vars: AIRFLOW_CTX_DAG_OWNER='***' AIRFLOW_CTX_DAG_ID='ga4_raw_data_elt' AIRFLOW_CTX_TASK_ID='end_task' AIRFLOW_CTX_EXECUTION_DATE='2025-06-23T02:07:00+00:00' AIRFLOW_CTX_TRY_NUMBER='1' AIRFLOW_CTX_DAG_RUN_ID='scheduled__2025-06-23T02:07:00+00:00'
[2025-06-27T02:35:25.914+0000] {taskinstance.py:731} INFO - ::endgroup::
[2025-06-27T02:35:25.916+0000] {logging_mixin.py:190} INFO - end
[2025-06-27T02:35:25.917+0000] {python.py:240} INFO - Done. Returned value was: None
[2025-06-27T02:35:25.924+0000] {taskinstance.py:340} INFO - ::group::Post task execution logs
[2025-06-27T02:35:25.924+0000] {taskinstance.py:352} INFO - Marking task as SUCCESS. dag_id=ga4_raw_data_elt, task_id=end_task, run_id=scheduled__2025-06-23T02:07:00+00:00, execution_date=20250623T020700, start_date=20250627T023525, end_date=20250627T023525
[2025-06-27T02:35:25.947+0000] {local_task_job_runner.py:266} INFO - Task exited with return code 0
[2025-06-27T02:35:25.960+0000] {taskinstance.py:3900} INFO - 0 downstream tasks scheduled from follow-on schedule check
[2025-06-27T02:35:25.962+0000] {local_task_job_runner.py:245} INFO - ::endgroup::
