[2025-06-27T06:58:32.370+0000] {local_task_job_runner.py:123} INFO - ::group::Pre task execution logs
[2025-06-27T06:58:32.384+0000] {taskinstance.py:2612} INFO - Dependencies all met for dep_context=non-requeueable deps ti=<TaskInstance: ga4_raw_data_elt_v1.0_prod.start_task scheduled__2025-06-07T09:00:00+00:00 [queued]>
[2025-06-27T06:58:32.397+0000] {taskinstance.py:2612} INFO - Dependencies all met for dep_context=requeueable deps ti=<TaskInstance: ga4_raw_data_elt_v1.0_prod.start_task scheduled__2025-06-07T09:00:00+00:00 [queued]>
[2025-06-27T06:58:32.398+0000] {taskinstance.py:2865} INFO - Starting attempt 1 of 1
[2025-06-27T06:58:32.411+0000] {taskinstance.py:2888} INFO - Executing <Task(_PythonDecoratedOperator): start_task> on 2025-06-07 09:00:00+00:00
[2025-06-27T06:58:32.417+0000] {warnings.py:112} WARNING - /home/***/.local/lib/python3.12/site-packages/***/task/task_runner/standard_task_runner.py:70: DeprecationWarning: This process (pid=3065) is multi-threaded, use of fork() may lead to deadlocks in the child.
  pid = os.fork()

[2025-06-27T06:58:32.419+0000] {standard_task_runner.py:72} INFO - Started process 3083 to run task
[2025-06-27T06:58:32.422+0000] {standard_task_runner.py:104} INFO - Running: ['***', 'tasks', 'run', 'ga4_raw_data_elt_v1.0_prod', 'start_task', 'scheduled__2025-06-07T09:00:00+00:00', '--job-id', '882', '--raw', '--subdir', 'DAGS_FOLDER/GA4_data_elt.py', '--cfg-path', '/tmp/tmp33y_q57_']
[2025-06-27T06:58:32.425+0000] {standard_task_runner.py:105} INFO - Job 882: Subtask start_task
[2025-06-27T06:58:32.491+0000] {task_command.py:467} INFO - Running <TaskInstance: ga4_raw_data_elt_v1.0_prod.start_task scheduled__2025-06-07T09:00:00+00:00 [running]> on host e7fdb6bf901c
[2025-06-27T06:58:32.561+0000] {taskinstance.py:3131} INFO - Exporting env vars: AIRFLOW_CTX_DAG_OWNER='***' AIRFLOW_CTX_DAG_ID='ga4_raw_data_elt_v1.0_prod' AIRFLOW_CTX_TASK_ID='start_task' AIRFLOW_CTX_EXECUTION_DATE='2025-06-07T09:00:00+00:00' AIRFLOW_CTX_TRY_NUMBER='1' AIRFLOW_CTX_DAG_RUN_ID='scheduled__2025-06-07T09:00:00+00:00'
[2025-06-27T06:58:32.564+0000] {taskinstance.py:731} INFO - ::endgroup::
[2025-06-27T06:58:32.566+0000] {logging_mixin.py:190} INFO - start
[2025-06-27T06:58:32.566+0000] {logging_mixin.py:190} INFO - ds: 2025-06-07
[2025-06-27T06:58:32.567+0000] {python.py:240} INFO - Done. Returned value was: None
[2025-06-27T06:58:32.575+0000] {taskinstance.py:340} INFO - ::group::Post task execution logs
[2025-06-27T06:58:32.576+0000] {taskinstance.py:352} INFO - Marking task as SUCCESS. dag_id=ga4_raw_data_elt_v1.0_prod, task_id=start_task, run_id=scheduled__2025-06-07T09:00:00+00:00, execution_date=20250607T090000, start_date=20250627T065832, end_date=20250627T065832
[2025-06-27T06:58:32.602+0000] {local_task_job_runner.py:266} INFO - Task exited with return code 0
[2025-06-27T06:58:32.614+0000] {local_task_job_runner.py:245} INFO - ::endgroup::
