[2025-06-27T04:21:57.270+0000] {local_task_job_runner.py:123} INFO - ::group::Pre task execution logs
[2025-06-27T04:21:57.324+0000] {taskinstance.py:2612} INFO - Dependencies all met for dep_context=non-requeueable deps ti=<TaskInstance: ga4_raw_data_elt_v1.0.create_ga4_events_dataset scheduled__2024-12-31T05:00:00+00:00 [queued]>
[2025-06-27T04:21:57.343+0000] {taskinstance.py:2612} INFO - Dependencies all met for dep_context=requeueable deps ti=<TaskInstance: ga4_raw_data_elt_v1.0.create_ga4_events_dataset scheduled__2024-12-31T05:00:00+00:00 [queued]>
[2025-06-27T04:21:57.356+0000] {taskinstance.py:2865} INFO - Starting attempt 1 of 1
[2025-06-27T04:21:57.407+0000] {taskinstance.py:2888} INFO - Executing <Task(BigQueryCreateEmptyDatasetOperator): create_ga4_events_dataset> on 2024-12-31 05:00:00+00:00
[2025-06-27T04:21:57.444+0000] {warnings.py:112} WARNING - /home/***/.local/lib/python3.12/site-packages/***/task/task_runner/standard_task_runner.py:70: DeprecationWarning: This process (pid=126) is multi-threaded, use of fork() may lead to deadlocks in the child.
  pid = os.fork()

[2025-06-27T04:21:57.451+0000] {standard_task_runner.py:72} INFO - Started process 176 to run task
[2025-06-27T04:21:57.457+0000] {standard_task_runner.py:104} INFO - Running: ['***', 'tasks', 'run', 'ga4_raw_data_elt_v1.0', 'create_ga4_events_dataset', 'scheduled__2024-12-31T05:00:00+00:00', '--job-id', '33', '--raw', '--subdir', 'DAGS_FOLDER/GA4_data_elt.py', '--cfg-path', '/tmp/tmpln56u02r']
[2025-06-27T04:21:57.483+0000] {standard_task_runner.py:105} INFO - Job 33: Subtask create_ga4_events_dataset
[2025-06-27T04:21:57.710+0000] {task_command.py:467} INFO - Running <TaskInstance: ga4_raw_data_elt_v1.0.create_ga4_events_dataset scheduled__2024-12-31T05:00:00+00:00 [running]> on host f79cc72a155d
[2025-06-27T04:21:57.854+0000] {taskinstance.py:3131} INFO - Exporting env vars: AIRFLOW_CTX_DAG_OWNER='***' AIRFLOW_CTX_DAG_ID='ga4_raw_data_elt_v1.0' AIRFLOW_CTX_TASK_ID='create_ga4_events_dataset' AIRFLOW_CTX_EXECUTION_DATE='2024-12-31T05:00:00+00:00' AIRFLOW_CTX_TRY_NUMBER='1' AIRFLOW_CTX_DAG_RUN_ID='scheduled__2024-12-31T05:00:00+00:00'
[2025-06-27T04:21:57.861+0000] {taskinstance.py:731} INFO - ::endgroup::
[2025-06-27T04:21:57.880+0000] {connection.py:277} WARNING - Connection schemes (type: google_cloud_platform) shall not contain '_' according to RFC3986.
[2025-06-27T04:21:57.888+0000] {base.py:84} INFO - Retrieving connection 'google_cloud_default'
[2025-06-27T04:21:57.890+0000] {bigquery.py:533} INFO - datasetId was not specified in `dataset_reference`. Will use default value ga4_events.
[2025-06-27T04:21:57.891+0000] {bigquery.py:533} INFO - projectId was not specified in `dataset_reference`. Will use default value sixth-topic-349709.
[2025-06-27T04:21:57.893+0000] {bigquery.py:544} INFO - Creating dataset: ga4_events in project: sixth-topic-349709 
[2025-06-27T04:21:58.903+0000] {bigquery.py:548} INFO - Dataset created successfully.
[2025-06-27T04:21:59.022+0000] {taskinstance.py:340} INFO - ::group::Post task execution logs
[2025-06-27T04:21:59.024+0000] {taskinstance.py:352} INFO - Marking task as SUCCESS. dag_id=ga4_raw_data_elt_v1.0, task_id=create_ga4_events_dataset, run_id=scheduled__2024-12-31T05:00:00+00:00, execution_date=20241231T050000, start_date=20250627T042157, end_date=20250627T042159
[2025-06-27T04:21:59.136+0000] {local_task_job_runner.py:266} INFO - Task exited with return code 0
[2025-06-27T04:21:59.280+0000] {taskinstance.py:3900} INFO - 1 downstream tasks scheduled from follow-on schedule check
[2025-06-27T04:21:59.283+0000] {local_task_job_runner.py:245} INFO - ::endgroup::
