[2025-06-26T07:36:15.243+0000] {local_task_job_runner.py:123} INFO - ::group::Pre task execution logs
[2025-06-26T07:36:15.254+0000] {taskinstance.py:2612} INFO - Dependencies all met for dep_context=non-requeueable deps ti=<TaskInstance: ga4_raw_data_elt.run_partition_insert_if_table_exists scheduled__2025-06-24T05:00:00+00:00 [queued]>
[2025-06-26T07:36:15.259+0000] {taskinstance.py:2612} INFO - Dependencies all met for dep_context=requeueable deps ti=<TaskInstance: ga4_raw_data_elt.run_partition_insert_if_table_exists scheduled__2025-06-24T05:00:00+00:00 [queued]>
[2025-06-26T07:36:15.260+0000] {taskinstance.py:2865} INFO - Starting attempt 3 of 3
[2025-06-26T07:36:15.267+0000] {taskinstance.py:2888} INFO - Executing <Task(BigQueryInsertJobOperator): run_partition_insert_if_table_exists> on 2025-06-24 05:00:00+00:00
[2025-06-26T07:36:15.275+0000] {logging_mixin.py:190} WARNING - /home/***/.local/lib/python3.12/site-packages/***/task/task_runner/standard_task_runner.py:70 DeprecationWarning: This process (pid=19168) is multi-threaded, use of fork() may lead to deadlocks in the child.
[2025-06-26T07:36:15.275+0000] {standard_task_runner.py:104} INFO - Running: ['***', 'tasks', 'run', 'ga4_raw_data_elt', 'run_partition_insert_if_table_exists', 'scheduled__2025-06-24T05:00:00+00:00', '--job-id', '94', '--raw', '--subdir', 'DAGS_FOLDER/GA4_data_elt.py', '--cfg-path', '/tmp/tmpx9189msc']
[2025-06-26T07:36:15.276+0000] {standard_task_runner.py:72} INFO - Started process 19170 to run task
[2025-06-26T07:36:15.276+0000] {standard_task_runner.py:105} INFO - Job 94: Subtask run_partition_insert_if_table_exists
[2025-06-26T07:36:15.319+0000] {task_command.py:467} INFO - Running <TaskInstance: ga4_raw_data_elt.run_partition_insert_if_table_exists scheduled__2025-06-24T05:00:00+00:00 [running]> on host 76eadcdb3baf
[2025-06-26T07:36:15.592+0000] {taskinstance.py:3131} INFO - Exporting env vars: AIRFLOW_CTX_DAG_OWNER='***' AIRFLOW_CTX_DAG_ID='ga4_raw_data_elt' AIRFLOW_CTX_TASK_ID='run_partition_insert_if_table_exists' AIRFLOW_CTX_EXECUTION_DATE='2025-06-24T05:00:00+00:00' AIRFLOW_CTX_TRY_NUMBER='3' AIRFLOW_CTX_DAG_RUN_ID='scheduled__2025-06-24T05:00:00+00:00'
[2025-06-26T07:36:15.594+0000] {taskinstance.py:731} INFO - ::endgroup::
[2025-06-26T07:36:15.604+0000] {connection.py:277} WARNING - Connection schemes (type: google_cloud_platform) shall not contain '_' according to RFC3986.
[2025-06-26T07:36:15.610+0000] {base.py:84} INFO - Retrieving connection 'google_cloud_default'
[2025-06-26T07:36:15.653+0000] {bigquery.py:2957} INFO - Executing: {'query': {'query': '\n                    DECLARE dt STRING;\n                    DECLARE table_exists BOOL;\n\n                    SET dt = FORMAT_DATE(\'%Y%m%d\', DATE_SUB(DATE(\'2025-06-24\'), INTERVAL 1 DAY));\n\n                    SET table_exists = (\n                    SELECT COUNT(*) > 0\n                    FROM `sixth-topic-349709.analytics_412203527.__TABLES__`\n                    WHERE table_id = FORMAT("events_%s", dt)\n                    );\n\n                    IF table_exists THEN\n                    EXECUTE IMMEDIATE FORMAT(\'\'\'\n                        DELETE FROM `sixth-topic-349709.ga4_events.raw_data`\n                        WHERE partition_date = PARSE_DATE(\'%%Y%%m%%d\', \'%s\')\n                    \'\'\', dt);\n                    \n                    EXECUTE IMMEDIATE FORMAT(\'\'\'\n                        INSERT INTO `sixth-topic-349709.ga4_events.raw_data`    \n                        SELECT *, PARSE_DATE(\'%%Y%%m%%d\', event_date) AS partition_date\n                        FROM `sixth-topic-349709.analytics_412203527.events_%s`\n                    \'\'\', dt);\n                    END IF;     \n                ', 'useLegacySql': False}}'
[2025-06-26T07:36:15.654+0000] {bigquery.py:1702} INFO - Inserting job ***_ga4_raw_data_elt_run_partition_insert_if_table_exists_2025_06_24T05_00_00_00_00_f0afbf3aa9cad33477098b58fd5e4791
[2025-06-26T07:36:29.865+0000] {taskinstance.py:340} INFO - ::group::Post task execution logs
[2025-06-26T07:36:29.874+0000] {taskinstance.py:352} INFO - Marking task as SUCCESS. dag_id=ga4_raw_data_elt, task_id=run_partition_insert_if_table_exists, run_id=scheduled__2025-06-24T05:00:00+00:00, execution_date=20250624T050000, start_date=20250626T073615, end_date=20250626T073629
[2025-06-26T07:36:29.922+0000] {local_task_job_runner.py:266} INFO - Task exited with return code 0
[2025-06-26T07:36:29.972+0000] {taskinstance.py:3900} INFO - 1 downstream tasks scheduled from follow-on schedule check
[2025-06-26T07:36:29.973+0000] {local_task_job_runner.py:245} INFO - ::endgroup::
