[2025-06-27T02:55:21.341+0000] {local_task_job_runner.py:123} INFO - ::group::Pre task execution logs
[2025-06-27T02:55:21.349+0000] {taskinstance.py:2612} INFO - Dependencies all met for dep_context=non-requeueable deps ti=<TaskInstance: ga4_raw_data_elt_v1.0.end_task scheduled__2025-06-21T05:00:00+00:00 [queued]>
[2025-06-27T02:55:21.354+0000] {taskinstance.py:2612} INFO - Dependencies all met for dep_context=requeueable deps ti=<TaskInstance: ga4_raw_data_elt_v1.0.end_task scheduled__2025-06-21T05:00:00+00:00 [queued]>
[2025-06-27T02:55:21.354+0000] {taskinstance.py:2865} INFO - Starting attempt 1 of 1
[2025-06-27T02:55:21.360+0000] {taskinstance.py:2888} INFO - Executing <Task(_PythonDecoratedOperator): end_task> on 2025-06-21 05:00:00+00:00
[2025-06-27T02:55:21.366+0000] {warnings.py:112} WARNING - /home/***/.local/lib/python3.12/site-packages/***/task/task_runner/standard_task_runner.py:70: DeprecationWarning: This process (pid=150) is multi-threaded, use of fork() may lead to deadlocks in the child.
  pid = os.fork()

[2025-06-27T02:55:21.368+0000] {standard_task_runner.py:72} INFO - Started process 152 to run task
[2025-06-27T02:55:21.368+0000] {standard_task_runner.py:104} INFO - Running: ['***', 'tasks', 'run', 'ga4_raw_data_elt_v1.0', 'end_task', 'scheduled__2025-06-21T05:00:00+00:00', '--job-id', '135', '--raw', '--subdir', 'DAGS_FOLDER/GA4_data_elt.py', '--cfg-path', '/tmp/tmpqbbfqgxc']
[2025-06-27T02:55:21.385+0000] {standard_task_runner.py:105} INFO - Job 135: Subtask end_task
[2025-06-27T02:55:21.424+0000] {task_command.py:467} INFO - Running <TaskInstance: ga4_raw_data_elt_v1.0.end_task scheduled__2025-06-21T05:00:00+00:00 [running]> on host ba60ab6371e3
[2025-06-27T02:55:21.467+0000] {taskinstance.py:3131} INFO - Exporting env vars: AIRFLOW_CTX_DAG_OWNER='***' AIRFLOW_CTX_DAG_ID='ga4_raw_data_elt_v1.0' AIRFLOW_CTX_TASK_ID='end_task' AIRFLOW_CTX_EXECUTION_DATE='2025-06-21T05:00:00+00:00' AIRFLOW_CTX_TRY_NUMBER='1' AIRFLOW_CTX_DAG_RUN_ID='scheduled__2025-06-21T05:00:00+00:00'
[2025-06-27T02:55:21.468+0000] {taskinstance.py:731} INFO - ::endgroup::
[2025-06-27T02:55:21.469+0000] {logging_mixin.py:190} INFO - end
[2025-06-27T02:55:21.469+0000] {python.py:240} INFO - Done. Returned value was: None
[2025-06-27T02:55:21.474+0000] {taskinstance.py:340} INFO - ::group::Post task execution logs
[2025-06-27T02:55:21.474+0000] {taskinstance.py:352} INFO - Marking task as SUCCESS. dag_id=ga4_raw_data_elt_v1.0, task_id=end_task, run_id=scheduled__2025-06-21T05:00:00+00:00, execution_date=20250621T050000, start_date=20250627T025521, end_date=20250627T025521
[2025-06-27T02:55:21.519+0000] {local_task_job_runner.py:266} INFO - Task exited with return code 0
[2025-06-27T02:55:21.528+0000] {taskinstance.py:3900} INFO - 0 downstream tasks scheduled from follow-on schedule check
[2025-06-27T02:55:21.529+0000] {local_task_job_runner.py:245} INFO - ::endgroup::
[2025-06-27T04:32:35.774+0000] {local_task_job_runner.py:123} INFO - ::group::Pre task execution logs
[2025-06-27T04:32:35.788+0000] {taskinstance.py:2612} INFO - Dependencies all met for dep_context=non-requeueable deps ti=<TaskInstance: ga4_raw_data_elt_v1.0.end_task scheduled__2025-06-21T05:00:00+00:00 [queued]>
[2025-06-27T04:32:35.793+0000] {taskinstance.py:2612} INFO - Dependencies all met for dep_context=requeueable deps ti=<TaskInstance: ga4_raw_data_elt_v1.0.end_task scheduled__2025-06-21T05:00:00+00:00 [queued]>
[2025-06-27T04:32:35.794+0000] {taskinstance.py:2865} INFO - Starting attempt 1 of 1
[2025-06-27T04:32:35.802+0000] {taskinstance.py:2888} INFO - Executing <Task(_PythonDecoratedOperator): end_task> on 2025-06-21 05:00:00+00:00
[2025-06-27T04:32:35.809+0000] {warnings.py:112} WARNING - /home/***/.local/lib/python3.12/site-packages/***/task/task_runner/standard_task_runner.py:70: DeprecationWarning: This process (pid=3583) is multi-threaded, use of fork() may lead to deadlocks in the child.
  pid = os.fork()

[2025-06-27T04:32:35.810+0000] {standard_task_runner.py:72} INFO - Started process 3590 to run task
[2025-06-27T04:32:35.811+0000] {standard_task_runner.py:104} INFO - Running: ['***', 'tasks', 'run', 'ga4_raw_data_elt_v1.0', 'end_task', 'scheduled__2025-06-21T05:00:00+00:00', '--job-id', '887', '--raw', '--subdir', 'DAGS_FOLDER/GA4_data_elt.py', '--cfg-path', '/tmp/tmps_w3nm1h']
[2025-06-27T04:32:35.815+0000] {standard_task_runner.py:105} INFO - Job 887: Subtask end_task
[2025-06-27T04:32:35.852+0000] {task_command.py:467} INFO - Running <TaskInstance: ga4_raw_data_elt_v1.0.end_task scheduled__2025-06-21T05:00:00+00:00 [running]> on host f79cc72a155d
[2025-06-27T04:32:35.902+0000] {taskinstance.py:3131} INFO - Exporting env vars: AIRFLOW_CTX_DAG_OWNER='***' AIRFLOW_CTX_DAG_ID='ga4_raw_data_elt_v1.0' AIRFLOW_CTX_TASK_ID='end_task' AIRFLOW_CTX_EXECUTION_DATE='2025-06-21T05:00:00+00:00' AIRFLOW_CTX_TRY_NUMBER='1' AIRFLOW_CTX_DAG_RUN_ID='scheduled__2025-06-21T05:00:00+00:00'
[2025-06-27T04:32:35.904+0000] {taskinstance.py:731} INFO - ::endgroup::
[2025-06-27T04:32:35.905+0000] {logging_mixin.py:190} INFO - end
[2025-06-27T04:32:35.906+0000] {python.py:240} INFO - Done. Returned value was: None
[2025-06-27T04:32:35.912+0000] {taskinstance.py:340} INFO - ::group::Post task execution logs
[2025-06-27T04:32:35.913+0000] {taskinstance.py:352} INFO - Marking task as SUCCESS. dag_id=ga4_raw_data_elt_v1.0, task_id=end_task, run_id=scheduled__2025-06-21T05:00:00+00:00, execution_date=20250621T050000, start_date=20250627T043235, end_date=20250627T043235
[2025-06-27T04:32:35.950+0000] {local_task_job_runner.py:266} INFO - Task exited with return code 0
[2025-06-27T04:32:35.963+0000] {taskinstance.py:3900} INFO - 0 downstream tasks scheduled from follow-on schedule check
[2025-06-27T04:32:35.964+0000] {local_task_job_runner.py:245} INFO - ::endgroup::
