[2025-06-27T04:30:06.439+0000] {local_task_job_runner.py:123} INFO - ::group::Pre task execution logs
[2025-06-27T04:30:06.465+0000] {taskinstance.py:2612} INFO - Dependencies all met for dep_context=non-requeueable deps ti=<TaskInstance: ga4_raw_data_elt_v1.0.create_partitioned_table_if_not_exists scheduled__2025-05-20T05:00:00+00:00 [queued]>
[2025-06-27T04:30:06.482+0000] {taskinstance.py:2612} INFO - Dependencies all met for dep_context=requeueable deps ti=<TaskInstance: ga4_raw_data_elt_v1.0.create_partitioned_table_if_not_exists scheduled__2025-05-20T05:00:00+00:00 [queued]>
[2025-06-27T04:30:06.486+0000] {taskinstance.py:2865} INFO - Starting attempt 1 of 1
[2025-06-27T04:30:06.545+0000] {taskinstance.py:2888} INFO - Executing <Task(BigQueryInsertJobOperator): create_partitioned_table_if_not_exists> on 2025-05-20 05:00:00+00:00
[2025-06-27T04:30:06.568+0000] {warnings.py:112} WARNING - /home/***/.local/lib/python3.12/site-packages/***/task/task_runner/standard_task_runner.py:70: DeprecationWarning: This process (pid=2814) is multi-threaded, use of fork() may lead to deadlocks in the child.
  pid = os.fork()

[2025-06-27T04:30:06.577+0000] {standard_task_runner.py:72} INFO - Started process 2828 to run task
[2025-06-27T04:30:06.584+0000] {standard_task_runner.py:104} INFO - Running: ['***', 'tasks', 'run', 'ga4_raw_data_elt_v1.0', 'create_partitioned_table_if_not_exists', 'scheduled__2025-05-20T05:00:00+00:00', '--job-id', '694', '--raw', '--subdir', 'DAGS_FOLDER/GA4_data_elt.py', '--cfg-path', '/tmp/tmpo71c5yhz']
[2025-06-27T04:30:06.597+0000] {standard_task_runner.py:105} INFO - Job 694: Subtask create_partitioned_table_if_not_exists
[2025-06-27T04:30:06.794+0000] {task_command.py:467} INFO - Running <TaskInstance: ga4_raw_data_elt_v1.0.create_partitioned_table_if_not_exists scheduled__2025-05-20T05:00:00+00:00 [running]> on host f79cc72a155d
[2025-06-27T04:30:06.939+0000] {taskinstance.py:3131} INFO - Exporting env vars: AIRFLOW_CTX_DAG_OWNER='***' AIRFLOW_CTX_DAG_ID='ga4_raw_data_elt_v1.0' AIRFLOW_CTX_TASK_ID='create_partitioned_table_if_not_exists' AIRFLOW_CTX_EXECUTION_DATE='2025-05-20T05:00:00+00:00' AIRFLOW_CTX_TRY_NUMBER='1' AIRFLOW_CTX_DAG_RUN_ID='scheduled__2025-05-20T05:00:00+00:00'
[2025-06-27T04:30:06.942+0000] {taskinstance.py:731} INFO - ::endgroup::
[2025-06-27T04:30:06.969+0000] {connection.py:277} WARNING - Connection schemes (type: google_cloud_platform) shall not contain '_' according to RFC3986.
[2025-06-27T04:30:06.979+0000] {base.py:84} INFO - Retrieving connection 'google_cloud_default'
[2025-06-27T04:30:07.047+0000] {bigquery.py:2957} INFO - Executing: {'query': {'query': '\n                    DECLARE dt STRING;\n                    DECLARE source_table_exists BOOL;\n\n                    SET dt = FORMAT_DATE(\'%Y%m%d\', DATE(\'2025-05-20\'));\n\n                    SET source_table_exists = (\n                    SELECT COUNT(*) > 0\n                    FROM `sixth-topic-349709.analytics_412203527.__TABLES__`\n                    WHERE table_id = FORMAT("events_%s", dt)\n                    );\n\n                    IF source_table_exists THEN\n                    EXECUTE IMMEDIATE FORMAT(\'\'\'\n                        CREATE TABLE IF NOT EXISTS `sixth-topic-349709.ga4_events.raw_data`\n                        PARTITION BY partition_date\n                        AS\n                        SELECT *, PARSE_DATE(\'%%Y%%m%%d\', event_date) AS partition_date\n                        FROM `sixth-topic-349709.analytics_412203527.events_%s`\n                        WHERE FALSE\n                    \'\'\', dt);\n                    END IF;\n                ', 'useLegacySql': False}}'
[2025-06-27T04:30:07.054+0000] {bigquery.py:1702} INFO - Inserting job ***_ga4_raw_data_elt_v1_0_create_partitioned_table_if_not_exists_2025_05_20T05_00_00_00_00_fb55c3f436092ca405e275beefa29a0a
[2025-06-27T04:30:09.684+0000] {taskinstance.py:340} INFO - ::group::Post task execution logs
[2025-06-27T04:30:09.686+0000] {taskinstance.py:352} INFO - Marking task as SUCCESS. dag_id=ga4_raw_data_elt_v1.0, task_id=create_partitioned_table_if_not_exists, run_id=scheduled__2025-05-20T05:00:00+00:00, execution_date=20250520T050000, start_date=20250627T043006, end_date=20250627T043009
[2025-06-27T04:30:09.716+0000] {local_task_job_runner.py:266} INFO - Task exited with return code 0
[2025-06-27T04:30:09.752+0000] {taskinstance.py:3900} INFO - 1 downstream tasks scheduled from follow-on schedule check
[2025-06-27T04:30:09.753+0000] {local_task_job_runner.py:245} INFO - ::endgroup::
