[2025-06-27T00:53:21.500+0000] {local_task_job_runner.py:123} INFO - ::group::Pre task execution logs
[2025-06-27T00:53:21.508+0000] {taskinstance.py:2612} INFO - Dependencies all met for dep_context=non-requeueable deps ti=<TaskInstance: ga4_raw_data_elt.end_task scheduled__2025-06-22T05:00:00+00:00 [queued]>
[2025-06-27T00:53:21.512+0000] {taskinstance.py:2612} INFO - Dependencies all met for dep_context=requeueable deps ti=<TaskInstance: ga4_raw_data_elt.end_task scheduled__2025-06-22T05:00:00+00:00 [queued]>
[2025-06-27T00:53:21.512+0000] {taskinstance.py:2865} INFO - Starting attempt 1 of 1
[2025-06-27T00:53:21.518+0000] {taskinstance.py:2888} INFO - Executing <Task(_PythonDecoratedOperator): end_task> on 2025-06-22 05:00:00+00:00
[2025-06-27T00:53:21.524+0000] {warnings.py:112} WARNING - /home/***/.local/lib/python3.12/site-packages/***/task/task_runner/standard_task_runner.py:70: DeprecationWarning: This process (pid=162) is multi-threaded, use of fork() may lead to deadlocks in the child.
  pid = os.fork()

[2025-06-27T00:53:21.525+0000] {standard_task_runner.py:72} INFO - Started process 164 to run task
[2025-06-27T00:53:21.526+0000] {standard_task_runner.py:104} INFO - Running: ['***', 'tasks', 'run', 'ga4_raw_data_elt', 'end_task', 'scheduled__2025-06-22T05:00:00+00:00', '--job-id', '31', '--raw', '--subdir', 'DAGS_FOLDER/GA4_data_elt.py', '--cfg-path', '/tmp/tmp52qz1dw8']
[2025-06-27T00:53:21.528+0000] {standard_task_runner.py:105} INFO - Job 31: Subtask end_task
[2025-06-27T00:53:21.560+0000] {task_command.py:467} INFO - Running <TaskInstance: ga4_raw_data_elt.end_task scheduled__2025-06-22T05:00:00+00:00 [running]> on host 9cd2c6ca0862
[2025-06-27T00:53:21.597+0000] {taskinstance.py:3131} INFO - Exporting env vars: AIRFLOW_CTX_DAG_OWNER='***' AIRFLOW_CTX_DAG_ID='ga4_raw_data_elt' AIRFLOW_CTX_TASK_ID='end_task' AIRFLOW_CTX_EXECUTION_DATE='2025-06-22T05:00:00+00:00' AIRFLOW_CTX_TRY_NUMBER='1' AIRFLOW_CTX_DAG_RUN_ID='scheduled__2025-06-22T05:00:00+00:00'
[2025-06-27T00:53:21.598+0000] {taskinstance.py:731} INFO - ::endgroup::
[2025-06-27T00:53:21.599+0000] {logging_mixin.py:190} INFO - end
[2025-06-27T00:53:21.600+0000] {python.py:240} INFO - Done. Returned value was: None
[2025-06-27T00:53:21.604+0000] {taskinstance.py:340} INFO - ::group::Post task execution logs
[2025-06-27T00:53:21.604+0000] {taskinstance.py:352} INFO - Marking task as SUCCESS. dag_id=ga4_raw_data_elt, task_id=end_task, run_id=scheduled__2025-06-22T05:00:00+00:00, execution_date=20250622T050000, start_date=20250627T005321, end_date=20250627T005321
[2025-06-27T00:53:21.626+0000] {local_task_job_runner.py:266} INFO - Task exited with return code 0
[2025-06-27T00:53:21.635+0000] {taskinstance.py:3900} INFO - 0 downstream tasks scheduled from follow-on schedule check
[2025-06-27T00:53:21.636+0000] {local_task_job_runner.py:245} INFO - ::endgroup::
[2025-06-27T02:51:21.158+0000] {local_task_job_runner.py:123} INFO - ::group::Pre task execution logs
[2025-06-27T02:51:21.166+0000] {taskinstance.py:2612} INFO - Dependencies all met for dep_context=non-requeueable deps ti=<TaskInstance: ga4_raw_data_elt.end_task scheduled__2025-06-22T05:00:00+00:00 [queued]>
[2025-06-27T02:51:21.171+0000] {taskinstance.py:2612} INFO - Dependencies all met for dep_context=requeueable deps ti=<TaskInstance: ga4_raw_data_elt.end_task scheduled__2025-06-22T05:00:00+00:00 [queued]>
[2025-06-27T02:51:21.171+0000] {taskinstance.py:2865} INFO - Starting attempt 1 of 1
[2025-06-27T02:51:21.176+0000] {taskinstance.py:2888} INFO - Executing <Task(_PythonDecoratedOperator): end_task> on 2025-06-22 05:00:00+00:00
[2025-06-27T02:51:21.181+0000] {warnings.py:112} WARNING - /home/***/.local/lib/python3.12/site-packages/***/task/task_runner/standard_task_runner.py:70: DeprecationWarning: This process (pid=160) is multi-threaded, use of fork() may lead to deadlocks in the child.
  pid = os.fork()

[2025-06-27T02:51:21.183+0000] {standard_task_runner.py:72} INFO - Started process 164 to run task
[2025-06-27T02:51:21.184+0000] {standard_task_runner.py:104} INFO - Running: ['***', 'tasks', 'run', 'ga4_raw_data_elt', 'end_task', 'scheduled__2025-06-22T05:00:00+00:00', '--job-id', '106', '--raw', '--subdir', 'DAGS_FOLDER/GA4_data_elt.py', '--cfg-path', '/tmp/tmpwdhrvxca']
[2025-06-27T02:51:21.186+0000] {standard_task_runner.py:105} INFO - Job 106: Subtask end_task
[2025-06-27T02:51:21.213+0000] {task_command.py:467} INFO - Running <TaskInstance: ga4_raw_data_elt.end_task scheduled__2025-06-22T05:00:00+00:00 [running]> on host ba60ab6371e3
[2025-06-27T02:51:21.264+0000] {taskinstance.py:3131} INFO - Exporting env vars: AIRFLOW_CTX_DAG_OWNER='***' AIRFLOW_CTX_DAG_ID='ga4_raw_data_elt' AIRFLOW_CTX_TASK_ID='end_task' AIRFLOW_CTX_EXECUTION_DATE='2025-06-22T05:00:00+00:00' AIRFLOW_CTX_TRY_NUMBER='1' AIRFLOW_CTX_DAG_RUN_ID='scheduled__2025-06-22T05:00:00+00:00'
[2025-06-27T02:51:21.265+0000] {taskinstance.py:731} INFO - ::endgroup::
[2025-06-27T02:51:21.268+0000] {logging_mixin.py:190} INFO - end
[2025-06-27T02:51:21.268+0000] {python.py:240} INFO - Done. Returned value was: None
[2025-06-27T02:51:21.273+0000] {taskinstance.py:340} INFO - ::group::Post task execution logs
[2025-06-27T02:51:21.273+0000] {taskinstance.py:352} INFO - Marking task as SUCCESS. dag_id=ga4_raw_data_elt, task_id=end_task, run_id=scheduled__2025-06-22T05:00:00+00:00, execution_date=20250622T050000, start_date=20250627T025121, end_date=20250627T025121
[2025-06-27T02:51:21.284+0000] {local_task_job_runner.py:266} INFO - Task exited with return code 0
[2025-06-27T02:51:21.293+0000] {taskinstance.py:3900} INFO - 0 downstream tasks scheduled from follow-on schedule check
[2025-06-27T02:51:21.294+0000] {local_task_job_runner.py:245} INFO - ::endgroup::
