[2025-06-27T06:57:27.262+0000] {local_task_job_runner.py:123} INFO - ::group::Pre task execution logs
[2025-06-27T06:57:27.318+0000] {taskinstance.py:2612} INFO - Dependencies all met for dep_context=non-requeueable deps ti=<TaskInstance: ga4_raw_data_elt_v1.0_prod.create_partitioned_table_if_not_exists scheduled__2025-05-09T09:00:00+00:00 [queued]>
[2025-06-27T06:57:27.454+0000] {taskinstance.py:2612} INFO - Dependencies all met for dep_context=requeueable deps ti=<TaskInstance: ga4_raw_data_elt_v1.0_prod.create_partitioned_table_if_not_exists scheduled__2025-05-09T09:00:00+00:00 [queued]>
[2025-06-27T06:57:27.459+0000] {taskinstance.py:2865} INFO - Starting attempt 1 of 1
[2025-06-27T06:57:27.520+0000] {taskinstance.py:2888} INFO - Executing <Task(BigQueryInsertJobOperator): create_partitioned_table_if_not_exists> on 2025-05-09 09:00:00+00:00
[2025-06-27T06:57:27.546+0000] {warnings.py:112} WARNING - /home/***/.local/lib/python3.12/site-packages/***/task/task_runner/standard_task_runner.py:70: DeprecationWarning: This process (pid=2671) is multi-threaded, use of fork() may lead to deadlocks in the child.
  pid = os.fork()

[2025-06-27T06:57:27.551+0000] {standard_task_runner.py:72} INFO - Started process 2691 to run task
[2025-06-27T06:57:27.563+0000] {standard_task_runner.py:104} INFO - Running: ['***', 'tasks', 'run', 'ga4_raw_data_elt_v1.0_prod', 'create_partitioned_table_if_not_exists', 'scheduled__2025-05-09T09:00:00+00:00', '--job-id', '780', '--raw', '--subdir', 'DAGS_FOLDER/GA4_data_elt.py', '--cfg-path', '/tmp/tmp6cwyw_xv']
[2025-06-27T06:57:27.572+0000] {standard_task_runner.py:105} INFO - Job 780: Subtask create_partitioned_table_if_not_exists
[2025-06-27T06:57:27.679+0000] {task_command.py:467} INFO - Running <TaskInstance: ga4_raw_data_elt_v1.0_prod.create_partitioned_table_if_not_exists scheduled__2025-05-09T09:00:00+00:00 [running]> on host e7fdb6bf901c
[2025-06-27T06:57:27.866+0000] {taskinstance.py:3131} INFO - Exporting env vars: AIRFLOW_CTX_DAG_OWNER='***' AIRFLOW_CTX_DAG_ID='ga4_raw_data_elt_v1.0_prod' AIRFLOW_CTX_TASK_ID='create_partitioned_table_if_not_exists' AIRFLOW_CTX_EXECUTION_DATE='2025-05-09T09:00:00+00:00' AIRFLOW_CTX_TRY_NUMBER='1' AIRFLOW_CTX_DAG_RUN_ID='scheduled__2025-05-09T09:00:00+00:00'
[2025-06-27T06:57:27.874+0000] {taskinstance.py:731} INFO - ::endgroup::
[2025-06-27T06:57:27.902+0000] {connection.py:277} WARNING - Connection schemes (type: google_cloud_platform) shall not contain '_' according to RFC3986.
[2025-06-27T06:57:27.910+0000] {base.py:84} INFO - Retrieving connection 'google_cloud_default'
[2025-06-27T06:57:27.985+0000] {bigquery.py:2957} INFO - Executing: {'query': {'query': 'DECLARE dt STRING;\nDECLARE source_table_exists BOOL;\n\nSET dt = FORMAT_DATE(\'%Y%m%d\', DATE(\'2025-05-09\'));\n\nSET source_table_exists = (\nSELECT COUNT(*) > 0\nFROM `sixth-topic-349709.analytics_412203527.__TABLES__`\nWHERE table_id = FORMAT("events_%s", dt)\n);\n\nIF source_table_exists THEN\nEXECUTE IMMEDIATE FORMAT(\'\'\'\n    CREATE TABLE IF NOT EXISTS `sixth-topic-349709.ga4_events.raw_data`\n    PARTITION BY partition_date\n    AS\n    SELECT *, PARSE_DATE(\'%%Y%%m%%d\', event_date) AS partition_date\n    FROM `sixth-topic-349709.analytics_412203527.events_%s`\n    WHERE FALSE\n\'\'\', dt);\nEND IF;', 'useLegacySql': False}}'
[2025-06-27T06:57:27.988+0000] {bigquery.py:1702} INFO - Inserting job ***_ga4_raw_data_elt_v1_0_prod_create_partitioned_table_if_not_exists_2025_05_09T09_00_00_00_00_8ee601b24dd94ac37e62388380382ce9
[2025-06-27T06:57:30.063+0000] {taskinstance.py:340} INFO - ::group::Post task execution logs
[2025-06-27T06:57:30.071+0000] {taskinstance.py:352} INFO - Marking task as SUCCESS. dag_id=ga4_raw_data_elt_v1.0_prod, task_id=create_partitioned_table_if_not_exists, run_id=scheduled__2025-05-09T09:00:00+00:00, execution_date=20250509T090000, start_date=20250627T065727, end_date=20250627T065730
[2025-06-27T06:57:30.256+0000] {local_task_job_runner.py:266} INFO - Task exited with return code 0
[2025-06-27T06:57:30.517+0000] {taskinstance.py:3900} INFO - 1 downstream tasks scheduled from follow-on schedule check
[2025-06-27T06:57:30.522+0000] {local_task_job_runner.py:245} INFO - ::endgroup::
