[2025-06-27T04:36:17.087+0000] {local_task_job_runner.py:123} INFO - ::group::Pre task execution logs
[2025-06-27T04:36:17.097+0000] {taskinstance.py:2612} INFO - Dependencies all met for dep_context=non-requeueable deps ti=<TaskInstance: ga4_raw_data_elt_v1.0.create_ga4_events_dataset scheduled__2025-06-25T09:00:00+00:00 [queued]>
[2025-06-27T04:36:17.101+0000] {taskinstance.py:2612} INFO - Dependencies all met for dep_context=requeueable deps ti=<TaskInstance: ga4_raw_data_elt_v1.0.create_ga4_events_dataset scheduled__2025-06-25T09:00:00+00:00 [queued]>
[2025-06-27T04:36:17.102+0000] {taskinstance.py:2865} INFO - Starting attempt 1 of 1
[2025-06-27T04:36:17.109+0000] {taskinstance.py:2888} INFO - Executing <Task(BigQueryCreateEmptyDatasetOperator): create_ga4_events_dataset> on 2025-06-25 09:00:00+00:00
[2025-06-27T04:36:17.116+0000] {warnings.py:112} WARNING - /home/***/.local/lib/python3.12/site-packages/***/task/task_runner/standard_task_runner.py:70: DeprecationWarning: This process (pid=3606) is multi-threaded, use of fork() may lead to deadlocks in the child.
  pid = os.fork()

[2025-06-27T04:36:17.120+0000] {standard_task_runner.py:72} INFO - Started process 3608 to run task
[2025-06-27T04:36:17.118+0000] {standard_task_runner.py:104} INFO - Running: ['***', 'tasks', 'run', 'ga4_raw_data_elt_v1.0', 'create_ga4_events_dataset', 'scheduled__2025-06-25T09:00:00+00:00', '--job-id', '892', '--raw', '--subdir', 'DAGS_FOLDER/GA4_data_elt.py', '--cfg-path', '/tmp/tmp45qvtvi4']
[2025-06-27T04:36:17.128+0000] {standard_task_runner.py:105} INFO - Job 892: Subtask create_ga4_events_dataset
[2025-06-27T04:36:17.182+0000] {task_command.py:467} INFO - Running <TaskInstance: ga4_raw_data_elt_v1.0.create_ga4_events_dataset scheduled__2025-06-25T09:00:00+00:00 [running]> on host f79cc72a155d
[2025-06-27T04:36:17.247+0000] {taskinstance.py:3131} INFO - Exporting env vars: AIRFLOW_CTX_DAG_OWNER='***' AIRFLOW_CTX_DAG_ID='ga4_raw_data_elt_v1.0' AIRFLOW_CTX_TASK_ID='create_ga4_events_dataset' AIRFLOW_CTX_EXECUTION_DATE='2025-06-25T09:00:00+00:00' AIRFLOW_CTX_TRY_NUMBER='1' AIRFLOW_CTX_DAG_RUN_ID='scheduled__2025-06-25T09:00:00+00:00'
[2025-06-27T04:36:17.249+0000] {taskinstance.py:731} INFO - ::endgroup::
[2025-06-27T04:36:17.265+0000] {connection.py:277} WARNING - Connection schemes (type: google_cloud_platform) shall not contain '_' according to RFC3986.
[2025-06-27T04:36:17.270+0000] {base.py:84} INFO - Retrieving connection 'google_cloud_default'
[2025-06-27T04:36:17.271+0000] {bigquery.py:533} INFO - datasetId was not specified in `dataset_reference`. Will use default value ga4_events.
[2025-06-27T04:36:17.271+0000] {bigquery.py:533} INFO - projectId was not specified in `dataset_reference`. Will use default value sixth-topic-349709.
[2025-06-27T04:36:17.271+0000] {bigquery.py:544} INFO - Creating dataset: ga4_events in project: sixth-topic-349709 
[2025-06-27T04:36:18.310+0000] {bigquery.py:548} INFO - Dataset created successfully.
[2025-06-27T04:36:18.349+0000] {taskinstance.py:340} INFO - ::group::Post task execution logs
[2025-06-27T04:36:18.350+0000] {taskinstance.py:352} INFO - Marking task as SUCCESS. dag_id=ga4_raw_data_elt_v1.0, task_id=create_ga4_events_dataset, run_id=scheduled__2025-06-25T09:00:00+00:00, execution_date=20250625T090000, start_date=20250627T043617, end_date=20250627T043618
[2025-06-27T04:36:18.369+0000] {local_task_job_runner.py:266} INFO - Task exited with return code 0
[2025-06-27T04:36:18.394+0000] {taskinstance.py:3900} INFO - 1 downstream tasks scheduled from follow-on schedule check
[2025-06-27T04:36:18.395+0000] {local_task_job_runner.py:245} INFO - ::endgroup::
[2025-06-27T06:01:11.664+0000] {local_task_job_runner.py:123} INFO - ::group::Pre task execution logs
[2025-06-27T06:01:11.689+0000] {taskinstance.py:2612} INFO - Dependencies all met for dep_context=non-requeueable deps ti=<TaskInstance: ga4_raw_data_elt_v1.0.create_ga4_events_dataset scheduled__2025-06-25T09:00:00+00:00 [queued]>
[2025-06-27T06:01:11.698+0000] {taskinstance.py:2612} INFO - Dependencies all met for dep_context=requeueable deps ti=<TaskInstance: ga4_raw_data_elt_v1.0.create_ga4_events_dataset scheduled__2025-06-25T09:00:00+00:00 [queued]>
[2025-06-27T06:01:11.700+0000] {taskinstance.py:2865} INFO - Starting attempt 1 of 1
[2025-06-27T06:01:11.714+0000] {taskinstance.py:2888} INFO - Executing <Task(BigQueryCreateEmptyDatasetOperator): create_ga4_events_dataset> on 2025-06-25 09:00:00+00:00
[2025-06-27T06:01:11.726+0000] {warnings.py:112} WARNING - /home/***/.local/lib/python3.12/site-packages/***/task/task_runner/standard_task_runner.py:70: DeprecationWarning: This process (pid=3930) is multi-threaded, use of fork() may lead to deadlocks in the child.
  pid = os.fork()

[2025-06-27T06:01:11.733+0000] {standard_task_runner.py:72} INFO - Started process 3948 to run task
[2025-06-27T06:01:11.729+0000] {standard_task_runner.py:104} INFO - Running: ['***', 'tasks', 'run', 'ga4_raw_data_elt_v1.0', 'create_ga4_events_dataset', 'scheduled__2025-06-25T09:00:00+00:00', '--job-id', '977', '--raw', '--subdir', 'DAGS_FOLDER/GA4_data_elt.py', '--cfg-path', '/tmp/tmpgyn0elwo']
[2025-06-27T06:01:11.739+0000] {standard_task_runner.py:105} INFO - Job 977: Subtask create_ga4_events_dataset
[2025-06-27T06:01:11.813+0000] {task_command.py:467} INFO - Running <TaskInstance: ga4_raw_data_elt_v1.0.create_ga4_events_dataset scheduled__2025-06-25T09:00:00+00:00 [running]> on host 546ad4141aeb
[2025-06-27T06:01:11.893+0000] {taskinstance.py:3131} INFO - Exporting env vars: AIRFLOW_CTX_DAG_OWNER='***' AIRFLOW_CTX_DAG_ID='ga4_raw_data_elt_v1.0' AIRFLOW_CTX_TASK_ID='create_ga4_events_dataset' AIRFLOW_CTX_EXECUTION_DATE='2025-06-25T09:00:00+00:00' AIRFLOW_CTX_TRY_NUMBER='1' AIRFLOW_CTX_DAG_RUN_ID='scheduled__2025-06-25T09:00:00+00:00'
[2025-06-27T06:01:11.897+0000] {taskinstance.py:731} INFO - ::endgroup::
[2025-06-27T06:01:11.912+0000] {connection.py:277} WARNING - Connection schemes (type: google_cloud_platform) shall not contain '_' according to RFC3986.
[2025-06-27T06:01:11.915+0000] {base.py:84} INFO - Retrieving connection 'google_cloud_default'
[2025-06-27T06:01:11.915+0000] {bigquery.py:533} INFO - datasetId was not specified in `dataset_reference`. Will use default value ga4_events.
[2025-06-27T06:01:11.915+0000] {bigquery.py:533} INFO - projectId was not specified in `dataset_reference`. Will use default value sixth-topic-349709.
[2025-06-27T06:01:11.916+0000] {bigquery.py:544} INFO - Creating dataset: ga4_events in project: sixth-topic-349709 
[2025-06-27T06:01:12.893+0000] {bigquery.py:548} INFO - Dataset created successfully.
[2025-06-27T06:01:12.940+0000] {taskinstance.py:340} INFO - ::group::Post task execution logs
[2025-06-27T06:01:12.941+0000] {taskinstance.py:352} INFO - Marking task as SUCCESS. dag_id=ga4_raw_data_elt_v1.0, task_id=create_ga4_events_dataset, run_id=scheduled__2025-06-25T09:00:00+00:00, execution_date=20250625T090000, start_date=20250627T060111, end_date=20250627T060112
[2025-06-27T06:01:13.009+0000] {local_task_job_runner.py:266} INFO - Task exited with return code 0
[2025-06-27T06:01:13.079+0000] {taskinstance.py:3900} INFO - 1 downstream tasks scheduled from follow-on schedule check
[2025-06-27T06:01:13.082+0000] {local_task_job_runner.py:245} INFO - ::endgroup::
