[2025-06-27T02:55:25.566+0000] {local_task_job_runner.py:123} INFO - ::group::Pre task execution logs
[2025-06-27T02:55:25.574+0000] {taskinstance.py:2612} INFO - Dependencies all met for dep_context=non-requeueable deps ti=<TaskInstance: ga4_raw_data_elt_v1.0.end_task scheduled__2025-06-25T05:00:00+00:00 [queued]>
[2025-06-27T02:55:25.580+0000] {taskinstance.py:2612} INFO - Dependencies all met for dep_context=requeueable deps ti=<TaskInstance: ga4_raw_data_elt_v1.0.end_task scheduled__2025-06-25T05:00:00+00:00 [queued]>
[2025-06-27T02:55:25.583+0000] {taskinstance.py:2865} INFO - Starting attempt 1 of 1
[2025-06-27T02:55:25.592+0000] {taskinstance.py:2888} INFO - Executing <Task(_PythonDecoratedOperator): end_task> on 2025-06-25 05:00:00+00:00
[2025-06-27T02:55:25.597+0000] {warnings.py:112} WARNING - /home/***/.local/lib/python3.12/site-packages/***/task/task_runner/standard_task_runner.py:70: DeprecationWarning: This process (pid=155) is multi-threaded, use of fork() may lead to deadlocks in the child.
  pid = os.fork()

[2025-06-27T02:55:25.599+0000] {standard_task_runner.py:72} INFO - Started process 160 to run task
[2025-06-27T02:55:25.600+0000] {standard_task_runner.py:104} INFO - Running: ['***', 'tasks', 'run', 'ga4_raw_data_elt_v1.0', 'end_task', 'scheduled__2025-06-25T05:00:00+00:00', '--job-id', '137', '--raw', '--subdir', 'DAGS_FOLDER/GA4_data_elt.py', '--cfg-path', '/tmp/tmpn19bl8w8']
[2025-06-27T02:55:25.603+0000] {standard_task_runner.py:105} INFO - Job 137: Subtask end_task
[2025-06-27T02:55:25.660+0000] {task_command.py:467} INFO - Running <TaskInstance: ga4_raw_data_elt_v1.0.end_task scheduled__2025-06-25T05:00:00+00:00 [running]> on host ba60ab6371e3
[2025-06-27T02:55:25.714+0000] {taskinstance.py:3131} INFO - Exporting env vars: AIRFLOW_CTX_DAG_OWNER='***' AIRFLOW_CTX_DAG_ID='ga4_raw_data_elt_v1.0' AIRFLOW_CTX_TASK_ID='end_task' AIRFLOW_CTX_EXECUTION_DATE='2025-06-25T05:00:00+00:00' AIRFLOW_CTX_TRY_NUMBER='1' AIRFLOW_CTX_DAG_RUN_ID='scheduled__2025-06-25T05:00:00+00:00'
[2025-06-27T02:55:25.715+0000] {taskinstance.py:731} INFO - ::endgroup::
[2025-06-27T02:55:25.717+0000] {logging_mixin.py:190} INFO - end
[2025-06-27T02:55:25.717+0000] {python.py:240} INFO - Done. Returned value was: None
[2025-06-27T02:55:25.723+0000] {taskinstance.py:340} INFO - ::group::Post task execution logs
[2025-06-27T02:55:25.724+0000] {taskinstance.py:352} INFO - Marking task as SUCCESS. dag_id=ga4_raw_data_elt_v1.0, task_id=end_task, run_id=scheduled__2025-06-25T05:00:00+00:00, execution_date=20250625T050000, start_date=20250627T025525, end_date=20250627T025525
[2025-06-27T02:55:25.741+0000] {local_task_job_runner.py:266} INFO - Task exited with return code 0
[2025-06-27T02:55:25.747+0000] {local_task_job_runner.py:245} INFO - ::endgroup::
[2025-06-27T04:32:32.931+0000] {local_task_job_runner.py:123} INFO - ::group::Pre task execution logs
[2025-06-27T04:32:32.939+0000] {taskinstance.py:2612} INFO - Dependencies all met for dep_context=non-requeueable deps ti=<TaskInstance: ga4_raw_data_elt_v1.0.end_task scheduled__2025-06-25T05:00:00+00:00 [queued]>
[2025-06-27T04:32:32.944+0000] {taskinstance.py:2612} INFO - Dependencies all met for dep_context=requeueable deps ti=<TaskInstance: ga4_raw_data_elt_v1.0.end_task scheduled__2025-06-25T05:00:00+00:00 [queued]>
[2025-06-27T04:32:32.944+0000] {taskinstance.py:2865} INFO - Starting attempt 1 of 1
[2025-06-27T04:32:32.952+0000] {taskinstance.py:2888} INFO - Executing <Task(_PythonDecoratedOperator): end_task> on 2025-06-25 05:00:00+00:00
[2025-06-27T04:32:32.958+0000] {warnings.py:112} WARNING - /home/***/.local/lib/python3.12/site-packages/***/task/task_runner/standard_task_runner.py:70: DeprecationWarning: This process (pid=3574) is multi-threaded, use of fork() may lead to deadlocks in the child.
  pid = os.fork()

[2025-06-27T04:32:32.960+0000] {standard_task_runner.py:72} INFO - Started process 3576 to run task
[2025-06-27T04:32:32.960+0000] {standard_task_runner.py:104} INFO - Running: ['***', 'tasks', 'run', 'ga4_raw_data_elt_v1.0', 'end_task', 'scheduled__2025-06-25T05:00:00+00:00', '--job-id', '884', '--raw', '--subdir', 'DAGS_FOLDER/GA4_data_elt.py', '--cfg-path', '/tmp/tmpdtn58db4']
[2025-06-27T04:32:32.963+0000] {standard_task_runner.py:105} INFO - Job 884: Subtask end_task
[2025-06-27T04:32:33.011+0000] {task_command.py:467} INFO - Running <TaskInstance: ga4_raw_data_elt_v1.0.end_task scheduled__2025-06-25T05:00:00+00:00 [running]> on host f79cc72a155d
[2025-06-27T04:32:33.102+0000] {taskinstance.py:3131} INFO - Exporting env vars: AIRFLOW_CTX_DAG_OWNER='***' AIRFLOW_CTX_DAG_ID='ga4_raw_data_elt_v1.0' AIRFLOW_CTX_TASK_ID='end_task' AIRFLOW_CTX_EXECUTION_DATE='2025-06-25T05:00:00+00:00' AIRFLOW_CTX_TRY_NUMBER='1' AIRFLOW_CTX_DAG_RUN_ID='scheduled__2025-06-25T05:00:00+00:00'
[2025-06-27T04:32:33.104+0000] {taskinstance.py:731} INFO - ::endgroup::
[2025-06-27T04:32:33.107+0000] {logging_mixin.py:190} INFO - end
[2025-06-27T04:32:33.107+0000] {python.py:240} INFO - Done. Returned value was: None
[2025-06-27T04:32:33.114+0000] {taskinstance.py:340} INFO - ::group::Post task execution logs
[2025-06-27T04:32:33.114+0000] {taskinstance.py:352} INFO - Marking task as SUCCESS. dag_id=ga4_raw_data_elt_v1.0, task_id=end_task, run_id=scheduled__2025-06-25T05:00:00+00:00, execution_date=20250625T050000, start_date=20250627T043232, end_date=20250627T043233
[2025-06-27T04:32:33.144+0000] {local_task_job_runner.py:266} INFO - Task exited with return code 0
[2025-06-27T04:32:33.159+0000] {taskinstance.py:3900} INFO - 0 downstream tasks scheduled from follow-on schedule check
[2025-06-27T04:32:33.161+0000] {local_task_job_runner.py:245} INFO - ::endgroup::
