[2025-06-27T02:06:09.137+0000] {local_task_job_runner.py:123} INFO - ::group::Pre task execution logs
[2025-06-27T02:06:09.162+0000] {taskinstance.py:2612} INFO - Dependencies all met for dep_context=non-requeueable deps ti=<TaskInstance: ga4_raw_data_elt.start_task scheduled__2025-06-20T02:07:00+00:00 [queued]>
[2025-06-27T02:06:09.173+0000] {taskinstance.py:2612} INFO - Dependencies all met for dep_context=requeueable deps ti=<TaskInstance: ga4_raw_data_elt.start_task scheduled__2025-06-20T02:07:00+00:00 [queued]>
[2025-06-27T02:06:09.173+0000] {taskinstance.py:2865} INFO - Starting attempt 1 of 1
[2025-06-27T02:06:09.202+0000] {taskinstance.py:2888} INFO - Executing <Task(_PythonDecoratedOperator): start_task> on 2025-06-20 02:07:00+00:00
[2025-06-27T02:06:09.223+0000] {warnings.py:112} WARNING - /home/***/.local/lib/python3.12/site-packages/***/task/task_runner/standard_task_runner.py:70: DeprecationWarning: This process (pid=50) is multi-threaded, use of fork() may lead to deadlocks in the child.
  pid = os.fork()

[2025-06-27T02:06:09.231+0000] {standard_task_runner.py:72} INFO - Started process 66 to run task
[2025-06-27T02:06:09.278+0000] {standard_task_runner.py:104} INFO - Running: ['***', 'tasks', 'run', 'ga4_raw_data_elt', 'start_task', 'scheduled__2025-06-20T02:07:00+00:00', '--job-id', '3', '--raw', '--subdir', 'DAGS_FOLDER/GA4_data_elt.py', '--cfg-path', '/tmp/tmpxus6o839']
[2025-06-27T02:06:09.290+0000] {standard_task_runner.py:105} INFO - Job 3: Subtask start_task
[2025-06-27T02:06:09.431+0000] {task_command.py:467} INFO - Running <TaskInstance: ga4_raw_data_elt.start_task scheduled__2025-06-20T02:07:00+00:00 [running]> on host 040d1cf847a3
[2025-06-27T02:06:09.536+0000] {taskinstance.py:3131} INFO - Exporting env vars: AIRFLOW_CTX_DAG_OWNER='***' AIRFLOW_CTX_DAG_ID='ga4_raw_data_elt' AIRFLOW_CTX_TASK_ID='start_task' AIRFLOW_CTX_EXECUTION_DATE='2025-06-20T02:07:00+00:00' AIRFLOW_CTX_TRY_NUMBER='1' AIRFLOW_CTX_DAG_RUN_ID='scheduled__2025-06-20T02:07:00+00:00'
[2025-06-27T02:06:09.538+0000] {taskinstance.py:731} INFO - ::endgroup::
[2025-06-27T02:06:09.541+0000] {logging_mixin.py:190} INFO - start
[2025-06-27T02:06:09.543+0000] {logging_mixin.py:190} INFO - ds: 2025-06-20
[2025-06-27T02:06:09.543+0000] {python.py:240} INFO - Done. Returned value was: None
[2025-06-27T02:06:09.554+0000] {taskinstance.py:340} INFO - ::group::Post task execution logs
[2025-06-27T02:06:09.554+0000] {taskinstance.py:352} INFO - Marking task as SUCCESS. dag_id=ga4_raw_data_elt, task_id=start_task, run_id=scheduled__2025-06-20T02:07:00+00:00, execution_date=20250620T020700, start_date=20250627T020609, end_date=20250627T020609
[2025-06-27T02:06:09.569+0000] {local_task_job_runner.py:266} INFO - Task exited with return code 0
[2025-06-27T02:06:09.597+0000] {taskinstance.py:3900} INFO - 1 downstream tasks scheduled from follow-on schedule check
[2025-06-27T02:06:09.609+0000] {local_task_job_runner.py:245} INFO - ::endgroup::
[2025-06-27T02:17:46.054+0000] {local_task_job_runner.py:123} INFO - ::group::Pre task execution logs
[2025-06-27T02:17:46.068+0000] {taskinstance.py:2612} INFO - Dependencies all met for dep_context=non-requeueable deps ti=<TaskInstance: ga4_raw_data_elt.start_task scheduled__2025-06-20T02:07:00+00:00 [queued]>
[2025-06-27T02:17:46.080+0000] {taskinstance.py:2612} INFO - Dependencies all met for dep_context=requeueable deps ti=<TaskInstance: ga4_raw_data_elt.start_task scheduled__2025-06-20T02:07:00+00:00 [queued]>
[2025-06-27T02:17:46.081+0000] {taskinstance.py:2865} INFO - Starting attempt 1 of 1
[2025-06-27T02:17:46.094+0000] {taskinstance.py:2888} INFO - Executing <Task(_PythonDecoratedOperator): start_task> on 2025-06-20 02:07:00+00:00
[2025-06-27T02:17:46.118+0000] {warnings.py:112} WARNING - /home/***/.local/lib/python3.12/site-packages/***/task/task_runner/standard_task_runner.py:70: DeprecationWarning: This process (pid=50) is multi-threaded, use of fork() may lead to deadlocks in the child.
  pid = os.fork()

[2025-06-27T02:17:46.123+0000] {standard_task_runner.py:72} INFO - Started process 72 to run task
[2025-06-27T02:17:46.125+0000] {standard_task_runner.py:104} INFO - Running: ['***', 'tasks', 'run', 'ga4_raw_data_elt', 'start_task', 'scheduled__2025-06-20T02:07:00+00:00', '--job-id', '9', '--raw', '--subdir', 'DAGS_FOLDER/GA4_data_elt.py', '--cfg-path', '/tmp/tmpu49rxqpo']
[2025-06-27T02:17:46.189+0000] {standard_task_runner.py:105} INFO - Job 9: Subtask start_task
[2025-06-27T02:17:46.290+0000] {task_command.py:467} INFO - Running <TaskInstance: ga4_raw_data_elt.start_task scheduled__2025-06-20T02:07:00+00:00 [running]> on host ece8b7d95be1
[2025-06-27T02:17:46.382+0000] {taskinstance.py:3131} INFO - Exporting env vars: AIRFLOW_CTX_DAG_OWNER='***' AIRFLOW_CTX_DAG_ID='ga4_raw_data_elt' AIRFLOW_CTX_TASK_ID='start_task' AIRFLOW_CTX_EXECUTION_DATE='2025-06-20T02:07:00+00:00' AIRFLOW_CTX_TRY_NUMBER='1' AIRFLOW_CTX_DAG_RUN_ID='scheduled__2025-06-20T02:07:00+00:00'
[2025-06-27T02:17:46.384+0000] {taskinstance.py:731} INFO - ::endgroup::
[2025-06-27T02:17:46.387+0000] {logging_mixin.py:190} INFO - start
[2025-06-27T02:17:46.387+0000] {logging_mixin.py:190} INFO - ds: 2025-06-20
[2025-06-27T02:17:46.387+0000] {python.py:240} INFO - Done. Returned value was: None
[2025-06-27T02:17:46.397+0000] {taskinstance.py:340} INFO - ::group::Post task execution logs
[2025-06-27T02:17:46.398+0000] {taskinstance.py:352} INFO - Marking task as SUCCESS. dag_id=ga4_raw_data_elt, task_id=start_task, run_id=scheduled__2025-06-20T02:07:00+00:00, execution_date=20250620T020700, start_date=20250627T021746, end_date=20250627T021746
[2025-06-27T02:17:46.455+0000] {local_task_job_runner.py:266} INFO - Task exited with return code 0
[2025-06-27T02:17:46.482+0000] {taskinstance.py:3900} INFO - 1 downstream tasks scheduled from follow-on schedule check
[2025-06-27T02:17:46.483+0000] {local_task_job_runner.py:245} INFO - ::endgroup::
[2025-06-27T02:21:06.108+0000] {local_task_job_runner.py:123} INFO - ::group::Pre task execution logs
[2025-06-27T02:21:06.128+0000] {taskinstance.py:2612} INFO - Dependencies all met for dep_context=non-requeueable deps ti=<TaskInstance: ga4_raw_data_elt.start_task scheduled__2025-06-20T02:07:00+00:00 [queued]>
[2025-06-27T02:21:06.136+0000] {taskinstance.py:2612} INFO - Dependencies all met for dep_context=requeueable deps ti=<TaskInstance: ga4_raw_data_elt.start_task scheduled__2025-06-20T02:07:00+00:00 [queued]>
[2025-06-27T02:21:06.137+0000] {taskinstance.py:2865} INFO - Starting attempt 1 of 1
[2025-06-27T02:21:06.146+0000] {taskinstance.py:2888} INFO - Executing <Task(_PythonDecoratedOperator): start_task> on 2025-06-20 02:07:00+00:00
[2025-06-27T02:21:06.211+0000] {warnings.py:112} WARNING - /home/***/.local/lib/python3.12/site-packages/***/task/task_runner/standard_task_runner.py:70: DeprecationWarning: This process (pid=50) is multi-threaded, use of fork() may lead to deadlocks in the child.
  pid = os.fork()

[2025-06-27T02:21:06.215+0000] {standard_task_runner.py:104} INFO - Running: ['***', 'tasks', 'run', 'ga4_raw_data_elt', 'start_task', 'scheduled__2025-06-20T02:07:00+00:00', '--job-id', '8', '--raw', '--subdir', 'DAGS_FOLDER/GA4_data_elt.py', '--cfg-path', '/tmp/tmpvwj418re']
[2025-06-27T02:21:06.344+0000] {standard_task_runner.py:72} INFO - Started process 67 to run task
[2025-06-27T02:21:06.345+0000] {standard_task_runner.py:105} INFO - Job 8: Subtask start_task
[2025-06-27T02:21:06.447+0000] {task_command.py:467} INFO - Running <TaskInstance: ga4_raw_data_elt.start_task scheduled__2025-06-20T02:07:00+00:00 [running]> on host a6d750376b6f
[2025-06-27T02:21:06.532+0000] {taskinstance.py:3131} INFO - Exporting env vars: AIRFLOW_CTX_DAG_OWNER='***' AIRFLOW_CTX_DAG_ID='ga4_raw_data_elt' AIRFLOW_CTX_TASK_ID='start_task' AIRFLOW_CTX_EXECUTION_DATE='2025-06-20T02:07:00+00:00' AIRFLOW_CTX_TRY_NUMBER='1' AIRFLOW_CTX_DAG_RUN_ID='scheduled__2025-06-20T02:07:00+00:00'
[2025-06-27T02:21:06.534+0000] {taskinstance.py:731} INFO - ::endgroup::
[2025-06-27T02:21:06.537+0000] {logging_mixin.py:190} INFO - start
[2025-06-27T02:21:06.537+0000] {logging_mixin.py:190} INFO - ds: 2025-06-20
[2025-06-27T02:21:06.537+0000] {python.py:240} INFO - Done. Returned value was: None
[2025-06-27T02:21:06.551+0000] {taskinstance.py:340} INFO - ::group::Post task execution logs
[2025-06-27T02:21:06.553+0000] {taskinstance.py:352} INFO - Marking task as SUCCESS. dag_id=ga4_raw_data_elt, task_id=start_task, run_id=scheduled__2025-06-20T02:07:00+00:00, execution_date=20250620T020700, start_date=20250627T022106, end_date=20250627T022106
[2025-06-27T02:21:06.576+0000] {local_task_job_runner.py:266} INFO - Task exited with return code 0
[2025-06-27T02:21:06.600+0000] {taskinstance.py:3900} INFO - 1 downstream tasks scheduled from follow-on schedule check
[2025-06-27T02:21:06.601+0000] {local_task_job_runner.py:245} INFO - ::endgroup::
[2025-06-27T02:34:50.413+0000] {local_task_job_runner.py:123} INFO - ::group::Pre task execution logs
[2025-06-27T02:34:50.428+0000] {taskinstance.py:2612} INFO - Dependencies all met for dep_context=non-requeueable deps ti=<TaskInstance: ga4_raw_data_elt.start_task scheduled__2025-06-20T02:07:00+00:00 [queued]>
[2025-06-27T02:34:50.434+0000] {taskinstance.py:2612} INFO - Dependencies all met for dep_context=requeueable deps ti=<TaskInstance: ga4_raw_data_elt.start_task scheduled__2025-06-20T02:07:00+00:00 [queued]>
[2025-06-27T02:34:50.436+0000] {taskinstance.py:2865} INFO - Starting attempt 1 of 1
[2025-06-27T02:34:50.454+0000] {taskinstance.py:2888} INFO - Executing <Task(_PythonDecoratedOperator): start_task> on 2025-06-20 02:07:00+00:00
[2025-06-27T02:34:50.469+0000] {warnings.py:112} WARNING - /home/***/.local/lib/python3.12/site-packages/***/task/task_runner/standard_task_runner.py:70: DeprecationWarning: This process (pid=51) is multi-threaded, use of fork() may lead to deadlocks in the child.
  pid = os.fork()

[2025-06-27T02:34:50.474+0000] {standard_task_runner.py:72} INFO - Started process 72 to run task
[2025-06-27T02:34:50.474+0000] {standard_task_runner.py:104} INFO - Running: ['***', 'tasks', 'run', 'ga4_raw_data_elt', 'start_task', 'scheduled__2025-06-20T02:07:00+00:00', '--job-id', '8', '--raw', '--subdir', 'DAGS_FOLDER/GA4_data_elt.py', '--cfg-path', '/tmp/tmpvez2li6h']
[2025-06-27T02:34:50.486+0000] {standard_task_runner.py:105} INFO - Job 8: Subtask start_task
[2025-06-27T02:34:50.648+0000] {task_command.py:467} INFO - Running <TaskInstance: ga4_raw_data_elt.start_task scheduled__2025-06-20T02:07:00+00:00 [running]> on host ba60ab6371e3
[2025-06-27T02:34:50.751+0000] {taskinstance.py:3131} INFO - Exporting env vars: AIRFLOW_CTX_DAG_OWNER='***' AIRFLOW_CTX_DAG_ID='ga4_raw_data_elt' AIRFLOW_CTX_TASK_ID='start_task' AIRFLOW_CTX_EXECUTION_DATE='2025-06-20T02:07:00+00:00' AIRFLOW_CTX_TRY_NUMBER='1' AIRFLOW_CTX_DAG_RUN_ID='scheduled__2025-06-20T02:07:00+00:00'
[2025-06-27T02:34:50.754+0000] {taskinstance.py:731} INFO - ::endgroup::
[2025-06-27T02:34:50.758+0000] {logging_mixin.py:190} INFO - start
[2025-06-27T02:34:50.758+0000] {logging_mixin.py:190} INFO - ds: 2025-06-20
[2025-06-27T02:34:50.760+0000] {python.py:240} INFO - Done. Returned value was: None
[2025-06-27T02:34:50.773+0000] {taskinstance.py:340} INFO - ::group::Post task execution logs
[2025-06-27T02:34:50.773+0000] {taskinstance.py:352} INFO - Marking task as SUCCESS. dag_id=ga4_raw_data_elt, task_id=start_task, run_id=scheduled__2025-06-20T02:07:00+00:00, execution_date=20250620T020700, start_date=20250627T023450, end_date=20250627T023450
[2025-06-27T02:34:50.801+0000] {local_task_job_runner.py:266} INFO - Task exited with return code 0
[2025-06-27T02:34:50.825+0000] {taskinstance.py:3900} INFO - 1 downstream tasks scheduled from follow-on schedule check
[2025-06-27T02:34:50.827+0000] {local_task_job_runner.py:245} INFO - ::endgroup::
