[2025-06-27T04:27:07.628+0000] {local_task_job_runner.py:123} INFO - ::group::Pre task execution logs
[2025-06-27T04:27:07.669+0000] {taskinstance.py:2612} INFO - Dependencies all met for dep_context=non-requeueable deps ti=<TaskInstance: ga4_raw_data_elt_v1.0.create_partitioned_table_if_not_exists scheduled__2025-04-05T05:00:00+00:00 [queued]>
[2025-06-27T04:27:07.690+0000] {taskinstance.py:2612} INFO - Dependencies all met for dep_context=requeueable deps ti=<TaskInstance: ga4_raw_data_elt_v1.0.create_partitioned_table_if_not_exists scheduled__2025-04-05T05:00:00+00:00 [queued]>
[2025-06-27T04:27:07.693+0000] {taskinstance.py:2865} INFO - Starting attempt 1 of 1
[2025-06-27T04:27:07.724+0000] {taskinstance.py:2888} INFO - Executing <Task(BigQueryInsertJobOperator): create_partitioned_table_if_not_exists> on 2025-04-05 05:00:00+00:00
[2025-06-27T04:27:07.766+0000] {warnings.py:112} WARNING - /home/***/.local/lib/python3.12/site-packages/***/task/task_runner/standard_task_runner.py:70: DeprecationWarning: This process (pid=1879) is multi-threaded, use of fork() may lead to deadlocks in the child.
  pid = os.fork()

[2025-06-27T04:27:07.794+0000] {standard_task_runner.py:72} INFO - Started process 1909 to run task
[2025-06-27T04:27:07.766+0000] {standard_task_runner.py:104} INFO - Running: ['***', 'tasks', 'run', 'ga4_raw_data_elt_v1.0', 'create_partitioned_table_if_not_exists', 'scheduled__2025-04-05T05:00:00+00:00', '--job-id', '466', '--raw', '--subdir', 'DAGS_FOLDER/GA4_data_elt.py', '--cfg-path', '/tmp/tmp8xspw3ig']
[2025-06-27T04:27:07.812+0000] {standard_task_runner.py:105} INFO - Job 466: Subtask create_partitioned_table_if_not_exists
[2025-06-27T04:27:08.063+0000] {task_command.py:467} INFO - Running <TaskInstance: ga4_raw_data_elt_v1.0.create_partitioned_table_if_not_exists scheduled__2025-04-05T05:00:00+00:00 [running]> on host f79cc72a155d
[2025-06-27T04:27:08.605+0000] {taskinstance.py:3131} INFO - Exporting env vars: AIRFLOW_CTX_DAG_OWNER='***' AIRFLOW_CTX_DAG_ID='ga4_raw_data_elt_v1.0' AIRFLOW_CTX_TASK_ID='create_partitioned_table_if_not_exists' AIRFLOW_CTX_EXECUTION_DATE='2025-04-05T05:00:00+00:00' AIRFLOW_CTX_TRY_NUMBER='1' AIRFLOW_CTX_DAG_RUN_ID='scheduled__2025-04-05T05:00:00+00:00'
[2025-06-27T04:27:08.637+0000] {taskinstance.py:731} INFO - ::endgroup::
[2025-06-27T04:27:08.695+0000] {connection.py:277} WARNING - Connection schemes (type: google_cloud_platform) shall not contain '_' according to RFC3986.
[2025-06-27T04:27:08.702+0000] {base.py:84} INFO - Retrieving connection 'google_cloud_default'
[2025-06-27T04:27:08.813+0000] {bigquery.py:2957} INFO - Executing: {'query': {'query': '\n                    DECLARE dt STRING;\n                    DECLARE source_table_exists BOOL;\n\n                    SET dt = FORMAT_DATE(\'%Y%m%d\', DATE(\'2025-04-05\'));\n\n                    SET source_table_exists = (\n                    SELECT COUNT(*) > 0\n                    FROM `sixth-topic-349709.analytics_412203527.__TABLES__`\n                    WHERE table_id = FORMAT("events_%s", dt)\n                    );\n\n                    IF source_table_exists THEN\n                    EXECUTE IMMEDIATE FORMAT(\'\'\'\n                        CREATE TABLE IF NOT EXISTS `sixth-topic-349709.ga4_events.raw_data`\n                        PARTITION BY partition_date\n                        AS\n                        SELECT *, PARSE_DATE(\'%%Y%%m%%d\', event_date) AS partition_date\n                        FROM `sixth-topic-349709.analytics_412203527.events_%s`\n                        WHERE FALSE\n                    \'\'\', dt);\n                    END IF;\n                ', 'useLegacySql': False}}'
[2025-06-27T04:27:08.820+0000] {bigquery.py:1702} INFO - Inserting job ***_ga4_raw_data_elt_v1_0_create_partitioned_table_if_not_exists_2025_04_05T05_00_00_00_00_11a9c11cfd7e3e24cd81d63f4065f199
[2025-06-27T04:27:11.024+0000] {taskinstance.py:340} INFO - ::group::Post task execution logs
[2025-06-27T04:27:11.037+0000] {taskinstance.py:352} INFO - Marking task as SUCCESS. dag_id=ga4_raw_data_elt_v1.0, task_id=create_partitioned_table_if_not_exists, run_id=scheduled__2025-04-05T05:00:00+00:00, execution_date=20250405T050000, start_date=20250627T042707, end_date=20250627T042711
[2025-06-27T04:27:11.258+0000] {local_task_job_runner.py:266} INFO - Task exited with return code 0
[2025-06-27T04:27:11.409+0000] {local_task_job_runner.py:245} INFO - ::endgroup::
