[2025-06-27T02:06:12.278+0000] {local_task_job_runner.py:123} INFO - ::group::Pre task execution logs
[2025-06-27T02:06:12.290+0000] {taskinstance.py:2612} INFO - Dependencies all met for dep_context=non-requeueable deps ti=<TaskInstance: ga4_raw_data_elt.create_ga4_events_dataset scheduled__2025-06-25T02:07:00+00:00 [queued]>
[2025-06-27T02:06:12.296+0000] {taskinstance.py:2612} INFO - Dependencies all met for dep_context=requeueable deps ti=<TaskInstance: ga4_raw_data_elt.create_ga4_events_dataset scheduled__2025-06-25T02:07:00+00:00 [queued]>
[2025-06-27T02:06:12.296+0000] {taskinstance.py:2865} INFO - Starting attempt 1 of 1
[2025-06-27T02:06:12.316+0000] {taskinstance.py:2888} INFO - Executing <Task(BigQueryCreateEmptyDatasetOperator): create_ga4_events_dataset> on 2025-06-25 02:07:00+00:00
[2025-06-27T02:06:12.366+0000] {warnings.py:112} WARNING - /home/***/.local/lib/python3.12/site-packages/***/task/task_runner/standard_task_runner.py:70: DeprecationWarning: This process (pid=80) is multi-threaded, use of fork() may lead to deadlocks in the child.
  pid = os.fork()

[2025-06-27T02:06:12.380+0000] {standard_task_runner.py:72} INFO - Started process 98 to run task
[2025-06-27T02:06:12.371+0000] {standard_task_runner.py:104} INFO - Running: ['***', 'tasks', 'run', 'ga4_raw_data_elt', 'create_ga4_events_dataset', 'scheduled__2025-06-25T02:07:00+00:00', '--job-id', '13', '--raw', '--subdir', 'DAGS_FOLDER/GA4_data_elt.py', '--cfg-path', '/tmp/tmps0vagbxl']
[2025-06-27T02:06:12.393+0000] {standard_task_runner.py:105} INFO - Job 13: Subtask create_ga4_events_dataset
[2025-06-27T02:06:12.494+0000] {task_command.py:467} INFO - Running <TaskInstance: ga4_raw_data_elt.create_ga4_events_dataset scheduled__2025-06-25T02:07:00+00:00 [running]> on host 040d1cf847a3
[2025-06-27T02:06:12.640+0000] {taskinstance.py:3131} INFO - Exporting env vars: AIRFLOW_CTX_DAG_OWNER='***' AIRFLOW_CTX_DAG_ID='ga4_raw_data_elt' AIRFLOW_CTX_TASK_ID='create_ga4_events_dataset' AIRFLOW_CTX_EXECUTION_DATE='2025-06-25T02:07:00+00:00' AIRFLOW_CTX_TRY_NUMBER='1' AIRFLOW_CTX_DAG_RUN_ID='scheduled__2025-06-25T02:07:00+00:00'
[2025-06-27T02:06:12.655+0000] {taskinstance.py:731} INFO - ::endgroup::
[2025-06-27T02:06:12.696+0000] {connection.py:277} WARNING - Connection schemes (type: google_cloud_platform) shall not contain '_' according to RFC3986.
[2025-06-27T02:06:12.732+0000] {base.py:84} INFO - Retrieving connection 'google_cloud_default'
[2025-06-27T02:06:12.733+0000] {bigquery.py:533} INFO - datasetId was not specified in `dataset_reference`. Will use default value ga4_events.
[2025-06-27T02:06:12.733+0000] {bigquery.py:533} INFO - projectId was not specified in `dataset_reference`. Will use default value sixth-topic-349709.
[2025-06-27T02:06:12.734+0000] {bigquery.py:544} INFO - Creating dataset: ga4_events in project: sixth-topic-349709 
[2025-06-27T02:06:13.912+0000] {bigquery.py:548} INFO - Dataset created successfully.
[2025-06-27T02:06:13.937+0000] {taskinstance.py:340} INFO - ::group::Post task execution logs
[2025-06-27T02:06:13.938+0000] {taskinstance.py:352} INFO - Marking task as SUCCESS. dag_id=ga4_raw_data_elt, task_id=create_ga4_events_dataset, run_id=scheduled__2025-06-25T02:07:00+00:00, execution_date=20250625T020700, start_date=20250627T020612, end_date=20250627T020613
[2025-06-27T02:06:13.963+0000] {local_task_job_runner.py:266} INFO - Task exited with return code 0
[2025-06-27T02:06:14.002+0000] {taskinstance.py:3900} INFO - 1 downstream tasks scheduled from follow-on schedule check
[2025-06-27T02:06:14.003+0000] {local_task_job_runner.py:245} INFO - ::endgroup::
[2025-06-27T02:17:48.663+0000] {local_task_job_runner.py:123} INFO - ::group::Pre task execution logs
[2025-06-27T02:17:48.679+0000] {taskinstance.py:2612} INFO - Dependencies all met for dep_context=non-requeueable deps ti=<TaskInstance: ga4_raw_data_elt.create_ga4_events_dataset scheduled__2025-06-25T02:07:00+00:00 [queued]>
[2025-06-27T02:17:48.686+0000] {taskinstance.py:2612} INFO - Dependencies all met for dep_context=requeueable deps ti=<TaskInstance: ga4_raw_data_elt.create_ga4_events_dataset scheduled__2025-06-25T02:07:00+00:00 [queued]>
[2025-06-27T02:17:48.687+0000] {taskinstance.py:2865} INFO - Starting attempt 1 of 1
[2025-06-27T02:17:48.706+0000] {taskinstance.py:2888} INFO - Executing <Task(BigQueryCreateEmptyDatasetOperator): create_ga4_events_dataset> on 2025-06-25 02:07:00+00:00
[2025-06-27T02:17:48.730+0000] {warnings.py:112} WARNING - /home/***/.local/lib/python3.12/site-packages/***/task/task_runner/standard_task_runner.py:70: DeprecationWarning: This process (pid=87) is multi-threaded, use of fork() may lead to deadlocks in the child.
  pid = os.fork()

[2025-06-27T02:17:48.732+0000] {standard_task_runner.py:72} INFO - Started process 104 to run task
[2025-06-27T02:17:48.734+0000] {standard_task_runner.py:104} INFO - Running: ['***', 'tasks', 'run', 'ga4_raw_data_elt', 'create_ga4_events_dataset', 'scheduled__2025-06-25T02:07:00+00:00', '--job-id', '17', '--raw', '--subdir', 'DAGS_FOLDER/GA4_data_elt.py', '--cfg-path', '/tmp/tmpsxn2r57i']
[2025-06-27T02:17:48.741+0000] {standard_task_runner.py:105} INFO - Job 17: Subtask create_ga4_events_dataset
[2025-06-27T02:17:48.852+0000] {task_command.py:467} INFO - Running <TaskInstance: ga4_raw_data_elt.create_ga4_events_dataset scheduled__2025-06-25T02:07:00+00:00 [running]> on host ece8b7d95be1
[2025-06-27T02:17:48.945+0000] {taskinstance.py:3131} INFO - Exporting env vars: AIRFLOW_CTX_DAG_OWNER='***' AIRFLOW_CTX_DAG_ID='ga4_raw_data_elt' AIRFLOW_CTX_TASK_ID='create_ga4_events_dataset' AIRFLOW_CTX_EXECUTION_DATE='2025-06-25T02:07:00+00:00' AIRFLOW_CTX_TRY_NUMBER='1' AIRFLOW_CTX_DAG_RUN_ID='scheduled__2025-06-25T02:07:00+00:00'
[2025-06-27T02:17:48.949+0000] {taskinstance.py:731} INFO - ::endgroup::
[2025-06-27T02:17:48.962+0000] {connection.py:277} WARNING - Connection schemes (type: google_cloud_platform) shall not contain '_' according to RFC3986.
[2025-06-27T02:17:48.972+0000] {base.py:84} INFO - Retrieving connection 'google_cloud_default'
[2025-06-27T02:17:48.973+0000] {bigquery.py:533} INFO - datasetId was not specified in `dataset_reference`. Will use default value ga4_events.
[2025-06-27T02:17:48.974+0000] {bigquery.py:533} INFO - projectId was not specified in `dataset_reference`. Will use default value sixth-topic-349709.
[2025-06-27T02:17:48.975+0000] {bigquery.py:544} INFO - Creating dataset: ga4_events in project: sixth-topic-349709 
[2025-06-27T02:17:50.325+0000] {bigquery.py:548} INFO - Dataset created successfully.
[2025-06-27T02:17:50.349+0000] {taskinstance.py:340} INFO - ::group::Post task execution logs
[2025-06-27T02:17:50.349+0000] {taskinstance.py:352} INFO - Marking task as SUCCESS. dag_id=ga4_raw_data_elt, task_id=create_ga4_events_dataset, run_id=scheduled__2025-06-25T02:07:00+00:00, execution_date=20250625T020700, start_date=20250627T021748, end_date=20250627T021750
[2025-06-27T02:17:50.398+0000] {local_task_job_runner.py:266} INFO - Task exited with return code 0
[2025-06-27T02:17:50.422+0000] {taskinstance.py:3900} INFO - 1 downstream tasks scheduled from follow-on schedule check
[2025-06-27T02:17:50.423+0000] {local_task_job_runner.py:245} INFO - ::endgroup::
[2025-06-27T02:21:09.162+0000] {local_task_job_runner.py:123} INFO - ::group::Pre task execution logs
[2025-06-27T02:21:09.186+0000] {taskinstance.py:2612} INFO - Dependencies all met for dep_context=non-requeueable deps ti=<TaskInstance: ga4_raw_data_elt.create_ga4_events_dataset scheduled__2025-06-25T02:07:00+00:00 [queued]>
[2025-06-27T02:21:09.216+0000] {taskinstance.py:2612} INFO - Dependencies all met for dep_context=requeueable deps ti=<TaskInstance: ga4_raw_data_elt.create_ga4_events_dataset scheduled__2025-06-25T02:07:00+00:00 [queued]>
[2025-06-27T02:21:09.217+0000] {taskinstance.py:2865} INFO - Starting attempt 1 of 1
[2025-06-27T02:21:09.250+0000] {taskinstance.py:2888} INFO - Executing <Task(BigQueryCreateEmptyDatasetOperator): create_ga4_events_dataset> on 2025-06-25 02:07:00+00:00
[2025-06-27T02:21:09.272+0000] {warnings.py:112} WARNING - /home/***/.local/lib/python3.12/site-packages/***/task/task_runner/standard_task_runner.py:70: DeprecationWarning: This process (pid=87) is multi-threaded, use of fork() may lead to deadlocks in the child.
  pid = os.fork()

[2025-06-27T02:21:09.275+0000] {standard_task_runner.py:72} INFO - Started process 105 to run task
[2025-06-27T02:21:09.277+0000] {standard_task_runner.py:104} INFO - Running: ['***', 'tasks', 'run', 'ga4_raw_data_elt', 'create_ga4_events_dataset', 'scheduled__2025-06-25T02:07:00+00:00', '--job-id', '15', '--raw', '--subdir', 'DAGS_FOLDER/GA4_data_elt.py', '--cfg-path', '/tmp/tmp5f08hmpp']
[2025-06-27T02:21:09.285+0000] {standard_task_runner.py:105} INFO - Job 15: Subtask create_ga4_events_dataset
[2025-06-27T02:21:09.397+0000] {task_command.py:467} INFO - Running <TaskInstance: ga4_raw_data_elt.create_ga4_events_dataset scheduled__2025-06-25T02:07:00+00:00 [running]> on host a6d750376b6f
[2025-06-27T02:21:09.484+0000] {taskinstance.py:3131} INFO - Exporting env vars: AIRFLOW_CTX_DAG_OWNER='***' AIRFLOW_CTX_DAG_ID='ga4_raw_data_elt' AIRFLOW_CTX_TASK_ID='create_ga4_events_dataset' AIRFLOW_CTX_EXECUTION_DATE='2025-06-25T02:07:00+00:00' AIRFLOW_CTX_TRY_NUMBER='1' AIRFLOW_CTX_DAG_RUN_ID='scheduled__2025-06-25T02:07:00+00:00'
[2025-06-27T02:21:09.487+0000] {taskinstance.py:731} INFO - ::endgroup::
[2025-06-27T02:21:09.506+0000] {connection.py:277} WARNING - Connection schemes (type: google_cloud_platform) shall not contain '_' according to RFC3986.
[2025-06-27T02:21:09.516+0000] {base.py:84} INFO - Retrieving connection 'google_cloud_default'
[2025-06-27T02:21:09.517+0000] {bigquery.py:533} INFO - datasetId was not specified in `dataset_reference`. Will use default value ga4_events.
[2025-06-27T02:21:09.518+0000] {bigquery.py:533} INFO - projectId was not specified in `dataset_reference`. Will use default value sixth-topic-349709.
[2025-06-27T02:21:09.519+0000] {bigquery.py:544} INFO - Creating dataset: ga4_events in project: sixth-topic-349709 
[2025-06-27T02:21:11.323+0000] {bigquery.py:548} INFO - Dataset created successfully.
[2025-06-27T02:21:11.379+0000] {taskinstance.py:340} INFO - ::group::Post task execution logs
[2025-06-27T02:21:11.380+0000] {taskinstance.py:352} INFO - Marking task as SUCCESS. dag_id=ga4_raw_data_elt, task_id=create_ga4_events_dataset, run_id=scheduled__2025-06-25T02:07:00+00:00, execution_date=20250625T020700, start_date=20250627T022109, end_date=20250627T022111
[2025-06-27T02:21:11.418+0000] {local_task_job_runner.py:266} INFO - Task exited with return code 0
[2025-06-27T02:21:11.437+0000] {local_task_job_runner.py:245} INFO - ::endgroup::
[2025-06-27T02:34:53.223+0000] {local_task_job_runner.py:123} INFO - ::group::Pre task execution logs
[2025-06-27T02:34:53.294+0000] {taskinstance.py:2612} INFO - Dependencies all met for dep_context=non-requeueable deps ti=<TaskInstance: ga4_raw_data_elt.create_ga4_events_dataset scheduled__2025-06-25T02:07:00+00:00 [queued]>
[2025-06-27T02:34:53.319+0000] {taskinstance.py:2612} INFO - Dependencies all met for dep_context=requeueable deps ti=<TaskInstance: ga4_raw_data_elt.create_ga4_events_dataset scheduled__2025-06-25T02:07:00+00:00 [queued]>
[2025-06-27T02:34:53.326+0000] {taskinstance.py:2865} INFO - Starting attempt 1 of 1
[2025-06-27T02:34:53.350+0000] {taskinstance.py:2888} INFO - Executing <Task(BigQueryCreateEmptyDatasetOperator): create_ga4_events_dataset> on 2025-06-25 02:07:00+00:00
[2025-06-27T02:34:53.369+0000] {warnings.py:112} WARNING - /home/***/.local/lib/python3.12/site-packages/***/task/task_runner/standard_task_runner.py:70: DeprecationWarning: This process (pid=88) is multi-threaded, use of fork() may lead to deadlocks in the child.
  pid = os.fork()

[2025-06-27T02:34:53.375+0000] {standard_task_runner.py:72} INFO - Started process 108 to run task
[2025-06-27T02:34:53.370+0000] {standard_task_runner.py:104} INFO - Running: ['***', 'tasks', 'run', 'ga4_raw_data_elt', 'create_ga4_events_dataset', 'scheduled__2025-06-25T02:07:00+00:00', '--job-id', '16', '--raw', '--subdir', 'DAGS_FOLDER/GA4_data_elt.py', '--cfg-path', '/tmp/tmp3x0ku0ka']
[2025-06-27T02:34:53.380+0000] {standard_task_runner.py:105} INFO - Job 16: Subtask create_ga4_events_dataset
[2025-06-27T02:34:53.560+0000] {task_command.py:467} INFO - Running <TaskInstance: ga4_raw_data_elt.create_ga4_events_dataset scheduled__2025-06-25T02:07:00+00:00 [running]> on host ba60ab6371e3
[2025-06-27T02:34:53.720+0000] {taskinstance.py:3131} INFO - Exporting env vars: AIRFLOW_CTX_DAG_OWNER='***' AIRFLOW_CTX_DAG_ID='ga4_raw_data_elt' AIRFLOW_CTX_TASK_ID='create_ga4_events_dataset' AIRFLOW_CTX_EXECUTION_DATE='2025-06-25T02:07:00+00:00' AIRFLOW_CTX_TRY_NUMBER='1' AIRFLOW_CTX_DAG_RUN_ID='scheduled__2025-06-25T02:07:00+00:00'
[2025-06-27T02:34:53.724+0000] {taskinstance.py:731} INFO - ::endgroup::
[2025-06-27T02:34:53.738+0000] {connection.py:277} WARNING - Connection schemes (type: google_cloud_platform) shall not contain '_' according to RFC3986.
[2025-06-27T02:34:53.743+0000] {base.py:84} INFO - Retrieving connection 'google_cloud_default'
[2025-06-27T02:34:53.745+0000] {bigquery.py:533} INFO - datasetId was not specified in `dataset_reference`. Will use default value ga4_events.
[2025-06-27T02:34:53.746+0000] {bigquery.py:533} INFO - projectId was not specified in `dataset_reference`. Will use default value sixth-topic-349709.
[2025-06-27T02:34:53.748+0000] {bigquery.py:544} INFO - Creating dataset: ga4_events in project: sixth-topic-349709 
[2025-06-27T02:34:56.061+0000] {bigquery.py:548} INFO - Dataset created successfully.
[2025-06-27T02:34:56.122+0000] {taskinstance.py:340} INFO - ::group::Post task execution logs
[2025-06-27T02:34:56.124+0000] {taskinstance.py:352} INFO - Marking task as SUCCESS. dag_id=ga4_raw_data_elt, task_id=create_ga4_events_dataset, run_id=scheduled__2025-06-25T02:07:00+00:00, execution_date=20250625T020700, start_date=20250627T023453, end_date=20250627T023456
[2025-06-27T02:34:56.165+0000] {local_task_job_runner.py:266} INFO - Task exited with return code 0
[2025-06-27T02:34:56.254+0000] {taskinstance.py:3900} INFO - 1 downstream tasks scheduled from follow-on schedule check
[2025-06-27T02:34:56.259+0000] {local_task_job_runner.py:245} INFO - ::endgroup::
