[2025-06-27T02:40:23.882+0000] {local_task_job_runner.py:123} INFO - ::group::Pre task execution logs
[2025-06-27T02:40:23.891+0000] {taskinstance.py:2612} INFO - Dependencies all met for dep_context=non-requeueable deps ti=<TaskInstance: ga4_raw_data_elt.start_task scheduled__2025-06-22T02:07:00+00:00 [queued]>
[2025-06-27T02:40:23.895+0000] {taskinstance.py:2612} INFO - Dependencies all met for dep_context=requeueable deps ti=<TaskInstance: ga4_raw_data_elt.start_task scheduled__2025-06-22T02:07:00+00:00 [queued]>
[2025-06-27T02:40:23.895+0000] {taskinstance.py:2865} INFO - Starting attempt 2 of 2
[2025-06-27T02:40:23.901+0000] {taskinstance.py:2888} INFO - Executing <Task(_PythonDecoratedOperator): start_task> on 2025-06-22 02:07:00+00:00
[2025-06-27T02:40:23.906+0000] {warnings.py:112} WARNING - /home/***/.local/lib/python3.12/site-packages/***/task/task_runner/standard_task_runner.py:70: DeprecationWarning: This process (pid=223) is multi-threaded, use of fork() may lead to deadlocks in the child.
  pid = os.fork()

[2025-06-27T02:40:23.907+0000] {standard_task_runner.py:72} INFO - Started process 225 to run task
[2025-06-27T02:40:23.908+0000] {standard_task_runner.py:104} INFO - Running: ['***', 'tasks', 'run', 'ga4_raw_data_elt', 'start_task', 'scheduled__2025-06-22T02:07:00+00:00', '--job-id', '46', '--raw', '--subdir', 'DAGS_FOLDER/GA4_data_elt.py', '--cfg-path', '/tmp/tmpcv897utv']
[2025-06-27T02:40:23.911+0000] {standard_task_runner.py:105} INFO - Job 46: Subtask start_task
[2025-06-27T02:40:23.948+0000] {task_command.py:467} INFO - Running <TaskInstance: ga4_raw_data_elt.start_task scheduled__2025-06-22T02:07:00+00:00 [running]> on host ba60ab6371e3
[2025-06-27T02:40:24.011+0000] {taskinstance.py:3131} INFO - Exporting env vars: AIRFLOW_CTX_DAG_OWNER='***' AIRFLOW_CTX_DAG_ID='ga4_raw_data_elt' AIRFLOW_CTX_TASK_ID='start_task' AIRFLOW_CTX_EXECUTION_DATE='2025-06-22T02:07:00+00:00' AIRFLOW_CTX_TRY_NUMBER='2' AIRFLOW_CTX_DAG_RUN_ID='scheduled__2025-06-22T02:07:00+00:00'
[2025-06-27T02:40:24.013+0000] {taskinstance.py:731} INFO - ::endgroup::
[2025-06-27T02:40:24.015+0000] {logging_mixin.py:190} INFO - start
[2025-06-27T02:40:24.015+0000] {logging_mixin.py:190} INFO - ds: 2025-06-22
[2025-06-27T02:40:24.016+0000] {python.py:240} INFO - Done. Returned value was: None
[2025-06-27T02:40:24.025+0000] {taskinstance.py:340} INFO - ::group::Post task execution logs
[2025-06-27T02:40:24.025+0000] {taskinstance.py:352} INFO - Marking task as SUCCESS. dag_id=ga4_raw_data_elt, task_id=start_task, run_id=scheduled__2025-06-22T02:07:00+00:00, execution_date=20250622T020700, start_date=20250627T024023, end_date=20250627T024024
[2025-06-27T02:40:24.049+0000] {local_task_job_runner.py:266} INFO - Task exited with return code 0
[2025-06-27T02:40:24.068+0000] {taskinstance.py:3900} INFO - 1 downstream tasks scheduled from follow-on schedule check
[2025-06-27T02:40:24.069+0000] {local_task_job_runner.py:245} INFO - ::endgroup::
