[2025-06-26T01:33:43.414+0000] {local_task_job_runner.py:123} INFO - ::group::Pre task execution logs
[2025-06-26T01:33:43.502+0000] {taskinstance.py:2612} INFO - Dependencies all met for dep_context=non-requeueable deps ti=<TaskInstance: country_capital_to_bigquery_operator.create_dataset scheduled__2025-06-24T02:00:00+00:00 [queued]>
[2025-06-26T01:33:43.506+0000] {taskinstance.py:2612} INFO - Dependencies all met for dep_context=requeueable deps ti=<TaskInstance: country_capital_to_bigquery_operator.create_dataset scheduled__2025-06-24T02:00:00+00:00 [queued]>
[2025-06-26T01:33:43.506+0000] {taskinstance.py:2865} INFO - Starting attempt 3 of 3
[2025-06-26T01:33:43.513+0000] {taskinstance.py:2888} INFO - Executing <Task(BigQueryCreateEmptyDatasetOperator): create_dataset> on 2025-06-24 02:00:00+00:00
[2025-06-26T01:33:43.519+0000] {standard_task_runner.py:104} INFO - Running: ['***', 'tasks', 'run', 'country_capital_to_bigquery_operator', 'create_dataset', 'scheduled__2025-06-24T02:00:00+00:00', '--job-id', '13', '--raw', '--subdir', 'DAGS_FOLDER/simple_etl_bigquery_operator.py', '--cfg-path', '/tmp/tmpmbdbrm1y']
[2025-06-26T01:33:43.522+0000] {standard_task_runner.py:105} INFO - Job 13: Subtask create_dataset
[2025-06-26T01:33:43.521+0000] {logging_mixin.py:190} WARNING - /home/***/.local/lib/python3.12/site-packages/***/task/task_runner/standard_task_runner.py:70 DeprecationWarning: This process (pid=880) is multi-threaded, use of fork() may lead to deadlocks in the child.
[2025-06-26T01:33:43.523+0000] {standard_task_runner.py:72} INFO - Started process 882 to run task
[2025-06-26T01:33:43.556+0000] {task_command.py:467} INFO - Running <TaskInstance: country_capital_to_bigquery_operator.create_dataset scheduled__2025-06-24T02:00:00+00:00 [running]> on host 76eadcdb3baf
[2025-06-26T01:33:43.598+0000] {taskinstance.py:3131} INFO - Exporting env vars: AIRFLOW_CTX_DAG_OWNER='***' AIRFLOW_CTX_DAG_ID='country_capital_to_bigquery_operator' AIRFLOW_CTX_TASK_ID='create_dataset' AIRFLOW_CTX_EXECUTION_DATE='2025-06-24T02:00:00+00:00' AIRFLOW_CTX_TRY_NUMBER='3' AIRFLOW_CTX_DAG_RUN_ID='scheduled__2025-06-24T02:00:00+00:00'
[2025-06-26T01:33:43.599+0000] {taskinstance.py:731} INFO - ::endgroup::
[2025-06-26T01:33:43.605+0000] {connection.py:277} WARNING - Connection schemes (type: google_cloud_platform) shall not contain '_' according to RFC3986.
[2025-06-26T01:33:43.609+0000] {base.py:84} INFO - Retrieving connection 'google_cloud_default'
[2025-06-26T01:33:43.609+0000] {bigquery.py:533} INFO - datasetId was not specified in `dataset_reference`. Will use default value raw_data.
[2025-06-26T01:33:43.609+0000] {bigquery.py:533} INFO - projectId was not specified in `dataset_reference`. Will use default value sixth-topic-349709.
[2025-06-26T01:33:43.610+0000] {bigquery.py:544} INFO - Creating dataset: raw_data in project: sixth-topic-349709 
[2025-06-26T01:33:44.671+0000] {bigquery.py:548} INFO - Dataset created successfully.
[2025-06-26T01:33:44.696+0000] {taskinstance.py:340} INFO - ::group::Post task execution logs
[2025-06-26T01:33:44.697+0000] {taskinstance.py:352} INFO - Marking task as SUCCESS. dag_id=country_capital_to_bigquery_operator, task_id=create_dataset, run_id=scheduled__2025-06-24T02:00:00+00:00, execution_date=20250624T020000, start_date=20250626T013343, end_date=20250626T013344
[2025-06-26T01:33:44.729+0000] {local_task_job_runner.py:266} INFO - Task exited with return code 0
[2025-06-26T01:33:44.746+0000] {taskinstance.py:3900} INFO - 1 downstream tasks scheduled from follow-on schedule check
[2025-06-26T01:33:44.747+0000] {local_task_job_runner.py:245} INFO - ::endgroup::
