[2025-06-27T01:59:14.841+0000] {local_task_job_runner.py:123} INFO - ::group::Pre task execution logs
[2025-06-27T01:59:14.850+0000] {taskinstance.py:2612} INFO - Dependencies all met for dep_context=non-requeueable deps ti=<TaskInstance: ga4_raw_data_elt.run_partition_insert_if_table_exists manual__2025-06-27T01:59:04.204141+00:00 [queued]>
[2025-06-27T01:59:14.854+0000] {taskinstance.py:2612} INFO - Dependencies all met for dep_context=requeueable deps ti=<TaskInstance: ga4_raw_data_elt.run_partition_insert_if_table_exists manual__2025-06-27T01:59:04.204141+00:00 [queued]>
[2025-06-27T01:59:14.854+0000] {taskinstance.py:2865} INFO - Starting attempt 1 of 1
[2025-06-27T01:59:14.860+0000] {taskinstance.py:2888} INFO - Executing <Task(BigQueryInsertJobOperator): run_partition_insert_if_table_exists> on 2025-06-27 01:59:04.204141+00:00
[2025-06-27T01:59:14.865+0000] {warnings.py:112} WARNING - /home/***/.local/lib/python3.12/site-packages/***/task/task_runner/standard_task_runner.py:70: DeprecationWarning: This process (pid=62) is multi-threaded, use of fork() may lead to deadlocks in the child.
  pid = os.fork()

[2025-06-27T01:59:14.866+0000] {standard_task_runner.py:72} INFO - Started process 64 to run task
[2025-06-27T01:59:14.867+0000] {standard_task_runner.py:104} INFO - Running: ['***', 'tasks', 'run', 'ga4_raw_data_elt', 'run_partition_insert_if_table_exists', 'manual__2025-06-27T01:59:04.204141+00:00', '--job-id', '41', '--raw', '--subdir', 'DAGS_FOLDER/GA4_data_elt.py', '--cfg-path', '/tmp/tmp1xqfrhow']
[2025-06-27T01:59:14.869+0000] {standard_task_runner.py:105} INFO - Job 41: Subtask run_partition_insert_if_table_exists
[2025-06-27T01:59:14.896+0000] {task_command.py:467} INFO - Running <TaskInstance: ga4_raw_data_elt.run_partition_insert_if_table_exists manual__2025-06-27T01:59:04.204141+00:00 [running]> on host 9cd2c6ca0862
[2025-06-27T01:59:14.936+0000] {taskinstance.py:3131} INFO - Exporting env vars: AIRFLOW_CTX_DAG_OWNER='***' AIRFLOW_CTX_DAG_ID='ga4_raw_data_elt' AIRFLOW_CTX_TASK_ID='run_partition_insert_if_table_exists' AIRFLOW_CTX_EXECUTION_DATE='2025-06-27T01:59:04.204141+00:00' AIRFLOW_CTX_TRY_NUMBER='1' AIRFLOW_CTX_DAG_RUN_ID='manual__2025-06-27T01:59:04.204141+00:00'
[2025-06-27T01:59:14.938+0000] {taskinstance.py:731} INFO - ::endgroup::
[2025-06-27T01:59:14.944+0000] {connection.py:277} WARNING - Connection schemes (type: google_cloud_platform) shall not contain '_' according to RFC3986.
[2025-06-27T01:59:14.949+0000] {base.py:84} INFO - Retrieving connection 'google_cloud_default'
[2025-06-27T01:59:14.999+0000] {bigquery.py:2957} INFO - Executing: {'query': {'query': '\n                    DECLARE dt STRING;\n                    DECLARE table_exists BOOL;\n\n                    SET dt = FORMAT_DATE(\'%Y%m%d\', DATE_SUB(DATE(\'2025-06-27\'), INTERVAL 1 DAY));\n\n                    SET table_exists = (\n                    SELECT COUNT(*) > 0\n                    FROM `sixth-topic-349709.analytics_412203527.__TABLES__`\n                    WHERE table_id = FORMAT("events_%s", dt)\n                    );\n\n                    IF table_exists THEN\n                    EXECUTE IMMEDIATE FORMAT(\'\'\'\n                        DELETE FROM `sixth-topic-349709.ga4_events.raw_data`\n                        WHERE partition_date = PARSE_DATE(\'%%Y%%m%%d\', \'%s\')\n                    \'\'\', dt);\n                    \n                    EXECUTE IMMEDIATE FORMAT(\'\'\'\n                        INSERT INTO `sixth-topic-349709.ga4_events.raw_data`    \n                        SELECT *, PARSE_DATE(\'%%Y%%m%%d\', event_date) AS partition_date\n                        FROM `sixth-topic-349709.analytics_412203527.events_%s`\n                    \'\'\', dt);\n                    END IF;     \n                ', 'useLegacySql': False}}'
[2025-06-27T01:59:15.001+0000] {bigquery.py:1702} INFO - Inserting job ***_ga4_raw_data_elt_run_partition_insert_if_table_exists_2025_06_27T01_59_04_204141_00_00_fae4a5c7d7b607079c517f063275c35b
[2025-06-27T01:59:17.182+0000] {taskinstance.py:340} INFO - ::group::Post task execution logs
[2025-06-27T01:59:17.183+0000] {taskinstance.py:352} INFO - Marking task as SUCCESS. dag_id=ga4_raw_data_elt, task_id=run_partition_insert_if_table_exists, run_id=manual__2025-06-27T01:59:04.204141+00:00, execution_date=20250627T015904, start_date=20250627T015914, end_date=20250627T015917
[2025-06-27T01:59:17.213+0000] {local_task_job_runner.py:266} INFO - Task exited with return code 0
[2025-06-27T01:59:17.229+0000] {taskinstance.py:3900} INFO - 1 downstream tasks scheduled from follow-on schedule check
[2025-06-27T01:59:17.231+0000] {local_task_job_runner.py:245} INFO - ::endgroup::
