[2025-06-27T00:52:52.485+0000] {local_task_job_runner.py:123} INFO - ::group::Pre task execution logs
[2025-06-27T00:52:52.500+0000] {taskinstance.py:2612} INFO - Dependencies all met for dep_context=non-requeueable deps ti=<TaskInstance: ga4_raw_data_elt.start_task scheduled__2025-06-25T05:00:00+00:00 [queued]>
[2025-06-27T00:52:52.507+0000] {taskinstance.py:2612} INFO - Dependencies all met for dep_context=requeueable deps ti=<TaskInstance: ga4_raw_data_elt.start_task scheduled__2025-06-25T05:00:00+00:00 [queued]>
[2025-06-27T00:52:52.511+0000] {taskinstance.py:2865} INFO - Starting attempt 1 of 1
[2025-06-27T00:52:52.524+0000] {taskinstance.py:2888} INFO - Executing <Task(_PythonDecoratedOperator): start_task> on 2025-06-25 05:00:00+00:00
[2025-06-27T00:52:52.532+0000] {warnings.py:112} WARNING - /home/***/.local/lib/python3.12/site-packages/***/task/task_runner/standard_task_runner.py:70: DeprecationWarning: This process (pid=61) is multi-threaded, use of fork() may lead to deadlocks in the child.
  pid = os.fork()

[2025-06-27T00:52:52.535+0000] {standard_task_runner.py:72} INFO - Started process 68 to run task
[2025-06-27T00:52:52.540+0000] {standard_task_runner.py:104} INFO - Running: ['***', 'tasks', 'run', 'ga4_raw_data_elt', 'start_task', 'scheduled__2025-06-25T05:00:00+00:00', '--job-id', '9', '--raw', '--subdir', 'DAGS_FOLDER/GA4_data_elt.py', '--cfg-path', '/tmp/tmpimv3vjyt']
[2025-06-27T00:52:52.552+0000] {standard_task_runner.py:105} INFO - Job 9: Subtask start_task
[2025-06-27T00:52:52.636+0000] {task_command.py:467} INFO - Running <TaskInstance: ga4_raw_data_elt.start_task scheduled__2025-06-25T05:00:00+00:00 [running]> on host 9cd2c6ca0862
[2025-06-27T00:52:52.704+0000] {taskinstance.py:3131} INFO - Exporting env vars: AIRFLOW_CTX_DAG_OWNER='***' AIRFLOW_CTX_DAG_ID='ga4_raw_data_elt' AIRFLOW_CTX_TASK_ID='start_task' AIRFLOW_CTX_EXECUTION_DATE='2025-06-25T05:00:00+00:00' AIRFLOW_CTX_TRY_NUMBER='1' AIRFLOW_CTX_DAG_RUN_ID='scheduled__2025-06-25T05:00:00+00:00'
[2025-06-27T00:52:52.706+0000] {taskinstance.py:731} INFO - ::endgroup::
[2025-06-27T00:52:52.709+0000] {logging_mixin.py:190} INFO - start
[2025-06-27T00:52:52.709+0000] {logging_mixin.py:190} INFO - ds: 2025-06-25
[2025-06-27T00:52:52.710+0000] {python.py:240} INFO - Done. Returned value was: None
[2025-06-27T00:52:52.725+0000] {taskinstance.py:340} INFO - ::group::Post task execution logs
[2025-06-27T00:52:52.726+0000] {taskinstance.py:352} INFO - Marking task as SUCCESS. dag_id=ga4_raw_data_elt, task_id=start_task, run_id=scheduled__2025-06-25T05:00:00+00:00, execution_date=20250625T050000, start_date=20250627T005252, end_date=20250627T005252
[2025-06-27T00:52:52.763+0000] {local_task_job_runner.py:266} INFO - Task exited with return code 0
[2025-06-27T00:52:52.783+0000] {taskinstance.py:3900} INFO - 1 downstream tasks scheduled from follow-on schedule check
[2025-06-27T00:52:52.784+0000] {local_task_job_runner.py:245} INFO - ::endgroup::
[2025-06-27T02:50:50.878+0000] {local_task_job_runner.py:123} INFO - ::group::Pre task execution logs
[2025-06-27T02:50:50.893+0000] {taskinstance.py:2612} INFO - Dependencies all met for dep_context=non-requeueable deps ti=<TaskInstance: ga4_raw_data_elt.start_task scheduled__2025-06-25T05:00:00+00:00 [queued]>
[2025-06-27T02:50:50.904+0000] {taskinstance.py:2612} INFO - Dependencies all met for dep_context=requeueable deps ti=<TaskInstance: ga4_raw_data_elt.start_task scheduled__2025-06-25T05:00:00+00:00 [queued]>
[2025-06-27T02:50:50.906+0000] {taskinstance.py:2865} INFO - Starting attempt 1 of 1
[2025-06-27T02:50:50.923+0000] {taskinstance.py:2888} INFO - Executing <Task(_PythonDecoratedOperator): start_task> on 2025-06-25 05:00:00+00:00
[2025-06-27T02:50:50.928+0000] {warnings.py:112} WARNING - /home/***/.local/lib/python3.12/site-packages/***/task/task_runner/standard_task_runner.py:70: DeprecationWarning: This process (pid=58) is multi-threaded, use of fork() may lead to deadlocks in the child.
  pid = os.fork()

[2025-06-27T02:50:50.929+0000] {standard_task_runner.py:72} INFO - Started process 72 to run task
[2025-06-27T02:50:50.931+0000] {standard_task_runner.py:104} INFO - Running: ['***', 'tasks', 'run', 'ga4_raw_data_elt', 'start_task', 'scheduled__2025-06-25T05:00:00+00:00', '--job-id', '83', '--raw', '--subdir', 'DAGS_FOLDER/GA4_data_elt.py', '--cfg-path', '/tmp/tmp0y0kubzf']
[2025-06-27T02:50:50.933+0000] {standard_task_runner.py:105} INFO - Job 83: Subtask start_task
[2025-06-27T02:50:50.975+0000] {task_command.py:467} INFO - Running <TaskInstance: ga4_raw_data_elt.start_task scheduled__2025-06-25T05:00:00+00:00 [running]> on host ba60ab6371e3
[2025-06-27T02:50:51.041+0000] {taskinstance.py:3131} INFO - Exporting env vars: AIRFLOW_CTX_DAG_OWNER='***' AIRFLOW_CTX_DAG_ID='ga4_raw_data_elt' AIRFLOW_CTX_TASK_ID='start_task' AIRFLOW_CTX_EXECUTION_DATE='2025-06-25T05:00:00+00:00' AIRFLOW_CTX_TRY_NUMBER='1' AIRFLOW_CTX_DAG_RUN_ID='scheduled__2025-06-25T05:00:00+00:00'
[2025-06-27T02:50:51.043+0000] {taskinstance.py:731} INFO - ::endgroup::
[2025-06-27T02:50:51.044+0000] {logging_mixin.py:190} INFO - start
[2025-06-27T02:50:51.045+0000] {logging_mixin.py:190} INFO - ds: 2025-06-25
[2025-06-27T02:50:51.045+0000] {python.py:240} INFO - Done. Returned value was: None
[2025-06-27T02:50:51.055+0000] {taskinstance.py:340} INFO - ::group::Post task execution logs
[2025-06-27T02:50:51.057+0000] {taskinstance.py:352} INFO - Marking task as SUCCESS. dag_id=ga4_raw_data_elt, task_id=start_task, run_id=scheduled__2025-06-25T05:00:00+00:00, execution_date=20250625T050000, start_date=20250627T025050, end_date=20250627T025051
[2025-06-27T02:50:51.112+0000] {local_task_job_runner.py:266} INFO - Task exited with return code 0
[2025-06-27T02:50:51.136+0000] {taskinstance.py:3900} INFO - 1 downstream tasks scheduled from follow-on schedule check
[2025-06-27T02:50:51.138+0000] {local_task_job_runner.py:245} INFO - ::endgroup::
