[2025-06-27T05:30:50.577+0000] {local_task_job_runner.py:123} INFO - ::group::Pre task execution logs
[2025-06-27T05:30:50.584+0000] {taskinstance.py:2612} INFO - Dependencies all met for dep_context=non-requeueable deps ti=<TaskInstance: ga4_raw_data_elt_v1.0.start_task __airflow_temporary_run_2025-06-27T05:30:49.113575+00:00__ [queued]>
[2025-06-27T05:30:50.587+0000] {taskinstance.py:2612} INFO - Dependencies all met for dep_context=requeueable deps ti=<TaskInstance: ga4_raw_data_elt_v1.0.start_task __airflow_temporary_run_2025-06-27T05:30:49.113575+00:00__ [queued]>
[2025-06-27T05:30:50.588+0000] {taskinstance.py:2865} INFO - Starting attempt 1 of 1
[2025-06-27T05:30:50.593+0000] {taskinstance.py:2888} INFO - Executing <Task(_PythonDecoratedOperator): start_task> on 2025-06-27 05:30:49.113564+00:00
[2025-06-27T05:30:50.597+0000] {warnings.py:112} WARNING - /home/***/.local/lib/python3.12/site-packages/***/task/task_runner/standard_task_runner.py:70: DeprecationWarning: This process (pid=108) is multi-threaded, use of fork() may lead to deadlocks in the child.
  pid = os.fork()

[2025-06-27T05:30:50.599+0000] {standard_task_runner.py:72} INFO - Started process 110 to run task
[2025-06-27T05:30:50.599+0000] {standard_task_runner.py:104} INFO - Running: ['***', 'tasks', 'run', 'ga4_raw_data_elt_v1.0', 'start_task', '__***_temporary_run_2025-06-27T05:30:49.113575+00:00__', '--job-id', '1011', '--raw', '--subdir', 'DAGS_FOLDER/GA4_data_elt.py', '--cfg-path', '/tmp/tmpc400kkon']
[2025-06-27T05:30:50.601+0000] {standard_task_runner.py:105} INFO - Job 1011: Subtask start_task
[2025-06-27T05:30:50.633+0000] {task_command.py:467} INFO - Running <TaskInstance: ga4_raw_data_elt_v1.0.start_task __airflow_temporary_run_2025-06-27T05:30:49.113575+00:00__ [running]> on host 5a19584397c4
[2025-06-27T05:30:50.672+0000] {taskinstance.py:3131} INFO - Exporting env vars: AIRFLOW_CTX_DAG_OWNER='***' AIRFLOW_CTX_DAG_ID='ga4_raw_data_elt_v1.0' AIRFLOW_CTX_TASK_ID='start_task' AIRFLOW_CTX_EXECUTION_DATE='2025-06-27T05:30:49.113564+00:00' AIRFLOW_CTX_TRY_NUMBER='1' AIRFLOW_CTX_DAG_RUN_ID='__***_temporary_run_2025-06-27T05:30:49.113575+00:00__'
[2025-06-27T05:30:50.673+0000] {taskinstance.py:731} INFO - ::endgroup::
[2025-06-27T05:30:50.674+0000] {logging_mixin.py:190} INFO - start
[2025-06-27T05:30:50.675+0000] {logging_mixin.py:190} INFO - ds: 2025-06-27
[2025-06-27T05:30:50.675+0000] {python.py:240} INFO - Done. Returned value was: None
[2025-06-27T05:30:50.680+0000] {taskinstance.py:340} INFO - ::group::Post task execution logs
[2025-06-27T05:30:50.680+0000] {taskinstance.py:352} INFO - Marking task as SUCCESS. dag_id=ga4_raw_data_elt_v1.0, task_id=start_task, run_id=__***_temporary_run_2025-06-27T05:30:49.113575+00:00__, execution_date=20250627T053049, start_date=20250627T053050, end_date=20250627T053050
[2025-06-27T05:30:50.699+0000] {local_task_job_runner.py:266} INFO - Task exited with return code 0
[2025-06-27T05:30:50.712+0000] {taskinstance.py:3900} INFO - 1 downstream tasks scheduled from follow-on schedule check
[2025-06-27T05:30:50.713+0000] {local_task_job_runner.py:245} INFO - ::endgroup::
