[2025-06-27T04:24:50.738+0000] {local_task_job_runner.py:123} INFO - ::group::Pre task execution logs
[2025-06-27T04:24:50.749+0000] {taskinstance.py:2612} INFO - Dependencies all met for dep_context=non-requeueable deps ti=<TaskInstance: ga4_raw_data_elt_v1.0.run_partition_insert_if_table_exists scheduled__2025-02-17T05:00:00+00:00 [queued]>
[2025-06-27T04:24:50.755+0000] {taskinstance.py:2612} INFO - Dependencies all met for dep_context=requeueable deps ti=<TaskInstance: ga4_raw_data_elt_v1.0.run_partition_insert_if_table_exists scheduled__2025-02-17T05:00:00+00:00 [queued]>
[2025-06-27T04:24:50.756+0000] {taskinstance.py:2865} INFO - Starting attempt 1 of 1
[2025-06-27T04:24:50.763+0000] {taskinstance.py:2888} INFO - Executing <Task(BigQueryInsertJobOperator): run_partition_insert_if_table_exists> on 2025-02-17 05:00:00+00:00
[2025-06-27T04:24:50.768+0000] {warnings.py:112} WARNING - /home/***/.local/lib/python3.12/site-packages/***/task/task_runner/standard_task_runner.py:70: DeprecationWarning: This process (pid=1066) is multi-threaded, use of fork() may lead to deadlocks in the child.
  pid = os.fork()

[2025-06-27T04:24:50.769+0000] {standard_task_runner.py:72} INFO - Started process 1068 to run task
[2025-06-27T04:24:50.770+0000] {standard_task_runner.py:104} INFO - Running: ['***', 'tasks', 'run', 'ga4_raw_data_elt_v1.0', 'run_partition_insert_if_table_exists', 'scheduled__2025-02-17T05:00:00+00:00', '--job-id', '257', '--raw', '--subdir', 'DAGS_FOLDER/GA4_data_elt.py', '--cfg-path', '/tmp/tmp0iero0uq']
[2025-06-27T04:24:50.772+0000] {standard_task_runner.py:105} INFO - Job 257: Subtask run_partition_insert_if_table_exists
[2025-06-27T04:24:50.816+0000] {task_command.py:467} INFO - Running <TaskInstance: ga4_raw_data_elt_v1.0.run_partition_insert_if_table_exists scheduled__2025-02-17T05:00:00+00:00 [running]> on host f79cc72a155d
[2025-06-27T04:24:50.874+0000] {taskinstance.py:3131} INFO - Exporting env vars: AIRFLOW_CTX_DAG_OWNER='***' AIRFLOW_CTX_DAG_ID='ga4_raw_data_elt_v1.0' AIRFLOW_CTX_TASK_ID='run_partition_insert_if_table_exists' AIRFLOW_CTX_EXECUTION_DATE='2025-02-17T05:00:00+00:00' AIRFLOW_CTX_TRY_NUMBER='1' AIRFLOW_CTX_DAG_RUN_ID='scheduled__2025-02-17T05:00:00+00:00'
[2025-06-27T04:24:50.875+0000] {taskinstance.py:731} INFO - ::endgroup::
[2025-06-27T04:24:50.883+0000] {connection.py:277} WARNING - Connection schemes (type: google_cloud_platform) shall not contain '_' according to RFC3986.
[2025-06-27T04:24:50.885+0000] {base.py:84} INFO - Retrieving connection 'google_cloud_default'
[2025-06-27T04:24:50.927+0000] {bigquery.py:2957} INFO - Executing: {'query': {'query': '\n                    DECLARE dt STRING;\n                    DECLARE table_exists BOOL;\n\n                    SET dt = FORMAT_DATE(\'%Y%m%d\', DATE(\'2025-02-17\'));\n\n                    SET table_exists = (\n                    SELECT COUNT(*) > 0\n                    FROM `sixth-topic-349709.analytics_412203527.__TABLES__`\n                    WHERE table_id = FORMAT("events_%s", dt)\n                    );\n\n                    IF table_exists THEN\n                    EXECUTE IMMEDIATE FORMAT(\'\'\'\n                        DELETE FROM `sixth-topic-349709.ga4_events.raw_data`\n                        WHERE partition_date = PARSE_DATE(\'%%Y%%m%%d\', \'%s\')\n                    \'\'\', dt);\n                    \n                    EXECUTE IMMEDIATE FORMAT(\'\'\'\n                        INSERT INTO `sixth-topic-349709.ga4_events.raw_data`    \n                        SELECT *, PARSE_DATE(\'%%Y%%m%%d\', event_date) AS partition_date\n                        FROM `sixth-topic-349709.analytics_412203527.events_%s`\n                    \'\'\', dt);\n                    END IF;     \n                ', 'useLegacySql': False}}'
[2025-06-27T04:24:50.928+0000] {bigquery.py:1702} INFO - Inserting job ***_ga4_raw_data_elt_v1_0_run_partition_insert_if_table_exists_2025_02_17T05_00_00_00_00_0c641f57239ee714cf3d1695ea2db218
[2025-06-27T04:25:08.976+0000] {taskinstance.py:340} INFO - ::group::Post task execution logs
[2025-06-27T04:25:08.981+0000] {taskinstance.py:352} INFO - Marking task as SUCCESS. dag_id=ga4_raw_data_elt_v1.0, task_id=run_partition_insert_if_table_exists, run_id=scheduled__2025-02-17T05:00:00+00:00, execution_date=20250217T050000, start_date=20250627T042450, end_date=20250627T042508
[2025-06-27T04:25:09.081+0000] {local_task_job_runner.py:266} INFO - Task exited with return code 0
[2025-06-27T04:25:09.209+0000] {taskinstance.py:3900} INFO - 1 downstream tasks scheduled from follow-on schedule check
[2025-06-27T04:25:09.211+0000] {local_task_job_runner.py:245} INFO - ::endgroup::
