[2025-06-27T01:39:50.913+0000] {manager.py:486} INFO - Processing files using up to 2 processes at a time 
[2025-06-27T01:39:50.914+0000] {manager.py:487} INFO - Process each file at most once every 30 seconds
[2025-06-27T01:39:50.914+0000] {manager.py:488} INFO - Checking for new files in /opt/airflow/dags every 300 seconds
[2025-06-27T01:39:50.915+0000] {manager.py:832} INFO - Searching for files in /opt/airflow/dags
[2025-06-27T01:39:50.923+0000] {manager.py:835} INFO - There are 4 files in /opt/airflow/dags
[2025-06-27T01:39:53.404+0000] {manager.py:1008} INFO - 
================================================================================
DAG File Processing Stats

File Path                                        PID  Runtime      # DAGs    # Errors  Last Runtime    Last Run      Last # of DB Queries
---------------------------------------------  -----  ---------  --------  ----------  --------------  ----------  ----------------------
/opt/airflow/dags/simple_etl_bigquery_ver1.py                           0           0                                                   0
/opt/airflow/dags/GA4_data_elt.py                209  0.05s             0           0                                                   0
/opt/airflow/dags/simple_etl_bigquery_ver3.py    212  0.03s             0           0                                                   0
/opt/airflow/dags/simple_etl_bigquery_ver2.py                           0           0                                                   0
================================================================================
[2025-06-27T01:40:23.431+0000] {manager.py:1008} INFO - 
================================================================================
DAG File Processing Stats

File Path                                      PID    Runtime      # DAGs    # Errors  Last Runtime    Last Run               Last # of DB Queries
---------------------------------------------  -----  ---------  --------  ----------  --------------  -------------------  ----------------------
/opt/airflow/dags/GA4_data_elt.py                                       1           0  0.55s           2025-06-27T01:39:53                      45
/opt/airflow/dags/simple_etl_bigquery_ver3.py                           1           0  0.54s           2025-06-27T01:39:53                      46
/opt/airflow/dags/simple_etl_bigquery_ver2.py                           1           0  0.27s           2025-06-27T01:39:54                      47
/opt/airflow/dags/simple_etl_bigquery_ver1.py                           1           0  0.26s           2025-06-27T01:39:54                      45
================================================================================
[2025-06-27T01:40:53.636+0000] {manager.py:1008} INFO - 
================================================================================
DAG File Processing Stats

File Path                                      PID    Runtime      # DAGs    # Errors  Last Runtime    Last Run               Last # of DB Queries
---------------------------------------------  -----  ---------  --------  ----------  --------------  -------------------  ----------------------
/opt/airflow/dags/GA4_data_elt.py                                       1           0  0.61s           2025-06-27T01:40:25                      12
/opt/airflow/dags/simple_etl_bigquery_ver3.py                           1           0  0.55s           2025-06-27T01:40:25                      13
/opt/airflow/dags/simple_etl_bigquery_ver1.py                           1           0  0.28s           2025-06-27T01:40:25                      12
/opt/airflow/dags/simple_etl_bigquery_ver2.py                           1           0  0.20s           2025-06-27T01:40:25                      14
================================================================================
[2025-06-27T01:41:23.675+0000] {manager.py:1008} INFO - 
================================================================================
DAG File Processing Stats

File Path                                      PID    Runtime      # DAGs    # Errors  Last Runtime    Last Run               Last # of DB Queries
---------------------------------------------  -----  ---------  --------  ----------  --------------  -------------------  ----------------------
/opt/airflow/dags/GA4_data_elt.py                                       1           0  0.51s           2025-06-27T01:40:56                      12
/opt/airflow/dags/simple_etl_bigquery_ver3.py                           1           0  0.48s           2025-06-27T01:40:56                      13
/opt/airflow/dags/simple_etl_bigquery_ver2.py                           1           0  0.23s           2025-06-27T01:40:56                      14
/opt/airflow/dags/simple_etl_bigquery_ver1.py                           1           0  0.23s           2025-06-27T01:40:56                      12
================================================================================
[2025-06-27T01:41:54.440+0000] {manager.py:1008} INFO - 
================================================================================
DAG File Processing Stats

File Path                                      PID    Runtime      # DAGs    # Errors  Last Runtime    Last Run               Last # of DB Queries
---------------------------------------------  -----  ---------  --------  ----------  --------------  -------------------  ----------------------
/opt/airflow/dags/GA4_data_elt.py                                       1           0  0.30s           2025-06-27T01:41:27                      12
/opt/airflow/dags/simple_etl_bigquery_ver3.py                           1           0  0.27s           2025-06-27T01:41:27                      13
/opt/airflow/dags/simple_etl_bigquery_ver1.py                           1           0  0.11s           2025-06-27T01:41:27                      12
/opt/airflow/dags/simple_etl_bigquery_ver2.py                           1           0  0.10s           2025-06-27T01:41:27                      14
================================================================================
