[2025-06-27T04:36:23.363+0000] {local_task_job_runner.py:123} INFO - ::group::Pre task execution logs
[2025-06-27T04:36:23.373+0000] {taskinstance.py:2612} INFO - Dependencies all met for dep_context=non-requeueable deps ti=<TaskInstance: ga4_raw_data_elt_v1.0.run_partition_insert_if_table_exists scheduled__2025-06-25T09:00:00+00:00 [queued]>
[2025-06-27T04:36:23.377+0000] {taskinstance.py:2612} INFO - Dependencies all met for dep_context=requeueable deps ti=<TaskInstance: ga4_raw_data_elt_v1.0.run_partition_insert_if_table_exists scheduled__2025-06-25T09:00:00+00:00 [queued]>
[2025-06-27T04:36:23.378+0000] {taskinstance.py:2865} INFO - Starting attempt 1 of 1
[2025-06-27T04:36:23.387+0000] {taskinstance.py:2888} INFO - Executing <Task(BigQueryInsertJobOperator): run_partition_insert_if_table_exists> on 2025-06-25 09:00:00+00:00
[2025-06-27T04:36:23.393+0000] {warnings.py:112} WARNING - /home/***/.local/lib/python3.12/site-packages/***/task/task_runner/standard_task_runner.py:70: DeprecationWarning: This process (pid=3614) is multi-threaded, use of fork() may lead to deadlocks in the child.
  pid = os.fork()

[2025-06-27T04:36:23.395+0000] {standard_task_runner.py:72} INFO - Started process 3616 to run task
[2025-06-27T04:36:23.394+0000] {standard_task_runner.py:104} INFO - Running: ['***', 'tasks', 'run', 'ga4_raw_data_elt_v1.0', 'run_partition_insert_if_table_exists', 'scheduled__2025-06-25T09:00:00+00:00', '--job-id', '894', '--raw', '--subdir', 'DAGS_FOLDER/GA4_data_elt.py', '--cfg-path', '/tmp/tmpis0igpty']
[2025-06-27T04:36:23.397+0000] {standard_task_runner.py:105} INFO - Job 894: Subtask run_partition_insert_if_table_exists
[2025-06-27T04:36:23.435+0000] {task_command.py:467} INFO - Running <TaskInstance: ga4_raw_data_elt_v1.0.run_partition_insert_if_table_exists scheduled__2025-06-25T09:00:00+00:00 [running]> on host f79cc72a155d
[2025-06-27T04:36:23.481+0000] {taskinstance.py:3131} INFO - Exporting env vars: AIRFLOW_CTX_DAG_OWNER='***' AIRFLOW_CTX_DAG_ID='ga4_raw_data_elt_v1.0' AIRFLOW_CTX_TASK_ID='run_partition_insert_if_table_exists' AIRFLOW_CTX_EXECUTION_DATE='2025-06-25T09:00:00+00:00' AIRFLOW_CTX_TRY_NUMBER='1' AIRFLOW_CTX_DAG_RUN_ID='scheduled__2025-06-25T09:00:00+00:00'
[2025-06-27T04:36:23.482+0000] {taskinstance.py:731} INFO - ::endgroup::
[2025-06-27T04:36:23.489+0000] {connection.py:277} WARNING - Connection schemes (type: google_cloud_platform) shall not contain '_' according to RFC3986.
[2025-06-27T04:36:23.491+0000] {base.py:84} INFO - Retrieving connection 'google_cloud_default'
[2025-06-27T04:36:23.532+0000] {bigquery.py:2957} INFO - Executing: {'query': {'query': '\n                    DECLARE dt STRING;\n                    DECLARE table_exists BOOL;\n\n                    SET dt = FORMAT_DATE(\'%Y%m%d\', DATE(\'2025-06-25\'));\n\n                    SET table_exists = (\n                    SELECT COUNT(*) > 0\n                    FROM `sixth-topic-349709.analytics_412203527.__TABLES__`\n                    WHERE table_id = FORMAT("events_%s", dt)\n                    );\n\n                    IF table_exists THEN\n                    EXECUTE IMMEDIATE FORMAT(\'\'\'\n                        DELETE FROM `sixth-topic-349709.ga4_events.raw_data`\n                        WHERE partition_date = PARSE_DATE(\'%%Y%%m%%d\', \'%s\')\n                    \'\'\', dt);\n                    \n                    EXECUTE IMMEDIATE FORMAT(\'\'\'\n                        INSERT INTO `sixth-topic-349709.ga4_events.raw_data`    \n                        SELECT *, PARSE_DATE(\'%%Y%%m%%d\', event_date) AS partition_date\n                        FROM `sixth-topic-349709.analytics_412203527.events_%s`\n                    \'\'\', dt);\n                    END IF;     \n                ', 'useLegacySql': False}}'
[2025-06-27T04:36:23.534+0000] {bigquery.py:1702} INFO - Inserting job ***_ga4_raw_data_elt_v1_0_run_partition_insert_if_table_exists_2025_06_25T09_00_00_00_00_52cea1ad3ac96616881b4b987c3fa79f
[2025-06-27T04:36:41.910+0000] {taskinstance.py:340} INFO - ::group::Post task execution logs
[2025-06-27T04:36:41.913+0000] {taskinstance.py:352} INFO - Marking task as SUCCESS. dag_id=ga4_raw_data_elt_v1.0, task_id=run_partition_insert_if_table_exists, run_id=scheduled__2025-06-25T09:00:00+00:00, execution_date=20250625T090000, start_date=20250627T043623, end_date=20250627T043641
[2025-06-27T04:36:41.950+0000] {local_task_job_runner.py:266} INFO - Task exited with return code 0
[2025-06-27T04:36:41.979+0000] {taskinstance.py:3900} INFO - 1 downstream tasks scheduled from follow-on schedule check
[2025-06-27T04:36:41.981+0000] {local_task_job_runner.py:245} INFO - ::endgroup::
[2025-06-27T06:01:23.554+0000] {local_task_job_runner.py:123} INFO - ::group::Pre task execution logs
[2025-06-27T06:01:23.592+0000] {taskinstance.py:2612} INFO - Dependencies all met for dep_context=non-requeueable deps ti=<TaskInstance: ga4_raw_data_elt_v1.0.run_partition_insert_if_table_exists scheduled__2025-06-25T09:00:00+00:00 [queued]>
[2025-06-27T06:01:23.618+0000] {taskinstance.py:2612} INFO - Dependencies all met for dep_context=requeueable deps ti=<TaskInstance: ga4_raw_data_elt_v1.0.run_partition_insert_if_table_exists scheduled__2025-06-25T09:00:00+00:00 [queued]>
[2025-06-27T06:01:23.619+0000] {taskinstance.py:2865} INFO - Starting attempt 1 of 1
[2025-06-27T06:01:23.636+0000] {taskinstance.py:2888} INFO - Executing <Task(BigQueryInsertJobOperator): run_partition_insert_if_table_exists> on 2025-06-25 09:00:00+00:00
[2025-06-27T06:01:23.656+0000] {warnings.py:112} WARNING - /home/***/.local/lib/python3.12/site-packages/***/task/task_runner/standard_task_runner.py:70: DeprecationWarning: This process (pid=3991) is multi-threaded, use of fork() may lead to deadlocks in the child.
  pid = os.fork()

[2025-06-27T06:01:23.661+0000] {standard_task_runner.py:72} INFO - Started process 4003 to run task
[2025-06-27T06:01:23.668+0000] {standard_task_runner.py:104} INFO - Running: ['***', 'tasks', 'run', 'ga4_raw_data_elt_v1.0', 'run_partition_insert_if_table_exists', 'scheduled__2025-06-25T09:00:00+00:00', '--job-id', '988', '--raw', '--subdir', 'DAGS_FOLDER/GA4_data_elt.py', '--cfg-path', '/tmp/tmpuo6t_9s0']
[2025-06-27T06:01:23.680+0000] {standard_task_runner.py:105} INFO - Job 988: Subtask run_partition_insert_if_table_exists
[2025-06-27T06:01:23.756+0000] {task_command.py:467} INFO - Running <TaskInstance: ga4_raw_data_elt_v1.0.run_partition_insert_if_table_exists scheduled__2025-06-25T09:00:00+00:00 [running]> on host 546ad4141aeb
[2025-06-27T06:01:23.865+0000] {taskinstance.py:3131} INFO - Exporting env vars: AIRFLOW_CTX_DAG_OWNER='***' AIRFLOW_CTX_DAG_ID='ga4_raw_data_elt_v1.0' AIRFLOW_CTX_TASK_ID='run_partition_insert_if_table_exists' AIRFLOW_CTX_EXECUTION_DATE='2025-06-25T09:00:00+00:00' AIRFLOW_CTX_TRY_NUMBER='1' AIRFLOW_CTX_DAG_RUN_ID='scheduled__2025-06-25T09:00:00+00:00'
[2025-06-27T06:01:23.868+0000] {taskinstance.py:731} INFO - ::endgroup::
[2025-06-27T06:01:23.885+0000] {connection.py:277} WARNING - Connection schemes (type: google_cloud_platform) shall not contain '_' according to RFC3986.
[2025-06-27T06:01:23.889+0000] {base.py:84} INFO - Retrieving connection 'google_cloud_default'
[2025-06-27T06:01:23.947+0000] {bigquery.py:2957} INFO - Executing: {'query': {'query': 'DECLARE dt STRING;\nDECLARE table_exists BOOL;\n\nSET dt = FORMAT_DATE(\'%Y%m%d\', DATE(\'2025-06-25\'));\n\nSET table_exists = (\nSELECT COUNT(*) > 0\nFROM `sixth-topic-349709.analytics_412203527.__TABLES__`\nWHERE table_id = FORMAT("events_%s", dt)\n);\n\nIF table_exists THEN\nEXECUTE IMMEDIATE FORMAT(\'\'\'\n    DELETE FROM `sixth-topic-349709.ga4_events.raw_data`\n    WHERE partition_date = PARSE_DATE(\'%%Y%%m%%d\', \'%s\')\n\'\'\', dt);\n\nEXECUTE IMMEDIATE FORMAT(\'\'\'\n    INSERT INTO `sixth-topic-349709.ga4_events.raw_data`    \n    SELECT *, PARSE_DATE(\'%%Y%%m%%d\', event_date) AS partition_date\n    FROM `sixth-topic-349709.analytics_412203527.events_%s`\n\'\'\', dt);\nEND IF;', 'useLegacySql': False}}'
[2025-06-27T06:01:23.950+0000] {bigquery.py:1702} INFO - Inserting job ***_ga4_raw_data_elt_v1_0_run_partition_insert_if_table_exists_2025_06_25T09_00_00_00_00_b4dfb8c0f3dc8bd4fea293976bda5e06
[2025-06-27T06:01:44.832+0000] {taskinstance.py:340} INFO - ::group::Post task execution logs
[2025-06-27T06:01:44.835+0000] {taskinstance.py:352} INFO - Marking task as SUCCESS. dag_id=ga4_raw_data_elt_v1.0, task_id=run_partition_insert_if_table_exists, run_id=scheduled__2025-06-25T09:00:00+00:00, execution_date=20250625T090000, start_date=20250627T060123, end_date=20250627T060144
[2025-06-27T06:01:44.858+0000] {local_task_job_runner.py:266} INFO - Task exited with return code 0
[2025-06-27T06:01:44.877+0000] {taskinstance.py:3900} INFO - 1 downstream tasks scheduled from follow-on schedule check
[2025-06-27T06:01:44.879+0000] {local_task_job_runner.py:245} INFO - ::endgroup::
