[2025-06-27T02:06:38.678+0000] {local_task_job_runner.py:123} INFO - ::group::Pre task execution logs
[2025-06-27T02:06:38.690+0000] {taskinstance.py:2612} INFO - Dependencies all met for dep_context=non-requeueable deps ti=<TaskInstance: ga4_raw_data_elt.end_task scheduled__2025-06-21T02:07:00+00:00 [queued]>
[2025-06-27T02:06:38.699+0000] {taskinstance.py:2612} INFO - Dependencies all met for dep_context=requeueable deps ti=<TaskInstance: ga4_raw_data_elt.end_task scheduled__2025-06-21T02:07:00+00:00 [queued]>
[2025-06-27T02:06:38.699+0000] {taskinstance.py:2865} INFO - Starting attempt 1 of 1
[2025-06-27T02:06:38.712+0000] {taskinstance.py:2888} INFO - Executing <Task(_PythonDecoratedOperator): end_task> on 2025-06-21 02:07:00+00:00
[2025-06-27T02:06:38.719+0000] {warnings.py:112} WARNING - /home/***/.local/lib/python3.12/site-packages/***/task/task_runner/standard_task_runner.py:70: DeprecationWarning: This process (pid=161) is multi-threaded, use of fork() may lead to deadlocks in the child.
  pid = os.fork()

[2025-06-27T02:06:38.724+0000] {standard_task_runner.py:72} INFO - Started process 165 to run task
[2025-06-27T02:06:38.722+0000] {standard_task_runner.py:104} INFO - Running: ['***', 'tasks', 'run', 'ga4_raw_data_elt', 'end_task', 'scheduled__2025-06-21T02:07:00+00:00', '--job-id', '31', '--raw', '--subdir', 'DAGS_FOLDER/GA4_data_elt.py', '--cfg-path', '/tmp/tmpe0vjw7vn']
[2025-06-27T02:06:38.727+0000] {standard_task_runner.py:105} INFO - Job 31: Subtask end_task
[2025-06-27T02:06:38.791+0000] {task_command.py:467} INFO - Running <TaskInstance: ga4_raw_data_elt.end_task scheduled__2025-06-21T02:07:00+00:00 [running]> on host 040d1cf847a3
[2025-06-27T02:06:38.892+0000] {taskinstance.py:3131} INFO - Exporting env vars: AIRFLOW_CTX_DAG_OWNER='***' AIRFLOW_CTX_DAG_ID='ga4_raw_data_elt' AIRFLOW_CTX_TASK_ID='end_task' AIRFLOW_CTX_EXECUTION_DATE='2025-06-21T02:07:00+00:00' AIRFLOW_CTX_TRY_NUMBER='1' AIRFLOW_CTX_DAG_RUN_ID='scheduled__2025-06-21T02:07:00+00:00'
[2025-06-27T02:06:38.893+0000] {taskinstance.py:731} INFO - ::endgroup::
[2025-06-27T02:06:38.895+0000] {logging_mixin.py:190} INFO - end
[2025-06-27T02:06:38.896+0000] {python.py:240} INFO - Done. Returned value was: None
[2025-06-27T02:06:38.905+0000] {taskinstance.py:340} INFO - ::group::Post task execution logs
[2025-06-27T02:06:38.907+0000] {taskinstance.py:352} INFO - Marking task as SUCCESS. dag_id=ga4_raw_data_elt, task_id=end_task, run_id=scheduled__2025-06-21T02:07:00+00:00, execution_date=20250621T020700, start_date=20250627T020638, end_date=20250627T020638
[2025-06-27T02:06:38.955+0000] {local_task_job_runner.py:266} INFO - Task exited with return code 0
[2025-06-27T02:06:38.967+0000] {taskinstance.py:3900} INFO - 0 downstream tasks scheduled from follow-on schedule check
[2025-06-27T02:06:38.968+0000] {local_task_job_runner.py:245} INFO - ::endgroup::
[2025-06-27T02:21:35.442+0000] {local_task_job_runner.py:123} INFO - ::group::Pre task execution logs
[2025-06-27T02:21:35.457+0000] {taskinstance.py:2612} INFO - Dependencies all met for dep_context=non-requeueable deps ti=<TaskInstance: ga4_raw_data_elt.end_task scheduled__2025-06-21T02:07:00+00:00 [queued]>
[2025-06-27T02:21:35.463+0000] {taskinstance.py:2612} INFO - Dependencies all met for dep_context=requeueable deps ti=<TaskInstance: ga4_raw_data_elt.end_task scheduled__2025-06-21T02:07:00+00:00 [queued]>
[2025-06-27T02:21:35.463+0000] {taskinstance.py:2865} INFO - Starting attempt 1 of 1
[2025-06-27T02:21:35.475+0000] {taskinstance.py:2888} INFO - Executing <Task(_PythonDecoratedOperator): end_task> on 2025-06-21 02:07:00+00:00
[2025-06-27T02:21:35.484+0000] {warnings.py:112} WARNING - /home/***/.local/lib/python3.12/site-packages/***/task/task_runner/standard_task_runner.py:70: DeprecationWarning: This process (pid=178) is multi-threaded, use of fork() may lead to deadlocks in the child.
  pid = os.fork()

[2025-06-27T02:21:35.492+0000] {standard_task_runner.py:72} INFO - Started process 180 to run task
[2025-06-27T02:21:35.487+0000] {standard_task_runner.py:104} INFO - Running: ['***', 'tasks', 'run', 'ga4_raw_data_elt', 'end_task', 'scheduled__2025-06-21T02:07:00+00:00', '--job-id', '35', '--raw', '--subdir', 'DAGS_FOLDER/GA4_data_elt.py', '--cfg-path', '/tmp/tmp8sm3wjhu']
[2025-06-27T02:21:35.502+0000] {standard_task_runner.py:105} INFO - Job 35: Subtask end_task
[2025-06-27T02:21:35.566+0000] {task_command.py:467} INFO - Running <TaskInstance: ga4_raw_data_elt.end_task scheduled__2025-06-21T02:07:00+00:00 [running]> on host a6d750376b6f
[2025-06-27T02:21:35.647+0000] {taskinstance.py:3131} INFO - Exporting env vars: AIRFLOW_CTX_DAG_OWNER='***' AIRFLOW_CTX_DAG_ID='ga4_raw_data_elt' AIRFLOW_CTX_TASK_ID='end_task' AIRFLOW_CTX_EXECUTION_DATE='2025-06-21T02:07:00+00:00' AIRFLOW_CTX_TRY_NUMBER='1' AIRFLOW_CTX_DAG_RUN_ID='scheduled__2025-06-21T02:07:00+00:00'
[2025-06-27T02:21:35.656+0000] {taskinstance.py:731} INFO - ::endgroup::
[2025-06-27T02:21:35.663+0000] {logging_mixin.py:190} INFO - end
[2025-06-27T02:21:35.664+0000] {python.py:240} INFO - Done. Returned value was: None
[2025-06-27T02:21:35.675+0000] {taskinstance.py:340} INFO - ::group::Post task execution logs
[2025-06-27T02:21:35.675+0000] {taskinstance.py:352} INFO - Marking task as SUCCESS. dag_id=ga4_raw_data_elt, task_id=end_task, run_id=scheduled__2025-06-21T02:07:00+00:00, execution_date=20250621T020700, start_date=20250627T022135, end_date=20250627T022135
[2025-06-27T02:21:35.725+0000] {local_task_job_runner.py:266} INFO - Task exited with return code 0
[2025-06-27T02:21:35.737+0000] {taskinstance.py:3900} INFO - 0 downstream tasks scheduled from follow-on schedule check
[2025-06-27T02:21:35.738+0000] {local_task_job_runner.py:245} INFO - ::endgroup::
[2025-06-27T02:35:25.873+0000] {local_task_job_runner.py:123} INFO - ::group::Pre task execution logs
[2025-06-27T02:35:25.896+0000] {taskinstance.py:2612} INFO - Dependencies all met for dep_context=non-requeueable deps ti=<TaskInstance: ga4_raw_data_elt.end_task scheduled__2025-06-21T02:07:00+00:00 [queued]>
[2025-06-27T02:35:25.902+0000] {taskinstance.py:2612} INFO - Dependencies all met for dep_context=requeueable deps ti=<TaskInstance: ga4_raw_data_elt.end_task scheduled__2025-06-21T02:07:00+00:00 [queued]>
[2025-06-27T02:35:25.902+0000] {taskinstance.py:2865} INFO - Starting attempt 1 of 1
[2025-06-27T02:35:25.912+0000] {taskinstance.py:2888} INFO - Executing <Task(_PythonDecoratedOperator): end_task> on 2025-06-21 02:07:00+00:00
[2025-06-27T02:35:25.919+0000] {warnings.py:112} WARNING - /home/***/.local/lib/python3.12/site-packages/***/task/task_runner/standard_task_runner.py:70: DeprecationWarning: This process (pid=185) is multi-threaded, use of fork() may lead to deadlocks in the child.
  pid = os.fork()

[2025-06-27T02:35:25.922+0000] {standard_task_runner.py:72} INFO - Started process 193 to run task
[2025-06-27T02:35:25.920+0000] {standard_task_runner.py:104} INFO - Running: ['***', 'tasks', 'run', 'ga4_raw_data_elt', 'end_task', 'scheduled__2025-06-21T02:07:00+00:00', '--job-id', '38', '--raw', '--subdir', 'DAGS_FOLDER/GA4_data_elt.py', '--cfg-path', '/tmp/tmp2tc7jj_j']
[2025-06-27T02:35:25.923+0000] {standard_task_runner.py:105} INFO - Job 38: Subtask end_task
[2025-06-27T02:35:25.964+0000] {task_command.py:467} INFO - Running <TaskInstance: ga4_raw_data_elt.end_task scheduled__2025-06-21T02:07:00+00:00 [running]> on host ba60ab6371e3
[2025-06-27T02:35:26.009+0000] {taskinstance.py:3131} INFO - Exporting env vars: AIRFLOW_CTX_DAG_OWNER='***' AIRFLOW_CTX_DAG_ID='ga4_raw_data_elt' AIRFLOW_CTX_TASK_ID='end_task' AIRFLOW_CTX_EXECUTION_DATE='2025-06-21T02:07:00+00:00' AIRFLOW_CTX_TRY_NUMBER='1' AIRFLOW_CTX_DAG_RUN_ID='scheduled__2025-06-21T02:07:00+00:00'
[2025-06-27T02:35:26.012+0000] {taskinstance.py:731} INFO - ::endgroup::
[2025-06-27T02:35:26.014+0000] {logging_mixin.py:190} INFO - end
[2025-06-27T02:35:26.014+0000] {python.py:240} INFO - Done. Returned value was: None
[2025-06-27T02:35:26.020+0000] {taskinstance.py:340} INFO - ::group::Post task execution logs
[2025-06-27T02:35:26.020+0000] {taskinstance.py:352} INFO - Marking task as SUCCESS. dag_id=ga4_raw_data_elt, task_id=end_task, run_id=scheduled__2025-06-21T02:07:00+00:00, execution_date=20250621T020700, start_date=20250627T023525, end_date=20250627T023526
[2025-06-27T02:35:26.065+0000] {local_task_job_runner.py:266} INFO - Task exited with return code 0
[2025-06-27T02:35:26.074+0000] {taskinstance.py:3900} INFO - 0 downstream tasks scheduled from follow-on schedule check
[2025-06-27T02:35:26.079+0000] {local_task_job_runner.py:245} INFO - ::endgroup::
