[2025-06-27T05:59:57.821+0000] {local_task_job_runner.py:123} INFO - ::group::Pre task execution logs
[2025-06-27T05:59:57.968+0000] {taskinstance.py:2612} INFO - Dependencies all met for dep_context=non-requeueable deps ti=<TaskInstance: ga4_raw_data_elt_v1.0.start_task scheduled__2025-06-17T09:00:00+00:00 [queued]>
[2025-06-27T05:59:58.017+0000] {taskinstance.py:2612} INFO - Dependencies all met for dep_context=requeueable deps ti=<TaskInstance: ga4_raw_data_elt_v1.0.start_task scheduled__2025-06-17T09:00:00+00:00 [queued]>
[2025-06-27T05:59:58.025+0000] {taskinstance.py:2865} INFO - Starting attempt 1 of 1
[2025-06-27T05:59:58.117+0000] {taskinstance.py:2888} INFO - Executing <Task(_PythonDecoratedOperator): start_task> on 2025-06-17 09:00:00+00:00
[2025-06-27T05:59:58.142+0000] {warnings.py:112} WARNING - /home/***/.local/lib/python3.12/site-packages/***/task/task_runner/standard_task_runner.py:70: DeprecationWarning: This process (pid=3614) is multi-threaded, use of fork() may lead to deadlocks in the child.
  pid = os.fork()

[2025-06-27T05:59:58.155+0000] {standard_task_runner.py:72} INFO - Started process 3654 to run task
[2025-06-27T05:59:58.174+0000] {standard_task_runner.py:104} INFO - Running: ['***', 'tasks', 'run', 'ga4_raw_data_elt_v1.0', 'start_task', 'scheduled__2025-06-17T09:00:00+00:00', '--job-id', '900', '--raw', '--subdir', 'DAGS_FOLDER/GA4_data_elt.py', '--cfg-path', '/tmp/tmp91kqozd4']
[2025-06-27T05:59:58.206+0000] {standard_task_runner.py:105} INFO - Job 900: Subtask start_task
[2025-06-27T05:59:58.914+0000] {task_command.py:467} INFO - Running <TaskInstance: ga4_raw_data_elt_v1.0.start_task scheduled__2025-06-17T09:00:00+00:00 [running]> on host 546ad4141aeb
[2025-06-27T05:59:59.510+0000] {taskinstance.py:3131} INFO - Exporting env vars: AIRFLOW_CTX_DAG_OWNER='***' AIRFLOW_CTX_DAG_ID='ga4_raw_data_elt_v1.0' AIRFLOW_CTX_TASK_ID='start_task' AIRFLOW_CTX_EXECUTION_DATE='2025-06-17T09:00:00+00:00' AIRFLOW_CTX_TRY_NUMBER='1' AIRFLOW_CTX_DAG_RUN_ID='scheduled__2025-06-17T09:00:00+00:00'
[2025-06-27T05:59:59.533+0000] {taskinstance.py:731} INFO - ::endgroup::
[2025-06-27T05:59:59.548+0000] {logging_mixin.py:190} INFO - start
[2025-06-27T05:59:59.552+0000] {logging_mixin.py:190} INFO - ds: 2025-06-17
[2025-06-27T05:59:59.558+0000] {python.py:240} INFO - Done. Returned value was: None
[2025-06-27T05:59:59.593+0000] {taskinstance.py:340} INFO - ::group::Post task execution logs
[2025-06-27T05:59:59.594+0000] {taskinstance.py:352} INFO - Marking task as SUCCESS. dag_id=ga4_raw_data_elt_v1.0, task_id=start_task, run_id=scheduled__2025-06-17T09:00:00+00:00, execution_date=20250617T090000, start_date=20250627T055958, end_date=20250627T055959
[2025-06-27T05:59:59.688+0000] {local_task_job_runner.py:266} INFO - Task exited with return code 0
[2025-06-27T05:59:59.806+0000] {local_task_job_runner.py:245} INFO - ::endgroup::
