[2025-06-27T02:54:51.569+0000] {local_task_job_runner.py:123} INFO - ::group::Pre task execution logs
[2025-06-27T02:54:51.583+0000] {taskinstance.py:2612} INFO - Dependencies all met for dep_context=non-requeueable deps ti=<TaskInstance: ga4_raw_data_elt_v1.0.start_task scheduled__2025-06-21T05:00:00+00:00 [queued]>
[2025-06-27T02:54:51.598+0000] {taskinstance.py:2612} INFO - Dependencies all met for dep_context=requeueable deps ti=<TaskInstance: ga4_raw_data_elt_v1.0.start_task scheduled__2025-06-21T05:00:00+00:00 [queued]>
[2025-06-27T02:54:51.602+0000] {taskinstance.py:2865} INFO - Starting attempt 1 of 1
[2025-06-27T02:54:51.627+0000] {taskinstance.py:2888} INFO - Executing <Task(_PythonDecoratedOperator): start_task> on 2025-06-21 05:00:00+00:00
[2025-06-27T02:54:51.666+0000] {warnings.py:112} WARNING - /home/***/.local/lib/python3.12/site-packages/***/task/task_runner/standard_task_runner.py:70: DeprecationWarning: This process (pid=53) is multi-threaded, use of fork() may lead to deadlocks in the child.
  pid = os.fork()

[2025-06-27T02:54:51.668+0000] {standard_task_runner.py:72} INFO - Started process 68 to run task
[2025-06-27T02:54:51.666+0000] {standard_task_runner.py:104} INFO - Running: ['***', 'tasks', 'run', 'ga4_raw_data_elt_v1.0', 'start_task', 'scheduled__2025-06-21T05:00:00+00:00', '--job-id', '113', '--raw', '--subdir', 'DAGS_FOLDER/GA4_data_elt.py', '--cfg-path', '/tmp/tmp_um1c1sx']
[2025-06-27T02:54:51.670+0000] {standard_task_runner.py:105} INFO - Job 113: Subtask start_task
[2025-06-27T02:54:51.731+0000] {task_command.py:467} INFO - Running <TaskInstance: ga4_raw_data_elt_v1.0.start_task scheduled__2025-06-21T05:00:00+00:00 [running]> on host ba60ab6371e3
[2025-06-27T02:54:51.780+0000] {taskinstance.py:3131} INFO - Exporting env vars: AIRFLOW_CTX_DAG_OWNER='***' AIRFLOW_CTX_DAG_ID='ga4_raw_data_elt_v1.0' AIRFLOW_CTX_TASK_ID='start_task' AIRFLOW_CTX_EXECUTION_DATE='2025-06-21T05:00:00+00:00' AIRFLOW_CTX_TRY_NUMBER='1' AIRFLOW_CTX_DAG_RUN_ID='scheduled__2025-06-21T05:00:00+00:00'
[2025-06-27T02:54:51.782+0000] {taskinstance.py:731} INFO - ::endgroup::
[2025-06-27T02:54:51.783+0000] {logging_mixin.py:190} INFO - start
[2025-06-27T02:54:51.784+0000] {logging_mixin.py:190} INFO - ds: 2025-06-21
[2025-06-27T02:54:51.784+0000] {python.py:240} INFO - Done. Returned value was: None
[2025-06-27T02:54:51.790+0000] {taskinstance.py:340} INFO - ::group::Post task execution logs
[2025-06-27T02:54:51.790+0000] {taskinstance.py:352} INFO - Marking task as SUCCESS. dag_id=ga4_raw_data_elt_v1.0, task_id=start_task, run_id=scheduled__2025-06-21T05:00:00+00:00, execution_date=20250621T050000, start_date=20250627T025451, end_date=20250627T025451
[2025-06-27T02:54:51.812+0000] {local_task_job_runner.py:266} INFO - Task exited with return code 0
[2025-06-27T02:54:51.827+0000] {taskinstance.py:3900} INFO - 1 downstream tasks scheduled from follow-on schedule check
[2025-06-27T02:54:51.828+0000] {local_task_job_runner.py:245} INFO - ::endgroup::
[2025-06-27T04:31:53.776+0000] {local_task_job_runner.py:123} INFO - ::group::Pre task execution logs
[2025-06-27T04:31:53.808+0000] {taskinstance.py:2612} INFO - Dependencies all met for dep_context=non-requeueable deps ti=<TaskInstance: ga4_raw_data_elt_v1.0.start_task scheduled__2025-06-21T05:00:00+00:00 [queued]>
[2025-06-27T04:31:53.824+0000] {taskinstance.py:2612} INFO - Dependencies all met for dep_context=requeueable deps ti=<TaskInstance: ga4_raw_data_elt_v1.0.start_task scheduled__2025-06-21T05:00:00+00:00 [queued]>
[2025-06-27T04:31:53.825+0000] {taskinstance.py:2865} INFO - Starting attempt 1 of 1
[2025-06-27T04:31:53.847+0000] {taskinstance.py:2888} INFO - Executing <Task(_PythonDecoratedOperator): start_task> on 2025-06-21 05:00:00+00:00
[2025-06-27T04:31:53.869+0000] {warnings.py:112} WARNING - /home/***/.local/lib/python3.12/site-packages/***/task/task_runner/standard_task_runner.py:70: DeprecationWarning: This process (pid=3372) is multi-threaded, use of fork() may lead to deadlocks in the child.
  pid = os.fork()

[2025-06-27T04:31:53.879+0000] {standard_task_runner.py:72} INFO - Started process 3404 to run task
[2025-06-27T04:31:53.886+0000] {standard_task_runner.py:104} INFO - Running: ['***', 'tasks', 'run', 'ga4_raw_data_elt_v1.0', 'start_task', 'scheduled__2025-06-21T05:00:00+00:00', '--job-id', '838', '--raw', '--subdir', 'DAGS_FOLDER/GA4_data_elt.py', '--cfg-path', '/tmp/tmprk0ilb0t']
[2025-06-27T04:31:53.914+0000] {standard_task_runner.py:105} INFO - Job 838: Subtask start_task
[2025-06-27T04:31:54.053+0000] {task_command.py:467} INFO - Running <TaskInstance: ga4_raw_data_elt_v1.0.start_task scheduled__2025-06-21T05:00:00+00:00 [running]> on host f79cc72a155d
[2025-06-27T04:31:54.471+0000] {taskinstance.py:3131} INFO - Exporting env vars: AIRFLOW_CTX_DAG_OWNER='***' AIRFLOW_CTX_DAG_ID='ga4_raw_data_elt_v1.0' AIRFLOW_CTX_TASK_ID='start_task' AIRFLOW_CTX_EXECUTION_DATE='2025-06-21T05:00:00+00:00' AIRFLOW_CTX_TRY_NUMBER='1' AIRFLOW_CTX_DAG_RUN_ID='scheduled__2025-06-21T05:00:00+00:00'
[2025-06-27T04:31:54.477+0000] {taskinstance.py:731} INFO - ::endgroup::
[2025-06-27T04:31:54.499+0000] {logging_mixin.py:190} INFO - start
[2025-06-27T04:31:54.506+0000] {logging_mixin.py:190} INFO - ds: 2025-06-21
[2025-06-27T04:31:54.511+0000] {python.py:240} INFO - Done. Returned value was: None
[2025-06-27T04:31:54.556+0000] {taskinstance.py:340} INFO - ::group::Post task execution logs
[2025-06-27T04:31:54.557+0000] {taskinstance.py:352} INFO - Marking task as SUCCESS. dag_id=ga4_raw_data_elt_v1.0, task_id=start_task, run_id=scheduled__2025-06-21T05:00:00+00:00, execution_date=20250621T050000, start_date=20250627T043153, end_date=20250627T043154
[2025-06-27T04:31:54.627+0000] {local_task_job_runner.py:266} INFO - Task exited with return code 0
[2025-06-27T04:31:54.680+0000] {taskinstance.py:3900} INFO - 1 downstream tasks scheduled from follow-on schedule check
[2025-06-27T04:31:54.684+0000] {local_task_job_runner.py:245} INFO - ::endgroup::
