[2025-06-25T09:07:56.528+0000] {processor.py:186} INFO - Started process (PID=346) to work on /opt/airflow/dags/simple_etl_in_airflow.py
[2025-06-25T09:07:56.531+0000] {processor.py:914} INFO - Processing file /opt/airflow/dags/simple_etl_in_airflow.py for tasks to queue
[2025-06-25T09:07:56.535+0000] {logging_mixin.py:190} INFO - [2025-06-25T09:07:56.535+0000] {dagbag.py:587} INFO - Filling up the DagBag from /opt/airflow/dags/simple_etl_in_airflow.py
[2025-06-25T09:07:57.101+0000] {processor.py:925} INFO - DAG(s) 'country_capital_to_bigquery' retrieved from /opt/airflow/dags/simple_etl_in_airflow.py
[2025-06-25T09:07:57.175+0000] {logging_mixin.py:190} INFO - [2025-06-25T09:07:57.175+0000] {override.py:1900} INFO - Created Permission View: can edit on DAG:country_capital_to_bigquery
[2025-06-25T09:07:57.181+0000] {logging_mixin.py:190} INFO - [2025-06-25T09:07:57.180+0000] {override.py:1900} INFO - Created Permission View: can read on DAG:country_capital_to_bigquery
[2025-06-25T09:07:57.183+0000] {logging_mixin.py:190} INFO - [2025-06-25T09:07:57.183+0000] {override.py:1900} INFO - Created Permission View: can delete on DAG:country_capital_to_bigquery
[2025-06-25T09:07:57.185+0000] {logging_mixin.py:190} INFO - [2025-06-25T09:07:57.185+0000] {override.py:1900} INFO - Created Permission View: can delete on DAG Run:country_capital_to_bigquery
[2025-06-25T09:07:57.187+0000] {logging_mixin.py:190} INFO - [2025-06-25T09:07:57.187+0000] {override.py:1900} INFO - Created Permission View: can read on DAG Run:country_capital_to_bigquery
[2025-06-25T09:07:57.190+0000] {logging_mixin.py:190} INFO - [2025-06-25T09:07:57.190+0000] {override.py:1900} INFO - Created Permission View: can create on DAG Run:country_capital_to_bigquery
[2025-06-25T09:07:57.192+0000] {logging_mixin.py:190} INFO - [2025-06-25T09:07:57.192+0000] {override.py:1900} INFO - Created Permission View: menu access on DAG Run:country_capital_to_bigquery
[2025-06-25T09:07:57.192+0000] {logging_mixin.py:190} INFO - [2025-06-25T09:07:57.192+0000] {dag.py:3229} INFO - Sync 1 DAGs
[2025-06-25T09:07:57.199+0000] {logging_mixin.py:190} INFO - [2025-06-25T09:07:57.198+0000] {dag.py:3252} INFO - Creating ORM DAG for country_capital_to_bigquery
[2025-06-25T09:07:57.200+0000] {logging_mixin.py:190} INFO - [2025-06-25T09:07:57.199+0000] {dag.py:4156} INFO - Setting next_dagrun for country_capital_to_bigquery to None, run_after=None
[2025-06-25T09:07:57.208+0000] {processor.py:208} INFO - Processing /opt/airflow/dags/simple_etl_in_airflow.py took 0.690 seconds
[2025-06-25T09:08:27.611+0000] {processor.py:186} INFO - Started process (PID=358) to work on /opt/airflow/dags/simple_etl_in_airflow.py
[2025-06-25T09:08:27.612+0000] {processor.py:914} INFO - Processing file /opt/airflow/dags/simple_etl_in_airflow.py for tasks to queue
[2025-06-25T09:08:27.619+0000] {logging_mixin.py:190} INFO - [2025-06-25T09:08:27.618+0000] {dagbag.py:587} INFO - Filling up the DagBag from /opt/airflow/dags/simple_etl_in_airflow.py
[2025-06-25T09:08:28.175+0000] {processor.py:925} INFO - DAG(s) 'country_capital_to_bigquery' retrieved from /opt/airflow/dags/simple_etl_in_airflow.py
[2025-06-25T09:08:28.192+0000] {logging_mixin.py:190} INFO - [2025-06-25T09:08:28.191+0000] {dag.py:3229} INFO - Sync 1 DAGs
[2025-06-25T09:08:28.199+0000] {logging_mixin.py:190} INFO - [2025-06-25T09:08:28.199+0000] {dag.py:4156} INFO - Setting next_dagrun for country_capital_to_bigquery to None, run_after=None
[2025-06-25T09:08:28.207+0000] {processor.py:208} INFO - Processing /opt/airflow/dags/simple_etl_in_airflow.py took 0.606 seconds
[2025-06-25T09:08:58.577+0000] {processor.py:186} INFO - Started process (PID=370) to work on /opt/airflow/dags/simple_etl_in_airflow.py
[2025-06-25T09:08:58.578+0000] {processor.py:914} INFO - Processing file /opt/airflow/dags/simple_etl_in_airflow.py for tasks to queue
[2025-06-25T09:08:58.583+0000] {logging_mixin.py:190} INFO - [2025-06-25T09:08:58.582+0000] {dagbag.py:587} INFO - Filling up the DagBag from /opt/airflow/dags/simple_etl_in_airflow.py
[2025-06-25T09:08:59.303+0000] {processor.py:925} INFO - DAG(s) 'country_capital_to_bigquery' retrieved from /opt/airflow/dags/simple_etl_in_airflow.py
[2025-06-25T09:08:59.324+0000] {logging_mixin.py:190} INFO - [2025-06-25T09:08:59.323+0000] {dag.py:3229} INFO - Sync 1 DAGs
[2025-06-25T09:08:59.334+0000] {logging_mixin.py:190} INFO - [2025-06-25T09:08:59.334+0000] {dag.py:4156} INFO - Setting next_dagrun for country_capital_to_bigquery to None, run_after=None
[2025-06-25T09:08:59.344+0000] {processor.py:208} INFO - Processing /opt/airflow/dags/simple_etl_in_airflow.py took 0.782 seconds
[2025-06-25T09:09:29.518+0000] {processor.py:186} INFO - Started process (PID=382) to work on /opt/airflow/dags/simple_etl_in_airflow.py
[2025-06-25T09:09:29.520+0000] {processor.py:914} INFO - Processing file /opt/airflow/dags/simple_etl_in_airflow.py for tasks to queue
[2025-06-25T09:09:29.525+0000] {logging_mixin.py:190} INFO - [2025-06-25T09:09:29.524+0000] {dagbag.py:587} INFO - Filling up the DagBag from /opt/airflow/dags/simple_etl_in_airflow.py
[2025-06-25T09:09:30.193+0000] {processor.py:925} INFO - DAG(s) 'country_capital_to_bigquery' retrieved from /opt/airflow/dags/simple_etl_in_airflow.py
[2025-06-25T09:09:30.208+0000] {logging_mixin.py:190} INFO - [2025-06-25T09:09:30.208+0000] {dag.py:3229} INFO - Sync 1 DAGs
[2025-06-25T09:09:30.215+0000] {logging_mixin.py:190} INFO - [2025-06-25T09:09:30.215+0000] {dag.py:4156} INFO - Setting next_dagrun for country_capital_to_bigquery to None, run_after=None
[2025-06-25T09:09:30.223+0000] {processor.py:208} INFO - Processing /opt/airflow/dags/simple_etl_in_airflow.py took 0.714 seconds
[2025-06-25T09:10:00.500+0000] {processor.py:186} INFO - Started process (PID=393) to work on /opt/airflow/dags/simple_etl_in_airflow.py
[2025-06-25T09:10:00.506+0000] {processor.py:914} INFO - Processing file /opt/airflow/dags/simple_etl_in_airflow.py for tasks to queue
[2025-06-25T09:10:00.513+0000] {logging_mixin.py:190} INFO - [2025-06-25T09:10:00.513+0000] {dagbag.py:587} INFO - Filling up the DagBag from /opt/airflow/dags/simple_etl_in_airflow.py
[2025-06-25T09:10:01.219+0000] {processor.py:925} INFO - DAG(s) 'country_capital_to_bigquery' retrieved from /opt/airflow/dags/simple_etl_in_airflow.py
[2025-06-25T09:10:01.246+0000] {logging_mixin.py:190} INFO - [2025-06-25T09:10:01.246+0000] {dag.py:3229} INFO - Sync 1 DAGs
[2025-06-25T09:10:01.256+0000] {logging_mixin.py:190} INFO - [2025-06-25T09:10:01.256+0000] {dag.py:4156} INFO - Setting next_dagrun for country_capital_to_bigquery to None, run_after=None
[2025-06-25T09:10:01.267+0000] {processor.py:208} INFO - Processing /opt/airflow/dags/simple_etl_in_airflow.py took 0.781 seconds
[2025-06-25T09:10:31.604+0000] {processor.py:186} INFO - Started process (PID=405) to work on /opt/airflow/dags/simple_etl_in_airflow.py
[2025-06-25T09:10:31.606+0000] {processor.py:914} INFO - Processing file /opt/airflow/dags/simple_etl_in_airflow.py for tasks to queue
[2025-06-25T09:10:31.622+0000] {logging_mixin.py:190} INFO - [2025-06-25T09:10:31.621+0000] {dagbag.py:587} INFO - Filling up the DagBag from /opt/airflow/dags/simple_etl_in_airflow.py
[2025-06-25T09:10:32.147+0000] {processor.py:925} INFO - DAG(s) 'country_capital_to_bigquery' retrieved from /opt/airflow/dags/simple_etl_in_airflow.py
[2025-06-25T09:10:32.162+0000] {logging_mixin.py:190} INFO - [2025-06-25T09:10:32.162+0000] {dag.py:3229} INFO - Sync 1 DAGs
[2025-06-25T09:10:32.168+0000] {logging_mixin.py:190} INFO - [2025-06-25T09:10:32.168+0000] {dag.py:4156} INFO - Setting next_dagrun for country_capital_to_bigquery to None, run_after=None
[2025-06-25T09:10:32.176+0000] {processor.py:208} INFO - Processing /opt/airflow/dags/simple_etl_in_airflow.py took 0.580 seconds
[2025-06-25T09:11:02.523+0000] {processor.py:186} INFO - Started process (PID=417) to work on /opt/airflow/dags/simple_etl_in_airflow.py
[2025-06-25T09:11:02.525+0000] {processor.py:914} INFO - Processing file /opt/airflow/dags/simple_etl_in_airflow.py for tasks to queue
[2025-06-25T09:11:02.528+0000] {logging_mixin.py:190} INFO - [2025-06-25T09:11:02.528+0000] {dagbag.py:587} INFO - Filling up the DagBag from /opt/airflow/dags/simple_etl_in_airflow.py
[2025-06-25T09:11:03.072+0000] {processor.py:925} INFO - DAG(s) 'country_capital_to_bigquery' retrieved from /opt/airflow/dags/simple_etl_in_airflow.py
[2025-06-25T09:11:03.084+0000] {logging_mixin.py:190} INFO - [2025-06-25T09:11:03.084+0000] {dag.py:3229} INFO - Sync 1 DAGs
[2025-06-25T09:11:03.090+0000] {logging_mixin.py:190} INFO - [2025-06-25T09:11:03.090+0000] {dag.py:4156} INFO - Setting next_dagrun for country_capital_to_bigquery to None, run_after=None
[2025-06-25T09:11:03.097+0000] {processor.py:208} INFO - Processing /opt/airflow/dags/simple_etl_in_airflow.py took 0.585 seconds
[2025-06-25T09:11:26.813+0000] {processor.py:186} INFO - Started process (PID=429) to work on /opt/airflow/dags/simple_etl_in_airflow.py
[2025-06-25T09:11:26.815+0000] {processor.py:914} INFO - Processing file /opt/airflow/dags/simple_etl_in_airflow.py for tasks to queue
[2025-06-25T09:11:26.820+0000] {logging_mixin.py:190} INFO - [2025-06-25T09:11:26.819+0000] {dagbag.py:587} INFO - Filling up the DagBag from /opt/airflow/dags/simple_etl_in_airflow.py
[2025-06-25T09:11:27.413+0000] {processor.py:925} INFO - DAG(s) 'country_capital_to_bigquery' retrieved from /opt/airflow/dags/simple_etl_in_airflow.py
[2025-06-25T09:11:27.429+0000] {logging_mixin.py:190} INFO - [2025-06-25T09:11:27.428+0000] {dag.py:3229} INFO - Sync 1 DAGs
[2025-06-25T09:11:27.436+0000] {logging_mixin.py:190} INFO - [2025-06-25T09:11:27.436+0000] {dag.py:4156} INFO - Setting next_dagrun for country_capital_to_bigquery to None, run_after=None
[2025-06-25T09:11:27.445+0000] {processor.py:208} INFO - Processing /opt/airflow/dags/simple_etl_in_airflow.py took 0.643 seconds
[2025-06-25T09:11:35.452+0000] {processor.py:186} INFO - Started process (PID=435) to work on /opt/airflow/dags/simple_etl_in_airflow.py
[2025-06-25T09:11:35.452+0000] {processor.py:914} INFO - Processing file /opt/airflow/dags/simple_etl_in_airflow.py for tasks to queue
[2025-06-25T09:11:35.454+0000] {logging_mixin.py:190} INFO - [2025-06-25T09:11:35.453+0000] {dagbag.py:587} INFO - Filling up the DagBag from /opt/airflow/dags/simple_etl_in_airflow.py
[2025-06-25T09:11:35.844+0000] {processor.py:925} INFO - DAG(s) 'country_capital_to_bigquery' retrieved from /opt/airflow/dags/simple_etl_in_airflow.py
[2025-06-25T09:11:35.857+0000] {logging_mixin.py:190} INFO - [2025-06-25T09:11:35.857+0000] {dag.py:3229} INFO - Sync 1 DAGs
[2025-06-25T09:11:35.863+0000] {logging_mixin.py:190} INFO - [2025-06-25T09:11:35.863+0000] {dag.py:4156} INFO - Setting next_dagrun for country_capital_to_bigquery to None, run_after=None
[2025-06-25T09:11:35.871+0000] {processor.py:208} INFO - Processing /opt/airflow/dags/simple_etl_in_airflow.py took 0.423 seconds
[2025-06-25T09:12:06.248+0000] {processor.py:186} INFO - Started process (PID=447) to work on /opt/airflow/dags/simple_etl_in_airflow.py
[2025-06-25T09:12:06.249+0000] {processor.py:914} INFO - Processing file /opt/airflow/dags/simple_etl_in_airflow.py for tasks to queue
[2025-06-25T09:12:06.256+0000] {logging_mixin.py:190} INFO - [2025-06-25T09:12:06.254+0000] {dagbag.py:587} INFO - Filling up the DagBag from /opt/airflow/dags/simple_etl_in_airflow.py
[2025-06-25T09:12:06.789+0000] {processor.py:925} INFO - DAG(s) 'country_capital_to_bigquery' retrieved from /opt/airflow/dags/simple_etl_in_airflow.py
[2025-06-25T09:12:06.802+0000] {logging_mixin.py:190} INFO - [2025-06-25T09:12:06.801+0000] {dag.py:3229} INFO - Sync 1 DAGs
[2025-06-25T09:12:06.808+0000] {logging_mixin.py:190} INFO - [2025-06-25T09:12:06.808+0000] {dag.py:4156} INFO - Setting next_dagrun for country_capital_to_bigquery to None, run_after=None
[2025-06-25T09:12:06.817+0000] {processor.py:208} INFO - Processing /opt/airflow/dags/simple_etl_in_airflow.py took 0.579 seconds
[2025-06-25T09:12:37.252+0000] {processor.py:186} INFO - Started process (PID=459) to work on /opt/airflow/dags/simple_etl_in_airflow.py
[2025-06-25T09:12:37.254+0000] {processor.py:914} INFO - Processing file /opt/airflow/dags/simple_etl_in_airflow.py for tasks to queue
[2025-06-25T09:12:37.257+0000] {logging_mixin.py:190} INFO - [2025-06-25T09:12:37.257+0000] {dagbag.py:587} INFO - Filling up the DagBag from /opt/airflow/dags/simple_etl_in_airflow.py
[2025-06-25T09:12:37.751+0000] {processor.py:925} INFO - DAG(s) 'country_capital_to_bigquery' retrieved from /opt/airflow/dags/simple_etl_in_airflow.py
[2025-06-25T09:12:37.766+0000] {logging_mixin.py:190} INFO - [2025-06-25T09:12:37.766+0000] {dag.py:3229} INFO - Sync 1 DAGs
[2025-06-25T09:12:37.774+0000] {logging_mixin.py:190} INFO - [2025-06-25T09:12:37.774+0000] {dag.py:4156} INFO - Setting next_dagrun for country_capital_to_bigquery to None, run_after=None
[2025-06-25T09:12:37.786+0000] {processor.py:208} INFO - Processing /opt/airflow/dags/simple_etl_in_airflow.py took 0.545 seconds
[2025-06-25T09:13:08.098+0000] {processor.py:186} INFO - Started process (PID=471) to work on /opt/airflow/dags/simple_etl_in_airflow.py
[2025-06-25T09:13:08.099+0000] {processor.py:914} INFO - Processing file /opt/airflow/dags/simple_etl_in_airflow.py for tasks to queue
[2025-06-25T09:13:08.102+0000] {logging_mixin.py:190} INFO - [2025-06-25T09:13:08.102+0000] {dagbag.py:587} INFO - Filling up the DagBag from /opt/airflow/dags/simple_etl_in_airflow.py
[2025-06-25T09:13:08.944+0000] {processor.py:925} INFO - DAG(s) 'country_capital_to_bigquery' retrieved from /opt/airflow/dags/simple_etl_in_airflow.py
[2025-06-25T09:13:08.974+0000] {logging_mixin.py:190} INFO - [2025-06-25T09:13:08.973+0000] {dag.py:3229} INFO - Sync 1 DAGs
[2025-06-25T09:13:08.988+0000] {logging_mixin.py:190} INFO - [2025-06-25T09:13:08.988+0000] {dag.py:4156} INFO - Setting next_dagrun for country_capital_to_bigquery to None, run_after=None
[2025-06-25T09:13:09.002+0000] {processor.py:208} INFO - Processing /opt/airflow/dags/simple_etl_in_airflow.py took 0.914 seconds
[2025-06-25T09:13:30.287+0000] {processor.py:186} INFO - Started process (PID=483) to work on /opt/airflow/dags/simple_etl_in_airflow.py
[2025-06-25T09:13:30.289+0000] {processor.py:914} INFO - Processing file /opt/airflow/dags/simple_etl_in_airflow.py for tasks to queue
[2025-06-25T09:13:30.294+0000] {logging_mixin.py:190} INFO - [2025-06-25T09:13:30.292+0000] {dagbag.py:587} INFO - Filling up the DagBag from /opt/airflow/dags/simple_etl_in_airflow.py
[2025-06-25T09:13:30.909+0000] {processor.py:925} INFO - DAG(s) 'country_capital_to_bigquery' retrieved from /opt/airflow/dags/simple_etl_in_airflow.py
[2025-06-25T09:13:30.939+0000] {logging_mixin.py:190} INFO - [2025-06-25T09:13:30.938+0000] {dag.py:3229} INFO - Sync 1 DAGs
[2025-06-25T09:13:30.946+0000] {logging_mixin.py:190} INFO - [2025-06-25T09:13:30.946+0000] {dag.py:4156} INFO - Setting next_dagrun for country_capital_to_bigquery to None, run_after=None
[2025-06-25T09:13:30.955+0000] {processor.py:208} INFO - Processing /opt/airflow/dags/simple_etl_in_airflow.py took 0.683 seconds
[2025-06-25T09:14:01.305+0000] {processor.py:186} INFO - Started process (PID=499) to work on /opt/airflow/dags/simple_etl_in_airflow.py
[2025-06-25T09:14:01.306+0000] {processor.py:914} INFO - Processing file /opt/airflow/dags/simple_etl_in_airflow.py for tasks to queue
[2025-06-25T09:14:01.309+0000] {logging_mixin.py:190} INFO - [2025-06-25T09:14:01.309+0000] {dagbag.py:587} INFO - Filling up the DagBag from /opt/airflow/dags/simple_etl_in_airflow.py
[2025-06-25T09:14:02.077+0000] {processor.py:925} INFO - DAG(s) 'country_capital_to_bigquery' retrieved from /opt/airflow/dags/simple_etl_in_airflow.py
[2025-06-25T09:14:02.093+0000] {logging_mixin.py:190} INFO - [2025-06-25T09:14:02.093+0000] {dag.py:3229} INFO - Sync 1 DAGs
[2025-06-25T09:14:02.100+0000] {logging_mixin.py:190} INFO - [2025-06-25T09:14:02.100+0000] {dag.py:4156} INFO - Setting next_dagrun for country_capital_to_bigquery to None, run_after=None
[2025-06-25T09:14:02.113+0000] {processor.py:208} INFO - Processing /opt/airflow/dags/simple_etl_in_airflow.py took 0.820 seconds
[2025-06-25T09:14:32.452+0000] {processor.py:186} INFO - Started process (PID=515) to work on /opt/airflow/dags/simple_etl_in_airflow.py
[2025-06-25T09:14:32.453+0000] {processor.py:914} INFO - Processing file /opt/airflow/dags/simple_etl_in_airflow.py for tasks to queue
[2025-06-25T09:14:32.455+0000] {logging_mixin.py:190} INFO - [2025-06-25T09:14:32.455+0000] {dagbag.py:587} INFO - Filling up the DagBag from /opt/airflow/dags/simple_etl_in_airflow.py
[2025-06-25T09:14:32.786+0000] {processor.py:925} INFO - DAG(s) 'country_capital_to_bigquery' retrieved from /opt/airflow/dags/simple_etl_in_airflow.py
[2025-06-25T09:14:32.799+0000] {logging_mixin.py:190} INFO - [2025-06-25T09:14:32.798+0000] {dag.py:3229} INFO - Sync 1 DAGs
[2025-06-25T09:14:32.806+0000] {logging_mixin.py:190} INFO - [2025-06-25T09:14:32.806+0000] {dag.py:4156} INFO - Setting next_dagrun for country_capital_to_bigquery to None, run_after=None
[2025-06-25T09:14:32.813+0000] {processor.py:208} INFO - Processing /opt/airflow/dags/simple_etl_in_airflow.py took 0.368 seconds
[2025-06-25T09:15:03.134+0000] {processor.py:186} INFO - Started process (PID=527) to work on /opt/airflow/dags/simple_etl_in_airflow.py
[2025-06-25T09:15:03.136+0000] {processor.py:914} INFO - Processing file /opt/airflow/dags/simple_etl_in_airflow.py for tasks to queue
[2025-06-25T09:15:03.141+0000] {logging_mixin.py:190} INFO - [2025-06-25T09:15:03.140+0000] {dagbag.py:587} INFO - Filling up the DagBag from /opt/airflow/dags/simple_etl_in_airflow.py
[2025-06-25T09:15:03.830+0000] {processor.py:925} INFO - DAG(s) 'country_capital_to_bigquery' retrieved from /opt/airflow/dags/simple_etl_in_airflow.py
[2025-06-25T09:15:03.849+0000] {logging_mixin.py:190} INFO - [2025-06-25T09:15:03.848+0000] {dag.py:3229} INFO - Sync 1 DAGs
[2025-06-25T09:15:03.857+0000] {logging_mixin.py:190} INFO - [2025-06-25T09:15:03.857+0000] {dag.py:4156} INFO - Setting next_dagrun for country_capital_to_bigquery to None, run_after=None
[2025-06-25T09:15:03.866+0000] {processor.py:208} INFO - Processing /opt/airflow/dags/simple_etl_in_airflow.py took 0.740 seconds
[2025-06-25T09:15:34.041+0000] {processor.py:186} INFO - Started process (PID=539) to work on /opt/airflow/dags/simple_etl_in_airflow.py
[2025-06-25T09:15:34.046+0000] {processor.py:914} INFO - Processing file /opt/airflow/dags/simple_etl_in_airflow.py for tasks to queue
[2025-06-25T09:15:34.050+0000] {logging_mixin.py:190} INFO - [2025-06-25T09:15:34.049+0000] {dagbag.py:587} INFO - Filling up the DagBag from /opt/airflow/dags/simple_etl_in_airflow.py
[2025-06-25T09:15:35.173+0000] {processor.py:925} INFO - DAG(s) 'country_capital_to_bigquery' retrieved from /opt/airflow/dags/simple_etl_in_airflow.py
[2025-06-25T09:15:35.197+0000] {logging_mixin.py:190} INFO - [2025-06-25T09:15:35.196+0000] {dag.py:3229} INFO - Sync 1 DAGs
[2025-06-25T09:15:35.208+0000] {logging_mixin.py:190} INFO - [2025-06-25T09:15:35.208+0000] {dag.py:4156} INFO - Setting next_dagrun for country_capital_to_bigquery to None, run_after=None
[2025-06-25T09:15:35.216+0000] {processor.py:208} INFO - Processing /opt/airflow/dags/simple_etl_in_airflow.py took 1.209 seconds
[2025-06-25T09:16:05.628+0000] {processor.py:186} INFO - Started process (PID=551) to work on /opt/airflow/dags/simple_etl_in_airflow.py
[2025-06-25T09:16:05.629+0000] {processor.py:914} INFO - Processing file /opt/airflow/dags/simple_etl_in_airflow.py for tasks to queue
[2025-06-25T09:16:05.633+0000] {logging_mixin.py:190} INFO - [2025-06-25T09:16:05.633+0000] {dagbag.py:587} INFO - Filling up the DagBag from /opt/airflow/dags/simple_etl_in_airflow.py
[2025-06-25T09:16:06.531+0000] {processor.py:925} INFO - DAG(s) 'country_capital_to_bigquery' retrieved from /opt/airflow/dags/simple_etl_in_airflow.py
[2025-06-25T09:16:06.557+0000] {logging_mixin.py:190} INFO - [2025-06-25T09:16:06.557+0000] {dag.py:3229} INFO - Sync 1 DAGs
[2025-06-25T09:16:06.570+0000] {logging_mixin.py:190} INFO - [2025-06-25T09:16:06.570+0000] {dag.py:4156} INFO - Setting next_dagrun for country_capital_to_bigquery to None, run_after=None
[2025-06-25T09:16:06.581+0000] {processor.py:208} INFO - Processing /opt/airflow/dags/simple_etl_in_airflow.py took 0.967 seconds
[2025-06-25T09:16:36.984+0000] {processor.py:186} INFO - Started process (PID=563) to work on /opt/airflow/dags/simple_etl_in_airflow.py
[2025-06-25T09:16:36.985+0000] {processor.py:914} INFO - Processing file /opt/airflow/dags/simple_etl_in_airflow.py for tasks to queue
[2025-06-25T09:16:36.989+0000] {logging_mixin.py:190} INFO - [2025-06-25T09:16:36.988+0000] {dagbag.py:587} INFO - Filling up the DagBag from /opt/airflow/dags/simple_etl_in_airflow.py
[2025-06-25T09:16:37.694+0000] {processor.py:925} INFO - DAG(s) 'country_capital_to_bigquery' retrieved from /opt/airflow/dags/simple_etl_in_airflow.py
[2025-06-25T09:16:37.718+0000] {logging_mixin.py:190} INFO - [2025-06-25T09:16:37.718+0000] {dag.py:3229} INFO - Sync 1 DAGs
[2025-06-25T09:16:37.731+0000] {logging_mixin.py:190} INFO - [2025-06-25T09:16:37.731+0000] {dag.py:4156} INFO - Setting next_dagrun for country_capital_to_bigquery to None, run_after=None
[2025-06-25T09:16:37.742+0000] {processor.py:208} INFO - Processing /opt/airflow/dags/simple_etl_in_airflow.py took 0.771 seconds
[2025-06-25T09:16:38.007+0000] {processor.py:186} INFO - Started process (PID=569) to work on /opt/airflow/dags/simple_etl_in_airflow.py
[2025-06-25T09:16:38.007+0000] {processor.py:914} INFO - Processing file /opt/airflow/dags/simple_etl_in_airflow.py for tasks to queue
[2025-06-25T09:16:38.009+0000] {logging_mixin.py:190} INFO - [2025-06-25T09:16:38.009+0000] {dagbag.py:587} INFO - Filling up the DagBag from /opt/airflow/dags/simple_etl_in_airflow.py
[2025-06-25T09:16:38.014+0000] {logging_mixin.py:190} INFO - [2025-06-25T09:16:38.013+0000] {dagbag.py:386} ERROR - Failed to import: /opt/airflow/dags/simple_etl_in_airflow.py
Traceback (most recent call last):
  File "/home/airflow/.local/lib/python3.12/site-packages/airflow/models/dagbag.py", line 382, in parse
    loader.exec_module(new_module)
  File "<frozen importlib._bootstrap_external>", line 991, in exec_module
  File "<frozen importlib._bootstrap_external>", line 1129, in get_code
  File "<frozen importlib._bootstrap_external>", line 1059, in source_to_code
  File "<frozen importlib._bootstrap>", line 488, in _call_with_frames_removed
  File "/opt/airflow/dags/simple_etl_in_airflow.py", line 73
    schedule = '0 2 * * *'
               
SyntaxError: invalid syntax. Perhaps you forgot a comma?
[2025-06-25T09:16:38.015+0000] {processor.py:927} WARNING - No viable dags retrieved from /opt/airflow/dags/simple_etl_in_airflow.py
[2025-06-25T09:16:38.033+0000] {processor.py:208} INFO - Processing /opt/airflow/dags/simple_etl_in_airflow.py took 0.036 seconds
[2025-06-25T09:16:54.165+0000] {processor.py:186} INFO - Started process (PID=580) to work on /opt/airflow/dags/simple_etl_in_airflow.py
[2025-06-25T09:16:54.167+0000] {processor.py:914} INFO - Processing file /opt/airflow/dags/simple_etl_in_airflow.py for tasks to queue
[2025-06-25T09:16:54.173+0000] {logging_mixin.py:190} INFO - [2025-06-25T09:16:54.172+0000] {dagbag.py:587} INFO - Filling up the DagBag from /opt/airflow/dags/simple_etl_in_airflow.py
[2025-06-25T09:16:54.915+0000] {processor.py:925} INFO - DAG(s) 'country_capital_to_bigquery' retrieved from /opt/airflow/dags/simple_etl_in_airflow.py
[2025-06-25T09:16:54.991+0000] {logging_mixin.py:190} INFO - [2025-06-25T09:16:54.990+0000] {dag.py:3229} INFO - Sync 1 DAGs
[2025-06-25T09:16:55.003+0000] {logging_mixin.py:190} INFO - [2025-06-25T09:16:55.003+0000] {dag.py:4156} INFO - Setting next_dagrun for country_capital_to_bigquery to 2025-06-24 02:00:00+00:00, run_after=2025-06-25 02:00:00+00:00
[2025-06-25T09:16:55.013+0000] {processor.py:208} INFO - Processing /opt/airflow/dags/simple_etl_in_airflow.py took 0.862 seconds
