[2025-06-27T02:00:02.201+0000] {local_task_job_runner.py:123} INFO - ::group::Pre task execution logs
[2025-06-27T02:00:02.209+0000] {taskinstance.py:2612} INFO - Dependencies all met for dep_context=non-requeueable deps ti=<TaskInstance: gcs_to_bigquery_etl.create_raw_data_dataset scheduled__2025-06-26T02:00:00+00:00 [queued]>
[2025-06-27T02:00:02.213+0000] {taskinstance.py:2612} INFO - Dependencies all met for dep_context=requeueable deps ti=<TaskInstance: gcs_to_bigquery_etl.create_raw_data_dataset scheduled__2025-06-26T02:00:00+00:00 [queued]>
[2025-06-27T02:00:02.213+0000] {taskinstance.py:2865} INFO - Starting attempt 1 of 1
[2025-06-27T02:00:02.218+0000] {taskinstance.py:2888} INFO - Executing <Task(BigQueryCreateEmptyDatasetOperator): create_raw_data_dataset> on 2025-06-26 02:00:00+00:00
[2025-06-27T02:00:02.224+0000] {warnings.py:112} WARNING - /home/***/.local/lib/python3.12/site-packages/***/task/task_runner/standard_task_runner.py:70: DeprecationWarning: This process (pid=70) is multi-threaded, use of fork() may lead to deadlocks in the child.
  pid = os.fork()

[2025-06-27T02:00:02.226+0000] {standard_task_runner.py:72} INFO - Started process 72 to run task
[2025-06-27T02:00:02.226+0000] {standard_task_runner.py:104} INFO - Running: ['***', 'tasks', 'run', 'gcs_to_bigquery_etl', 'create_raw_data_dataset', 'scheduled__2025-06-26T02:00:00+00:00', '--job-id', '43', '--raw', '--subdir', 'DAGS_FOLDER/simple_etl_bigquery_ver3.py', '--cfg-path', '/tmp/tmp8ipqtqb9']
[2025-06-27T02:00:02.228+0000] {standard_task_runner.py:105} INFO - Job 43: Subtask create_raw_data_dataset
[2025-06-27T02:00:02.258+0000] {task_command.py:467} INFO - Running <TaskInstance: gcs_to_bigquery_etl.create_raw_data_dataset scheduled__2025-06-26T02:00:00+00:00 [running]> on host 9cd2c6ca0862
[2025-06-27T02:00:02.301+0000] {taskinstance.py:3131} INFO - Exporting env vars: AIRFLOW_CTX_DAG_OWNER='***' AIRFLOW_CTX_DAG_ID='gcs_to_bigquery_etl' AIRFLOW_CTX_TASK_ID='create_raw_data_dataset' AIRFLOW_CTX_EXECUTION_DATE='2025-06-26T02:00:00+00:00' AIRFLOW_CTX_TRY_NUMBER='1' AIRFLOW_CTX_DAG_RUN_ID='scheduled__2025-06-26T02:00:00+00:00'
[2025-06-27T02:00:02.302+0000] {taskinstance.py:731} INFO - ::endgroup::
[2025-06-27T02:00:02.309+0000] {connection.py:277} WARNING - Connection schemes (type: google_cloud_platform) shall not contain '_' according to RFC3986.
[2025-06-27T02:00:02.311+0000] {base.py:84} INFO - Retrieving connection 'google_cloud_default'
[2025-06-27T02:00:02.311+0000] {bigquery.py:533} INFO - datasetId was not specified in `dataset_reference`. Will use default value raw_data.
[2025-06-27T02:00:02.311+0000] {bigquery.py:533} INFO - projectId was not specified in `dataset_reference`. Will use default value sixth-topic-349709.
[2025-06-27T02:00:02.311+0000] {bigquery.py:544} INFO - Creating dataset: raw_data in project: sixth-topic-349709 
[2025-06-27T02:00:03.340+0000] {bigquery.py:548} INFO - Dataset created successfully.
[2025-06-27T02:00:03.364+0000] {taskinstance.py:340} INFO - ::group::Post task execution logs
[2025-06-27T02:00:03.364+0000] {taskinstance.py:352} INFO - Marking task as SUCCESS. dag_id=gcs_to_bigquery_etl, task_id=create_raw_data_dataset, run_id=scheduled__2025-06-26T02:00:00+00:00, execution_date=20250626T020000, start_date=20250627T020002, end_date=20250627T020003
[2025-06-27T02:00:03.380+0000] {local_task_job_runner.py:266} INFO - Task exited with return code 0
[2025-06-27T02:00:03.397+0000] {taskinstance.py:3900} INFO - 1 downstream tasks scheduled from follow-on schedule check
[2025-06-27T02:00:03.398+0000] {local_task_job_runner.py:245} INFO - ::endgroup::
[2025-06-27T02:06:09.143+0000] {local_task_job_runner.py:123} INFO - ::group::Pre task execution logs
[2025-06-27T02:06:09.156+0000] {taskinstance.py:2612} INFO - Dependencies all met for dep_context=non-requeueable deps ti=<TaskInstance: gcs_to_bigquery_etl.create_raw_data_dataset scheduled__2025-06-26T02:00:00+00:00 [queued]>
[2025-06-27T02:06:09.165+0000] {taskinstance.py:2612} INFO - Dependencies all met for dep_context=requeueable deps ti=<TaskInstance: gcs_to_bigquery_etl.create_raw_data_dataset scheduled__2025-06-26T02:00:00+00:00 [queued]>
[2025-06-27T02:06:09.166+0000] {taskinstance.py:2865} INFO - Starting attempt 1 of 1
[2025-06-27T02:06:09.174+0000] {taskinstance.py:2888} INFO - Executing <Task(BigQueryCreateEmptyDatasetOperator): create_raw_data_dataset> on 2025-06-26 02:00:00+00:00
[2025-06-27T02:06:09.223+0000] {warnings.py:112} WARNING - /home/***/.local/lib/python3.12/site-packages/***/task/task_runner/standard_task_runner.py:70: DeprecationWarning: This process (pid=52) is multi-threaded, use of fork() may lead to deadlocks in the child.
  pid = os.fork()

[2025-06-27T02:06:09.227+0000] {standard_task_runner.py:72} INFO - Started process 64 to run task
[2025-06-27T02:06:09.263+0000] {standard_task_runner.py:104} INFO - Running: ['***', 'tasks', 'run', 'gcs_to_bigquery_etl', 'create_raw_data_dataset', 'scheduled__2025-06-26T02:00:00+00:00', '--job-id', '5', '--raw', '--subdir', 'DAGS_FOLDER/simple_etl_bigquery_ver3.py', '--cfg-path', '/tmp/tmphdr7nmld']
[2025-06-27T02:06:09.275+0000] {standard_task_runner.py:105} INFO - Job 5: Subtask create_raw_data_dataset
[2025-06-27T02:06:09.417+0000] {task_command.py:467} INFO - Running <TaskInstance: gcs_to_bigquery_etl.create_raw_data_dataset scheduled__2025-06-26T02:00:00+00:00 [running]> on host 040d1cf847a3
[2025-06-27T02:06:09.498+0000] {taskinstance.py:3131} INFO - Exporting env vars: AIRFLOW_CTX_DAG_OWNER='***' AIRFLOW_CTX_DAG_ID='gcs_to_bigquery_etl' AIRFLOW_CTX_TASK_ID='create_raw_data_dataset' AIRFLOW_CTX_EXECUTION_DATE='2025-06-26T02:00:00+00:00' AIRFLOW_CTX_TRY_NUMBER='1' AIRFLOW_CTX_DAG_RUN_ID='scheduled__2025-06-26T02:00:00+00:00'
[2025-06-27T02:06:09.503+0000] {taskinstance.py:731} INFO - ::endgroup::
[2025-06-27T02:06:09.515+0000] {connection.py:277} WARNING - Connection schemes (type: google_cloud_platform) shall not contain '_' according to RFC3986.
[2025-06-27T02:06:09.524+0000] {base.py:84} INFO - Retrieving connection 'google_cloud_default'
[2025-06-27T02:06:09.526+0000] {bigquery.py:533} INFO - datasetId was not specified in `dataset_reference`. Will use default value raw_data.
[2025-06-27T02:06:09.526+0000] {bigquery.py:533} INFO - projectId was not specified in `dataset_reference`. Will use default value sixth-topic-349709.
[2025-06-27T02:06:09.527+0000] {bigquery.py:544} INFO - Creating dataset: raw_data in project: sixth-topic-349709 
[2025-06-27T02:06:10.536+0000] {bigquery.py:548} INFO - Dataset created successfully.
[2025-06-27T02:06:10.603+0000] {taskinstance.py:340} INFO - ::group::Post task execution logs
[2025-06-27T02:06:10.604+0000] {taskinstance.py:352} INFO - Marking task as SUCCESS. dag_id=gcs_to_bigquery_etl, task_id=create_raw_data_dataset, run_id=scheduled__2025-06-26T02:00:00+00:00, execution_date=20250626T020000, start_date=20250627T020609, end_date=20250627T020610
[2025-06-27T02:06:10.669+0000] {local_task_job_runner.py:266} INFO - Task exited with return code 0
[2025-06-27T02:06:10.721+0000] {taskinstance.py:3900} INFO - 1 downstream tasks scheduled from follow-on schedule check
[2025-06-27T02:06:10.734+0000] {local_task_job_runner.py:245} INFO - ::endgroup::
[2025-06-27T02:17:46.035+0000] {local_task_job_runner.py:123} INFO - ::group::Pre task execution logs
[2025-06-27T02:17:46.055+0000] {taskinstance.py:2612} INFO - Dependencies all met for dep_context=non-requeueable deps ti=<TaskInstance: gcs_to_bigquery_etl.create_raw_data_dataset scheduled__2025-06-26T02:00:00+00:00 [queued]>
[2025-06-27T02:17:46.065+0000] {taskinstance.py:2612} INFO - Dependencies all met for dep_context=requeueable deps ti=<TaskInstance: gcs_to_bigquery_etl.create_raw_data_dataset scheduled__2025-06-26T02:00:00+00:00 [queued]>
[2025-06-27T02:17:46.065+0000] {taskinstance.py:2865} INFO - Starting attempt 1 of 1
[2025-06-27T02:17:46.081+0000] {taskinstance.py:2888} INFO - Executing <Task(BigQueryCreateEmptyDatasetOperator): create_raw_data_dataset> on 2025-06-26 02:00:00+00:00
[2025-06-27T02:17:46.118+0000] {warnings.py:112} WARNING - /home/***/.local/lib/python3.12/site-packages/***/task/task_runner/standard_task_runner.py:70: DeprecationWarning: This process (pid=52) is multi-threaded, use of fork() may lead to deadlocks in the child.
  pid = os.fork()

[2025-06-27T02:17:46.122+0000] {standard_task_runner.py:72} INFO - Started process 73 to run task
[2025-06-27T02:17:46.163+0000] {standard_task_runner.py:104} INFO - Running: ['***', 'tasks', 'run', 'gcs_to_bigquery_etl', 'create_raw_data_dataset', 'scheduled__2025-06-26T02:00:00+00:00', '--job-id', '6', '--raw', '--subdir', 'DAGS_FOLDER/simple_etl_bigquery_ver3.py', '--cfg-path', '/tmp/tmp7goz4wv2']
[2025-06-27T02:17:46.192+0000] {standard_task_runner.py:105} INFO - Job 6: Subtask create_raw_data_dataset
[2025-06-27T02:17:46.298+0000] {task_command.py:467} INFO - Running <TaskInstance: gcs_to_bigquery_etl.create_raw_data_dataset scheduled__2025-06-26T02:00:00+00:00 [running]> on host ece8b7d95be1
[2025-06-27T02:17:46.397+0000] {taskinstance.py:3131} INFO - Exporting env vars: AIRFLOW_CTX_DAG_OWNER='***' AIRFLOW_CTX_DAG_ID='gcs_to_bigquery_etl' AIRFLOW_CTX_TASK_ID='create_raw_data_dataset' AIRFLOW_CTX_EXECUTION_DATE='2025-06-26T02:00:00+00:00' AIRFLOW_CTX_TRY_NUMBER='1' AIRFLOW_CTX_DAG_RUN_ID='scheduled__2025-06-26T02:00:00+00:00'
[2025-06-27T02:17:46.399+0000] {taskinstance.py:731} INFO - ::endgroup::
[2025-06-27T02:17:46.411+0000] {connection.py:277} WARNING - Connection schemes (type: google_cloud_platform) shall not contain '_' according to RFC3986.
[2025-06-27T02:17:46.416+0000] {base.py:84} INFO - Retrieving connection 'google_cloud_default'
[2025-06-27T02:17:46.417+0000] {bigquery.py:533} INFO - datasetId was not specified in `dataset_reference`. Will use default value raw_data.
[2025-06-27T02:17:46.418+0000] {bigquery.py:533} INFO - projectId was not specified in `dataset_reference`. Will use default value sixth-topic-349709.
[2025-06-27T02:17:46.419+0000] {bigquery.py:544} INFO - Creating dataset: raw_data in project: sixth-topic-349709 
[2025-06-27T02:17:47.497+0000] {bigquery.py:548} INFO - Dataset created successfully.
[2025-06-27T02:17:47.585+0000] {taskinstance.py:340} INFO - ::group::Post task execution logs
[2025-06-27T02:17:47.588+0000] {taskinstance.py:352} INFO - Marking task as SUCCESS. dag_id=gcs_to_bigquery_etl, task_id=create_raw_data_dataset, run_id=scheduled__2025-06-26T02:00:00+00:00, execution_date=20250626T020000, start_date=20250627T021746, end_date=20250627T021747
[2025-06-27T02:17:47.661+0000] {local_task_job_runner.py:266} INFO - Task exited with return code 0
[2025-06-27T02:17:47.733+0000] {taskinstance.py:3900} INFO - 1 downstream tasks scheduled from follow-on schedule check
[2025-06-27T02:17:47.747+0000] {local_task_job_runner.py:245} INFO - ::endgroup::
[2025-06-27T02:21:06.106+0000] {local_task_job_runner.py:123} INFO - ::group::Pre task execution logs
[2025-06-27T02:21:06.129+0000] {taskinstance.py:2612} INFO - Dependencies all met for dep_context=non-requeueable deps ti=<TaskInstance: gcs_to_bigquery_etl.create_raw_data_dataset scheduled__2025-06-26T02:00:00+00:00 [queued]>
[2025-06-27T02:21:06.142+0000] {taskinstance.py:2612} INFO - Dependencies all met for dep_context=requeueable deps ti=<TaskInstance: gcs_to_bigquery_etl.create_raw_data_dataset scheduled__2025-06-26T02:00:00+00:00 [queued]>
[2025-06-27T02:21:06.144+0000] {taskinstance.py:2865} INFO - Starting attempt 1 of 1
[2025-06-27T02:21:06.163+0000] {taskinstance.py:2888} INFO - Executing <Task(BigQueryCreateEmptyDatasetOperator): create_raw_data_dataset> on 2025-06-26 02:00:00+00:00
[2025-06-27T02:21:06.208+0000] {warnings.py:112} WARNING - /home/***/.local/lib/python3.12/site-packages/***/task/task_runner/standard_task_runner.py:70: DeprecationWarning: This process (pid=52) is multi-threaded, use of fork() may lead to deadlocks in the child.
  pid = os.fork()

[2025-06-27T02:21:06.215+0000] {standard_task_runner.py:72} INFO - Started process 68 to run task
[2025-06-27T02:21:06.225+0000] {standard_task_runner.py:104} INFO - Running: ['***', 'tasks', 'run', 'gcs_to_bigquery_etl', 'create_raw_data_dataset', 'scheduled__2025-06-26T02:00:00+00:00', '--job-id', '6', '--raw', '--subdir', 'DAGS_FOLDER/simple_etl_bigquery_ver3.py', '--cfg-path', '/tmp/tmpssr4gl3o']
[2025-06-27T02:21:06.352+0000] {standard_task_runner.py:105} INFO - Job 6: Subtask create_raw_data_dataset
[2025-06-27T02:21:06.450+0000] {task_command.py:467} INFO - Running <TaskInstance: gcs_to_bigquery_etl.create_raw_data_dataset scheduled__2025-06-26T02:00:00+00:00 [running]> on host a6d750376b6f
[2025-06-27T02:21:06.551+0000] {taskinstance.py:3131} INFO - Exporting env vars: AIRFLOW_CTX_DAG_OWNER='***' AIRFLOW_CTX_DAG_ID='gcs_to_bigquery_etl' AIRFLOW_CTX_TASK_ID='create_raw_data_dataset' AIRFLOW_CTX_EXECUTION_DATE='2025-06-26T02:00:00+00:00' AIRFLOW_CTX_TRY_NUMBER='1' AIRFLOW_CTX_DAG_RUN_ID='scheduled__2025-06-26T02:00:00+00:00'
[2025-06-27T02:21:06.554+0000] {taskinstance.py:731} INFO - ::endgroup::
[2025-06-27T02:21:06.572+0000] {connection.py:277} WARNING - Connection schemes (type: google_cloud_platform) shall not contain '_' according to RFC3986.
[2025-06-27T02:21:06.574+0000] {base.py:84} INFO - Retrieving connection 'google_cloud_default'
[2025-06-27T02:21:06.575+0000] {bigquery.py:533} INFO - datasetId was not specified in `dataset_reference`. Will use default value raw_data.
[2025-06-27T02:21:06.576+0000] {bigquery.py:533} INFO - projectId was not specified in `dataset_reference`. Will use default value sixth-topic-349709.
[2025-06-27T02:21:06.577+0000] {bigquery.py:544} INFO - Creating dataset: raw_data in project: sixth-topic-349709 
[2025-06-27T02:21:07.627+0000] {bigquery.py:548} INFO - Dataset created successfully.
[2025-06-27T02:21:07.706+0000] {taskinstance.py:340} INFO - ::group::Post task execution logs
[2025-06-27T02:21:07.708+0000] {taskinstance.py:352} INFO - Marking task as SUCCESS. dag_id=gcs_to_bigquery_etl, task_id=create_raw_data_dataset, run_id=scheduled__2025-06-26T02:00:00+00:00, execution_date=20250626T020000, start_date=20250627T022106, end_date=20250627T022107
[2025-06-27T02:21:07.792+0000] {local_task_job_runner.py:266} INFO - Task exited with return code 0
[2025-06-27T02:21:07.944+0000] {taskinstance.py:3900} INFO - 1 downstream tasks scheduled from follow-on schedule check
[2025-06-27T02:21:07.981+0000] {local_task_job_runner.py:245} INFO - ::endgroup::
[2025-06-27T02:34:50.374+0000] {local_task_job_runner.py:123} INFO - ::group::Pre task execution logs
[2025-06-27T02:34:50.393+0000] {taskinstance.py:2612} INFO - Dependencies all met for dep_context=non-requeueable deps ti=<TaskInstance: gcs_to_bigquery_etl.create_raw_data_dataset scheduled__2025-06-26T02:00:00+00:00 [queued]>
[2025-06-27T02:34:50.407+0000] {taskinstance.py:2612} INFO - Dependencies all met for dep_context=requeueable deps ti=<TaskInstance: gcs_to_bigquery_etl.create_raw_data_dataset scheduled__2025-06-26T02:00:00+00:00 [queued]>
[2025-06-27T02:34:50.409+0000] {taskinstance.py:2865} INFO - Starting attempt 1 of 1
[2025-06-27T02:34:50.423+0000] {taskinstance.py:2888} INFO - Executing <Task(BigQueryCreateEmptyDatasetOperator): create_raw_data_dataset> on 2025-06-26 02:00:00+00:00
[2025-06-27T02:34:50.470+0000] {warnings.py:112} WARNING - /home/***/.local/lib/python3.12/site-packages/***/task/task_runner/standard_task_runner.py:70: DeprecationWarning: This process (pid=53) is multi-threaded, use of fork() may lead to deadlocks in the child.
  pid = os.fork()

[2025-06-27T02:34:50.474+0000] {standard_task_runner.py:72} INFO - Started process 67 to run task
[2025-06-27T02:34:50.486+0000] {standard_task_runner.py:104} INFO - Running: ['***', 'tasks', 'run', 'gcs_to_bigquery_etl', 'create_raw_data_dataset', 'scheduled__2025-06-26T02:00:00+00:00', '--job-id', '3', '--raw', '--subdir', 'DAGS_FOLDER/simple_etl_bigquery_ver3.py', '--cfg-path', '/tmp/tmpq4aupo9d']
[2025-06-27T02:34:50.495+0000] {standard_task_runner.py:105} INFO - Job 3: Subtask create_raw_data_dataset
[2025-06-27T02:34:50.644+0000] {task_command.py:467} INFO - Running <TaskInstance: gcs_to_bigquery_etl.create_raw_data_dataset scheduled__2025-06-26T02:00:00+00:00 [running]> on host ba60ab6371e3
[2025-06-27T02:34:50.746+0000] {taskinstance.py:3131} INFO - Exporting env vars: AIRFLOW_CTX_DAG_OWNER='***' AIRFLOW_CTX_DAG_ID='gcs_to_bigquery_etl' AIRFLOW_CTX_TASK_ID='create_raw_data_dataset' AIRFLOW_CTX_EXECUTION_DATE='2025-06-26T02:00:00+00:00' AIRFLOW_CTX_TRY_NUMBER='1' AIRFLOW_CTX_DAG_RUN_ID='scheduled__2025-06-26T02:00:00+00:00'
[2025-06-27T02:34:50.749+0000] {taskinstance.py:731} INFO - ::endgroup::
[2025-06-27T02:34:50.761+0000] {connection.py:277} WARNING - Connection schemes (type: google_cloud_platform) shall not contain '_' according to RFC3986.
[2025-06-27T02:34:50.765+0000] {base.py:84} INFO - Retrieving connection 'google_cloud_default'
[2025-06-27T02:34:50.766+0000] {bigquery.py:533} INFO - datasetId was not specified in `dataset_reference`. Will use default value raw_data.
[2025-06-27T02:34:50.767+0000] {bigquery.py:533} INFO - projectId was not specified in `dataset_reference`. Will use default value sixth-topic-349709.
[2025-06-27T02:34:50.768+0000] {bigquery.py:544} INFO - Creating dataset: raw_data in project: sixth-topic-349709 
[2025-06-27T02:34:51.840+0000] {bigquery.py:548} INFO - Dataset created successfully.
[2025-06-27T02:34:51.873+0000] {taskinstance.py:340} INFO - ::group::Post task execution logs
[2025-06-27T02:34:51.873+0000] {taskinstance.py:352} INFO - Marking task as SUCCESS. dag_id=gcs_to_bigquery_etl, task_id=create_raw_data_dataset, run_id=scheduled__2025-06-26T02:00:00+00:00, execution_date=20250626T020000, start_date=20250627T023450, end_date=20250627T023451
[2025-06-27T02:34:51.912+0000] {local_task_job_runner.py:266} INFO - Task exited with return code 0
[2025-06-27T02:34:51.944+0000] {taskinstance.py:3900} INFO - 1 downstream tasks scheduled from follow-on schedule check
[2025-06-27T02:34:51.948+0000] {local_task_job_runner.py:245} INFO - ::endgroup::
[2025-06-27T04:21:48.496+0000] {local_task_job_runner.py:123} INFO - ::group::Pre task execution logs
[2025-06-27T04:21:48.556+0000] {taskinstance.py:2612} INFO - Dependencies all met for dep_context=non-requeueable deps ti=<TaskInstance: gcs_to_bigquery_etl.create_raw_data_dataset scheduled__2025-06-26T02:00:00+00:00 [queued]>
[2025-06-27T04:21:48.578+0000] {taskinstance.py:2612} INFO - Dependencies all met for dep_context=requeueable deps ti=<TaskInstance: gcs_to_bigquery_etl.create_raw_data_dataset scheduled__2025-06-26T02:00:00+00:00 [queued]>
[2025-06-27T04:21:48.582+0000] {taskinstance.py:2865} INFO - Starting attempt 1 of 1
[2025-06-27T04:21:48.619+0000] {taskinstance.py:2888} INFO - Executing <Task(BigQueryCreateEmptyDatasetOperator): create_raw_data_dataset> on 2025-06-26 02:00:00+00:00
[2025-06-27T04:21:48.661+0000] {warnings.py:112} WARNING - /home/***/.local/lib/python3.12/site-packages/***/task/task_runner/standard_task_runner.py:70: DeprecationWarning: This process (pid=51) is multi-threaded, use of fork() may lead to deadlocks in the child.
  pid = os.fork()

[2025-06-27T04:21:48.663+0000] {standard_task_runner.py:72} INFO - Started process 82 to run task
[2025-06-27T04:21:48.680+0000] {standard_task_runner.py:104} INFO - Running: ['***', 'tasks', 'run', 'gcs_to_bigquery_etl', 'create_raw_data_dataset', 'scheduled__2025-06-26T02:00:00+00:00', '--job-id', '3', '--raw', '--subdir', 'DAGS_FOLDER/simple_etl_bigquery_ver3.py', '--cfg-path', '/tmp/tmpwq5_152f']
[2025-06-27T04:21:48.693+0000] {standard_task_runner.py:105} INFO - Job 3: Subtask create_raw_data_dataset
[2025-06-27T04:21:48.907+0000] {task_command.py:467} INFO - Running <TaskInstance: gcs_to_bigquery_etl.create_raw_data_dataset scheduled__2025-06-26T02:00:00+00:00 [running]> on host f79cc72a155d
[2025-06-27T04:21:49.208+0000] {taskinstance.py:3131} INFO - Exporting env vars: AIRFLOW_CTX_DAG_OWNER='***' AIRFLOW_CTX_DAG_ID='gcs_to_bigquery_etl' AIRFLOW_CTX_TASK_ID='create_raw_data_dataset' AIRFLOW_CTX_EXECUTION_DATE='2025-06-26T02:00:00+00:00' AIRFLOW_CTX_TRY_NUMBER='1' AIRFLOW_CTX_DAG_RUN_ID='scheduled__2025-06-26T02:00:00+00:00'
[2025-06-27T04:21:49.214+0000] {taskinstance.py:731} INFO - ::endgroup::
[2025-06-27T04:21:49.267+0000] {connection.py:277} WARNING - Connection schemes (type: google_cloud_platform) shall not contain '_' according to RFC3986.
[2025-06-27T04:21:49.271+0000] {base.py:84} INFO - Retrieving connection 'google_cloud_default'
[2025-06-27T04:21:49.276+0000] {bigquery.py:533} INFO - datasetId was not specified in `dataset_reference`. Will use default value raw_data.
[2025-06-27T04:21:49.280+0000] {bigquery.py:533} INFO - projectId was not specified in `dataset_reference`. Will use default value sixth-topic-349709.
[2025-06-27T04:21:49.282+0000] {bigquery.py:544} INFO - Creating dataset: raw_data in project: sixth-topic-349709 
[2025-06-27T04:21:50.482+0000] {bigquery.py:548} INFO - Dataset created successfully.
[2025-06-27T04:21:50.513+0000] {taskinstance.py:340} INFO - ::group::Post task execution logs
[2025-06-27T04:21:50.514+0000] {taskinstance.py:352} INFO - Marking task as SUCCESS. dag_id=gcs_to_bigquery_etl, task_id=create_raw_data_dataset, run_id=scheduled__2025-06-26T02:00:00+00:00, execution_date=20250626T020000, start_date=20250627T042148, end_date=20250627T042150
[2025-06-27T04:21:50.561+0000] {local_task_job_runner.py:266} INFO - Task exited with return code 0
[2025-06-27T04:21:50.630+0000] {taskinstance.py:3900} INFO - 1 downstream tasks scheduled from follow-on schedule check
[2025-06-27T04:21:50.633+0000] {local_task_job_runner.py:245} INFO - ::endgroup::
[2025-06-27T05:36:12.127+0000] {local_task_job_runner.py:123} INFO - ::group::Pre task execution logs
[2025-06-27T05:36:12.155+0000] {taskinstance.py:2612} INFO - Dependencies all met for dep_context=non-requeueable deps ti=<TaskInstance: gcs_to_bigquery_etl.create_raw_data_dataset scheduled__2025-06-26T02:00:00+00:00 [queued]>
[2025-06-27T05:36:12.184+0000] {taskinstance.py:2612} INFO - Dependencies all met for dep_context=requeueable deps ti=<TaskInstance: gcs_to_bigquery_etl.create_raw_data_dataset scheduled__2025-06-26T02:00:00+00:00 [queued]>
[2025-06-27T05:36:12.186+0000] {taskinstance.py:2865} INFO - Starting attempt 1 of 1
[2025-06-27T05:36:12.210+0000] {taskinstance.py:2888} INFO - Executing <Task(BigQueryCreateEmptyDatasetOperator): create_raw_data_dataset> on 2025-06-26 02:00:00+00:00
[2025-06-27T05:36:12.251+0000] {warnings.py:112} WARNING - /home/***/.local/lib/python3.12/site-packages/***/task/task_runner/standard_task_runner.py:70: DeprecationWarning: This process (pid=53) is multi-threaded, use of fork() may lead to deadlocks in the child.
  pid = os.fork()

[2025-06-27T05:36:12.253+0000] {standard_task_runner.py:72} INFO - Started process 83 to run task
[2025-06-27T05:36:12.263+0000] {standard_task_runner.py:104} INFO - Running: ['***', 'tasks', 'run', 'gcs_to_bigquery_etl', 'create_raw_data_dataset', 'scheduled__2025-06-26T02:00:00+00:00', '--job-id', '5', '--raw', '--subdir', 'DAGS_FOLDER/simple_etl_bigquery_ver3.py', '--cfg-path', '/tmp/tmpegcg004e']
[2025-06-27T05:36:12.279+0000] {standard_task_runner.py:105} INFO - Job 5: Subtask create_raw_data_dataset
[2025-06-27T05:36:12.479+0000] {task_command.py:467} INFO - Running <TaskInstance: gcs_to_bigquery_etl.create_raw_data_dataset scheduled__2025-06-26T02:00:00+00:00 [running]> on host ba0a3a3d8846
[2025-06-27T05:36:12.794+0000] {taskinstance.py:3131} INFO - Exporting env vars: AIRFLOW_CTX_DAG_OWNER='***' AIRFLOW_CTX_DAG_ID='gcs_to_bigquery_etl' AIRFLOW_CTX_TASK_ID='create_raw_data_dataset' AIRFLOW_CTX_EXECUTION_DATE='2025-06-26T02:00:00+00:00' AIRFLOW_CTX_TRY_NUMBER='1' AIRFLOW_CTX_DAG_RUN_ID='scheduled__2025-06-26T02:00:00+00:00'
[2025-06-27T05:36:12.810+0000] {taskinstance.py:731} INFO - ::endgroup::
[2025-06-27T05:36:12.856+0000] {connection.py:277} WARNING - Connection schemes (type: google_cloud_platform) shall not contain '_' according to RFC3986.
[2025-06-27T05:36:12.870+0000] {base.py:84} INFO - Retrieving connection 'google_cloud_default'
[2025-06-27T05:36:12.877+0000] {bigquery.py:533} INFO - datasetId was not specified in `dataset_reference`. Will use default value raw_data.
[2025-06-27T05:36:12.881+0000] {bigquery.py:533} INFO - projectId was not specified in `dataset_reference`. Will use default value sixth-topic-349709.
[2025-06-27T05:36:12.883+0000] {bigquery.py:544} INFO - Creating dataset: raw_data in project: sixth-topic-349709 
[2025-06-27T05:36:14.046+0000] {bigquery.py:548} INFO - Dataset created successfully.
[2025-06-27T05:36:14.127+0000] {taskinstance.py:340} INFO - ::group::Post task execution logs
[2025-06-27T05:36:14.136+0000] {taskinstance.py:352} INFO - Marking task as SUCCESS. dag_id=gcs_to_bigquery_etl, task_id=create_raw_data_dataset, run_id=scheduled__2025-06-26T02:00:00+00:00, execution_date=20250626T020000, start_date=20250627T053612, end_date=20250627T053614
[2025-06-27T05:36:14.364+0000] {local_task_job_runner.py:266} INFO - Task exited with return code 0
[2025-06-27T05:36:14.618+0000] {local_task_job_runner.py:245} INFO - ::endgroup::
[2025-06-27T05:39:20.482+0000] {local_task_job_runner.py:123} INFO - ::group::Pre task execution logs
[2025-06-27T05:39:20.533+0000] {taskinstance.py:2612} INFO - Dependencies all met for dep_context=non-requeueable deps ti=<TaskInstance: gcs_to_bigquery_etl.create_raw_data_dataset scheduled__2025-06-26T02:00:00+00:00 [queued]>
[2025-06-27T05:39:20.583+0000] {taskinstance.py:2612} INFO - Dependencies all met for dep_context=requeueable deps ti=<TaskInstance: gcs_to_bigquery_etl.create_raw_data_dataset scheduled__2025-06-26T02:00:00+00:00 [queued]>
[2025-06-27T05:39:20.589+0000] {taskinstance.py:2865} INFO - Starting attempt 1 of 1
[2025-06-27T05:39:20.630+0000] {taskinstance.py:2888} INFO - Executing <Task(BigQueryCreateEmptyDatasetOperator): create_raw_data_dataset> on 2025-06-26 02:00:00+00:00
[2025-06-27T05:39:20.675+0000] {warnings.py:112} WARNING - /home/***/.local/lib/python3.12/site-packages/***/task/task_runner/standard_task_runner.py:70: DeprecationWarning: This process (pid=52) is multi-threaded, use of fork() may lead to deadlocks in the child.
  pid = os.fork()

[2025-06-27T05:39:20.680+0000] {standard_task_runner.py:72} INFO - Started process 86 to run task
[2025-06-27T05:39:20.694+0000] {standard_task_runner.py:104} INFO - Running: ['***', 'tasks', 'run', 'gcs_to_bigquery_etl', 'create_raw_data_dataset', 'scheduled__2025-06-26T02:00:00+00:00', '--job-id', '3', '--raw', '--subdir', 'DAGS_FOLDER/simple_etl_bigquery_ver3.py', '--cfg-path', '/tmp/tmp2s5a0ger']
[2025-06-27T05:39:20.700+0000] {standard_task_runner.py:105} INFO - Job 3: Subtask create_raw_data_dataset
[2025-06-27T05:39:20.898+0000] {task_command.py:467} INFO - Running <TaskInstance: gcs_to_bigquery_etl.create_raw_data_dataset scheduled__2025-06-26T02:00:00+00:00 [running]> on host 616f50362410
[2025-06-27T05:39:21.183+0000] {taskinstance.py:3131} INFO - Exporting env vars: AIRFLOW_CTX_DAG_OWNER='***' AIRFLOW_CTX_DAG_ID='gcs_to_bigquery_etl' AIRFLOW_CTX_TASK_ID='create_raw_data_dataset' AIRFLOW_CTX_EXECUTION_DATE='2025-06-26T02:00:00+00:00' AIRFLOW_CTX_TRY_NUMBER='1' AIRFLOW_CTX_DAG_RUN_ID='scheduled__2025-06-26T02:00:00+00:00'
[2025-06-27T05:39:21.187+0000] {taskinstance.py:731} INFO - ::endgroup::
[2025-06-27T05:39:21.225+0000] {connection.py:277} WARNING - Connection schemes (type: google_cloud_platform) shall not contain '_' according to RFC3986.
[2025-06-27T05:39:21.235+0000] {base.py:84} INFO - Retrieving connection 'google_cloud_default'
[2025-06-27T05:39:21.243+0000] {bigquery.py:533} INFO - datasetId was not specified in `dataset_reference`. Will use default value raw_data.
[2025-06-27T05:39:21.247+0000] {bigquery.py:533} INFO - projectId was not specified in `dataset_reference`. Will use default value sixth-topic-349709.
[2025-06-27T05:39:21.256+0000] {bigquery.py:544} INFO - Creating dataset: raw_data in project: sixth-topic-349709 
[2025-06-27T05:39:22.542+0000] {bigquery.py:548} INFO - Dataset created successfully.
[2025-06-27T05:39:22.911+0000] {taskinstance.py:340} INFO - ::group::Post task execution logs
[2025-06-27T05:39:22.918+0000] {taskinstance.py:352} INFO - Marking task as SUCCESS. dag_id=gcs_to_bigquery_etl, task_id=create_raw_data_dataset, run_id=scheduled__2025-06-26T02:00:00+00:00, execution_date=20250626T020000, start_date=20250627T053920, end_date=20250627T053922
[2025-06-27T05:39:23.254+0000] {local_task_job_runner.py:266} INFO - Task exited with return code 0
[2025-06-27T05:39:23.619+0000] {taskinstance.py:3900} INFO - 1 downstream tasks scheduled from follow-on schedule check
[2025-06-27T05:39:23.638+0000] {local_task_job_runner.py:245} INFO - ::endgroup::
[2025-06-27T05:48:24.982+0000] {local_task_job_runner.py:123} INFO - ::group::Pre task execution logs
[2025-06-27T05:48:25.038+0000] {taskinstance.py:2612} INFO - Dependencies all met for dep_context=non-requeueable deps ti=<TaskInstance: gcs_to_bigquery_etl.create_raw_data_dataset scheduled__2025-06-26T02:00:00+00:00 [queued]>
[2025-06-27T05:48:25.063+0000] {taskinstance.py:2612} INFO - Dependencies all met for dep_context=requeueable deps ti=<TaskInstance: gcs_to_bigquery_etl.create_raw_data_dataset scheduled__2025-06-26T02:00:00+00:00 [queued]>
[2025-06-27T05:48:25.067+0000] {taskinstance.py:2865} INFO - Starting attempt 1 of 1
[2025-06-27T05:48:25.115+0000] {taskinstance.py:2888} INFO - Executing <Task(BigQueryCreateEmptyDatasetOperator): create_raw_data_dataset> on 2025-06-26 02:00:00+00:00
[2025-06-27T05:48:25.155+0000] {warnings.py:112} WARNING - /home/***/.local/lib/python3.12/site-packages/***/task/task_runner/standard_task_runner.py:70: DeprecationWarning: This process (pid=54) is multi-threaded, use of fork() may lead to deadlocks in the child.
  pid = os.fork()

[2025-06-27T05:48:25.161+0000] {standard_task_runner.py:72} INFO - Started process 82 to run task
[2025-06-27T05:48:25.157+0000] {standard_task_runner.py:104} INFO - Running: ['***', 'tasks', 'run', 'gcs_to_bigquery_etl', 'create_raw_data_dataset', 'scheduled__2025-06-26T02:00:00+00:00', '--job-id', '3', '--raw', '--subdir', 'DAGS_FOLDER/simple_etl_bigquery_ver3.py', '--cfg-path', '/tmp/tmpajmkjcu_']
[2025-06-27T05:48:25.167+0000] {standard_task_runner.py:105} INFO - Job 3: Subtask create_raw_data_dataset
[2025-06-27T05:48:25.439+0000] {task_command.py:467} INFO - Running <TaskInstance: gcs_to_bigquery_etl.create_raw_data_dataset scheduled__2025-06-26T02:00:00+00:00 [running]> on host 546ad4141aeb
[2025-06-27T05:48:25.806+0000] {taskinstance.py:3131} INFO - Exporting env vars: AIRFLOW_CTX_DAG_OWNER='***' AIRFLOW_CTX_DAG_ID='gcs_to_bigquery_etl' AIRFLOW_CTX_TASK_ID='create_raw_data_dataset' AIRFLOW_CTX_EXECUTION_DATE='2025-06-26T02:00:00+00:00' AIRFLOW_CTX_TRY_NUMBER='1' AIRFLOW_CTX_DAG_RUN_ID='scheduled__2025-06-26T02:00:00+00:00'
[2025-06-27T05:48:25.821+0000] {taskinstance.py:731} INFO - ::endgroup::
[2025-06-27T05:48:25.853+0000] {connection.py:277} WARNING - Connection schemes (type: google_cloud_platform) shall not contain '_' according to RFC3986.
[2025-06-27T05:48:25.870+0000] {base.py:84} INFO - Retrieving connection 'google_cloud_default'
[2025-06-27T05:48:25.878+0000] {bigquery.py:533} INFO - datasetId was not specified in `dataset_reference`. Will use default value raw_data.
[2025-06-27T05:48:25.886+0000] {bigquery.py:533} INFO - projectId was not specified in `dataset_reference`. Will use default value sixth-topic-349709.
[2025-06-27T05:48:25.891+0000] {bigquery.py:544} INFO - Creating dataset: raw_data in project: sixth-topic-349709 
[2025-06-27T05:48:27.272+0000] {bigquery.py:548} INFO - Dataset created successfully.
[2025-06-27T05:48:27.596+0000] {taskinstance.py:340} INFO - ::group::Post task execution logs
[2025-06-27T05:48:27.613+0000] {taskinstance.py:352} INFO - Marking task as SUCCESS. dag_id=gcs_to_bigquery_etl, task_id=create_raw_data_dataset, run_id=scheduled__2025-06-26T02:00:00+00:00, execution_date=20250626T020000, start_date=20250627T054825, end_date=20250627T054827
[2025-06-27T05:48:27.973+0000] {local_task_job_runner.py:266} INFO - Task exited with return code 0
[2025-06-27T05:48:28.332+0000] {taskinstance.py:3900} INFO - 1 downstream tasks scheduled from follow-on schedule check
[2025-06-27T05:48:28.348+0000] {local_task_job_runner.py:245} INFO - ::endgroup::
[2025-06-27T06:20:15.875+0000] {local_task_job_runner.py:123} INFO - ::group::Pre task execution logs
[2025-06-27T06:20:16.171+0000] {taskinstance.py:2612} INFO - Dependencies all met for dep_context=non-requeueable deps ti=<TaskInstance: gcs_to_bigquery_etl.create_raw_data_dataset scheduled__2025-06-26T02:00:00+00:00 [queued]>
[2025-06-27T06:20:16.314+0000] {taskinstance.py:2612} INFO - Dependencies all met for dep_context=requeueable deps ti=<TaskInstance: gcs_to_bigquery_etl.create_raw_data_dataset scheduled__2025-06-26T02:00:00+00:00 [queued]>
[2025-06-27T06:20:16.325+0000] {taskinstance.py:2865} INFO - Starting attempt 1 of 1
[2025-06-27T06:20:16.446+0000] {taskinstance.py:2888} INFO - Executing <Task(BigQueryCreateEmptyDatasetOperator): create_raw_data_dataset> on 2025-06-26 02:00:00+00:00
[2025-06-27T06:20:16.629+0000] {warnings.py:112} WARNING - /home/***/.local/lib/python3.12/site-packages/***/task/task_runner/standard_task_runner.py:70: DeprecationWarning: This process (pid=51) is multi-threaded, use of fork() may lead to deadlocks in the child.
  pid = os.fork()

[2025-06-27T06:20:16.657+0000] {standard_task_runner.py:72} INFO - Started process 83 to run task
[2025-06-27T06:20:16.672+0000] {standard_task_runner.py:104} INFO - Running: ['***', 'tasks', 'run', 'gcs_to_bigquery_etl', 'create_raw_data_dataset', 'scheduled__2025-06-26T02:00:00+00:00', '--job-id', '3', '--raw', '--subdir', 'DAGS_FOLDER/simple_etl_bigquery_ver3.py', '--cfg-path', '/tmp/tmptjzhezf_']
[2025-06-27T06:20:16.701+0000] {standard_task_runner.py:105} INFO - Job 3: Subtask create_raw_data_dataset
[2025-06-27T06:20:17.070+0000] {task_command.py:467} INFO - Running <TaskInstance: gcs_to_bigquery_etl.create_raw_data_dataset scheduled__2025-06-26T02:00:00+00:00 [running]> on host 4e2c61145aac
[2025-06-27T06:20:17.424+0000] {taskinstance.py:3131} INFO - Exporting env vars: AIRFLOW_CTX_DAG_OWNER='***' AIRFLOW_CTX_DAG_ID='gcs_to_bigquery_etl' AIRFLOW_CTX_TASK_ID='create_raw_data_dataset' AIRFLOW_CTX_EXECUTION_DATE='2025-06-26T02:00:00+00:00' AIRFLOW_CTX_TRY_NUMBER='1' AIRFLOW_CTX_DAG_RUN_ID='scheduled__2025-06-26T02:00:00+00:00'
[2025-06-27T06:20:17.447+0000] {taskinstance.py:731} INFO - ::endgroup::
[2025-06-27T06:20:17.499+0000] {connection.py:277} WARNING - Connection schemes (type: google_cloud_platform) shall not contain '_' according to RFC3986.
[2025-06-27T06:20:17.520+0000] {base.py:84} INFO - Retrieving connection 'google_cloud_default'
[2025-06-27T06:20:17.523+0000] {bigquery.py:533} INFO - datasetId was not specified in `dataset_reference`. Will use default value raw_data.
[2025-06-27T06:20:17.525+0000] {bigquery.py:533} INFO - projectId was not specified in `dataset_reference`. Will use default value sixth-topic-349709.
[2025-06-27T06:20:17.530+0000] {bigquery.py:544} INFO - Creating dataset: raw_data in project: sixth-topic-349709 
[2025-06-27T06:20:18.919+0000] {bigquery.py:548} INFO - Dataset created successfully.
[2025-06-27T06:20:19.134+0000] {taskinstance.py:340} INFO - ::group::Post task execution logs
[2025-06-27T06:20:19.145+0000] {taskinstance.py:352} INFO - Marking task as SUCCESS. dag_id=gcs_to_bigquery_etl, task_id=create_raw_data_dataset, run_id=scheduled__2025-06-26T02:00:00+00:00, execution_date=20250626T020000, start_date=20250627T062016, end_date=20250627T062019
[2025-06-27T06:20:19.281+0000] {local_task_job_runner.py:266} INFO - Task exited with return code 0
[2025-06-27T06:20:19.376+0000] {local_task_job_runner.py:245} INFO - ::endgroup::
[2025-06-27T06:32:20.321+0000] {local_task_job_runner.py:123} INFO - ::group::Pre task execution logs
[2025-06-27T06:32:20.399+0000] {taskinstance.py:2612} INFO - Dependencies all met for dep_context=non-requeueable deps ti=<TaskInstance: gcs_to_bigquery_etl.create_raw_data_dataset scheduled__2025-06-26T02:00:00+00:00 [queued]>
[2025-06-27T06:32:20.418+0000] {taskinstance.py:2612} INFO - Dependencies all met for dep_context=requeueable deps ti=<TaskInstance: gcs_to_bigquery_etl.create_raw_data_dataset scheduled__2025-06-26T02:00:00+00:00 [queued]>
[2025-06-27T06:32:20.420+0000] {taskinstance.py:2865} INFO - Starting attempt 1 of 1
[2025-06-27T06:32:20.457+0000] {taskinstance.py:2888} INFO - Executing <Task(BigQueryCreateEmptyDatasetOperator): create_raw_data_dataset> on 2025-06-26 02:00:00+00:00
[2025-06-27T06:32:20.528+0000] {warnings.py:112} WARNING - /home/***/.local/lib/python3.12/site-packages/***/task/task_runner/standard_task_runner.py:70: DeprecationWarning: This process (pid=56) is multi-threaded, use of fork() may lead to deadlocks in the child.
  pid = os.fork()

[2025-06-27T06:32:20.534+0000] {standard_task_runner.py:72} INFO - Started process 82 to run task
[2025-06-27T06:32:20.531+0000] {standard_task_runner.py:104} INFO - Running: ['***', 'tasks', 'run', 'gcs_to_bigquery_etl', 'create_raw_data_dataset', 'scheduled__2025-06-26T02:00:00+00:00', '--job-id', '3', '--raw', '--subdir', 'DAGS_FOLDER/simple_etl_bigquery_ver3.py', '--cfg-path', '/tmp/tmpawp0vl2s']
[2025-06-27T06:32:20.545+0000] {standard_task_runner.py:105} INFO - Job 3: Subtask create_raw_data_dataset
[2025-06-27T06:32:20.782+0000] {task_command.py:467} INFO - Running <TaskInstance: gcs_to_bigquery_etl.create_raw_data_dataset scheduled__2025-06-26T02:00:00+00:00 [running]> on host 9254d6815a5d
[2025-06-27T06:32:21.204+0000] {taskinstance.py:3131} INFO - Exporting env vars: AIRFLOW_CTX_DAG_OWNER='***' AIRFLOW_CTX_DAG_ID='gcs_to_bigquery_etl' AIRFLOW_CTX_TASK_ID='create_raw_data_dataset' AIRFLOW_CTX_EXECUTION_DATE='2025-06-26T02:00:00+00:00' AIRFLOW_CTX_TRY_NUMBER='1' AIRFLOW_CTX_DAG_RUN_ID='scheduled__2025-06-26T02:00:00+00:00'
[2025-06-27T06:32:21.247+0000] {taskinstance.py:731} INFO - ::endgroup::
[2025-06-27T06:32:21.309+0000] {connection.py:277} WARNING - Connection schemes (type: google_cloud_platform) shall not contain '_' according to RFC3986.
[2025-06-27T06:32:21.341+0000] {base.py:84} INFO - Retrieving connection 'google_cloud_default'
[2025-06-27T06:32:21.359+0000] {bigquery.py:533} INFO - datasetId was not specified in `dataset_reference`. Will use default value raw_data.
[2025-06-27T06:32:21.360+0000] {bigquery.py:533} INFO - projectId was not specified in `dataset_reference`. Will use default value sixth-topic-349709.
[2025-06-27T06:32:21.369+0000] {bigquery.py:544} INFO - Creating dataset: raw_data in project: sixth-topic-349709 
[2025-06-27T06:32:22.805+0000] {bigquery.py:548} INFO - Dataset created successfully.
[2025-06-27T06:32:22.945+0000] {taskinstance.py:340} INFO - ::group::Post task execution logs
[2025-06-27T06:32:22.953+0000] {taskinstance.py:352} INFO - Marking task as SUCCESS. dag_id=gcs_to_bigquery_etl, task_id=create_raw_data_dataset, run_id=scheduled__2025-06-26T02:00:00+00:00, execution_date=20250626T020000, start_date=20250627T063220, end_date=20250627T063222
[2025-06-27T06:32:23.146+0000] {local_task_job_runner.py:266} INFO - Task exited with return code 0
[2025-06-27T06:32:23.566+0000] {taskinstance.py:3900} INFO - 0 downstream tasks scheduled from follow-on schedule check
[2025-06-27T06:32:23.569+0000] {local_task_job_runner.py:245} INFO - ::endgroup::
