[2025-06-26T07:33:46.244+0000] {local_task_job_runner.py:123} INFO - ::group::Pre task execution logs
[2025-06-26T07:33:46.258+0000] {taskinstance.py:2612} INFO - Dependencies all met for dep_context=non-requeueable deps ti=<TaskInstance: ga4_raw_data_elt.start_task scheduled__2025-06-22T05:00:00+00:00 [queued]>
[2025-06-26T07:33:46.263+0000] {taskinstance.py:2612} INFO - Dependencies all met for dep_context=requeueable deps ti=<TaskInstance: ga4_raw_data_elt.start_task scheduled__2025-06-22T05:00:00+00:00 [queued]>
[2025-06-26T07:33:46.263+0000] {taskinstance.py:2865} INFO - Starting attempt 2 of 2
[2025-06-26T07:33:46.270+0000] {taskinstance.py:2888} INFO - Executing <Task(_PythonDecoratedOperator): start_task> on 2025-06-22 05:00:00+00:00
[2025-06-26T07:33:46.281+0000] {standard_task_runner.py:104} INFO - Running: ['***', 'tasks', 'run', 'ga4_raw_data_elt', 'start_task', 'scheduled__2025-06-22T05:00:00+00:00', '--job-id', '70', '--raw', '--subdir', 'DAGS_FOLDER/GA4_data_elt.py', '--cfg-path', '/tmp/tmpzuav65p3']
[2025-06-26T07:33:46.287+0000] {standard_task_runner.py:105} INFO - Job 70: Subtask start_task
[2025-06-26T07:33:46.294+0000] {logging_mixin.py:190} WARNING - /home/***/.local/lib/python3.12/site-packages/***/task/task_runner/standard_task_runner.py:70 DeprecationWarning: This process (pid=18928) is multi-threaded, use of fork() may lead to deadlocks in the child.
[2025-06-26T07:33:46.295+0000] {standard_task_runner.py:72} INFO - Started process 18930 to run task
[2025-06-26T07:33:46.320+0000] {task_command.py:467} INFO - Running <TaskInstance: ga4_raw_data_elt.start_task scheduled__2025-06-22T05:00:00+00:00 [running]> on host 76eadcdb3baf
[2025-06-26T07:33:46.542+0000] {taskinstance.py:3131} INFO - Exporting env vars: AIRFLOW_CTX_DAG_OWNER='***' AIRFLOW_CTX_DAG_ID='ga4_raw_data_elt' AIRFLOW_CTX_TASK_ID='start_task' AIRFLOW_CTX_EXECUTION_DATE='2025-06-22T05:00:00+00:00' AIRFLOW_CTX_TRY_NUMBER='2' AIRFLOW_CTX_DAG_RUN_ID='scheduled__2025-06-22T05:00:00+00:00'
[2025-06-26T07:33:46.543+0000] {taskinstance.py:731} INFO - ::endgroup::
[2025-06-26T07:33:46.544+0000] {logging_mixin.py:190} INFO - start
[2025-06-26T07:33:46.544+0000] {logging_mixin.py:190} INFO - ds: 2025-06-22
[2025-06-26T07:33:46.544+0000] {python.py:240} INFO - Done. Returned value was: None
[2025-06-26T07:33:46.549+0000] {taskinstance.py:340} INFO - ::group::Post task execution logs
[2025-06-26T07:33:46.550+0000] {taskinstance.py:352} INFO - Marking task as SUCCESS. dag_id=ga4_raw_data_elt, task_id=start_task, run_id=scheduled__2025-06-22T05:00:00+00:00, execution_date=20250622T050000, start_date=20250626T073346, end_date=20250626T073346
[2025-06-26T07:33:46.562+0000] {local_task_job_runner.py:266} INFO - Task exited with return code 0
[2025-06-26T07:33:46.577+0000] {taskinstance.py:3900} INFO - 1 downstream tasks scheduled from follow-on schedule check
[2025-06-26T07:33:46.578+0000] {local_task_job_runner.py:245} INFO - ::endgroup::
