[2025-06-27T01:59:06.109+0000] {local_task_job_runner.py:123} INFO - ::group::Pre task execution logs
[2025-06-27T01:59:06.119+0000] {taskinstance.py:2612} INFO - Dependencies all met for dep_context=non-requeueable deps ti=<TaskInstance: ga4_raw_data_elt.start_task manual__2025-06-27T01:59:04.204141+00:00 [queued]>
[2025-06-27T01:59:06.124+0000] {taskinstance.py:2612} INFO - Dependencies all met for dep_context=requeueable deps ti=<TaskInstance: ga4_raw_data_elt.start_task manual__2025-06-27T01:59:04.204141+00:00 [queued]>
[2025-06-27T01:59:06.124+0000] {taskinstance.py:2865} INFO - Starting attempt 1 of 1
[2025-06-27T01:59:06.134+0000] {taskinstance.py:2888} INFO - Executing <Task(_PythonDecoratedOperator): start_task> on 2025-06-27 01:59:04.204141+00:00
[2025-06-27T01:59:06.142+0000] {warnings.py:112} WARNING - /home/***/.local/lib/python3.12/site-packages/***/task/task_runner/standard_task_runner.py:70: DeprecationWarning: This process (pid=50) is multi-threaded, use of fork() may lead to deadlocks in the child.
  pid = os.fork()

[2025-06-27T01:59:06.147+0000] {standard_task_runner.py:72} INFO - Started process 52 to run task
[2025-06-27T01:59:06.146+0000] {standard_task_runner.py:104} INFO - Running: ['***', 'tasks', 'run', 'ga4_raw_data_elt', 'start_task', 'manual__2025-06-27T01:59:04.204141+00:00', '--job-id', '38', '--raw', '--subdir', 'DAGS_FOLDER/GA4_data_elt.py', '--cfg-path', '/tmp/tmpo9iinpej']
[2025-06-27T01:59:06.150+0000] {standard_task_runner.py:105} INFO - Job 38: Subtask start_task
[2025-06-27T01:59:06.191+0000] {task_command.py:467} INFO - Running <TaskInstance: ga4_raw_data_elt.start_task manual__2025-06-27T01:59:04.204141+00:00 [running]> on host 9cd2c6ca0862
[2025-06-27T01:59:06.242+0000] {taskinstance.py:3131} INFO - Exporting env vars: AIRFLOW_CTX_DAG_OWNER='***' AIRFLOW_CTX_DAG_ID='ga4_raw_data_elt' AIRFLOW_CTX_TASK_ID='start_task' AIRFLOW_CTX_EXECUTION_DATE='2025-06-27T01:59:04.204141+00:00' AIRFLOW_CTX_TRY_NUMBER='1' AIRFLOW_CTX_DAG_RUN_ID='manual__2025-06-27T01:59:04.204141+00:00'
[2025-06-27T01:59:06.243+0000] {taskinstance.py:731} INFO - ::endgroup::
[2025-06-27T01:59:06.246+0000] {logging_mixin.py:190} INFO - start
[2025-06-27T01:59:06.246+0000] {logging_mixin.py:190} INFO - ds: 2025-06-27
[2025-06-27T01:59:06.246+0000] {python.py:240} INFO - Done. Returned value was: None
[2025-06-27T01:59:06.251+0000] {taskinstance.py:340} INFO - ::group::Post task execution logs
[2025-06-27T01:59:06.252+0000] {taskinstance.py:352} INFO - Marking task as SUCCESS. dag_id=ga4_raw_data_elt, task_id=start_task, run_id=manual__2025-06-27T01:59:04.204141+00:00, execution_date=20250627T015904, start_date=20250627T015906, end_date=20250627T015906
[2025-06-27T01:59:06.291+0000] {local_task_job_runner.py:266} INFO - Task exited with return code 0
[2025-06-27T01:59:06.305+0000] {taskinstance.py:3900} INFO - 1 downstream tasks scheduled from follow-on schedule check
[2025-06-27T01:59:06.305+0000] {local_task_job_runner.py:245} INFO - ::endgroup::
