[2025-06-27T02:57:02.257+0000] {local_task_job_runner.py:123} INFO - ::group::Pre task execution logs
[2025-06-27T02:57:02.340+0000] {taskinstance.py:2612} INFO - Dependencies all met for dep_context=non-requeueable deps ti=<TaskInstance: ga4_raw_data_elt_v1.0.start_task scheduled__2024-01-06T05:00:00+00:00 [queued]>
[2025-06-27T02:57:02.373+0000] {taskinstance.py:2612} INFO - Dependencies all met for dep_context=requeueable deps ti=<TaskInstance: ga4_raw_data_elt_v1.0.start_task scheduled__2024-01-06T05:00:00+00:00 [queued]>
[2025-06-27T02:57:02.378+0000] {taskinstance.py:2865} INFO - Starting attempt 1 of 1
[2025-06-27T02:57:02.425+0000] {taskinstance.py:2888} INFO - Executing <Task(_PythonDecoratedOperator): start_task> on 2024-01-06 05:00:00+00:00
[2025-06-27T02:57:02.467+0000] {warnings.py:112} WARNING - /home/***/.local/lib/python3.12/site-packages/***/task/task_runner/standard_task_runner.py:70: DeprecationWarning: This process (pid=178) is multi-threaded, use of fork() may lead to deadlocks in the child.
  pid = os.fork()

[2025-06-27T02:57:02.471+0000] {standard_task_runner.py:72} INFO - Started process 208 to run task
[2025-06-27T02:57:02.519+0000] {standard_task_runner.py:104} INFO - Running: ['***', 'tasks', 'run', 'ga4_raw_data_elt_v1.0', 'start_task', 'scheduled__2024-01-06T05:00:00+00:00', '--job-id', '144', '--raw', '--subdir', 'DAGS_FOLDER/GA4_data_elt.py', '--cfg-path', '/tmp/tmp0_izxe3y']
[2025-06-27T02:57:02.534+0000] {standard_task_runner.py:105} INFO - Job 144: Subtask start_task
[2025-06-27T02:57:02.883+0000] {task_command.py:467} INFO - Running <TaskInstance: ga4_raw_data_elt_v1.0.start_task scheduled__2024-01-06T05:00:00+00:00 [running]> on host ba60ab6371e3
[2025-06-27T02:57:03.462+0000] {taskinstance.py:3131} INFO - Exporting env vars: AIRFLOW_CTX_DAG_OWNER='***' AIRFLOW_CTX_DAG_ID='ga4_raw_data_elt_v1.0' AIRFLOW_CTX_TASK_ID='start_task' AIRFLOW_CTX_EXECUTION_DATE='2024-01-06T05:00:00+00:00' AIRFLOW_CTX_TRY_NUMBER='1' AIRFLOW_CTX_DAG_RUN_ID='scheduled__2024-01-06T05:00:00+00:00'
[2025-06-27T02:57:03.518+0000] {taskinstance.py:731} INFO - ::endgroup::
[2025-06-27T02:57:03.566+0000] {logging_mixin.py:190} INFO - start
[2025-06-27T02:57:03.579+0000] {logging_mixin.py:190} INFO - ds: 2024-01-06
[2025-06-27T02:57:03.590+0000] {python.py:240} INFO - Done. Returned value was: None
[2025-06-27T02:57:03.667+0000] {taskinstance.py:340} INFO - ::group::Post task execution logs
[2025-06-27T02:57:03.671+0000] {taskinstance.py:352} INFO - Marking task as SUCCESS. dag_id=ga4_raw_data_elt_v1.0, task_id=start_task, run_id=scheduled__2024-01-06T05:00:00+00:00, execution_date=20240106T050000, start_date=20250627T025702, end_date=20250627T025703
[2025-06-27T02:57:03.860+0000] {local_task_job_runner.py:266} INFO - Task exited with return code 0
[2025-06-27T02:57:04.382+0000] {taskinstance.py:3900} INFO - 1 downstream tasks scheduled from follow-on schedule check
[2025-06-27T02:57:04.393+0000] {local_task_job_runner.py:245} INFO - ::endgroup::
