[2025-06-27T04:29:13.214+0000] {local_task_job_runner.py:123} INFO - ::group::Pre task execution logs
[2025-06-27T04:29:13.301+0000] {taskinstance.py:2612} INFO - Dependencies all met for dep_context=non-requeueable deps ti=<TaskInstance: ga4_raw_data_elt_v1.0.create_partitioned_table_if_not_exists scheduled__2025-04-30T05:00:00+00:00 [queued]>
[2025-06-27T04:29:13.333+0000] {taskinstance.py:2612} INFO - Dependencies all met for dep_context=requeueable deps ti=<TaskInstance: ga4_raw_data_elt_v1.0.create_partitioned_table_if_not_exists scheduled__2025-04-30T05:00:00+00:00 [queued]>
[2025-06-27T04:29:13.338+0000] {taskinstance.py:2865} INFO - Starting attempt 1 of 1
[2025-06-27T04:29:13.383+0000] {taskinstance.py:2888} INFO - Executing <Task(BigQueryInsertJobOperator): create_partitioned_table_if_not_exists> on 2025-04-30 05:00:00+00:00
[2025-06-27T04:29:13.422+0000] {warnings.py:112} WARNING - /home/***/.local/lib/python3.12/site-packages/***/task/task_runner/standard_task_runner.py:70: DeprecationWarning: This process (pid=2509) is multi-threaded, use of fork() may lead to deadlocks in the child.
  pid = os.fork()

[2025-06-27T04:29:13.433+0000] {standard_task_runner.py:72} INFO - Started process 2554 to run task
[2025-06-27T04:29:13.455+0000] {standard_task_runner.py:104} INFO - Running: ['***', 'tasks', 'run', 'ga4_raw_data_elt_v1.0', 'create_partitioned_table_if_not_exists', 'scheduled__2025-04-30T05:00:00+00:00', '--job-id', '622', '--raw', '--subdir', 'DAGS_FOLDER/GA4_data_elt.py', '--cfg-path', '/tmp/tmps7c05_c1']
[2025-06-27T04:29:13.471+0000] {standard_task_runner.py:105} INFO - Job 622: Subtask create_partitioned_table_if_not_exists
[2025-06-27T04:29:13.683+0000] {task_command.py:467} INFO - Running <TaskInstance: ga4_raw_data_elt_v1.0.create_partitioned_table_if_not_exists scheduled__2025-04-30T05:00:00+00:00 [running]> on host f79cc72a155d
[2025-06-27T04:29:13.896+0000] {taskinstance.py:3131} INFO - Exporting env vars: AIRFLOW_CTX_DAG_OWNER='***' AIRFLOW_CTX_DAG_ID='ga4_raw_data_elt_v1.0' AIRFLOW_CTX_TASK_ID='create_partitioned_table_if_not_exists' AIRFLOW_CTX_EXECUTION_DATE='2025-04-30T05:00:00+00:00' AIRFLOW_CTX_TRY_NUMBER='1' AIRFLOW_CTX_DAG_RUN_ID='scheduled__2025-04-30T05:00:00+00:00'
[2025-06-27T04:29:13.902+0000] {taskinstance.py:731} INFO - ::endgroup::
[2025-06-27T04:29:13.945+0000] {connection.py:277} WARNING - Connection schemes (type: google_cloud_platform) shall not contain '_' according to RFC3986.
[2025-06-27T04:29:13.960+0000] {base.py:84} INFO - Retrieving connection 'google_cloud_default'
[2025-06-27T04:29:14.091+0000] {bigquery.py:2957} INFO - Executing: {'query': {'query': '\n                    DECLARE dt STRING;\n                    DECLARE source_table_exists BOOL;\n\n                    SET dt = FORMAT_DATE(\'%Y%m%d\', DATE(\'2025-04-30\'));\n\n                    SET source_table_exists = (\n                    SELECT COUNT(*) > 0\n                    FROM `sixth-topic-349709.analytics_412203527.__TABLES__`\n                    WHERE table_id = FORMAT("events_%s", dt)\n                    );\n\n                    IF source_table_exists THEN\n                    EXECUTE IMMEDIATE FORMAT(\'\'\'\n                        CREATE TABLE IF NOT EXISTS `sixth-topic-349709.ga4_events.raw_data`\n                        PARTITION BY partition_date\n                        AS\n                        SELECT *, PARSE_DATE(\'%%Y%%m%%d\', event_date) AS partition_date\n                        FROM `sixth-topic-349709.analytics_412203527.events_%s`\n                        WHERE FALSE\n                    \'\'\', dt);\n                    END IF;\n                ', 'useLegacySql': False}}'
[2025-06-27T04:29:14.103+0000] {bigquery.py:1702} INFO - Inserting job ***_ga4_raw_data_elt_v1_0_create_partitioned_table_if_not_exists_2025_04_30T05_00_00_00_00_b263208227d690a213482f31ab5bb135
[2025-06-27T04:29:16.110+0000] {taskinstance.py:340} INFO - ::group::Post task execution logs
[2025-06-27T04:29:16.115+0000] {taskinstance.py:352} INFO - Marking task as SUCCESS. dag_id=ga4_raw_data_elt_v1.0, task_id=create_partitioned_table_if_not_exists, run_id=scheduled__2025-04-30T05:00:00+00:00, execution_date=20250430T050000, start_date=20250627T042913, end_date=20250627T042916
[2025-06-27T04:29:16.149+0000] {local_task_job_runner.py:266} INFO - Task exited with return code 0
[2025-06-27T04:29:16.217+0000] {taskinstance.py:3900} INFO - 1 downstream tasks scheduled from follow-on schedule check
[2025-06-27T04:29:16.221+0000] {local_task_job_runner.py:245} INFO - ::endgroup::
