[2025-06-27T01:59:11.219+0000] {local_task_job_runner.py:123} INFO - ::group::Pre task execution logs
[2025-06-27T01:59:11.227+0000] {taskinstance.py:2612} INFO - Dependencies all met for dep_context=non-requeueable deps ti=<TaskInstance: ga4_raw_data_elt.create_partitioned_table_if_not_exists manual__2025-06-27T01:59:04.204141+00:00 [queued]>
[2025-06-27T01:59:11.232+0000] {taskinstance.py:2612} INFO - Dependencies all met for dep_context=requeueable deps ti=<TaskInstance: ga4_raw_data_elt.create_partitioned_table_if_not_exists manual__2025-06-27T01:59:04.204141+00:00 [queued]>
[2025-06-27T01:59:11.233+0000] {taskinstance.py:2865} INFO - Starting attempt 1 of 1
[2025-06-27T01:59:11.242+0000] {taskinstance.py:2888} INFO - Executing <Task(BigQueryInsertJobOperator): create_partitioned_table_if_not_exists> on 2025-06-27 01:59:04.204141+00:00
[2025-06-27T01:59:11.248+0000] {warnings.py:112} WARNING - /home/***/.local/lib/python3.12/site-packages/***/task/task_runner/standard_task_runner.py:70: DeprecationWarning: This process (pid=58) is multi-threaded, use of fork() may lead to deadlocks in the child.
  pid = os.fork()

[2025-06-27T01:59:11.249+0000] {standard_task_runner.py:72} INFO - Started process 60 to run task
[2025-06-27T01:59:11.250+0000] {standard_task_runner.py:104} INFO - Running: ['***', 'tasks', 'run', 'ga4_raw_data_elt', 'create_partitioned_table_if_not_exists', 'manual__2025-06-27T01:59:04.204141+00:00', '--job-id', '40', '--raw', '--subdir', 'DAGS_FOLDER/GA4_data_elt.py', '--cfg-path', '/tmp/tmpy4dcvcld']
[2025-06-27T01:59:11.252+0000] {standard_task_runner.py:105} INFO - Job 40: Subtask create_partitioned_table_if_not_exists
[2025-06-27T01:59:11.276+0000] {task_command.py:467} INFO - Running <TaskInstance: ga4_raw_data_elt.create_partitioned_table_if_not_exists manual__2025-06-27T01:59:04.204141+00:00 [running]> on host 9cd2c6ca0862
[2025-06-27T01:59:11.321+0000] {taskinstance.py:3131} INFO - Exporting env vars: AIRFLOW_CTX_DAG_OWNER='***' AIRFLOW_CTX_DAG_ID='ga4_raw_data_elt' AIRFLOW_CTX_TASK_ID='create_partitioned_table_if_not_exists' AIRFLOW_CTX_EXECUTION_DATE='2025-06-27T01:59:04.204141+00:00' AIRFLOW_CTX_TRY_NUMBER='1' AIRFLOW_CTX_DAG_RUN_ID='manual__2025-06-27T01:59:04.204141+00:00'
[2025-06-27T01:59:11.322+0000] {taskinstance.py:731} INFO - ::endgroup::
[2025-06-27T01:59:11.328+0000] {connection.py:277} WARNING - Connection schemes (type: google_cloud_platform) shall not contain '_' according to RFC3986.
[2025-06-27T01:59:11.334+0000] {base.py:84} INFO - Retrieving connection 'google_cloud_default'
[2025-06-27T01:59:11.372+0000] {bigquery.py:2957} INFO - Executing: {'query': {'query': '\n                    DECLARE dt STRING;\n                    DECLARE source_table_exists BOOL;\n\n                    SET dt = FORMAT_DATE(\'%Y%m%d\', DATE_SUB(DATE(\'2025-06-27\'), INTERVAL 1 DAY));\n\n                    SET source_table_exists = (\n                    SELECT COUNT(*) > 0\n                    FROM `sixth-topic-349709.analytics_412203527.__TABLES__`\n                    WHERE table_id = FORMAT("events_%s", dt)\n                    );\n\n                    IF source_table_exists THEN\n                    EXECUTE IMMEDIATE FORMAT(\'\'\'\n                        CREATE TABLE IF NOT EXISTS `sixth-topic-349709.ga4_events.raw_data`\n                        PARTITION BY partition_date\n                        AS\n                        SELECT *, PARSE_DATE(\'%%Y%%m%%d\', event_date) AS partition_date\n                        FROM `sixth-topic-349709.analytics_412203527.events_%s`\n                        WHERE FALSE\n                    \'\'\', dt);\n                    END IF;\n                ', 'useLegacySql': False}}'
[2025-06-27T01:59:11.373+0000] {bigquery.py:1702} INFO - Inserting job ***_ga4_raw_data_elt_create_partitioned_table_if_not_exists_2025_06_27T01_59_04_204141_00_00_26654af075497b962586ae8b79abbc28
[2025-06-27T01:59:13.695+0000] {taskinstance.py:340} INFO - ::group::Post task execution logs
[2025-06-27T01:59:13.696+0000] {taskinstance.py:352} INFO - Marking task as SUCCESS. dag_id=ga4_raw_data_elt, task_id=create_partitioned_table_if_not_exists, run_id=manual__2025-06-27T01:59:04.204141+00:00, execution_date=20250627T015904, start_date=20250627T015911, end_date=20250627T015913
[2025-06-27T01:59:13.717+0000] {local_task_job_runner.py:266} INFO - Task exited with return code 0
[2025-06-27T01:59:13.738+0000] {taskinstance.py:3900} INFO - 1 downstream tasks scheduled from follow-on schedule check
[2025-06-27T01:59:13.739+0000] {local_task_job_runner.py:245} INFO - ::endgroup::
