[2025-06-27T02:54:51.574+0000] {local_task_job_runner.py:123} INFO - ::group::Pre task execution logs
[2025-06-27T02:54:51.593+0000] {taskinstance.py:2612} INFO - Dependencies all met for dep_context=non-requeueable deps ti=<TaskInstance: ga4_raw_data_elt_v1.0.start_task scheduled__2025-06-23T05:00:00+00:00 [queued]>
[2025-06-27T02:54:51.604+0000] {taskinstance.py:2612} INFO - Dependencies all met for dep_context=requeueable deps ti=<TaskInstance: ga4_raw_data_elt_v1.0.start_task scheduled__2025-06-23T05:00:00+00:00 [queued]>
[2025-06-27T02:54:51.604+0000] {taskinstance.py:2865} INFO - Starting attempt 1 of 1
[2025-06-27T02:54:51.635+0000] {taskinstance.py:2888} INFO - Executing <Task(_PythonDecoratedOperator): start_task> on 2025-06-23 05:00:00+00:00
[2025-06-27T02:54:51.669+0000] {warnings.py:112} WARNING - /home/***/.local/lib/python3.12/site-packages/***/task/task_runner/standard_task_runner.py:70: DeprecationWarning: This process (pid=54) is multi-threaded, use of fork() may lead to deadlocks in the child.
  pid = os.fork()

[2025-06-27T02:54:51.673+0000] {standard_task_runner.py:72} INFO - Started process 69 to run task
[2025-06-27T02:54:51.674+0000] {standard_task_runner.py:104} INFO - Running: ['***', 'tasks', 'run', 'ga4_raw_data_elt_v1.0', 'start_task', 'scheduled__2025-06-23T05:00:00+00:00', '--job-id', '114', '--raw', '--subdir', 'DAGS_FOLDER/GA4_data_elt.py', '--cfg-path', '/tmp/tmpp0hs74ar']
[2025-06-27T02:54:51.678+0000] {standard_task_runner.py:105} INFO - Job 114: Subtask start_task
[2025-06-27T02:54:51.733+0000] {task_command.py:467} INFO - Running <TaskInstance: ga4_raw_data_elt_v1.0.start_task scheduled__2025-06-23T05:00:00+00:00 [running]> on host ba60ab6371e3
[2025-06-27T02:54:51.784+0000] {taskinstance.py:3131} INFO - Exporting env vars: AIRFLOW_CTX_DAG_OWNER='***' AIRFLOW_CTX_DAG_ID='ga4_raw_data_elt_v1.0' AIRFLOW_CTX_TASK_ID='start_task' AIRFLOW_CTX_EXECUTION_DATE='2025-06-23T05:00:00+00:00' AIRFLOW_CTX_TRY_NUMBER='1' AIRFLOW_CTX_DAG_RUN_ID='scheduled__2025-06-23T05:00:00+00:00'
[2025-06-27T02:54:51.786+0000] {taskinstance.py:731} INFO - ::endgroup::
[2025-06-27T02:54:51.790+0000] {logging_mixin.py:190} INFO - start
[2025-06-27T02:54:51.790+0000] {logging_mixin.py:190} INFO - ds: 2025-06-23
[2025-06-27T02:54:51.790+0000] {python.py:240} INFO - Done. Returned value was: None
[2025-06-27T02:54:51.798+0000] {taskinstance.py:340} INFO - ::group::Post task execution logs
[2025-06-27T02:54:51.799+0000] {taskinstance.py:352} INFO - Marking task as SUCCESS. dag_id=ga4_raw_data_elt_v1.0, task_id=start_task, run_id=scheduled__2025-06-23T05:00:00+00:00, execution_date=20250623T050000, start_date=20250627T025451, end_date=20250627T025451
[2025-06-27T02:54:51.815+0000] {local_task_job_runner.py:266} INFO - Task exited with return code 0
[2025-06-27T02:54:51.832+0000] {taskinstance.py:3900} INFO - 1 downstream tasks scheduled from follow-on schedule check
[2025-06-27T02:54:51.839+0000] {local_task_job_runner.py:245} INFO - ::endgroup::
[2025-06-27T04:31:54.071+0000] {local_task_job_runner.py:123} INFO - ::group::Pre task execution logs
[2025-06-27T04:31:54.124+0000] {taskinstance.py:2612} INFO - Dependencies all met for dep_context=non-requeueable deps ti=<TaskInstance: ga4_raw_data_elt_v1.0.start_task scheduled__2025-06-23T05:00:00+00:00 [queued]>
[2025-06-27T04:31:54.143+0000] {taskinstance.py:2612} INFO - Dependencies all met for dep_context=requeueable deps ti=<TaskInstance: ga4_raw_data_elt_v1.0.start_task scheduled__2025-06-23T05:00:00+00:00 [queued]>
[2025-06-27T04:31:54.143+0000] {taskinstance.py:2865} INFO - Starting attempt 1 of 1
[2025-06-27T04:31:54.286+0000] {taskinstance.py:2888} INFO - Executing <Task(_PythonDecoratedOperator): start_task> on 2025-06-23 05:00:00+00:00
[2025-06-27T04:31:54.329+0000] {warnings.py:112} WARNING - /home/***/.local/lib/python3.12/site-packages/***/task/task_runner/standard_task_runner.py:70: DeprecationWarning: This process (pid=3376) is multi-threaded, use of fork() may lead to deadlocks in the child.
  pid = os.fork()

[2025-06-27T04:31:54.340+0000] {standard_task_runner.py:72} INFO - Started process 3413 to run task
[2025-06-27T04:31:54.351+0000] {standard_task_runner.py:104} INFO - Running: ['***', 'tasks', 'run', 'ga4_raw_data_elt_v1.0', 'start_task', 'scheduled__2025-06-23T05:00:00+00:00', '--job-id', '840', '--raw', '--subdir', 'DAGS_FOLDER/GA4_data_elt.py', '--cfg-path', '/tmp/tmprj0f8bnc']
[2025-06-27T04:31:54.387+0000] {standard_task_runner.py:105} INFO - Job 840: Subtask start_task
[2025-06-27T04:31:54.564+0000] {task_command.py:467} INFO - Running <TaskInstance: ga4_raw_data_elt_v1.0.start_task scheduled__2025-06-23T05:00:00+00:00 [running]> on host f79cc72a155d
[2025-06-27T04:31:54.734+0000] {taskinstance.py:3131} INFO - Exporting env vars: AIRFLOW_CTX_DAG_OWNER='***' AIRFLOW_CTX_DAG_ID='ga4_raw_data_elt_v1.0' AIRFLOW_CTX_TASK_ID='start_task' AIRFLOW_CTX_EXECUTION_DATE='2025-06-23T05:00:00+00:00' AIRFLOW_CTX_TRY_NUMBER='1' AIRFLOW_CTX_DAG_RUN_ID='scheduled__2025-06-23T05:00:00+00:00'
[2025-06-27T04:31:54.742+0000] {taskinstance.py:731} INFO - ::endgroup::
[2025-06-27T04:31:54.754+0000] {logging_mixin.py:190} INFO - start
[2025-06-27T04:31:54.759+0000] {logging_mixin.py:190} INFO - ds: 2025-06-23
[2025-06-27T04:31:54.759+0000] {python.py:240} INFO - Done. Returned value was: None
[2025-06-27T04:31:54.793+0000] {taskinstance.py:340} INFO - ::group::Post task execution logs
[2025-06-27T04:31:54.795+0000] {taskinstance.py:352} INFO - Marking task as SUCCESS. dag_id=ga4_raw_data_elt_v1.0, task_id=start_task, run_id=scheduled__2025-06-23T05:00:00+00:00, execution_date=20250623T050000, start_date=20250627T043154, end_date=20250627T043154
[2025-06-27T04:31:54.845+0000] {local_task_job_runner.py:266} INFO - Task exited with return code 0
[2025-06-27T04:31:54.958+0000] {taskinstance.py:3900} INFO - 1 downstream tasks scheduled from follow-on schedule check
[2025-06-27T04:31:54.969+0000] {local_task_job_runner.py:245} INFO - ::endgroup::
