[2025-06-27T00:53:25.168+0000] {local_task_job_runner.py:123} INFO - ::group::Pre task execution logs
[2025-06-27T00:53:25.179+0000] {taskinstance.py:2612} INFO - Dependencies all met for dep_context=non-requeueable deps ti=<TaskInstance: ga4_raw_data_elt.end_task scheduled__2025-06-25T05:00:00+00:00 [queued]>
[2025-06-27T00:53:25.185+0000] {taskinstance.py:2612} INFO - Dependencies all met for dep_context=requeueable deps ti=<TaskInstance: ga4_raw_data_elt.end_task scheduled__2025-06-25T05:00:00+00:00 [queued]>
[2025-06-27T00:53:25.185+0000] {taskinstance.py:2865} INFO - Starting attempt 1 of 1
[2025-06-27T00:53:25.193+0000] {taskinstance.py:2888} INFO - Executing <Task(_PythonDecoratedOperator): end_task> on 2025-06-25 05:00:00+00:00
[2025-06-27T00:53:25.200+0000] {warnings.py:112} WARNING - /home/***/.local/lib/python3.12/site-packages/***/task/task_runner/standard_task_runner.py:70: DeprecationWarning: This process (pid=170) is multi-threaded, use of fork() may lead to deadlocks in the child.
  pid = os.fork()

[2025-06-27T00:53:25.201+0000] {standard_task_runner.py:72} INFO - Started process 174 to run task
[2025-06-27T00:53:25.201+0000] {standard_task_runner.py:104} INFO - Running: ['***', 'tasks', 'run', 'ga4_raw_data_elt', 'end_task', 'scheduled__2025-06-25T05:00:00+00:00', '--job-id', '33', '--raw', '--subdir', 'DAGS_FOLDER/GA4_data_elt.py', '--cfg-path', '/tmp/tmplcuwjdaq']
[2025-06-27T00:53:25.204+0000] {standard_task_runner.py:105} INFO - Job 33: Subtask end_task
[2025-06-27T00:53:25.235+0000] {task_command.py:467} INFO - Running <TaskInstance: ga4_raw_data_elt.end_task scheduled__2025-06-25T05:00:00+00:00 [running]> on host 9cd2c6ca0862
[2025-06-27T00:53:25.290+0000] {taskinstance.py:3131} INFO - Exporting env vars: AIRFLOW_CTX_DAG_OWNER='***' AIRFLOW_CTX_DAG_ID='ga4_raw_data_elt' AIRFLOW_CTX_TASK_ID='end_task' AIRFLOW_CTX_EXECUTION_DATE='2025-06-25T05:00:00+00:00' AIRFLOW_CTX_TRY_NUMBER='1' AIRFLOW_CTX_DAG_RUN_ID='scheduled__2025-06-25T05:00:00+00:00'
[2025-06-27T00:53:25.291+0000] {taskinstance.py:731} INFO - ::endgroup::
[2025-06-27T00:53:25.293+0000] {logging_mixin.py:190} INFO - end
[2025-06-27T00:53:25.293+0000] {python.py:240} INFO - Done. Returned value was: None
[2025-06-27T00:53:25.299+0000] {taskinstance.py:340} INFO - ::group::Post task execution logs
[2025-06-27T00:53:25.299+0000] {taskinstance.py:352} INFO - Marking task as SUCCESS. dag_id=ga4_raw_data_elt, task_id=end_task, run_id=scheduled__2025-06-25T05:00:00+00:00, execution_date=20250625T050000, start_date=20250627T005325, end_date=20250627T005325
[2025-06-27T00:53:25.343+0000] {local_task_job_runner.py:266} INFO - Task exited with return code 0
[2025-06-27T00:53:25.353+0000] {taskinstance.py:3900} INFO - 0 downstream tasks scheduled from follow-on schedule check
[2025-06-27T00:53:25.354+0000] {local_task_job_runner.py:245} INFO - ::endgroup::
[2025-06-27T02:51:14.351+0000] {local_task_job_runner.py:123} INFO - ::group::Pre task execution logs
[2025-06-27T02:51:14.359+0000] {taskinstance.py:2612} INFO - Dependencies all met for dep_context=non-requeueable deps ti=<TaskInstance: ga4_raw_data_elt.end_task scheduled__2025-06-25T05:00:00+00:00 [queued]>
[2025-06-27T02:51:14.363+0000] {taskinstance.py:2612} INFO - Dependencies all met for dep_context=requeueable deps ti=<TaskInstance: ga4_raw_data_elt.end_task scheduled__2025-06-25T05:00:00+00:00 [queued]>
[2025-06-27T02:51:14.363+0000] {taskinstance.py:2865} INFO - Starting attempt 1 of 1
[2025-06-27T02:51:14.370+0000] {taskinstance.py:2888} INFO - Executing <Task(_PythonDecoratedOperator): end_task> on 2025-06-25 05:00:00+00:00
[2025-06-27T02:51:14.374+0000] {warnings.py:112} WARNING - /home/***/.local/lib/python3.12/site-packages/***/task/task_runner/standard_task_runner.py:70: DeprecationWarning: This process (pid=146) is multi-threaded, use of fork() may lead to deadlocks in the child.
  pid = os.fork()

[2025-06-27T02:51:14.376+0000] {standard_task_runner.py:72} INFO - Started process 148 to run task
[2025-06-27T02:51:14.376+0000] {standard_task_runner.py:104} INFO - Running: ['***', 'tasks', 'run', 'ga4_raw_data_elt', 'end_task', 'scheduled__2025-06-25T05:00:00+00:00', '--job-id', '102', '--raw', '--subdir', 'DAGS_FOLDER/GA4_data_elt.py', '--cfg-path', '/tmp/tmp3i_1t3vh']
[2025-06-27T02:51:14.378+0000] {standard_task_runner.py:105} INFO - Job 102: Subtask end_task
[2025-06-27T02:51:14.402+0000] {task_command.py:467} INFO - Running <TaskInstance: ga4_raw_data_elt.end_task scheduled__2025-06-25T05:00:00+00:00 [running]> on host ba60ab6371e3
[2025-06-27T02:51:14.440+0000] {taskinstance.py:3131} INFO - Exporting env vars: AIRFLOW_CTX_DAG_OWNER='***' AIRFLOW_CTX_DAG_ID='ga4_raw_data_elt' AIRFLOW_CTX_TASK_ID='end_task' AIRFLOW_CTX_EXECUTION_DATE='2025-06-25T05:00:00+00:00' AIRFLOW_CTX_TRY_NUMBER='1' AIRFLOW_CTX_DAG_RUN_ID='scheduled__2025-06-25T05:00:00+00:00'
[2025-06-27T02:51:14.444+0000] {taskinstance.py:731} INFO - ::endgroup::
[2025-06-27T02:51:14.449+0000] {logging_mixin.py:190} INFO - end
[2025-06-27T02:51:14.449+0000] {python.py:240} INFO - Done. Returned value was: None
[2025-06-27T02:51:14.455+0000] {taskinstance.py:340} INFO - ::group::Post task execution logs
[2025-06-27T02:51:14.456+0000] {taskinstance.py:352} INFO - Marking task as SUCCESS. dag_id=ga4_raw_data_elt, task_id=end_task, run_id=scheduled__2025-06-25T05:00:00+00:00, execution_date=20250625T050000, start_date=20250627T025114, end_date=20250627T025114
[2025-06-27T02:51:14.474+0000] {local_task_job_runner.py:266} INFO - Task exited with return code 0
[2025-06-27T02:51:14.483+0000] {taskinstance.py:3900} INFO - 0 downstream tasks scheduled from follow-on schedule check
[2025-06-27T02:51:14.484+0000] {local_task_job_runner.py:245} INFO - ::endgroup::
