[2025-06-27T00:52:54.935+0000] {local_task_job_runner.py:123} INFO - ::group::Pre task execution logs
[2025-06-27T00:52:54.949+0000] {taskinstance.py:2612} INFO - Dependencies all met for dep_context=non-requeueable deps ti=<TaskInstance: ga4_raw_data_elt.create_ga4_events_dataset scheduled__2025-06-23T05:00:00+00:00 [queued]>
[2025-06-27T00:52:54.958+0000] {taskinstance.py:2612} INFO - Dependencies all met for dep_context=requeueable deps ti=<TaskInstance: ga4_raw_data_elt.create_ga4_events_dataset scheduled__2025-06-23T05:00:00+00:00 [queued]>
[2025-06-27T00:52:54.959+0000] {taskinstance.py:2865} INFO - Starting attempt 1 of 1
[2025-06-27T00:52:54.970+0000] {taskinstance.py:2888} INFO - Executing <Task(BigQueryCreateEmptyDatasetOperator): create_ga4_events_dataset> on 2025-06-23 05:00:00+00:00
[2025-06-27T00:52:54.977+0000] {warnings.py:112} WARNING - /home/***/.local/lib/python3.12/site-packages/***/task/task_runner/standard_task_runner.py:70: DeprecationWarning: This process (pid=82) is multi-threaded, use of fork() may lead to deadlocks in the child.
  pid = os.fork()

[2025-06-27T00:52:54.980+0000] {standard_task_runner.py:72} INFO - Started process 94 to run task
[2025-06-27T00:52:54.980+0000] {standard_task_runner.py:104} INFO - Running: ['***', 'tasks', 'run', 'ga4_raw_data_elt', 'create_ga4_events_dataset', 'scheduled__2025-06-23T05:00:00+00:00', '--job-id', '12', '--raw', '--subdir', 'DAGS_FOLDER/GA4_data_elt.py', '--cfg-path', '/tmp/tmp5kd5hnbu']
[2025-06-27T00:52:54.986+0000] {standard_task_runner.py:105} INFO - Job 12: Subtask create_ga4_events_dataset
[2025-06-27T00:52:55.072+0000] {task_command.py:467} INFO - Running <TaskInstance: ga4_raw_data_elt.create_ga4_events_dataset scheduled__2025-06-23T05:00:00+00:00 [running]> on host 9cd2c6ca0862
[2025-06-27T00:52:55.167+0000] {taskinstance.py:3131} INFO - Exporting env vars: AIRFLOW_CTX_DAG_OWNER='***' AIRFLOW_CTX_DAG_ID='ga4_raw_data_elt' AIRFLOW_CTX_TASK_ID='create_ga4_events_dataset' AIRFLOW_CTX_EXECUTION_DATE='2025-06-23T05:00:00+00:00' AIRFLOW_CTX_TRY_NUMBER='1' AIRFLOW_CTX_DAG_RUN_ID='scheduled__2025-06-23T05:00:00+00:00'
[2025-06-27T00:52:55.171+0000] {taskinstance.py:731} INFO - ::endgroup::
[2025-06-27T00:52:55.183+0000] {connection.py:277} WARNING - Connection schemes (type: google_cloud_platform) shall not contain '_' according to RFC3986.
[2025-06-27T00:52:55.194+0000] {base.py:84} INFO - Retrieving connection 'google_cloud_default'
[2025-06-27T00:52:55.195+0000] {bigquery.py:533} INFO - datasetId was not specified in `dataset_reference`. Will use default value ga4_events.
[2025-06-27T00:52:55.195+0000] {bigquery.py:533} INFO - projectId was not specified in `dataset_reference`. Will use default value sixth-topic-349709.
[2025-06-27T00:52:55.196+0000] {bigquery.py:544} INFO - Creating dataset: ga4_events in project: sixth-topic-349709 
[2025-06-27T00:52:56.739+0000] {bigquery.py:548} INFO - Dataset created successfully.
[2025-06-27T00:52:56.793+0000] {taskinstance.py:340} INFO - ::group::Post task execution logs
[2025-06-27T00:52:56.793+0000] {taskinstance.py:352} INFO - Marking task as SUCCESS. dag_id=ga4_raw_data_elt, task_id=create_ga4_events_dataset, run_id=scheduled__2025-06-23T05:00:00+00:00, execution_date=20250623T050000, start_date=20250627T005254, end_date=20250627T005256
[2025-06-27T00:52:56.833+0000] {local_task_job_runner.py:266} INFO - Task exited with return code 0
[2025-06-27T00:52:56.885+0000] {taskinstance.py:3900} INFO - 1 downstream tasks scheduled from follow-on schedule check
[2025-06-27T00:52:56.888+0000] {local_task_job_runner.py:245} INFO - ::endgroup::
[2025-06-27T02:50:51.893+0000] {local_task_job_runner.py:123} INFO - ::group::Pre task execution logs
[2025-06-27T02:50:51.903+0000] {taskinstance.py:2612} INFO - Dependencies all met for dep_context=non-requeueable deps ti=<TaskInstance: ga4_raw_data_elt.create_ga4_events_dataset scheduled__2025-06-23T05:00:00+00:00 [queued]>
[2025-06-27T02:50:51.907+0000] {taskinstance.py:2612} INFO - Dependencies all met for dep_context=requeueable deps ti=<TaskInstance: ga4_raw_data_elt.create_ga4_events_dataset scheduled__2025-06-23T05:00:00+00:00 [queued]>
[2025-06-27T02:50:51.908+0000] {taskinstance.py:2865} INFO - Starting attempt 1 of 1
[2025-06-27T02:50:51.916+0000] {taskinstance.py:2888} INFO - Executing <Task(BigQueryCreateEmptyDatasetOperator): create_ga4_events_dataset> on 2025-06-23 05:00:00+00:00
[2025-06-27T02:50:51.921+0000] {warnings.py:112} WARNING - /home/***/.local/lib/python3.12/site-packages/***/task/task_runner/standard_task_runner.py:70: DeprecationWarning: This process (pid=78) is multi-threaded, use of fork() may lead to deadlocks in the child.
  pid = os.fork()

[2025-06-27T02:50:51.922+0000] {standard_task_runner.py:72} INFO - Started process 92 to run task
[2025-06-27T02:50:51.922+0000] {standard_task_runner.py:104} INFO - Running: ['***', 'tasks', 'run', 'ga4_raw_data_elt', 'create_ga4_events_dataset', 'scheduled__2025-06-23T05:00:00+00:00', '--job-id', '87', '--raw', '--subdir', 'DAGS_FOLDER/GA4_data_elt.py', '--cfg-path', '/tmp/tmpyac6khph']
[2025-06-27T02:50:51.924+0000] {standard_task_runner.py:105} INFO - Job 87: Subtask create_ga4_events_dataset
[2025-06-27T02:50:51.953+0000] {task_command.py:467} INFO - Running <TaskInstance: ga4_raw_data_elt.create_ga4_events_dataset scheduled__2025-06-23T05:00:00+00:00 [running]> on host ba60ab6371e3
[2025-06-27T02:50:51.997+0000] {taskinstance.py:3131} INFO - Exporting env vars: AIRFLOW_CTX_DAG_OWNER='***' AIRFLOW_CTX_DAG_ID='ga4_raw_data_elt' AIRFLOW_CTX_TASK_ID='create_ga4_events_dataset' AIRFLOW_CTX_EXECUTION_DATE='2025-06-23T05:00:00+00:00' AIRFLOW_CTX_TRY_NUMBER='1' AIRFLOW_CTX_DAG_RUN_ID='scheduled__2025-06-23T05:00:00+00:00'
[2025-06-27T02:50:51.998+0000] {taskinstance.py:731} INFO - ::endgroup::
[2025-06-27T02:50:52.004+0000] {connection.py:277} WARNING - Connection schemes (type: google_cloud_platform) shall not contain '_' according to RFC3986.
[2025-06-27T02:50:52.006+0000] {base.py:84} INFO - Retrieving connection 'google_cloud_default'
[2025-06-27T02:50:52.007+0000] {bigquery.py:533} INFO - datasetId was not specified in `dataset_reference`. Will use default value ga4_events.
[2025-06-27T02:50:52.007+0000] {bigquery.py:533} INFO - projectId was not specified in `dataset_reference`. Will use default value sixth-topic-349709.
[2025-06-27T02:50:52.007+0000] {bigquery.py:544} INFO - Creating dataset: ga4_events in project: sixth-topic-349709 
[2025-06-27T02:50:53.172+0000] {bigquery.py:548} INFO - Dataset created successfully.
[2025-06-27T02:50:53.206+0000] {taskinstance.py:340} INFO - ::group::Post task execution logs
[2025-06-27T02:50:53.207+0000] {taskinstance.py:352} INFO - Marking task as SUCCESS. dag_id=ga4_raw_data_elt, task_id=create_ga4_events_dataset, run_id=scheduled__2025-06-23T05:00:00+00:00, execution_date=20250623T050000, start_date=20250627T025051, end_date=20250627T025053
[2025-06-27T02:50:53.226+0000] {local_task_job_runner.py:266} INFO - Task exited with return code 0
[2025-06-27T02:50:53.250+0000] {taskinstance.py:3900} INFO - 1 downstream tasks scheduled from follow-on schedule check
[2025-06-27T02:50:53.251+0000] {local_task_job_runner.py:245} INFO - ::endgroup::
