[2025-06-27T02:06:09.161+0000] {local_task_job_runner.py:123} INFO - ::group::Pre task execution logs
[2025-06-27T02:06:09.186+0000] {taskinstance.py:2612} INFO - Dependencies all met for dep_context=non-requeueable deps ti=<TaskInstance: ga4_raw_data_elt.start_task scheduled__2025-06-25T02:07:00+00:00 [queued]>
[2025-06-27T02:06:09.200+0000] {taskinstance.py:2612} INFO - Dependencies all met for dep_context=requeueable deps ti=<TaskInstance: ga4_raw_data_elt.start_task scheduled__2025-06-25T02:07:00+00:00 [queued]>
[2025-06-27T02:06:09.202+0000] {taskinstance.py:2865} INFO - Starting attempt 1 of 1
[2025-06-27T02:06:09.240+0000] {taskinstance.py:2888} INFO - Executing <Task(_PythonDecoratedOperator): start_task> on 2025-06-25 02:07:00+00:00
[2025-06-27T02:06:09.267+0000] {warnings.py:112} WARNING - /home/***/.local/lib/python3.12/site-packages/***/task/task_runner/standard_task_runner.py:70: DeprecationWarning: This process (pid=60) is multi-threaded, use of fork() may lead to deadlocks in the child.
  pid = os.fork()

[2025-06-27T02:06:09.280+0000] {standard_task_runner.py:72} INFO - Started process 71 to run task
[2025-06-27T02:06:09.278+0000] {standard_task_runner.py:104} INFO - Running: ['***', 'tasks', 'run', 'ga4_raw_data_elt', 'start_task', 'scheduled__2025-06-25T02:07:00+00:00', '--job-id', '7', '--raw', '--subdir', 'DAGS_FOLDER/GA4_data_elt.py', '--cfg-path', '/tmp/tmpvgurj0p6']
[2025-06-27T02:06:09.291+0000] {standard_task_runner.py:105} INFO - Job 7: Subtask start_task
[2025-06-27T02:06:09.431+0000] {task_command.py:467} INFO - Running <TaskInstance: ga4_raw_data_elt.start_task scheduled__2025-06-25T02:07:00+00:00 [running]> on host 040d1cf847a3
[2025-06-27T02:06:09.535+0000] {taskinstance.py:3131} INFO - Exporting env vars: AIRFLOW_CTX_DAG_OWNER='***' AIRFLOW_CTX_DAG_ID='ga4_raw_data_elt' AIRFLOW_CTX_TASK_ID='start_task' AIRFLOW_CTX_EXECUTION_DATE='2025-06-25T02:07:00+00:00' AIRFLOW_CTX_TRY_NUMBER='1' AIRFLOW_CTX_DAG_RUN_ID='scheduled__2025-06-25T02:07:00+00:00'
[2025-06-27T02:06:09.537+0000] {taskinstance.py:731} INFO - ::endgroup::
[2025-06-27T02:06:09.541+0000] {logging_mixin.py:190} INFO - start
[2025-06-27T02:06:09.543+0000] {logging_mixin.py:190} INFO - ds: 2025-06-25
[2025-06-27T02:06:09.543+0000] {python.py:240} INFO - Done. Returned value was: None
[2025-06-27T02:06:09.555+0000] {taskinstance.py:340} INFO - ::group::Post task execution logs
[2025-06-27T02:06:09.556+0000] {taskinstance.py:352} INFO - Marking task as SUCCESS. dag_id=ga4_raw_data_elt, task_id=start_task, run_id=scheduled__2025-06-25T02:07:00+00:00, execution_date=20250625T020700, start_date=20250627T020609, end_date=20250627T020609
[2025-06-27T02:06:09.591+0000] {local_task_job_runner.py:266} INFO - Task exited with return code 0
[2025-06-27T02:06:09.640+0000] {taskinstance.py:3900} INFO - 1 downstream tasks scheduled from follow-on schedule check
[2025-06-27T02:06:09.643+0000] {local_task_job_runner.py:245} INFO - ::endgroup::
[2025-06-27T02:17:46.036+0000] {local_task_job_runner.py:123} INFO - ::group::Pre task execution logs
[2025-06-27T02:17:46.052+0000] {taskinstance.py:2612} INFO - Dependencies all met for dep_context=non-requeueable deps ti=<TaskInstance: ga4_raw_data_elt.start_task scheduled__2025-06-25T02:07:00+00:00 [queued]>
[2025-06-27T02:17:46.062+0000] {taskinstance.py:2612} INFO - Dependencies all met for dep_context=requeueable deps ti=<TaskInstance: ga4_raw_data_elt.start_task scheduled__2025-06-25T02:07:00+00:00 [queued]>
[2025-06-27T02:17:46.062+0000] {taskinstance.py:2865} INFO - Starting attempt 1 of 1
[2025-06-27T02:17:46.079+0000] {taskinstance.py:2888} INFO - Executing <Task(_PythonDecoratedOperator): start_task> on 2025-06-25 02:07:00+00:00
[2025-06-27T02:17:46.121+0000] {warnings.py:112} WARNING - /home/***/.local/lib/python3.12/site-packages/***/task/task_runner/standard_task_runner.py:70: DeprecationWarning: This process (pid=60) is multi-threaded, use of fork() may lead to deadlocks in the child.
  pid = os.fork()

[2025-06-27T02:17:46.165+0000] {standard_task_runner.py:72} INFO - Started process 69 to run task
[2025-06-27T02:17:46.167+0000] {standard_task_runner.py:104} INFO - Running: ['***', 'tasks', 'run', 'ga4_raw_data_elt', 'start_task', 'scheduled__2025-06-25T02:07:00+00:00', '--job-id', '5', '--raw', '--subdir', 'DAGS_FOLDER/GA4_data_elt.py', '--cfg-path', '/tmp/tmpxwmkwia2']
[2025-06-27T02:17:46.193+0000] {standard_task_runner.py:105} INFO - Job 5: Subtask start_task
[2025-06-27T02:17:46.293+0000] {task_command.py:467} INFO - Running <TaskInstance: ga4_raw_data_elt.start_task scheduled__2025-06-25T02:07:00+00:00 [running]> on host ece8b7d95be1
[2025-06-27T02:17:46.389+0000] {taskinstance.py:3131} INFO - Exporting env vars: AIRFLOW_CTX_DAG_OWNER='***' AIRFLOW_CTX_DAG_ID='ga4_raw_data_elt' AIRFLOW_CTX_TASK_ID='start_task' AIRFLOW_CTX_EXECUTION_DATE='2025-06-25T02:07:00+00:00' AIRFLOW_CTX_TRY_NUMBER='1' AIRFLOW_CTX_DAG_RUN_ID='scheduled__2025-06-25T02:07:00+00:00'
[2025-06-27T02:17:46.391+0000] {taskinstance.py:731} INFO - ::endgroup::
[2025-06-27T02:17:46.393+0000] {logging_mixin.py:190} INFO - start
[2025-06-27T02:17:46.394+0000] {logging_mixin.py:190} INFO - ds: 2025-06-25
[2025-06-27T02:17:46.395+0000] {python.py:240} INFO - Done. Returned value was: None
[2025-06-27T02:17:46.403+0000] {taskinstance.py:340} INFO - ::group::Post task execution logs
[2025-06-27T02:17:46.404+0000] {taskinstance.py:352} INFO - Marking task as SUCCESS. dag_id=ga4_raw_data_elt, task_id=start_task, run_id=scheduled__2025-06-25T02:07:00+00:00, execution_date=20250625T020700, start_date=20250627T021746, end_date=20250627T021746
[2025-06-27T02:17:46.463+0000] {local_task_job_runner.py:266} INFO - Task exited with return code 0
[2025-06-27T02:17:46.493+0000] {taskinstance.py:3900} INFO - 1 downstream tasks scheduled from follow-on schedule check
[2025-06-27T02:17:46.495+0000] {local_task_job_runner.py:245} INFO - ::endgroup::
[2025-06-27T02:21:06.111+0000] {local_task_job_runner.py:123} INFO - ::group::Pre task execution logs
[2025-06-27T02:21:06.138+0000] {taskinstance.py:2612} INFO - Dependencies all met for dep_context=non-requeueable deps ti=<TaskInstance: ga4_raw_data_elt.start_task scheduled__2025-06-25T02:07:00+00:00 [queued]>
[2025-06-27T02:21:06.145+0000] {taskinstance.py:2612} INFO - Dependencies all met for dep_context=requeueable deps ti=<TaskInstance: ga4_raw_data_elt.start_task scheduled__2025-06-25T02:07:00+00:00 [queued]>
[2025-06-27T02:21:06.148+0000] {taskinstance.py:2865} INFO - Starting attempt 1 of 1
[2025-06-27T02:21:06.174+0000] {taskinstance.py:2888} INFO - Executing <Task(_PythonDecoratedOperator): start_task> on 2025-06-25 02:07:00+00:00
[2025-06-27T02:21:06.217+0000] {warnings.py:112} WARNING - /home/***/.local/lib/python3.12/site-packages/***/task/task_runner/standard_task_runner.py:70: DeprecationWarning: This process (pid=61) is multi-threaded, use of fork() may lead to deadlocks in the child.
  pid = os.fork()

[2025-06-27T02:21:06.345+0000] {standard_task_runner.py:72} INFO - Started process 71 to run task
[2025-06-27T02:21:06.358+0000] {standard_task_runner.py:104} INFO - Running: ['***', 'tasks', 'run', 'ga4_raw_data_elt', 'start_task', 'scheduled__2025-06-25T02:07:00+00:00', '--job-id', '7', '--raw', '--subdir', 'DAGS_FOLDER/GA4_data_elt.py', '--cfg-path', '/tmp/tmpb5nhzzlb']
[2025-06-27T02:21:06.365+0000] {standard_task_runner.py:105} INFO - Job 7: Subtask start_task
[2025-06-27T02:21:06.457+0000] {task_command.py:467} INFO - Running <TaskInstance: ga4_raw_data_elt.start_task scheduled__2025-06-25T02:07:00+00:00 [running]> on host a6d750376b6f
[2025-06-27T02:21:06.557+0000] {taskinstance.py:3131} INFO - Exporting env vars: AIRFLOW_CTX_DAG_OWNER='***' AIRFLOW_CTX_DAG_ID='ga4_raw_data_elt' AIRFLOW_CTX_TASK_ID='start_task' AIRFLOW_CTX_EXECUTION_DATE='2025-06-25T02:07:00+00:00' AIRFLOW_CTX_TRY_NUMBER='1' AIRFLOW_CTX_DAG_RUN_ID='scheduled__2025-06-25T02:07:00+00:00'
[2025-06-27T02:21:06.560+0000] {taskinstance.py:731} INFO - ::endgroup::
[2025-06-27T02:21:06.563+0000] {logging_mixin.py:190} INFO - start
[2025-06-27T02:21:06.564+0000] {logging_mixin.py:190} INFO - ds: 2025-06-25
[2025-06-27T02:21:06.565+0000] {python.py:240} INFO - Done. Returned value was: None
[2025-06-27T02:21:06.574+0000] {taskinstance.py:340} INFO - ::group::Post task execution logs
[2025-06-27T02:21:06.575+0000] {taskinstance.py:352} INFO - Marking task as SUCCESS. dag_id=ga4_raw_data_elt, task_id=start_task, run_id=scheduled__2025-06-25T02:07:00+00:00, execution_date=20250625T020700, start_date=20250627T022106, end_date=20250627T022106
[2025-06-27T02:21:06.621+0000] {local_task_job_runner.py:266} INFO - Task exited with return code 0
[2025-06-27T02:21:06.654+0000] {taskinstance.py:3900} INFO - 1 downstream tasks scheduled from follow-on schedule check
[2025-06-27T02:21:06.658+0000] {local_task_job_runner.py:245} INFO - ::endgroup::
[2025-06-27T02:34:50.407+0000] {local_task_job_runner.py:123} INFO - ::group::Pre task execution logs
[2025-06-27T02:34:50.421+0000] {taskinstance.py:2612} INFO - Dependencies all met for dep_context=non-requeueable deps ti=<TaskInstance: ga4_raw_data_elt.start_task scheduled__2025-06-25T02:07:00+00:00 [queued]>
[2025-06-27T02:34:50.426+0000] {taskinstance.py:2612} INFO - Dependencies all met for dep_context=requeueable deps ti=<TaskInstance: ga4_raw_data_elt.start_task scheduled__2025-06-25T02:07:00+00:00 [queued]>
[2025-06-27T02:34:50.427+0000] {taskinstance.py:2865} INFO - Starting attempt 1 of 1
[2025-06-27T02:34:50.445+0000] {taskinstance.py:2888} INFO - Executing <Task(_PythonDecoratedOperator): start_task> on 2025-06-25 02:07:00+00:00
[2025-06-27T02:34:50.473+0000] {warnings.py:112} WARNING - /home/***/.local/lib/python3.12/site-packages/***/task/task_runner/standard_task_runner.py:70: DeprecationWarning: This process (pid=61) is multi-threaded, use of fork() may lead to deadlocks in the child.
  pid = os.fork()

[2025-06-27T02:34:50.477+0000] {standard_task_runner.py:104} INFO - Running: ['***', 'tasks', 'run', 'ga4_raw_data_elt', 'start_task', 'scheduled__2025-06-25T02:07:00+00:00', '--job-id', '6', '--raw', '--subdir', 'DAGS_FOLDER/GA4_data_elt.py', '--cfg-path', '/tmp/tmp_x6ppfo7']
[2025-06-27T02:34:50.487+0000] {standard_task_runner.py:72} INFO - Started process 70 to run task
[2025-06-27T02:34:50.489+0000] {standard_task_runner.py:105} INFO - Job 6: Subtask start_task
[2025-06-27T02:34:50.631+0000] {task_command.py:467} INFO - Running <TaskInstance: ga4_raw_data_elt.start_task scheduled__2025-06-25T02:07:00+00:00 [running]> on host ba60ab6371e3
[2025-06-27T02:34:50.731+0000] {taskinstance.py:3131} INFO - Exporting env vars: AIRFLOW_CTX_DAG_OWNER='***' AIRFLOW_CTX_DAG_ID='ga4_raw_data_elt' AIRFLOW_CTX_TASK_ID='start_task' AIRFLOW_CTX_EXECUTION_DATE='2025-06-25T02:07:00+00:00' AIRFLOW_CTX_TRY_NUMBER='1' AIRFLOW_CTX_DAG_RUN_ID='scheduled__2025-06-25T02:07:00+00:00'
[2025-06-27T02:34:50.735+0000] {taskinstance.py:731} INFO - ::endgroup::
[2025-06-27T02:34:50.745+0000] {logging_mixin.py:190} INFO - start
[2025-06-27T02:34:50.746+0000] {logging_mixin.py:190} INFO - ds: 2025-06-25
[2025-06-27T02:34:50.746+0000] {python.py:240} INFO - Done. Returned value was: None
[2025-06-27T02:34:50.761+0000] {taskinstance.py:340} INFO - ::group::Post task execution logs
[2025-06-27T02:34:50.763+0000] {taskinstance.py:352} INFO - Marking task as SUCCESS. dag_id=ga4_raw_data_elt, task_id=start_task, run_id=scheduled__2025-06-25T02:07:00+00:00, execution_date=20250625T020700, start_date=20250627T023450, end_date=20250627T023450
[2025-06-27T02:34:50.780+0000] {local_task_job_runner.py:266} INFO - Task exited with return code 0
[2025-06-27T02:34:50.812+0000] {taskinstance.py:3900} INFO - 1 downstream tasks scheduled from follow-on schedule check
[2025-06-27T02:34:50.814+0000] {local_task_job_runner.py:245} INFO - ::endgroup::
