[2025-06-27T02:07:27.574+0000] {local_task_job_runner.py:123} INFO - ::group::Pre task execution logs
[2025-06-27T02:07:27.582+0000] {taskinstance.py:2612} INFO - Dependencies all met for dep_context=non-requeueable deps ti=<TaskInstance: ga4_raw_data_elt.end_task scheduled__2025-06-26T02:07:00+00:00 [queued]>
[2025-06-27T02:07:27.586+0000] {taskinstance.py:2612} INFO - Dependencies all met for dep_context=requeueable deps ti=<TaskInstance: ga4_raw_data_elt.end_task scheduled__2025-06-26T02:07:00+00:00 [queued]>
[2025-06-27T02:07:27.586+0000] {taskinstance.py:2865} INFO - Starting attempt 1 of 1
[2025-06-27T02:07:27.593+0000] {taskinstance.py:2888} INFO - Executing <Task(_PythonDecoratedOperator): end_task> on 2025-06-26 02:07:00+00:00
[2025-06-27T02:07:27.598+0000] {warnings.py:112} WARNING - /home/***/.local/lib/python3.12/site-packages/***/task/task_runner/standard_task_runner.py:70: DeprecationWarning: This process (pid=198) is multi-threaded, use of fork() may lead to deadlocks in the child.
  pid = os.fork()

[2025-06-27T02:07:27.599+0000] {standard_task_runner.py:72} INFO - Started process 200 to run task
[2025-06-27T02:07:27.599+0000] {standard_task_runner.py:104} INFO - Running: ['***', 'tasks', 'run', 'ga4_raw_data_elt', 'end_task', 'scheduled__2025-06-26T02:07:00+00:00', '--job-id', '40', '--raw', '--subdir', 'DAGS_FOLDER/GA4_data_elt.py', '--cfg-path', '/tmp/tmpl_2_7oah']
[2025-06-27T02:07:27.603+0000] {standard_task_runner.py:105} INFO - Job 40: Subtask end_task
[2025-06-27T02:07:27.633+0000] {task_command.py:467} INFO - Running <TaskInstance: ga4_raw_data_elt.end_task scheduled__2025-06-26T02:07:00+00:00 [running]> on host 040d1cf847a3
[2025-06-27T02:07:27.678+0000] {taskinstance.py:3131} INFO - Exporting env vars: AIRFLOW_CTX_DAG_OWNER='***' AIRFLOW_CTX_DAG_ID='ga4_raw_data_elt' AIRFLOW_CTX_TASK_ID='end_task' AIRFLOW_CTX_EXECUTION_DATE='2025-06-26T02:07:00+00:00' AIRFLOW_CTX_TRY_NUMBER='1' AIRFLOW_CTX_DAG_RUN_ID='scheduled__2025-06-26T02:07:00+00:00'
[2025-06-27T02:07:27.680+0000] {taskinstance.py:731} INFO - ::endgroup::
[2025-06-27T02:07:27.682+0000] {logging_mixin.py:190} INFO - end
[2025-06-27T02:07:27.682+0000] {python.py:240} INFO - Done. Returned value was: None
[2025-06-27T02:07:27.687+0000] {taskinstance.py:340} INFO - ::group::Post task execution logs
[2025-06-27T02:07:27.687+0000] {taskinstance.py:352} INFO - Marking task as SUCCESS. dag_id=ga4_raw_data_elt, task_id=end_task, run_id=scheduled__2025-06-26T02:07:00+00:00, execution_date=20250626T020700, start_date=20250627T020727, end_date=20250627T020727
[2025-06-27T02:07:27.705+0000] {local_task_job_runner.py:266} INFO - Task exited with return code 0
[2025-06-27T02:07:27.713+0000] {taskinstance.py:3900} INFO - 0 downstream tasks scheduled from follow-on schedule check
[2025-06-27T02:07:27.714+0000] {local_task_job_runner.py:245} INFO - ::endgroup::
[2025-06-27T02:21:23.665+0000] {local_task_job_runner.py:123} INFO - ::group::Pre task execution logs
[2025-06-27T02:21:23.678+0000] {taskinstance.py:2612} INFO - Dependencies all met for dep_context=non-requeueable deps ti=<TaskInstance: ga4_raw_data_elt.end_task scheduled__2025-06-26T02:07:00+00:00 [queued]>
[2025-06-27T02:21:23.684+0000] {taskinstance.py:2612} INFO - Dependencies all met for dep_context=requeueable deps ti=<TaskInstance: ga4_raw_data_elt.end_task scheduled__2025-06-26T02:07:00+00:00 [queued]>
[2025-06-27T02:21:23.684+0000] {taskinstance.py:2865} INFO - Starting attempt 1 of 1
[2025-06-27T02:21:23.695+0000] {taskinstance.py:2888} INFO - Executing <Task(_PythonDecoratedOperator): end_task> on 2025-06-26 02:07:00+00:00
[2025-06-27T02:21:23.707+0000] {warnings.py:112} WARNING - /home/***/.local/lib/python3.12/site-packages/***/task/task_runner/standard_task_runner.py:70: DeprecationWarning: This process (pid=174) is multi-threaded, use of fork() may lead to deadlocks in the child.
  pid = os.fork()

[2025-06-27T02:21:23.709+0000] {standard_task_runner.py:72} INFO - Started process 176 to run task
[2025-06-27T02:21:23.710+0000] {standard_task_runner.py:104} INFO - Running: ['***', 'tasks', 'run', 'ga4_raw_data_elt', 'end_task', 'scheduled__2025-06-26T02:07:00+00:00', '--job-id', '34', '--raw', '--subdir', 'DAGS_FOLDER/GA4_data_elt.py', '--cfg-path', '/tmp/tmpb4tux20y']
[2025-06-27T02:21:23.713+0000] {standard_task_runner.py:105} INFO - Job 34: Subtask end_task
[2025-06-27T02:21:23.756+0000] {task_command.py:467} INFO - Running <TaskInstance: ga4_raw_data_elt.end_task scheduled__2025-06-26T02:07:00+00:00 [running]> on host a6d750376b6f
[2025-06-27T02:21:23.809+0000] {taskinstance.py:3131} INFO - Exporting env vars: AIRFLOW_CTX_DAG_OWNER='***' AIRFLOW_CTX_DAG_ID='ga4_raw_data_elt' AIRFLOW_CTX_TASK_ID='end_task' AIRFLOW_CTX_EXECUTION_DATE='2025-06-26T02:07:00+00:00' AIRFLOW_CTX_TRY_NUMBER='1' AIRFLOW_CTX_DAG_RUN_ID='scheduled__2025-06-26T02:07:00+00:00'
[2025-06-27T02:21:23.810+0000] {taskinstance.py:731} INFO - ::endgroup::
[2025-06-27T02:21:23.813+0000] {logging_mixin.py:190} INFO - end
[2025-06-27T02:21:23.813+0000] {python.py:240} INFO - Done. Returned value was: None
[2025-06-27T02:21:23.821+0000] {taskinstance.py:340} INFO - ::group::Post task execution logs
[2025-06-27T02:21:23.821+0000] {taskinstance.py:352} INFO - Marking task as SUCCESS. dag_id=ga4_raw_data_elt, task_id=end_task, run_id=scheduled__2025-06-26T02:07:00+00:00, execution_date=20250626T020700, start_date=20250627T022123, end_date=20250627T022123
[2025-06-27T02:21:23.851+0000] {local_task_job_runner.py:266} INFO - Task exited with return code 0
[2025-06-27T02:21:23.864+0000] {taskinstance.py:3900} INFO - 0 downstream tasks scheduled from follow-on schedule check
[2025-06-27T02:21:23.865+0000] {local_task_job_runner.py:245} INFO - ::endgroup::
[2025-06-27T02:35:06.334+0000] {local_task_job_runner.py:123} INFO - ::group::Pre task execution logs
[2025-06-27T02:35:06.347+0000] {taskinstance.py:2612} INFO - Dependencies all met for dep_context=non-requeueable deps ti=<TaskInstance: ga4_raw_data_elt.end_task scheduled__2025-06-26T02:07:00+00:00 [queued]>
[2025-06-27T02:35:06.352+0000] {taskinstance.py:2612} INFO - Dependencies all met for dep_context=requeueable deps ti=<TaskInstance: ga4_raw_data_elt.end_task scheduled__2025-06-26T02:07:00+00:00 [queued]>
[2025-06-27T02:35:06.352+0000] {taskinstance.py:2865} INFO - Starting attempt 1 of 1
[2025-06-27T02:35:06.365+0000] {taskinstance.py:2888} INFO - Executing <Task(_PythonDecoratedOperator): end_task> on 2025-06-26 02:07:00+00:00
[2025-06-27T02:35:06.377+0000] {warnings.py:112} WARNING - /home/***/.local/lib/python3.12/site-packages/***/task/task_runner/standard_task_runner.py:70: DeprecationWarning: This process (pid=163) is multi-threaded, use of fork() may lead to deadlocks in the child.
  pid = os.fork()

[2025-06-27T02:35:06.378+0000] {standard_task_runner.py:72} INFO - Started process 177 to run task
[2025-06-27T02:35:06.379+0000] {standard_task_runner.py:104} INFO - Running: ['***', 'tasks', 'run', 'ga4_raw_data_elt', 'end_task', 'scheduled__2025-06-26T02:07:00+00:00', '--job-id', '34', '--raw', '--subdir', 'DAGS_FOLDER/GA4_data_elt.py', '--cfg-path', '/tmp/tmpsjdac8uk']
[2025-06-27T02:35:06.382+0000] {standard_task_runner.py:105} INFO - Job 34: Subtask end_task
[2025-06-27T02:35:06.441+0000] {task_command.py:467} INFO - Running <TaskInstance: ga4_raw_data_elt.end_task scheduled__2025-06-26T02:07:00+00:00 [running]> on host ba60ab6371e3
[2025-06-27T02:35:06.546+0000] {taskinstance.py:3131} INFO - Exporting env vars: AIRFLOW_CTX_DAG_OWNER='***' AIRFLOW_CTX_DAG_ID='ga4_raw_data_elt' AIRFLOW_CTX_TASK_ID='end_task' AIRFLOW_CTX_EXECUTION_DATE='2025-06-26T02:07:00+00:00' AIRFLOW_CTX_TRY_NUMBER='1' AIRFLOW_CTX_DAG_RUN_ID='scheduled__2025-06-26T02:07:00+00:00'
[2025-06-27T02:35:06.549+0000] {taskinstance.py:731} INFO - ::endgroup::
[2025-06-27T02:35:06.551+0000] {logging_mixin.py:190} INFO - end
[2025-06-27T02:35:06.552+0000] {python.py:240} INFO - Done. Returned value was: None
[2025-06-27T02:35:06.562+0000] {taskinstance.py:340} INFO - ::group::Post task execution logs
[2025-06-27T02:35:06.562+0000] {taskinstance.py:352} INFO - Marking task as SUCCESS. dag_id=ga4_raw_data_elt, task_id=end_task, run_id=scheduled__2025-06-26T02:07:00+00:00, execution_date=20250626T020700, start_date=20250627T023506, end_date=20250627T023506
[2025-06-27T02:35:06.601+0000] {local_task_job_runner.py:266} INFO - Task exited with return code 0
[2025-06-27T02:35:06.624+0000] {taskinstance.py:3900} INFO - 0 downstream tasks scheduled from follow-on schedule check
[2025-06-27T02:35:06.626+0000] {local_task_job_runner.py:245} INFO - ::endgroup::
