[2025-06-27T00:52:55.791+0000] {local_task_job_runner.py:123} INFO - ::group::Pre task execution logs
[2025-06-27T00:52:55.802+0000] {taskinstance.py:2612} INFO - Dependencies all met for dep_context=non-requeueable deps ti=<TaskInstance: gcs_to_bigquery_etl.extract_and_upload_to_gcs scheduled__2025-06-25T02:00:00+00:00 [queued]>
[2025-06-27T00:52:55.806+0000] {taskinstance.py:2612} INFO - Dependencies all met for dep_context=requeueable deps ti=<TaskInstance: gcs_to_bigquery_etl.extract_and_upload_to_gcs scheduled__2025-06-25T02:00:00+00:00 [queued]>
[2025-06-27T00:52:55.806+0000] {taskinstance.py:2865} INFO - Starting attempt 1 of 1
[2025-06-27T00:52:55.814+0000] {taskinstance.py:2888} INFO - Executing <Task(_PythonDecoratedOperator): extract_and_upload_to_gcs> on 2025-06-25 02:00:00+00:00
[2025-06-27T00:52:55.822+0000] {warnings.py:112} WARNING - /home/***/.local/lib/python3.12/site-packages/***/task/task_runner/standard_task_runner.py:70: DeprecationWarning: This process (pid=90) is multi-threaded, use of fork() may lead to deadlocks in the child.
  pid = os.fork()

[2025-06-27T00:52:55.826+0000] {standard_task_runner.py:72} INFO - Started process 104 to run task
[2025-06-27T00:52:55.823+0000] {standard_task_runner.py:104} INFO - Running: ['***', 'tasks', 'run', 'gcs_to_bigquery_etl', 'extract_and_upload_to_gcs', 'scheduled__2025-06-25T02:00:00+00:00', '--job-id', '16', '--raw', '--subdir', 'DAGS_FOLDER/simple_etl_bigquery_ver3.py', '--cfg-path', '/tmp/tmpb4r2bc4o']
[2025-06-27T00:52:55.828+0000] {standard_task_runner.py:105} INFO - Job 16: Subtask extract_and_upload_to_gcs
[2025-06-27T00:52:55.866+0000] {task_command.py:467} INFO - Running <TaskInstance: gcs_to_bigquery_etl.extract_and_upload_to_gcs scheduled__2025-06-25T02:00:00+00:00 [running]> on host 9cd2c6ca0862
[2025-06-27T00:52:55.915+0000] {taskinstance.py:3131} INFO - Exporting env vars: AIRFLOW_CTX_DAG_OWNER='***' AIRFLOW_CTX_DAG_ID='gcs_to_bigquery_etl' AIRFLOW_CTX_TASK_ID='extract_and_upload_to_gcs' AIRFLOW_CTX_EXECUTION_DATE='2025-06-25T02:00:00+00:00' AIRFLOW_CTX_TRY_NUMBER='1' AIRFLOW_CTX_DAG_RUN_ID='scheduled__2025-06-25T02:00:00+00:00'
[2025-06-27T00:52:55.917+0000] {taskinstance.py:731} INFO - ::endgroup::
[2025-06-27T00:52:56.492+0000] {connection.py:277} WARNING - Connection schemes (type: google_cloud_platform) shall not contain '_' according to RFC3986.
[2025-06-27T00:52:56.498+0000] {base.py:84} INFO - Retrieving connection 'google_cloud_default'
[2025-06-27T00:52:57.294+0000] {gcs.py:574} INFO - Data stream uploaded to country_capital.csv in hanpoom_*** bucket
[2025-06-27T00:52:57.296+0000] {python.py:240} INFO - Done. Returned value was: gs://hanpoom_***/country_capital.csv
[2025-06-27T00:52:57.331+0000] {taskinstance.py:340} INFO - ::group::Post task execution logs
[2025-06-27T00:52:57.332+0000] {taskinstance.py:352} INFO - Marking task as SUCCESS. dag_id=gcs_to_bigquery_etl, task_id=extract_and_upload_to_gcs, run_id=scheduled__2025-06-25T02:00:00+00:00, execution_date=20250625T020000, start_date=20250627T005255, end_date=20250627T005257
[2025-06-27T00:52:57.382+0000] {local_task_job_runner.py:266} INFO - Task exited with return code 0
[2025-06-27T00:52:57.414+0000] {taskinstance.py:3900} INFO - 1 downstream tasks scheduled from follow-on schedule check
[2025-06-27T00:52:57.417+0000] {local_task_job_runner.py:245} INFO - ::endgroup::
