[2025-06-26T02:27:50.881+0000] {local_task_job_runner.py:123} INFO - ::group::Pre task execution logs
[2025-06-26T02:27:50.979+0000] {taskinstance.py:2612} INFO - Dependencies all met for dep_context=non-requeueable deps ti=<TaskInstance: gcs_to_bigquery_etl.extract_and_upload_to_gcs scheduled__2025-06-25T02:00:00+00:00 [queued]>
[2025-06-26T02:27:50.984+0000] {taskinstance.py:2612} INFO - Dependencies all met for dep_context=requeueable deps ti=<TaskInstance: gcs_to_bigquery_etl.extract_and_upload_to_gcs scheduled__2025-06-25T02:00:00+00:00 [queued]>
[2025-06-26T02:27:50.984+0000] {taskinstance.py:2865} INFO - Starting attempt 3 of 3
[2025-06-26T02:27:50.990+0000] {taskinstance.py:2888} INFO - Executing <Task(_PythonDecoratedOperator): extract_and_upload_to_gcs> on 2025-06-25 02:00:00+00:00
[2025-06-26T02:27:51.008+0000] {standard_task_runner.py:104} INFO - Running: ['***', 'tasks', 'run', 'gcs_to_bigquery_etl', 'extract_and_upload_to_gcs', 'scheduled__2025-06-25T02:00:00+00:00', '--job-id', '31', '--raw', '--subdir', 'DAGS_FOLDER/simple_etl_bigquery_ver4.py', '--cfg-path', '/tmp/tmp7fm5fhjc']
[2025-06-26T02:27:51.018+0000] {logging_mixin.py:190} WARNING - /home/***/.local/lib/python3.12/site-packages/***/task/task_runner/standard_task_runner.py:70 DeprecationWarning: This process (pid=3325) is multi-threaded, use of fork() may lead to deadlocks in the child.
[2025-06-26T02:27:51.019+0000] {standard_task_runner.py:105} INFO - Job 31: Subtask extract_and_upload_to_gcs
[2025-06-26T02:27:51.019+0000] {standard_task_runner.py:72} INFO - Started process 3327 to run task
[2025-06-26T02:27:51.062+0000] {task_command.py:467} INFO - Running <TaskInstance: gcs_to_bigquery_etl.extract_and_upload_to_gcs scheduled__2025-06-25T02:00:00+00:00 [running]> on host 76eadcdb3baf
[2025-06-26T02:27:51.112+0000] {taskinstance.py:3131} INFO - Exporting env vars: AIRFLOW_CTX_DAG_OWNER='***' AIRFLOW_CTX_DAG_ID='gcs_to_bigquery_etl' AIRFLOW_CTX_TASK_ID='extract_and_upload_to_gcs' AIRFLOW_CTX_EXECUTION_DATE='2025-06-25T02:00:00+00:00' AIRFLOW_CTX_TRY_NUMBER='3' AIRFLOW_CTX_DAG_RUN_ID='scheduled__2025-06-25T02:00:00+00:00'
[2025-06-26T02:27:51.113+0000] {taskinstance.py:731} INFO - ::endgroup::
[2025-06-26T02:27:52.699+0000] {connection.py:277} WARNING - Connection schemes (type: google_cloud_platform) shall not contain '_' according to RFC3986.
[2025-06-26T02:27:52.705+0000] {base.py:84} INFO - Retrieving connection 'google_cloud_default'
[2025-06-26T02:27:55.521+0000] {gcs.py:574} INFO - Data stream uploaded to country_capital.csv in hanpoom_*** bucket
[2025-06-26T02:27:55.528+0000] {python.py:240} INFO - Done. Returned value was: gs://hanpoom_***/country_capital.csv
[2025-06-26T02:27:55.570+0000] {taskinstance.py:340} INFO - ::group::Post task execution logs
[2025-06-26T02:27:55.571+0000] {taskinstance.py:352} INFO - Marking task as SUCCESS. dag_id=gcs_to_bigquery_etl, task_id=extract_and_upload_to_gcs, run_id=scheduled__2025-06-25T02:00:00+00:00, execution_date=20250625T020000, start_date=20250626T022750, end_date=20250626T022755
[2025-06-26T02:27:55.629+0000] {local_task_job_runner.py:266} INFO - Task exited with return code 0
[2025-06-26T02:27:55.669+0000] {taskinstance.py:3900} INFO - 1 downstream tasks scheduled from follow-on schedule check
[2025-06-26T02:27:55.671+0000] {local_task_job_runner.py:245} INFO - ::endgroup::
