[2025-06-27T04:31:34.807+0000] {local_task_job_runner.py:123} INFO - ::group::Pre task execution logs
[2025-06-27T04:31:34.829+0000] {taskinstance.py:2612} INFO - Dependencies all met for dep_context=non-requeueable deps ti=<TaskInstance: ga4_raw_data_elt_v1.0.end_task scheduled__2025-05-31T05:00:00+00:00 [queued]>
[2025-06-27T04:31:34.836+0000] {taskinstance.py:2612} INFO - Dependencies all met for dep_context=requeueable deps ti=<TaskInstance: ga4_raw_data_elt_v1.0.end_task scheduled__2025-05-31T05:00:00+00:00 [queued]>
[2025-06-27T04:31:34.837+0000] {taskinstance.py:2865} INFO - Starting attempt 1 of 1
[2025-06-27T04:31:34.851+0000] {taskinstance.py:2888} INFO - Executing <Task(_PythonDecoratedOperator): end_task> on 2025-05-31 05:00:00+00:00
[2025-06-27T04:31:34.863+0000] {warnings.py:112} WARNING - /home/***/.local/lib/python3.12/site-packages/***/task/task_runner/standard_task_runner.py:70: DeprecationWarning: This process (pid=3318) is multi-threaded, use of fork() may lead to deadlocks in the child.
  pid = os.fork()

[2025-06-27T04:31:34.866+0000] {standard_task_runner.py:72} INFO - Started process 3323 to run task
[2025-06-27T04:31:34.863+0000] {standard_task_runner.py:104} INFO - Running: ['***', 'tasks', 'run', 'ga4_raw_data_elt_v1.0', 'end_task', 'scheduled__2025-05-31T05:00:00+00:00', '--job-id', '820', '--raw', '--subdir', 'DAGS_FOLDER/GA4_data_elt.py', '--cfg-path', '/tmp/tmp0bkv4f8v']
[2025-06-27T04:31:34.870+0000] {standard_task_runner.py:105} INFO - Job 820: Subtask end_task
[2025-06-27T04:31:34.937+0000] {task_command.py:467} INFO - Running <TaskInstance: ga4_raw_data_elt_v1.0.end_task scheduled__2025-05-31T05:00:00+00:00 [running]> on host f79cc72a155d
[2025-06-27T04:31:35.021+0000] {taskinstance.py:3131} INFO - Exporting env vars: AIRFLOW_CTX_DAG_OWNER='***' AIRFLOW_CTX_DAG_ID='ga4_raw_data_elt_v1.0' AIRFLOW_CTX_TASK_ID='end_task' AIRFLOW_CTX_EXECUTION_DATE='2025-05-31T05:00:00+00:00' AIRFLOW_CTX_TRY_NUMBER='1' AIRFLOW_CTX_DAG_RUN_ID='scheduled__2025-05-31T05:00:00+00:00'
[2025-06-27T04:31:35.023+0000] {taskinstance.py:731} INFO - ::endgroup::
[2025-06-27T04:31:35.027+0000] {logging_mixin.py:190} INFO - end
[2025-06-27T04:31:35.028+0000] {python.py:240} INFO - Done. Returned value was: None
[2025-06-27T04:31:35.034+0000] {taskinstance.py:340} INFO - ::group::Post task execution logs
[2025-06-27T04:31:35.037+0000] {taskinstance.py:352} INFO - Marking task as SUCCESS. dag_id=ga4_raw_data_elt_v1.0, task_id=end_task, run_id=scheduled__2025-05-31T05:00:00+00:00, execution_date=20250531T050000, start_date=20250627T043134, end_date=20250627T043135
[2025-06-27T04:31:35.051+0000] {local_task_job_runner.py:266} INFO - Task exited with return code 0
[2025-06-27T04:31:35.065+0000] {taskinstance.py:3900} INFO - 0 downstream tasks scheduled from follow-on schedule check
[2025-06-27T04:31:35.066+0000] {local_task_job_runner.py:245} INFO - ::endgroup::
