[2025-06-27T02:06:15.924+0000] {local_task_job_runner.py:123} INFO - ::group::Pre task execution logs
[2025-06-27T02:06:15.941+0000] {taskinstance.py:2612} INFO - Dependencies all met for dep_context=non-requeueable deps ti=<TaskInstance: ga4_raw_data_elt.create_partitioned_table_if_not_exists scheduled__2025-06-25T02:07:00+00:00 [queued]>
[2025-06-27T02:06:15.950+0000] {taskinstance.py:2612} INFO - Dependencies all met for dep_context=requeueable deps ti=<TaskInstance: ga4_raw_data_elt.create_partitioned_table_if_not_exists scheduled__2025-06-25T02:07:00+00:00 [queued]>
[2025-06-27T02:06:15.952+0000] {taskinstance.py:2865} INFO - Starting attempt 1 of 1
[2025-06-27T02:06:15.972+0000] {taskinstance.py:2888} INFO - Executing <Task(BigQueryInsertJobOperator): create_partitioned_table_if_not_exists> on 2025-06-25 02:07:00+00:00
[2025-06-27T02:06:15.996+0000] {warnings.py:112} WARNING - /home/***/.local/lib/python3.12/site-packages/***/task/task_runner/standard_task_runner.py:70: DeprecationWarning: This process (pid=107) is multi-threaded, use of fork() may lead to deadlocks in the child.
  pid = os.fork()

[2025-06-27T02:06:16.003+0000] {standard_task_runner.py:72} INFO - Started process 125 to run task
[2025-06-27T02:06:15.999+0000] {standard_task_runner.py:104} INFO - Running: ['***', 'tasks', 'run', 'ga4_raw_data_elt', 'create_partitioned_table_if_not_exists', 'scheduled__2025-06-25T02:07:00+00:00', '--job-id', '19', '--raw', '--subdir', 'DAGS_FOLDER/GA4_data_elt.py', '--cfg-path', '/tmp/tmpk_ty1022']
[2025-06-27T02:06:16.006+0000] {standard_task_runner.py:105} INFO - Job 19: Subtask create_partitioned_table_if_not_exists
[2025-06-27T02:06:16.072+0000] {task_command.py:467} INFO - Running <TaskInstance: ga4_raw_data_elt.create_partitioned_table_if_not_exists scheduled__2025-06-25T02:07:00+00:00 [running]> on host 040d1cf847a3
[2025-06-27T02:06:16.138+0000] {taskinstance.py:3131} INFO - Exporting env vars: AIRFLOW_CTX_DAG_OWNER='***' AIRFLOW_CTX_DAG_ID='ga4_raw_data_elt' AIRFLOW_CTX_TASK_ID='create_partitioned_table_if_not_exists' AIRFLOW_CTX_EXECUTION_DATE='2025-06-25T02:07:00+00:00' AIRFLOW_CTX_TRY_NUMBER='1' AIRFLOW_CTX_DAG_RUN_ID='scheduled__2025-06-25T02:07:00+00:00'
[2025-06-27T02:06:16.140+0000] {taskinstance.py:731} INFO - ::endgroup::
[2025-06-27T02:06:16.150+0000] {connection.py:277} WARNING - Connection schemes (type: google_cloud_platform) shall not contain '_' according to RFC3986.
[2025-06-27T02:06:16.159+0000] {base.py:84} INFO - Retrieving connection 'google_cloud_default'
[2025-06-27T02:06:16.209+0000] {bigquery.py:2957} INFO - Executing: {'query': {'query': '\n                    DECLARE dt STRING;\n                    DECLARE source_table_exists BOOL;\n\n                    SET dt = FORMAT_DATE(\'%Y%m%d\', DATE_SUB(DATE(\'2025-06-25\'), INTERVAL 1 DAY));\n\n                    SET source_table_exists = (\n                    SELECT COUNT(*) > 0\n                    FROM `sixth-topic-349709.analytics_412203527.__TABLES__`\n                    WHERE table_id = FORMAT("events_%s", dt)\n                    );\n\n                    IF source_table_exists THEN\n                    EXECUTE IMMEDIATE FORMAT(\'\'\'\n                        CREATE TABLE IF NOT EXISTS `sixth-topic-349709.ga4_events.raw_data`\n                        PARTITION BY partition_date\n                        AS\n                        SELECT *, PARSE_DATE(\'%%Y%%m%%d\', event_date) AS partition_date\n                        FROM `sixth-topic-349709.analytics_412203527.events_%s`\n                        WHERE FALSE\n                    \'\'\', dt);\n                    END IF;\n                ', 'useLegacySql': False}}'
[2025-06-27T02:06:16.215+0000] {bigquery.py:1702} INFO - Inserting job ***_ga4_raw_data_elt_create_partitioned_table_if_not_exists_2025_06_25T02_07_00_00_00_0a4d4b790f67726695b8bdb482c1efba
[2025-06-27T02:06:18.567+0000] {taskinstance.py:340} INFO - ::group::Post task execution logs
[2025-06-27T02:06:18.569+0000] {taskinstance.py:352} INFO - Marking task as SUCCESS. dag_id=ga4_raw_data_elt, task_id=create_partitioned_table_if_not_exists, run_id=scheduled__2025-06-25T02:07:00+00:00, execution_date=20250625T020700, start_date=20250627T020615, end_date=20250627T020618
[2025-06-27T02:06:18.620+0000] {local_task_job_runner.py:266} INFO - Task exited with return code 0
[2025-06-27T02:06:18.676+0000] {taskinstance.py:3900} INFO - 1 downstream tasks scheduled from follow-on schedule check
[2025-06-27T02:06:18.679+0000] {local_task_job_runner.py:245} INFO - ::endgroup::
[2025-06-27T02:17:54.112+0000] {local_task_job_runner.py:123} INFO - ::group::Pre task execution logs
[2025-06-27T02:17:54.129+0000] {taskinstance.py:2612} INFO - Dependencies all met for dep_context=non-requeueable deps ti=<TaskInstance: ga4_raw_data_elt.create_partitioned_table_if_not_exists scheduled__2025-06-25T02:07:00+00:00 [queued]>
[2025-06-27T02:17:54.137+0000] {taskinstance.py:2612} INFO - Dependencies all met for dep_context=requeueable deps ti=<TaskInstance: ga4_raw_data_elt.create_partitioned_table_if_not_exists scheduled__2025-06-25T02:07:00+00:00 [queued]>
[2025-06-27T02:17:54.138+0000] {taskinstance.py:2865} INFO - Starting attempt 1 of 1
[2025-06-27T02:17:54.150+0000] {taskinstance.py:2888} INFO - Executing <Task(BigQueryInsertJobOperator): create_partitioned_table_if_not_exists> on 2025-06-25 02:07:00+00:00
[2025-06-27T02:17:54.185+0000] {warnings.py:112} WARNING - /home/***/.local/lib/python3.12/site-packages/***/task/task_runner/standard_task_runner.py:70: DeprecationWarning: This process (pid=118) is multi-threaded, use of fork() may lead to deadlocks in the child.
  pid = os.fork()

[2025-06-27T02:17:54.190+0000] {standard_task_runner.py:72} INFO - Started process 131 to run task
[2025-06-27T02:17:54.190+0000] {standard_task_runner.py:104} INFO - Running: ['***', 'tasks', 'run', 'ga4_raw_data_elt', 'create_partitioned_table_if_not_exists', 'scheduled__2025-06-25T02:07:00+00:00', '--job-id', '23', '--raw', '--subdir', 'DAGS_FOLDER/GA4_data_elt.py', '--cfg-path', '/tmp/tmppedcwnhk']
[2025-06-27T02:17:54.202+0000] {standard_task_runner.py:105} INFO - Job 23: Subtask create_partitioned_table_if_not_exists
[2025-06-27T02:17:54.280+0000] {task_command.py:467} INFO - Running <TaskInstance: ga4_raw_data_elt.create_partitioned_table_if_not_exists scheduled__2025-06-25T02:07:00+00:00 [running]> on host ece8b7d95be1
[2025-06-27T02:17:54.356+0000] {taskinstance.py:3131} INFO - Exporting env vars: AIRFLOW_CTX_DAG_OWNER='***' AIRFLOW_CTX_DAG_ID='ga4_raw_data_elt' AIRFLOW_CTX_TASK_ID='create_partitioned_table_if_not_exists' AIRFLOW_CTX_EXECUTION_DATE='2025-06-25T02:07:00+00:00' AIRFLOW_CTX_TRY_NUMBER='1' AIRFLOW_CTX_DAG_RUN_ID='scheduled__2025-06-25T02:07:00+00:00'
[2025-06-27T02:17:54.359+0000] {taskinstance.py:731} INFO - ::endgroup::
[2025-06-27T02:17:54.377+0000] {connection.py:277} WARNING - Connection schemes (type: google_cloud_platform) shall not contain '_' according to RFC3986.
[2025-06-27T02:17:54.391+0000] {base.py:84} INFO - Retrieving connection 'google_cloud_default'
[2025-06-27T02:17:54.439+0000] {bigquery.py:2957} INFO - Executing: {'query': {'query': '\n                    DECLARE dt STRING;\n                    DECLARE source_table_exists BOOL;\n\n                    SET dt = FORMAT_DATE(\'%Y%m%d\', DATE_SUB(DATE(\'2025-06-25\')));\n\n                    SET source_table_exists = (\n                    SELECT COUNT(*) > 0\n                    FROM `sixth-topic-349709.analytics_412203527.__TABLES__`\n                    WHERE table_id = FORMAT("events_%s", dt)\n                    );\n\n                    IF source_table_exists THEN\n                    EXECUTE IMMEDIATE FORMAT(\'\'\'\n                        CREATE TABLE IF NOT EXISTS `sixth-topic-349709.ga4_events.raw_data`\n                        PARTITION BY partition_date\n                        AS\n                        SELECT *, PARSE_DATE(\'%%Y%%m%%d\', event_date) AS partition_date\n                        FROM `sixth-topic-349709.analytics_412203527.events_%s`\n                        WHERE FALSE\n                    \'\'\', dt);\n                    END IF;\n                ', 'useLegacySql': False}}'
[2025-06-27T02:17:54.441+0000] {bigquery.py:1702} INFO - Inserting job ***_ga4_raw_data_elt_create_partitioned_table_if_not_exists_2025_06_25T02_07_00_00_00_d89a3e7cab044e567ecab3a5b4abb840
[2025-06-27T02:17:55.753+0000] {taskinstance.py:3310} ERROR - Task failed with exception
Traceback (most recent call last):
  File "/home/airflow/.local/lib/python3.12/site-packages/airflow/models/taskinstance.py", line 767, in _execute_task
    result = _execute_callable(context=context, **execute_callable_kwargs)
             ^^^^^^^^^^^^^^^^^^^^^^^^^^^^^^^^^^^^^^^^^^^^^^^^^^^^^^^^^^^^^
  File "/home/airflow/.local/lib/python3.12/site-packages/airflow/models/taskinstance.py", line 733, in _execute_callable
    return ExecutionCallableRunner(
           ^^^^^^^^^^^^^^^^^^^^^^^^
  File "/home/airflow/.local/lib/python3.12/site-packages/airflow/utils/operator_helpers.py", line 252, in run
    return self.func(*args, **kwargs)
           ^^^^^^^^^^^^^^^^^^^^^^^^^^
  File "/home/airflow/.local/lib/python3.12/site-packages/airflow/models/baseoperator.py", line 406, in wrapper
    return func(self, *args, **kwargs)
           ^^^^^^^^^^^^^^^^^^^^^^^^^^^
  File "/home/airflow/.local/lib/python3.12/site-packages/airflow/providers/google/cloud/operators/bigquery.py", line 3023, in execute
    job.result(timeout=self.result_timeout, retry=self.result_retry)
  File "/home/airflow/.local/lib/python3.12/site-packages/google/cloud/bigquery/job/query.py", line 1590, in result
    do_get_result()
  File "/home/airflow/.local/lib/python3.12/site-packages/google/cloud/bigquery/job/query.py", line 1579, in do_get_result
    super(QueryJob, self).result(retry=retry, timeout=timeout)
  File "/home/airflow/.local/lib/python3.12/site-packages/google/cloud/bigquery/job/base.py", line 971, in result
    return super(_AsyncJob, self).result(timeout=timeout, **kwargs)
           ^^^^^^^^^^^^^^^^^^^^^^^^^^^^^^^^^^^^^^^^^^^^^^^^^^^^^^^^
  File "/home/airflow/.local/lib/python3.12/site-packages/google/api_core/future/polling.py", line 261, in result
    raise self._exception
google.api_core.exceptions.BadRequest: 400 Query error: No matching signature for function DATE_SUB for argument types: DATE
  Signature: DATE_SUB(DATE, INTERVAL INT64 DATE_TIME_PART)
    Signature requires at least 3 arguments, found 1 argument
  Signature: DATE_SUB(DATETIME, INTERVAL INT64 DATE_TIME_PART)
    Signature requires at least 3 arguments, found 1 argument
  Signature: DATE_SUB(TIMESTAMP, INTERVAL INT64 DATE_TIME_PART)
    Signature requires at least 3 arguments, found 1 argument at [1:45] at [5:30]

Location: US
Job ID: airflow_ga4_raw_data_elt_create_partitioned_table_if_not_exists_2025_06_25T02_07_00_00_00_d89a3e7cab044e567ecab3a5b4abb840

[2025-06-27T02:17:55.773+0000] {taskinstance.py:1225} INFO - Marking task as FAILED. dag_id=ga4_raw_data_elt, task_id=create_partitioned_table_if_not_exists, run_id=scheduled__2025-06-25T02:07:00+00:00, execution_date=20250625T020700, start_date=20250627T021754, end_date=20250627T021755
[2025-06-27T02:17:55.789+0000] {taskinstance.py:340} INFO - ::group::Post task execution logs
[2025-06-27T02:17:55.790+0000] {standard_task_runner.py:124} ERROR - Failed to execute job 23 for task create_partitioned_table_if_not_exists (400 Query error: No matching signature for function DATE_SUB for argument types: DATE
  Signature: DATE_SUB(DATE, INTERVAL INT64 DATE_TIME_PART)
    Signature requires at least 3 arguments, found 1 argument
  Signature: DATE_SUB(DATETIME, INTERVAL INT64 DATE_TIME_PART)
    Signature requires at least 3 arguments, found 1 argument
  Signature: DATE_SUB(TIMESTAMP, INTERVAL INT64 DATE_TIME_PART)
    Signature requires at least 3 arguments, found 1 argument at [1:45] at [5:30]

Location: US
Job ID: airflow_ga4_raw_data_elt_create_partitioned_table_if_not_exists_2025_06_25T02_07_00_00_00_d89a3e7cab044e567ecab3a5b4abb840
; 131)
Traceback (most recent call last):
  File "/home/airflow/.local/lib/python3.12/site-packages/airflow/task/task_runner/standard_task_runner.py", line 117, in _start_by_fork
    ret = args.func(args, dag=self.dag)
          ^^^^^^^^^^^^^^^^^^^^^^^^^^^^^
  File "/home/airflow/.local/lib/python3.12/site-packages/airflow/cli/cli_config.py", line 49, in command
    return func(*args, **kwargs)
           ^^^^^^^^^^^^^^^^^^^^^
  File "/home/airflow/.local/lib/python3.12/site-packages/airflow/utils/cli.py", line 115, in wrapper
    return f(*args, **kwargs)
           ^^^^^^^^^^^^^^^^^^
  File "/home/airflow/.local/lib/python3.12/site-packages/airflow/cli/commands/task_command.py", line 483, in task_run
    task_return_code = _run_task_by_selected_method(args, _dag, ti)
                       ^^^^^^^^^^^^^^^^^^^^^^^^^^^^^^^^^^^^^^^^^^^^
  File "/home/airflow/.local/lib/python3.12/site-packages/airflow/cli/commands/task_command.py", line 256, in _run_task_by_selected_method
    return _run_raw_task(args, ti)
           ^^^^^^^^^^^^^^^^^^^^^^^
  File "/home/airflow/.local/lib/python3.12/site-packages/airflow/cli/commands/task_command.py", line 341, in _run_raw_task
    return ti._run_raw_task(
           ^^^^^^^^^^^^^^^^^
  File "/home/airflow/.local/lib/python3.12/site-packages/airflow/utils/session.py", line 97, in wrapper
    return func(*args, session=session, **kwargs)
           ^^^^^^^^^^^^^^^^^^^^^^^^^^^^^^^^^^^^^^
  File "/home/airflow/.local/lib/python3.12/site-packages/airflow/models/taskinstance.py", line 3004, in _run_raw_task
    return _run_raw_task(
           ^^^^^^^^^^^^^^
  File "/home/airflow/.local/lib/python3.12/site-packages/airflow/models/taskinstance.py", line 273, in _run_raw_task
    TaskInstance._execute_task_with_callbacks(
  File "/home/airflow/.local/lib/python3.12/site-packages/airflow/models/taskinstance.py", line 3158, in _execute_task_with_callbacks
    result = self._execute_task(context, task_orig)
             ^^^^^^^^^^^^^^^^^^^^^^^^^^^^^^^^^^^^^^
  File "/home/airflow/.local/lib/python3.12/site-packages/airflow/models/taskinstance.py", line 3182, in _execute_task
    return _execute_task(self, context, task_orig)
           ^^^^^^^^^^^^^^^^^^^^^^^^^^^^^^^^^^^^^^^
  File "/home/airflow/.local/lib/python3.12/site-packages/airflow/models/taskinstance.py", line 767, in _execute_task
    result = _execute_callable(context=context, **execute_callable_kwargs)
             ^^^^^^^^^^^^^^^^^^^^^^^^^^^^^^^^^^^^^^^^^^^^^^^^^^^^^^^^^^^^^
  File "/home/airflow/.local/lib/python3.12/site-packages/airflow/models/taskinstance.py", line 733, in _execute_callable
    return ExecutionCallableRunner(
           ^^^^^^^^^^^^^^^^^^^^^^^^
  File "/home/airflow/.local/lib/python3.12/site-packages/airflow/utils/operator_helpers.py", line 252, in run
    return self.func(*args, **kwargs)
           ^^^^^^^^^^^^^^^^^^^^^^^^^^
  File "/home/airflow/.local/lib/python3.12/site-packages/airflow/models/baseoperator.py", line 406, in wrapper
    return func(self, *args, **kwargs)
           ^^^^^^^^^^^^^^^^^^^^^^^^^^^
  File "/home/airflow/.local/lib/python3.12/site-packages/airflow/providers/google/cloud/operators/bigquery.py", line 3023, in execute
    job.result(timeout=self.result_timeout, retry=self.result_retry)
  File "/home/airflow/.local/lib/python3.12/site-packages/google/cloud/bigquery/job/query.py", line 1590, in result
    do_get_result()
  File "/home/airflow/.local/lib/python3.12/site-packages/google/cloud/bigquery/job/query.py", line 1579, in do_get_result
    super(QueryJob, self).result(retry=retry, timeout=timeout)
  File "/home/airflow/.local/lib/python3.12/site-packages/google/cloud/bigquery/job/base.py", line 971, in result
    return super(_AsyncJob, self).result(timeout=timeout, **kwargs)
           ^^^^^^^^^^^^^^^^^^^^^^^^^^^^^^^^^^^^^^^^^^^^^^^^^^^^^^^^
  File "/home/airflow/.local/lib/python3.12/site-packages/google/api_core/future/polling.py", line 261, in result
    raise self._exception
google.api_core.exceptions.BadRequest: 400 Query error: No matching signature for function DATE_SUB for argument types: DATE
  Signature: DATE_SUB(DATE, INTERVAL INT64 DATE_TIME_PART)
    Signature requires at least 3 arguments, found 1 argument
  Signature: DATE_SUB(DATETIME, INTERVAL INT64 DATE_TIME_PART)
    Signature requires at least 3 arguments, found 1 argument
  Signature: DATE_SUB(TIMESTAMP, INTERVAL INT64 DATE_TIME_PART)
    Signature requires at least 3 arguments, found 1 argument at [1:45] at [5:30]

Location: US
Job ID: airflow_ga4_raw_data_elt_create_partitioned_table_if_not_exists_2025_06_25T02_07_00_00_00_d89a3e7cab044e567ecab3a5b4abb840

[2025-06-27T02:17:55.833+0000] {local_task_job_runner.py:266} INFO - Task exited with return code 1
[2025-06-27T02:17:55.888+0000] {taskinstance.py:3900} INFO - 0 downstream tasks scheduled from follow-on schedule check
[2025-06-27T02:17:55.892+0000] {local_task_job_runner.py:245} INFO - ::endgroup::
[2025-06-27T02:21:14.371+0000] {local_task_job_runner.py:123} INFO - ::group::Pre task execution logs
[2025-06-27T02:21:14.411+0000] {taskinstance.py:2612} INFO - Dependencies all met for dep_context=non-requeueable deps ti=<TaskInstance: ga4_raw_data_elt.create_partitioned_table_if_not_exists scheduled__2025-06-25T02:07:00+00:00 [queued]>
[2025-06-27T02:21:14.422+0000] {taskinstance.py:2612} INFO - Dependencies all met for dep_context=requeueable deps ti=<TaskInstance: ga4_raw_data_elt.create_partitioned_table_if_not_exists scheduled__2025-06-25T02:07:00+00:00 [queued]>
[2025-06-27T02:21:14.422+0000] {taskinstance.py:2865} INFO - Starting attempt 1 of 1
[2025-06-27T02:21:14.443+0000] {taskinstance.py:2888} INFO - Executing <Task(BigQueryInsertJobOperator): create_partitioned_table_if_not_exists> on 2025-06-25 02:07:00+00:00
[2025-06-27T02:21:14.457+0000] {warnings.py:112} WARNING - /home/***/.local/lib/python3.12/site-packages/***/task/task_runner/standard_task_runner.py:70: DeprecationWarning: This process (pid=123) is multi-threaded, use of fork() may lead to deadlocks in the child.
  pid = os.fork()

[2025-06-27T02:21:14.463+0000] {standard_task_runner.py:72} INFO - Started process 142 to run task
[2025-06-27T02:21:14.464+0000] {standard_task_runner.py:104} INFO - Running: ['***', 'tasks', 'run', 'ga4_raw_data_elt', 'create_partitioned_table_if_not_exists', 'scheduled__2025-06-25T02:07:00+00:00', '--job-id', '25', '--raw', '--subdir', 'DAGS_FOLDER/GA4_data_elt.py', '--cfg-path', '/tmp/tmphhelwi7h']
[2025-06-27T02:21:14.471+0000] {standard_task_runner.py:105} INFO - Job 25: Subtask create_partitioned_table_if_not_exists
[2025-06-27T02:21:14.523+0000] {task_command.py:467} INFO - Running <TaskInstance: ga4_raw_data_elt.create_partitioned_table_if_not_exists scheduled__2025-06-25T02:07:00+00:00 [running]> on host a6d750376b6f
[2025-06-27T02:21:14.580+0000] {taskinstance.py:3131} INFO - Exporting env vars: AIRFLOW_CTX_DAG_OWNER='***' AIRFLOW_CTX_DAG_ID='ga4_raw_data_elt' AIRFLOW_CTX_TASK_ID='create_partitioned_table_if_not_exists' AIRFLOW_CTX_EXECUTION_DATE='2025-06-25T02:07:00+00:00' AIRFLOW_CTX_TRY_NUMBER='1' AIRFLOW_CTX_DAG_RUN_ID='scheduled__2025-06-25T02:07:00+00:00'
[2025-06-27T02:21:14.582+0000] {taskinstance.py:731} INFO - ::endgroup::
[2025-06-27T02:21:14.588+0000] {connection.py:277} WARNING - Connection schemes (type: google_cloud_platform) shall not contain '_' according to RFC3986.
[2025-06-27T02:21:14.604+0000] {base.py:84} INFO - Retrieving connection 'google_cloud_default'
[2025-06-27T02:21:14.644+0000] {bigquery.py:2957} INFO - Executing: {'query': {'query': '\n                    DECLARE dt STRING;\n                    DECLARE source_table_exists BOOL;\n\n                    SET dt = FORMAT_DATE(\'%Y%m%d\', DATE(\'2025-06-25\'));\n\n                    SET source_table_exists = (\n                    SELECT COUNT(*) > 0\n                    FROM `sixth-topic-349709.analytics_412203527.__TABLES__`\n                    WHERE table_id = FORMAT("events_%s", dt)\n                    );\n\n                    IF source_table_exists THEN\n                    EXECUTE IMMEDIATE FORMAT(\'\'\'\n                        CREATE TABLE IF NOT EXISTS `sixth-topic-349709.ga4_events.raw_data`\n                        PARTITION BY partition_date\n                        AS\n                        SELECT *, PARSE_DATE(\'%%Y%%m%%d\', event_date) AS partition_date\n                        FROM `sixth-topic-349709.analytics_412203527.events_%s`\n                        WHERE FALSE\n                    \'\'\', dt);\n                    END IF;\n                ', 'useLegacySql': False}}'
[2025-06-27T02:21:14.646+0000] {bigquery.py:1702} INFO - Inserting job ***_ga4_raw_data_elt_create_partitioned_table_if_not_exists_2025_06_25T02_07_00_00_00_55aa44dbcd02faced00e6ae83d8dbb6a
[2025-06-27T02:21:17.246+0000] {taskinstance.py:340} INFO - ::group::Post task execution logs
[2025-06-27T02:21:17.257+0000] {taskinstance.py:352} INFO - Marking task as SUCCESS. dag_id=ga4_raw_data_elt, task_id=create_partitioned_table_if_not_exists, run_id=scheduled__2025-06-25T02:07:00+00:00, execution_date=20250625T020700, start_date=20250627T022114, end_date=20250627T022117
[2025-06-27T02:21:17.311+0000] {local_task_job_runner.py:266} INFO - Task exited with return code 0
[2025-06-27T02:21:17.402+0000] {taskinstance.py:3900} INFO - 1 downstream tasks scheduled from follow-on schedule check
[2025-06-27T02:21:17.406+0000] {local_task_job_runner.py:245} INFO - ::endgroup::
[2025-06-27T02:34:59.333+0000] {local_task_job_runner.py:123} INFO - ::group::Pre task execution logs
[2025-06-27T02:34:59.343+0000] {taskinstance.py:2612} INFO - Dependencies all met for dep_context=non-requeueable deps ti=<TaskInstance: ga4_raw_data_elt.create_partitioned_table_if_not_exists scheduled__2025-06-25T02:07:00+00:00 [queued]>
[2025-06-27T02:34:59.347+0000] {taskinstance.py:2612} INFO - Dependencies all met for dep_context=requeueable deps ti=<TaskInstance: ga4_raw_data_elt.create_partitioned_table_if_not_exists scheduled__2025-06-25T02:07:00+00:00 [queued]>
[2025-06-27T02:34:59.348+0000] {taskinstance.py:2865} INFO - Starting attempt 1 of 1
[2025-06-27T02:34:59.357+0000] {taskinstance.py:2888} INFO - Executing <Task(BigQueryInsertJobOperator): create_partitioned_table_if_not_exists> on 2025-06-25 02:07:00+00:00
[2025-06-27T02:34:59.369+0000] {warnings.py:112} WARNING - /home/***/.local/lib/python3.12/site-packages/***/task/task_runner/standard_task_runner.py:70: DeprecationWarning: This process (pid=127) is multi-threaded, use of fork() may lead to deadlocks in the child.
  pid = os.fork()

[2025-06-27T02:34:59.376+0000] {standard_task_runner.py:72} INFO - Started process 145 to run task
[2025-06-27T02:34:59.377+0000] {standard_task_runner.py:104} INFO - Running: ['***', 'tasks', 'run', 'ga4_raw_data_elt', 'create_partitioned_table_if_not_exists', 'scheduled__2025-06-25T02:07:00+00:00', '--job-id', '26', '--raw', '--subdir', 'DAGS_FOLDER/GA4_data_elt.py', '--cfg-path', '/tmp/tmp8a3tjg0g']
[2025-06-27T02:34:59.383+0000] {standard_task_runner.py:105} INFO - Job 26: Subtask create_partitioned_table_if_not_exists
[2025-06-27T02:34:59.423+0000] {task_command.py:467} INFO - Running <TaskInstance: ga4_raw_data_elt.create_partitioned_table_if_not_exists scheduled__2025-06-25T02:07:00+00:00 [running]> on host ba60ab6371e3
[2025-06-27T02:34:59.474+0000] {taskinstance.py:3131} INFO - Exporting env vars: AIRFLOW_CTX_DAG_OWNER='***' AIRFLOW_CTX_DAG_ID='ga4_raw_data_elt' AIRFLOW_CTX_TASK_ID='create_partitioned_table_if_not_exists' AIRFLOW_CTX_EXECUTION_DATE='2025-06-25T02:07:00+00:00' AIRFLOW_CTX_TRY_NUMBER='1' AIRFLOW_CTX_DAG_RUN_ID='scheduled__2025-06-25T02:07:00+00:00'
[2025-06-27T02:34:59.476+0000] {taskinstance.py:731} INFO - ::endgroup::
[2025-06-27T02:34:59.483+0000] {connection.py:277} WARNING - Connection schemes (type: google_cloud_platform) shall not contain '_' according to RFC3986.
[2025-06-27T02:34:59.489+0000] {base.py:84} INFO - Retrieving connection 'google_cloud_default'
[2025-06-27T02:34:59.528+0000] {bigquery.py:2957} INFO - Executing: {'query': {'query': '\n                    DECLARE dt STRING;\n                    DECLARE source_table_exists BOOL;\n\n                    SET dt = FORMAT_DATE(\'%Y%m%d\', DATE(\'2025-06-25\'));\n\n                    SET source_table_exists = (\n                    SELECT COUNT(*) > 0\n                    FROM `sixth-topic-349709.analytics_412203527.__TABLES__`\n                    WHERE table_id = FORMAT("events_%s", dt)\n                    );\n\n                    IF source_table_exists THEN\n                    EXECUTE IMMEDIATE FORMAT(\'\'\'\n                        CREATE TABLE IF NOT EXISTS `sixth-topic-349709.analytics_412203527.raw_data`\n                        PARTITION BY partition_date\n                        AS\n                        SELECT *, PARSE_DATE(\'%%Y%%m%%d\', event_date) AS partition_date\n                        FROM `sixth-topic-349709.analytics_412203527.events_%s`\n                        WHERE FALSE\n                    \'\'\', dt);\n                    END IF;\n                ', 'useLegacySql': False}}'
[2025-06-27T02:34:59.529+0000] {bigquery.py:1702} INFO - Inserting job ***_ga4_raw_data_elt_create_partitioned_table_if_not_exists_2025_06_25T02_07_00_00_00_3d8b85deffa954878e1948a1270774b3
[2025-06-27T02:35:02.553+0000] {taskinstance.py:340} INFO - ::group::Post task execution logs
[2025-06-27T02:35:02.554+0000] {taskinstance.py:352} INFO - Marking task as SUCCESS. dag_id=ga4_raw_data_elt, task_id=create_partitioned_table_if_not_exists, run_id=scheduled__2025-06-25T02:07:00+00:00, execution_date=20250625T020700, start_date=20250627T023459, end_date=20250627T023502
[2025-06-27T02:35:02.606+0000] {local_task_job_runner.py:266} INFO - Task exited with return code 0
[2025-06-27T02:35:02.638+0000] {taskinstance.py:3900} INFO - 1 downstream tasks scheduled from follow-on schedule check
[2025-06-27T02:35:02.639+0000] {local_task_job_runner.py:245} INFO - ::endgroup::
