[2025-06-26T02:29:19.123+0000] {local_task_job_runner.py:123} INFO - ::group::Pre task execution logs
[2025-06-26T02:29:19.207+0000] {taskinstance.py:2612} INFO - Dependencies all met for dep_context=non-requeueable deps ti=<TaskInstance: gcs_to_bigquery_etl.load_country_capital_from_gcs scheduled__2025-06-25T02:00:00+00:00 [queued]>
[2025-06-26T02:29:19.211+0000] {taskinstance.py:2612} INFO - Dependencies all met for dep_context=requeueable deps ti=<TaskInstance: gcs_to_bigquery_etl.load_country_capital_from_gcs scheduled__2025-06-25T02:00:00+00:00 [queued]>
[2025-06-26T02:29:19.211+0000] {taskinstance.py:2865} INFO - Starting attempt 1 of 1
[2025-06-26T02:29:19.217+0000] {taskinstance.py:2888} INFO - Executing <Task(BigQueryInsertJobOperator): load_country_capital_from_gcs> on 2025-06-25 02:00:00+00:00
[2025-06-26T02:29:19.224+0000] {standard_task_runner.py:104} INFO - Running: ['***', 'tasks', 'run', 'gcs_to_bigquery_etl', 'load_country_capital_from_gcs', 'scheduled__2025-06-25T02:00:00+00:00', '--job-id', '34', '--raw', '--subdir', 'DAGS_FOLDER/simple_etl_bigquery_ver4.py', '--cfg-path', '/tmp/tmp6nld_eam']
[2025-06-26T02:29:19.229+0000] {standard_task_runner.py:105} INFO - Job 34: Subtask load_country_capital_from_gcs
[2025-06-26T02:29:19.229+0000] {logging_mixin.py:190} WARNING - /home/***/.local/lib/python3.12/site-packages/***/task/task_runner/standard_task_runner.py:70 DeprecationWarning: This process (pid=3420) is multi-threaded, use of fork() may lead to deadlocks in the child.
[2025-06-26T02:29:19.231+0000] {standard_task_runner.py:72} INFO - Started process 3422 to run task
[2025-06-26T02:29:19.255+0000] {task_command.py:467} INFO - Running <TaskInstance: gcs_to_bigquery_etl.load_country_capital_from_gcs scheduled__2025-06-25T02:00:00+00:00 [running]> on host 76eadcdb3baf
[2025-06-26T02:29:19.298+0000] {taskinstance.py:3131} INFO - Exporting env vars: AIRFLOW_CTX_DAG_OWNER='***' AIRFLOW_CTX_DAG_ID='gcs_to_bigquery_etl' AIRFLOW_CTX_TASK_ID='load_country_capital_from_gcs' AIRFLOW_CTX_EXECUTION_DATE='2025-06-25T02:00:00+00:00' AIRFLOW_CTX_TRY_NUMBER='1' AIRFLOW_CTX_DAG_RUN_ID='scheduled__2025-06-25T02:00:00+00:00'
[2025-06-26T02:29:19.299+0000] {taskinstance.py:731} INFO - ::endgroup::
[2025-06-26T02:29:19.304+0000] {connection.py:277} WARNING - Connection schemes (type: google_cloud_platform) shall not contain '_' according to RFC3986.
[2025-06-26T02:29:19.307+0000] {base.py:84} INFO - Retrieving connection 'google_cloud_default'
[2025-06-26T02:29:19.345+0000] {bigquery.py:2957} INFO - Executing: {'load': {'sourceUris': ['gs://hanpoom_***/country_capital.csv'], 'destinationTable': {'projectId': 'sixth-topic-349709', 'datasetId': 'raw_data', 'tableId': 'country_capital'}, 'sourceFormat': 'CSV', 'skipLeadingRows': 1, 'writeDisposition': 'WRITE_TRUNCATE', 'schema': {'fields': [{'name': 'country', 'type': 'STRING', 'mode': 'REQUIRED'}, {'name': 'capital', 'type': 'STRING', 'mode': 'NULLABLE'}]}}}'
[2025-06-26T02:29:19.346+0000] {bigquery.py:1702} INFO - Inserting job ***_gcs_to_bigquery_etl_load_country_capital_from_gcs_2025_06_25T02_00_00_00_00_d8dc4cc5d7b1731f743660b5016bdf61
[2025-06-26T02:29:23.396+0000] {taskinstance.py:340} INFO - ::group::Post task execution logs
[2025-06-26T02:29:23.397+0000] {taskinstance.py:352} INFO - Marking task as SUCCESS. dag_id=gcs_to_bigquery_etl, task_id=load_country_capital_from_gcs, run_id=scheduled__2025-06-25T02:00:00+00:00, execution_date=20250625T020000, start_date=20250626T022919, end_date=20250626T022923
[2025-06-26T02:29:23.416+0000] {local_task_job_runner.py:266} INFO - Task exited with return code 0
[2025-06-26T02:29:23.431+0000] {taskinstance.py:3900} INFO - 0 downstream tasks scheduled from follow-on schedule check
[2025-06-26T02:29:23.432+0000] {local_task_job_runner.py:245} INFO - ::endgroup::
