[2025-06-27T02:54:51.564+0000] {local_task_job_runner.py:123} INFO - ::group::Pre task execution logs
[2025-06-27T02:54:51.580+0000] {taskinstance.py:2612} INFO - Dependencies all met for dep_context=non-requeueable deps ti=<TaskInstance: ga4_raw_data_elt_v1.0.start_task scheduled__2025-06-25T05:00:00+00:00 [queued]>
[2025-06-27T02:54:51.594+0000] {taskinstance.py:2612} INFO - Dependencies all met for dep_context=requeueable deps ti=<TaskInstance: ga4_raw_data_elt_v1.0.start_task scheduled__2025-06-25T05:00:00+00:00 [queued]>
[2025-06-27T02:54:51.594+0000] {taskinstance.py:2865} INFO - Starting attempt 1 of 1
[2025-06-27T02:54:51.608+0000] {taskinstance.py:2888} INFO - Executing <Task(_PythonDecoratedOperator): start_task> on 2025-06-25 05:00:00+00:00
[2025-06-27T02:54:51.622+0000] {warnings.py:112} WARNING - /home/***/.local/lib/python3.12/site-packages/***/task/task_runner/standard_task_runner.py:70: DeprecationWarning: This process (pid=52) is multi-threaded, use of fork() may lead to deadlocks in the child.
  pid = os.fork()

[2025-06-27T02:54:51.626+0000] {standard_task_runner.py:72} INFO - Started process 63 to run task
[2025-06-27T02:54:51.626+0000] {standard_task_runner.py:104} INFO - Running: ['***', 'tasks', 'run', 'ga4_raw_data_elt_v1.0', 'start_task', 'scheduled__2025-06-25T05:00:00+00:00', '--job-id', '110', '--raw', '--subdir', 'DAGS_FOLDER/GA4_data_elt.py', '--cfg-path', '/tmp/tmp5mrj7czw']
[2025-06-27T02:54:51.642+0000] {standard_task_runner.py:105} INFO - Job 110: Subtask start_task
[2025-06-27T02:54:51.717+0000] {task_command.py:467} INFO - Running <TaskInstance: ga4_raw_data_elt_v1.0.start_task scheduled__2025-06-25T05:00:00+00:00 [running]> on host ba60ab6371e3
[2025-06-27T02:54:51.772+0000] {taskinstance.py:3131} INFO - Exporting env vars: AIRFLOW_CTX_DAG_OWNER='***' AIRFLOW_CTX_DAG_ID='ga4_raw_data_elt_v1.0' AIRFLOW_CTX_TASK_ID='start_task' AIRFLOW_CTX_EXECUTION_DATE='2025-06-25T05:00:00+00:00' AIRFLOW_CTX_TRY_NUMBER='1' AIRFLOW_CTX_DAG_RUN_ID='scheduled__2025-06-25T05:00:00+00:00'
[2025-06-27T02:54:51.775+0000] {taskinstance.py:731} INFO - ::endgroup::
[2025-06-27T02:54:51.777+0000] {logging_mixin.py:190} INFO - start
[2025-06-27T02:54:51.780+0000] {logging_mixin.py:190} INFO - ds: 2025-06-25
[2025-06-27T02:54:51.780+0000] {python.py:240} INFO - Done. Returned value was: None
[2025-06-27T02:54:51.787+0000] {taskinstance.py:340} INFO - ::group::Post task execution logs
[2025-06-27T02:54:51.788+0000] {taskinstance.py:352} INFO - Marking task as SUCCESS. dag_id=ga4_raw_data_elt_v1.0, task_id=start_task, run_id=scheduled__2025-06-25T05:00:00+00:00, execution_date=20250625T050000, start_date=20250627T025451, end_date=20250627T025451
[2025-06-27T02:54:51.841+0000] {local_task_job_runner.py:266} INFO - Task exited with return code 0
[2025-06-27T02:54:51.874+0000] {taskinstance.py:3900} INFO - 1 downstream tasks scheduled from follow-on schedule check
[2025-06-27T02:54:51.875+0000] {local_task_job_runner.py:245} INFO - ::endgroup::
[2025-06-27T04:31:55.027+0000] {local_task_job_runner.py:123} INFO - ::group::Pre task execution logs
[2025-06-27T04:31:55.055+0000] {taskinstance.py:2612} INFO - Dependencies all met for dep_context=non-requeueable deps ti=<TaskInstance: ga4_raw_data_elt_v1.0.start_task scheduled__2025-06-25T05:00:00+00:00 [queued]>
[2025-06-27T04:31:55.068+0000] {taskinstance.py:2612} INFO - Dependencies all met for dep_context=requeueable deps ti=<TaskInstance: ga4_raw_data_elt_v1.0.start_task scheduled__2025-06-25T05:00:00+00:00 [queued]>
[2025-06-27T04:31:55.069+0000] {taskinstance.py:2865} INFO - Starting attempt 1 of 1
[2025-06-27T04:31:55.100+0000] {taskinstance.py:2888} INFO - Executing <Task(_PythonDecoratedOperator): start_task> on 2025-06-25 05:00:00+00:00
[2025-06-27T04:31:55.125+0000] {warnings.py:112} WARNING - /home/***/.local/lib/python3.12/site-packages/***/task/task_runner/standard_task_runner.py:70: DeprecationWarning: This process (pid=3380) is multi-threaded, use of fork() may lead to deadlocks in the child.
  pid = os.fork()

[2025-06-27T04:31:55.133+0000] {standard_task_runner.py:72} INFO - Started process 3422 to run task
[2025-06-27T04:31:55.147+0000] {standard_task_runner.py:104} INFO - Running: ['***', 'tasks', 'run', 'ga4_raw_data_elt_v1.0', 'start_task', 'scheduled__2025-06-25T05:00:00+00:00', '--job-id', '842', '--raw', '--subdir', 'DAGS_FOLDER/GA4_data_elt.py', '--cfg-path', '/tmp/tmpkj1r81w7']
[2025-06-27T04:31:55.152+0000] {standard_task_runner.py:105} INFO - Job 842: Subtask start_task
[2025-06-27T04:31:55.261+0000] {task_command.py:467} INFO - Running <TaskInstance: ga4_raw_data_elt_v1.0.start_task scheduled__2025-06-25T05:00:00+00:00 [running]> on host f79cc72a155d
[2025-06-27T04:31:55.393+0000] {taskinstance.py:3131} INFO - Exporting env vars: AIRFLOW_CTX_DAG_OWNER='***' AIRFLOW_CTX_DAG_ID='ga4_raw_data_elt_v1.0' AIRFLOW_CTX_TASK_ID='start_task' AIRFLOW_CTX_EXECUTION_DATE='2025-06-25T05:00:00+00:00' AIRFLOW_CTX_TRY_NUMBER='1' AIRFLOW_CTX_DAG_RUN_ID='scheduled__2025-06-25T05:00:00+00:00'
[2025-06-27T04:31:55.400+0000] {taskinstance.py:731} INFO - ::endgroup::
[2025-06-27T04:31:55.404+0000] {logging_mixin.py:190} INFO - start
[2025-06-27T04:31:55.405+0000] {logging_mixin.py:190} INFO - ds: 2025-06-25
[2025-06-27T04:31:55.407+0000] {python.py:240} INFO - Done. Returned value was: None
[2025-06-27T04:31:55.425+0000] {taskinstance.py:340} INFO - ::group::Post task execution logs
[2025-06-27T04:31:55.427+0000] {taskinstance.py:352} INFO - Marking task as SUCCESS. dag_id=ga4_raw_data_elt_v1.0, task_id=start_task, run_id=scheduled__2025-06-25T05:00:00+00:00, execution_date=20250625T050000, start_date=20250627T043155, end_date=20250627T043155
[2025-06-27T04:31:55.455+0000] {local_task_job_runner.py:266} INFO - Task exited with return code 0
[2025-06-27T04:31:55.505+0000] {taskinstance.py:3900} INFO - 1 downstream tasks scheduled from follow-on schedule check
[2025-06-27T04:31:55.510+0000] {local_task_job_runner.py:245} INFO - ::endgroup::
