[2025-06-27T02:55:20.546+0000] {local_task_job_runner.py:123} INFO - ::group::Pre task execution logs
[2025-06-27T02:55:20.554+0000] {taskinstance.py:2612} INFO - Dependencies all met for dep_context=non-requeueable deps ti=<TaskInstance: ga4_raw_data_elt_v1.0.end_task scheduled__2025-06-20T05:00:00+00:00 [queued]>
[2025-06-27T02:55:20.558+0000] {taskinstance.py:2612} INFO - Dependencies all met for dep_context=requeueable deps ti=<TaskInstance: ga4_raw_data_elt_v1.0.end_task scheduled__2025-06-20T05:00:00+00:00 [queued]>
[2025-06-27T02:55:20.558+0000] {taskinstance.py:2865} INFO - Starting attempt 1 of 1
[2025-06-27T02:55:20.564+0000] {taskinstance.py:2888} INFO - Executing <Task(_PythonDecoratedOperator): end_task> on 2025-06-20 05:00:00+00:00
[2025-06-27T02:55:20.569+0000] {warnings.py:112} WARNING - /home/***/.local/lib/python3.12/site-packages/***/task/task_runner/standard_task_runner.py:70: DeprecationWarning: This process (pid=146) is multi-threaded, use of fork() may lead to deadlocks in the child.
  pid = os.fork()

[2025-06-27T02:55:20.570+0000] {standard_task_runner.py:72} INFO - Started process 148 to run task
[2025-06-27T02:55:20.570+0000] {standard_task_runner.py:104} INFO - Running: ['***', 'tasks', 'run', 'ga4_raw_data_elt_v1.0', 'end_task', 'scheduled__2025-06-20T05:00:00+00:00', '--job-id', '134', '--raw', '--subdir', 'DAGS_FOLDER/GA4_data_elt.py', '--cfg-path', '/tmp/tmp5fhksg5a']
[2025-06-27T02:55:20.573+0000] {standard_task_runner.py:105} INFO - Job 134: Subtask end_task
[2025-06-27T02:55:20.602+0000] {task_command.py:467} INFO - Running <TaskInstance: ga4_raw_data_elt_v1.0.end_task scheduled__2025-06-20T05:00:00+00:00 [running]> on host ba60ab6371e3
[2025-06-27T02:55:20.642+0000] {taskinstance.py:3131} INFO - Exporting env vars: AIRFLOW_CTX_DAG_OWNER='***' AIRFLOW_CTX_DAG_ID='ga4_raw_data_elt_v1.0' AIRFLOW_CTX_TASK_ID='end_task' AIRFLOW_CTX_EXECUTION_DATE='2025-06-20T05:00:00+00:00' AIRFLOW_CTX_TRY_NUMBER='1' AIRFLOW_CTX_DAG_RUN_ID='scheduled__2025-06-20T05:00:00+00:00'
[2025-06-27T02:55:20.644+0000] {taskinstance.py:731} INFO - ::endgroup::
[2025-06-27T02:55:20.646+0000] {logging_mixin.py:190} INFO - end
[2025-06-27T02:55:20.646+0000] {python.py:240} INFO - Done. Returned value was: None
[2025-06-27T02:55:20.652+0000] {taskinstance.py:340} INFO - ::group::Post task execution logs
[2025-06-27T02:55:20.653+0000] {taskinstance.py:352} INFO - Marking task as SUCCESS. dag_id=ga4_raw_data_elt_v1.0, task_id=end_task, run_id=scheduled__2025-06-20T05:00:00+00:00, execution_date=20250620T050000, start_date=20250627T025520, end_date=20250627T025520
[2025-06-27T02:55:20.669+0000] {local_task_job_runner.py:266} INFO - Task exited with return code 0
[2025-06-27T02:55:20.680+0000] {taskinstance.py:3900} INFO - 0 downstream tasks scheduled from follow-on schedule check
[2025-06-27T02:55:20.681+0000] {local_task_job_runner.py:245} INFO - ::endgroup::
[2025-06-27T04:32:34.285+0000] {local_task_job_runner.py:123} INFO - ::group::Pre task execution logs
[2025-06-27T04:32:34.302+0000] {taskinstance.py:2612} INFO - Dependencies all met for dep_context=non-requeueable deps ti=<TaskInstance: ga4_raw_data_elt_v1.0.end_task scheduled__2025-06-20T05:00:00+00:00 [queued]>
[2025-06-27T04:32:34.309+0000] {taskinstance.py:2612} INFO - Dependencies all met for dep_context=requeueable deps ti=<TaskInstance: ga4_raw_data_elt_v1.0.end_task scheduled__2025-06-20T05:00:00+00:00 [queued]>
[2025-06-27T04:32:34.309+0000] {taskinstance.py:2865} INFO - Starting attempt 1 of 1
[2025-06-27T04:32:34.324+0000] {taskinstance.py:2888} INFO - Executing <Task(_PythonDecoratedOperator): end_task> on 2025-06-20 05:00:00+00:00
[2025-06-27T04:32:34.334+0000] {warnings.py:112} WARNING - /home/***/.local/lib/python3.12/site-packages/***/task/task_runner/standard_task_runner.py:70: DeprecationWarning: This process (pid=3578) is multi-threaded, use of fork() may lead to deadlocks in the child.
  pid = os.fork()

[2025-06-27T04:32:34.337+0000] {standard_task_runner.py:72} INFO - Started process 3580 to run task
[2025-06-27T04:32:34.337+0000] {standard_task_runner.py:104} INFO - Running: ['***', 'tasks', 'run', 'ga4_raw_data_elt_v1.0', 'end_task', 'scheduled__2025-06-20T05:00:00+00:00', '--job-id', '885', '--raw', '--subdir', 'DAGS_FOLDER/GA4_data_elt.py', '--cfg-path', '/tmp/tmpgjnbc5k3']
[2025-06-27T04:32:34.339+0000] {standard_task_runner.py:105} INFO - Job 885: Subtask end_task
[2025-06-27T04:32:34.389+0000] {task_command.py:467} INFO - Running <TaskInstance: ga4_raw_data_elt_v1.0.end_task scheduled__2025-06-20T05:00:00+00:00 [running]> on host f79cc72a155d
[2025-06-27T04:32:34.443+0000] {taskinstance.py:3131} INFO - Exporting env vars: AIRFLOW_CTX_DAG_OWNER='***' AIRFLOW_CTX_DAG_ID='ga4_raw_data_elt_v1.0' AIRFLOW_CTX_TASK_ID='end_task' AIRFLOW_CTX_EXECUTION_DATE='2025-06-20T05:00:00+00:00' AIRFLOW_CTX_TRY_NUMBER='1' AIRFLOW_CTX_DAG_RUN_ID='scheduled__2025-06-20T05:00:00+00:00'
[2025-06-27T04:32:34.445+0000] {taskinstance.py:731} INFO - ::endgroup::
[2025-06-27T04:32:34.447+0000] {logging_mixin.py:190} INFO - end
[2025-06-27T04:32:34.447+0000] {python.py:240} INFO - Done. Returned value was: None
[2025-06-27T04:32:34.453+0000] {taskinstance.py:340} INFO - ::group::Post task execution logs
[2025-06-27T04:32:34.453+0000] {taskinstance.py:352} INFO - Marking task as SUCCESS. dag_id=ga4_raw_data_elt_v1.0, task_id=end_task, run_id=scheduled__2025-06-20T05:00:00+00:00, execution_date=20250620T050000, start_date=20250627T043234, end_date=20250627T043234
[2025-06-27T04:32:34.481+0000] {local_task_job_runner.py:266} INFO - Task exited with return code 0
[2025-06-27T04:32:34.496+0000] {taskinstance.py:3900} INFO - 0 downstream tasks scheduled from follow-on schedule check
[2025-06-27T04:32:34.498+0000] {local_task_job_runner.py:245} INFO - ::endgroup::
