[2025-06-27T00:53:19.964+0000] {local_task_job_runner.py:123} INFO - ::group::Pre task execution logs
[2025-06-27T00:53:19.972+0000] {taskinstance.py:2612} INFO - Dependencies all met for dep_context=non-requeueable deps ti=<TaskInstance: ga4_raw_data_elt.end_task scheduled__2025-06-20T05:00:00+00:00 [queued]>
[2025-06-27T00:53:19.976+0000] {taskinstance.py:2612} INFO - Dependencies all met for dep_context=requeueable deps ti=<TaskInstance: ga4_raw_data_elt.end_task scheduled__2025-06-20T05:00:00+00:00 [queued]>
[2025-06-27T00:53:19.976+0000] {taskinstance.py:2865} INFO - Starting attempt 1 of 1
[2025-06-27T00:53:19.982+0000] {taskinstance.py:2888} INFO - Executing <Task(_PythonDecoratedOperator): end_task> on 2025-06-20 05:00:00+00:00
[2025-06-27T00:53:19.987+0000] {warnings.py:112} WARNING - /home/***/.local/lib/python3.12/site-packages/***/task/task_runner/standard_task_runner.py:70: DeprecationWarning: This process (pid=158) is multi-threaded, use of fork() may lead to deadlocks in the child.
  pid = os.fork()

[2025-06-27T00:53:19.993+0000] {standard_task_runner.py:72} INFO - Started process 160 to run task
[2025-06-27T00:53:19.992+0000] {standard_task_runner.py:104} INFO - Running: ['***', 'tasks', 'run', 'ga4_raw_data_elt', 'end_task', 'scheduled__2025-06-20T05:00:00+00:00', '--job-id', '30', '--raw', '--subdir', 'DAGS_FOLDER/GA4_data_elt.py', '--cfg-path', '/tmp/tmpqpa_pswh']
[2025-06-27T00:53:19.995+0000] {standard_task_runner.py:105} INFO - Job 30: Subtask end_task
[2025-06-27T00:53:20.027+0000] {task_command.py:467} INFO - Running <TaskInstance: ga4_raw_data_elt.end_task scheduled__2025-06-20T05:00:00+00:00 [running]> on host 9cd2c6ca0862
[2025-06-27T00:53:20.076+0000] {taskinstance.py:3131} INFO - Exporting env vars: AIRFLOW_CTX_DAG_OWNER='***' AIRFLOW_CTX_DAG_ID='ga4_raw_data_elt' AIRFLOW_CTX_TASK_ID='end_task' AIRFLOW_CTX_EXECUTION_DATE='2025-06-20T05:00:00+00:00' AIRFLOW_CTX_TRY_NUMBER='1' AIRFLOW_CTX_DAG_RUN_ID='scheduled__2025-06-20T05:00:00+00:00'
[2025-06-27T00:53:20.078+0000] {taskinstance.py:731} INFO - ::endgroup::
[2025-06-27T00:53:20.079+0000] {logging_mixin.py:190} INFO - end
[2025-06-27T00:53:20.080+0000] {python.py:240} INFO - Done. Returned value was: None
[2025-06-27T00:53:20.085+0000] {taskinstance.py:340} INFO - ::group::Post task execution logs
[2025-06-27T00:53:20.086+0000] {taskinstance.py:352} INFO - Marking task as SUCCESS. dag_id=ga4_raw_data_elt, task_id=end_task, run_id=scheduled__2025-06-20T05:00:00+00:00, execution_date=20250620T050000, start_date=20250627T005319, end_date=20250627T005320
[2025-06-27T00:53:20.134+0000] {local_task_job_runner.py:266} INFO - Task exited with return code 0
[2025-06-27T00:53:20.144+0000] {taskinstance.py:3900} INFO - 0 downstream tasks scheduled from follow-on schedule check
[2025-06-27T00:53:20.145+0000] {local_task_job_runner.py:245} INFO - ::endgroup::
[2025-06-27T02:51:22.029+0000] {local_task_job_runner.py:123} INFO - ::group::Pre task execution logs
[2025-06-27T02:51:22.038+0000] {taskinstance.py:2612} INFO - Dependencies all met for dep_context=non-requeueable deps ti=<TaskInstance: ga4_raw_data_elt.end_task scheduled__2025-06-20T05:00:00+00:00 [queued]>
[2025-06-27T02:51:22.041+0000] {taskinstance.py:2612} INFO - Dependencies all met for dep_context=requeueable deps ti=<TaskInstance: ga4_raw_data_elt.end_task scheduled__2025-06-20T05:00:00+00:00 [queued]>
[2025-06-27T02:51:22.041+0000] {taskinstance.py:2865} INFO - Starting attempt 1 of 1
[2025-06-27T02:51:22.047+0000] {taskinstance.py:2888} INFO - Executing <Task(_PythonDecoratedOperator): end_task> on 2025-06-20 05:00:00+00:00
[2025-06-27T02:51:22.051+0000] {warnings.py:112} WARNING - /home/***/.local/lib/python3.12/site-packages/***/task/task_runner/standard_task_runner.py:70: DeprecationWarning: This process (pid=166) is multi-threaded, use of fork() may lead to deadlocks in the child.
  pid = os.fork()

[2025-06-27T02:51:22.052+0000] {standard_task_runner.py:72} INFO - Started process 168 to run task
[2025-06-27T02:51:22.053+0000] {standard_task_runner.py:104} INFO - Running: ['***', 'tasks', 'run', 'ga4_raw_data_elt', 'end_task', 'scheduled__2025-06-20T05:00:00+00:00', '--job-id', '107', '--raw', '--subdir', 'DAGS_FOLDER/GA4_data_elt.py', '--cfg-path', '/tmp/tmpt2a7ndxt']
[2025-06-27T02:51:22.055+0000] {standard_task_runner.py:105} INFO - Job 107: Subtask end_task
[2025-06-27T02:51:22.079+0000] {task_command.py:467} INFO - Running <TaskInstance: ga4_raw_data_elt.end_task scheduled__2025-06-20T05:00:00+00:00 [running]> on host ba60ab6371e3
[2025-06-27T02:51:22.114+0000] {taskinstance.py:3131} INFO - Exporting env vars: AIRFLOW_CTX_DAG_OWNER='***' AIRFLOW_CTX_DAG_ID='ga4_raw_data_elt' AIRFLOW_CTX_TASK_ID='end_task' AIRFLOW_CTX_EXECUTION_DATE='2025-06-20T05:00:00+00:00' AIRFLOW_CTX_TRY_NUMBER='1' AIRFLOW_CTX_DAG_RUN_ID='scheduled__2025-06-20T05:00:00+00:00'
[2025-06-27T02:51:22.115+0000] {taskinstance.py:731} INFO - ::endgroup::
[2025-06-27T02:51:22.117+0000] {logging_mixin.py:190} INFO - end
[2025-06-27T02:51:22.117+0000] {python.py:240} INFO - Done. Returned value was: None
[2025-06-27T02:51:22.122+0000] {taskinstance.py:340} INFO - ::group::Post task execution logs
[2025-06-27T02:51:22.122+0000] {taskinstance.py:352} INFO - Marking task as SUCCESS. dag_id=ga4_raw_data_elt, task_id=end_task, run_id=scheduled__2025-06-20T05:00:00+00:00, execution_date=20250620T050000, start_date=20250627T025122, end_date=20250627T025122
[2025-06-27T02:51:22.154+0000] {local_task_job_runner.py:266} INFO - Task exited with return code 0
[2025-06-27T02:51:22.167+0000] {taskinstance.py:3900} INFO - 0 downstream tasks scheduled from follow-on schedule check
[2025-06-27T02:51:22.168+0000] {local_task_job_runner.py:245} INFO - ::endgroup::
