[2025-06-27T04:28:56.334+0000] {local_task_job_runner.py:123} INFO - ::group::Pre task execution logs
[2025-06-27T04:28:56.384+0000] {taskinstance.py:2612} INFO - Dependencies all met for dep_context=non-requeueable deps ti=<TaskInstance: ga4_raw_data_elt_v1.0.start_task scheduled__2025-04-30T05:00:00+00:00 [queued]>
[2025-06-27T04:28:56.424+0000] {taskinstance.py:2612} INFO - Dependencies all met for dep_context=requeueable deps ti=<TaskInstance: ga4_raw_data_elt_v1.0.start_task scheduled__2025-04-30T05:00:00+00:00 [queued]>
[2025-06-27T04:28:56.427+0000] {taskinstance.py:2865} INFO - Starting attempt 1 of 1
[2025-06-27T04:28:56.462+0000] {taskinstance.py:2888} INFO - Executing <Task(_PythonDecoratedOperator): start_task> on 2025-04-30 05:00:00+00:00
[2025-06-27T04:28:56.483+0000] {warnings.py:112} WARNING - /home/***/.local/lib/python3.12/site-packages/***/task/task_runner/standard_task_runner.py:70: DeprecationWarning: This process (pid=2402) is multi-threaded, use of fork() may lead to deadlocks in the child.
  pid = os.fork()

[2025-06-27T04:28:56.491+0000] {standard_task_runner.py:72} INFO - Started process 2427 to run task
[2025-06-27T04:28:56.503+0000] {standard_task_runner.py:104} INFO - Running: ['***', 'tasks', 'run', 'ga4_raw_data_elt_v1.0', 'start_task', 'scheduled__2025-04-30T05:00:00+00:00', '--job-id', '593', '--raw', '--subdir', 'DAGS_FOLDER/GA4_data_elt.py', '--cfg-path', '/tmp/tmpokc14_xf']
[2025-06-27T04:28:56.513+0000] {standard_task_runner.py:105} INFO - Job 593: Subtask start_task
[2025-06-27T04:28:56.815+0000] {task_command.py:467} INFO - Running <TaskInstance: ga4_raw_data_elt_v1.0.start_task scheduled__2025-04-30T05:00:00+00:00 [running]> on host f79cc72a155d
[2025-06-27T04:28:57.066+0000] {taskinstance.py:3131} INFO - Exporting env vars: AIRFLOW_CTX_DAG_OWNER='***' AIRFLOW_CTX_DAG_ID='ga4_raw_data_elt_v1.0' AIRFLOW_CTX_TASK_ID='start_task' AIRFLOW_CTX_EXECUTION_DATE='2025-04-30T05:00:00+00:00' AIRFLOW_CTX_TRY_NUMBER='1' AIRFLOW_CTX_DAG_RUN_ID='scheduled__2025-04-30T05:00:00+00:00'
[2025-06-27T04:28:57.091+0000] {taskinstance.py:731} INFO - ::endgroup::
[2025-06-27T04:28:57.095+0000] {logging_mixin.py:190} INFO - start
[2025-06-27T04:28:57.098+0000] {logging_mixin.py:190} INFO - ds: 2025-04-30
[2025-06-27T04:28:57.108+0000] {python.py:240} INFO - Done. Returned value was: None
[2025-06-27T04:28:57.137+0000] {taskinstance.py:340} INFO - ::group::Post task execution logs
[2025-06-27T04:28:57.143+0000] {taskinstance.py:352} INFO - Marking task as SUCCESS. dag_id=ga4_raw_data_elt_v1.0, task_id=start_task, run_id=scheduled__2025-04-30T05:00:00+00:00, execution_date=20250430T050000, start_date=20250627T042856, end_date=20250627T042857
[2025-06-27T04:28:57.235+0000] {local_task_job_runner.py:266} INFO - Task exited with return code 0
[2025-06-27T04:28:57.405+0000] {taskinstance.py:3900} INFO - 1 downstream tasks scheduled from follow-on schedule check
[2025-06-27T04:28:57.464+0000] {local_task_job_runner.py:245} INFO - ::endgroup::
