[2025-06-27T02:06:12.271+0000] {local_task_job_runner.py:123} INFO - ::group::Pre task execution logs
[2025-06-27T02:06:12.284+0000] {taskinstance.py:2612} INFO - Dependencies all met for dep_context=non-requeueable deps ti=<TaskInstance: ga4_raw_data_elt.create_ga4_events_dataset scheduled__2025-06-22T02:07:00+00:00 [queued]>
[2025-06-27T02:06:12.291+0000] {taskinstance.py:2612} INFO - Dependencies all met for dep_context=requeueable deps ti=<TaskInstance: ga4_raw_data_elt.create_ga4_events_dataset scheduled__2025-06-22T02:07:00+00:00 [queued]>
[2025-06-27T02:06:12.291+0000] {taskinstance.py:2865} INFO - Starting attempt 1 of 1
[2025-06-27T02:06:12.309+0000] {taskinstance.py:2888} INFO - Executing <Task(BigQueryCreateEmptyDatasetOperator): create_ga4_events_dataset> on 2025-06-22 02:07:00+00:00
[2025-06-27T02:06:12.325+0000] {warnings.py:112} WARNING - /home/***/.local/lib/python3.12/site-packages/***/task/task_runner/standard_task_runner.py:70: DeprecationWarning: This process (pid=81) is multi-threaded, use of fork() may lead to deadlocks in the child.
  pid = os.fork()

[2025-06-27T02:06:12.340+0000] {standard_task_runner.py:72} INFO - Started process 92 to run task
[2025-06-27T02:06:12.324+0000] {standard_task_runner.py:104} INFO - Running: ['***', 'tasks', 'run', 'ga4_raw_data_elt', 'create_ga4_events_dataset', 'scheduled__2025-06-22T02:07:00+00:00', '--job-id', '11', '--raw', '--subdir', 'DAGS_FOLDER/GA4_data_elt.py', '--cfg-path', '/tmp/tmpynukvhc6']
[2025-06-27T02:06:12.357+0000] {standard_task_runner.py:105} INFO - Job 11: Subtask create_ga4_events_dataset
[2025-06-27T02:06:12.453+0000] {task_command.py:467} INFO - Running <TaskInstance: ga4_raw_data_elt.create_ga4_events_dataset scheduled__2025-06-22T02:07:00+00:00 [running]> on host 040d1cf847a3
[2025-06-27T02:06:12.582+0000] {taskinstance.py:3131} INFO - Exporting env vars: AIRFLOW_CTX_DAG_OWNER='***' AIRFLOW_CTX_DAG_ID='ga4_raw_data_elt' AIRFLOW_CTX_TASK_ID='create_ga4_events_dataset' AIRFLOW_CTX_EXECUTION_DATE='2025-06-22T02:07:00+00:00' AIRFLOW_CTX_TRY_NUMBER='1' AIRFLOW_CTX_DAG_RUN_ID='scheduled__2025-06-22T02:07:00+00:00'
[2025-06-27T02:06:12.586+0000] {taskinstance.py:731} INFO - ::endgroup::
[2025-06-27T02:06:12.606+0000] {connection.py:277} WARNING - Connection schemes (type: google_cloud_platform) shall not contain '_' according to RFC3986.
[2025-06-27T02:06:12.642+0000] {base.py:84} INFO - Retrieving connection 'google_cloud_default'
[2025-06-27T02:06:12.648+0000] {bigquery.py:533} INFO - datasetId was not specified in `dataset_reference`. Will use default value ga4_events.
[2025-06-27T02:06:12.649+0000] {bigquery.py:533} INFO - projectId was not specified in `dataset_reference`. Will use default value sixth-topic-349709.
[2025-06-27T02:06:12.652+0000] {bigquery.py:544} INFO - Creating dataset: ga4_events in project: sixth-topic-349709 
[2025-06-27T02:06:13.604+0000] {bigquery.py:548} INFO - Dataset created successfully.
[2025-06-27T02:06:13.634+0000] {taskinstance.py:340} INFO - ::group::Post task execution logs
[2025-06-27T02:06:13.635+0000] {taskinstance.py:352} INFO - Marking task as SUCCESS. dag_id=ga4_raw_data_elt, task_id=create_ga4_events_dataset, run_id=scheduled__2025-06-22T02:07:00+00:00, execution_date=20250622T020700, start_date=20250627T020612, end_date=20250627T020613
[2025-06-27T02:06:13.674+0000] {local_task_job_runner.py:266} INFO - Task exited with return code 0
[2025-06-27T02:06:13.705+0000] {taskinstance.py:3900} INFO - 1 downstream tasks scheduled from follow-on schedule check
[2025-06-27T02:06:13.707+0000] {local_task_job_runner.py:245} INFO - ::endgroup::
[2025-06-27T02:17:48.652+0000] {local_task_job_runner.py:123} INFO - ::group::Pre task execution logs
[2025-06-27T02:17:48.668+0000] {taskinstance.py:2612} INFO - Dependencies all met for dep_context=non-requeueable deps ti=<TaskInstance: ga4_raw_data_elt.create_ga4_events_dataset scheduled__2025-06-22T02:07:00+00:00 [queued]>
[2025-06-27T02:17:48.676+0000] {taskinstance.py:2612} INFO - Dependencies all met for dep_context=requeueable deps ti=<TaskInstance: ga4_raw_data_elt.create_ga4_events_dataset scheduled__2025-06-22T02:07:00+00:00 [queued]>
[2025-06-27T02:17:48.677+0000] {taskinstance.py:2865} INFO - Starting attempt 1 of 1
[2025-06-27T02:17:48.688+0000] {taskinstance.py:2888} INFO - Executing <Task(BigQueryCreateEmptyDatasetOperator): create_ga4_events_dataset> on 2025-06-22 02:07:00+00:00
[2025-06-27T02:17:48.701+0000] {warnings.py:112} WARNING - /home/***/.local/lib/python3.12/site-packages/***/task/task_runner/standard_task_runner.py:70: DeprecationWarning: This process (pid=83) is multi-threaded, use of fork() may lead to deadlocks in the child.
  pid = os.fork()

[2025-06-27T02:17:48.705+0000] {standard_task_runner.py:72} INFO - Started process 96 to run task
[2025-06-27T02:17:48.705+0000] {standard_task_runner.py:104} INFO - Running: ['***', 'tasks', 'run', 'ga4_raw_data_elt', 'create_ga4_events_dataset', 'scheduled__2025-06-22T02:07:00+00:00', '--job-id', '14', '--raw', '--subdir', 'DAGS_FOLDER/GA4_data_elt.py', '--cfg-path', '/tmp/tmpb8f3hrks']
[2025-06-27T02:17:48.708+0000] {standard_task_runner.py:105} INFO - Job 14: Subtask create_ga4_events_dataset
[2025-06-27T02:17:48.822+0000] {task_command.py:467} INFO - Running <TaskInstance: ga4_raw_data_elt.create_ga4_events_dataset scheduled__2025-06-22T02:07:00+00:00 [running]> on host ece8b7d95be1
[2025-06-27T02:17:48.928+0000] {taskinstance.py:3131} INFO - Exporting env vars: AIRFLOW_CTX_DAG_OWNER='***' AIRFLOW_CTX_DAG_ID='ga4_raw_data_elt' AIRFLOW_CTX_TASK_ID='create_ga4_events_dataset' AIRFLOW_CTX_EXECUTION_DATE='2025-06-22T02:07:00+00:00' AIRFLOW_CTX_TRY_NUMBER='1' AIRFLOW_CTX_DAG_RUN_ID='scheduled__2025-06-22T02:07:00+00:00'
[2025-06-27T02:17:48.932+0000] {taskinstance.py:731} INFO - ::endgroup::
[2025-06-27T02:17:48.947+0000] {connection.py:277} WARNING - Connection schemes (type: google_cloud_platform) shall not contain '_' according to RFC3986.
[2025-06-27T02:17:48.958+0000] {base.py:84} INFO - Retrieving connection 'google_cloud_default'
[2025-06-27T02:17:48.961+0000] {bigquery.py:533} INFO - datasetId was not specified in `dataset_reference`. Will use default value ga4_events.
[2025-06-27T02:17:48.962+0000] {bigquery.py:533} INFO - projectId was not specified in `dataset_reference`. Will use default value sixth-topic-349709.
[2025-06-27T02:17:48.964+0000] {bigquery.py:544} INFO - Creating dataset: ga4_events in project: sixth-topic-349709 
[2025-06-27T02:17:49.953+0000] {bigquery.py:548} INFO - Dataset created successfully.
[2025-06-27T02:17:49.974+0000] {taskinstance.py:340} INFO - ::group::Post task execution logs
[2025-06-27T02:17:49.975+0000] {taskinstance.py:352} INFO - Marking task as SUCCESS. dag_id=ga4_raw_data_elt, task_id=create_ga4_events_dataset, run_id=scheduled__2025-06-22T02:07:00+00:00, execution_date=20250622T020700, start_date=20250627T021748, end_date=20250627T021749
[2025-06-27T02:17:49.996+0000] {local_task_job_runner.py:266} INFO - Task exited with return code 0
[2025-06-27T02:17:50.025+0000] {taskinstance.py:3900} INFO - 1 downstream tasks scheduled from follow-on schedule check
[2025-06-27T02:17:50.026+0000] {local_task_job_runner.py:245} INFO - ::endgroup::
[2025-06-27T02:21:09.143+0000] {local_task_job_runner.py:123} INFO - ::group::Pre task execution logs
[2025-06-27T02:21:09.176+0000] {taskinstance.py:2612} INFO - Dependencies all met for dep_context=non-requeueable deps ti=<TaskInstance: ga4_raw_data_elt.create_ga4_events_dataset scheduled__2025-06-22T02:07:00+00:00 [queued]>
[2025-06-27T02:21:09.189+0000] {taskinstance.py:2612} INFO - Dependencies all met for dep_context=requeueable deps ti=<TaskInstance: ga4_raw_data_elt.create_ga4_events_dataset scheduled__2025-06-22T02:07:00+00:00 [queued]>
[2025-06-27T02:21:09.191+0000] {taskinstance.py:2865} INFO - Starting attempt 1 of 1
[2025-06-27T02:21:09.223+0000] {taskinstance.py:2888} INFO - Executing <Task(BigQueryCreateEmptyDatasetOperator): create_ga4_events_dataset> on 2025-06-22 02:07:00+00:00
[2025-06-27T02:21:09.233+0000] {warnings.py:112} WARNING - /home/***/.local/lib/python3.12/site-packages/***/task/task_runner/standard_task_runner.py:70: DeprecationWarning: This process (pid=88) is multi-threaded, use of fork() may lead to deadlocks in the child.
  pid = os.fork()

[2025-06-27T02:21:09.237+0000] {standard_task_runner.py:72} INFO - Started process 100 to run task
[2025-06-27T02:21:09.238+0000] {standard_task_runner.py:104} INFO - Running: ['***', 'tasks', 'run', 'ga4_raw_data_elt', 'create_ga4_events_dataset', 'scheduled__2025-06-22T02:07:00+00:00', '--job-id', '13', '--raw', '--subdir', 'DAGS_FOLDER/GA4_data_elt.py', '--cfg-path', '/tmp/tmp56g9elr8']
[2025-06-27T02:21:09.246+0000] {standard_task_runner.py:105} INFO - Job 13: Subtask create_ga4_events_dataset
[2025-06-27T02:21:09.376+0000] {task_command.py:467} INFO - Running <TaskInstance: ga4_raw_data_elt.create_ga4_events_dataset scheduled__2025-06-22T02:07:00+00:00 [running]> on host a6d750376b6f
[2025-06-27T02:21:09.472+0000] {taskinstance.py:3131} INFO - Exporting env vars: AIRFLOW_CTX_DAG_OWNER='***' AIRFLOW_CTX_DAG_ID='ga4_raw_data_elt' AIRFLOW_CTX_TASK_ID='create_ga4_events_dataset' AIRFLOW_CTX_EXECUTION_DATE='2025-06-22T02:07:00+00:00' AIRFLOW_CTX_TRY_NUMBER='1' AIRFLOW_CTX_DAG_RUN_ID='scheduled__2025-06-22T02:07:00+00:00'
[2025-06-27T02:21:09.475+0000] {taskinstance.py:731} INFO - ::endgroup::
[2025-06-27T02:21:09.487+0000] {connection.py:277} WARNING - Connection schemes (type: google_cloud_platform) shall not contain '_' according to RFC3986.
[2025-06-27T02:21:09.506+0000] {base.py:84} INFO - Retrieving connection 'google_cloud_default'
[2025-06-27T02:21:09.508+0000] {bigquery.py:533} INFO - datasetId was not specified in `dataset_reference`. Will use default value ga4_events.
[2025-06-27T02:21:09.509+0000] {bigquery.py:533} INFO - projectId was not specified in `dataset_reference`. Will use default value sixth-topic-349709.
[2025-06-27T02:21:09.510+0000] {bigquery.py:544} INFO - Creating dataset: ga4_events in project: sixth-topic-349709 
[2025-06-27T02:21:10.724+0000] {bigquery.py:548} INFO - Dataset created successfully.
[2025-06-27T02:21:10.747+0000] {taskinstance.py:340} INFO - ::group::Post task execution logs
[2025-06-27T02:21:10.748+0000] {taskinstance.py:352} INFO - Marking task as SUCCESS. dag_id=ga4_raw_data_elt, task_id=create_ga4_events_dataset, run_id=scheduled__2025-06-22T02:07:00+00:00, execution_date=20250622T020700, start_date=20250627T022109, end_date=20250627T022110
[2025-06-27T02:21:10.799+0000] {local_task_job_runner.py:266} INFO - Task exited with return code 0
[2025-06-27T02:21:10.843+0000] {taskinstance.py:3900} INFO - 1 downstream tasks scheduled from follow-on schedule check
[2025-06-27T02:21:10.844+0000] {local_task_job_runner.py:245} INFO - ::endgroup::
[2025-06-27T02:34:53.134+0000] {local_task_job_runner.py:123} INFO - ::group::Pre task execution logs
[2025-06-27T02:34:53.188+0000] {taskinstance.py:2612} INFO - Dependencies all met for dep_context=non-requeueable deps ti=<TaskInstance: ga4_raw_data_elt.create_ga4_events_dataset scheduled__2025-06-22T02:07:00+00:00 [queued]>
[2025-06-27T02:34:53.201+0000] {taskinstance.py:2612} INFO - Dependencies all met for dep_context=requeueable deps ti=<TaskInstance: ga4_raw_data_elt.create_ga4_events_dataset scheduled__2025-06-22T02:07:00+00:00 [queued]>
[2025-06-27T02:34:53.201+0000] {taskinstance.py:2865} INFO - Starting attempt 1 of 1
[2025-06-27T02:34:53.219+0000] {taskinstance.py:2888} INFO - Executing <Task(BigQueryCreateEmptyDatasetOperator): create_ga4_events_dataset> on 2025-06-22 02:07:00+00:00
[2025-06-27T02:34:53.235+0000] {warnings.py:112} WARNING - /home/***/.local/lib/python3.12/site-packages/***/task/task_runner/standard_task_runner.py:70: DeprecationWarning: This process (pid=83) is multi-threaded, use of fork() may lead to deadlocks in the child.
  pid = os.fork()

[2025-06-27T02:34:53.262+0000] {standard_task_runner.py:72} INFO - Started process 98 to run task
[2025-06-27T02:34:53.258+0000] {standard_task_runner.py:104} INFO - Running: ['***', 'tasks', 'run', 'ga4_raw_data_elt', 'create_ga4_events_dataset', 'scheduled__2025-06-22T02:07:00+00:00', '--job-id', '12', '--raw', '--subdir', 'DAGS_FOLDER/GA4_data_elt.py', '--cfg-path', '/tmp/tmp70k5xsd5']
[2025-06-27T02:34:53.326+0000] {standard_task_runner.py:105} INFO - Job 12: Subtask create_ga4_events_dataset
[2025-06-27T02:34:53.472+0000] {task_command.py:467} INFO - Running <TaskInstance: ga4_raw_data_elt.create_ga4_events_dataset scheduled__2025-06-22T02:07:00+00:00 [running]> on host ba60ab6371e3
[2025-06-27T02:34:53.654+0000] {taskinstance.py:3131} INFO - Exporting env vars: AIRFLOW_CTX_DAG_OWNER='***' AIRFLOW_CTX_DAG_ID='ga4_raw_data_elt' AIRFLOW_CTX_TASK_ID='create_ga4_events_dataset' AIRFLOW_CTX_EXECUTION_DATE='2025-06-22T02:07:00+00:00' AIRFLOW_CTX_TRY_NUMBER='1' AIRFLOW_CTX_DAG_RUN_ID='scheduled__2025-06-22T02:07:00+00:00'
[2025-06-27T02:34:53.658+0000] {taskinstance.py:731} INFO - ::endgroup::
[2025-06-27T02:34:53.681+0000] {connection.py:277} WARNING - Connection schemes (type: google_cloud_platform) shall not contain '_' according to RFC3986.
[2025-06-27T02:34:53.686+0000] {base.py:84} INFO - Retrieving connection 'google_cloud_default'
[2025-06-27T02:34:53.689+0000] {bigquery.py:533} INFO - datasetId was not specified in `dataset_reference`. Will use default value ga4_events.
[2025-06-27T02:34:53.690+0000] {bigquery.py:533} INFO - projectId was not specified in `dataset_reference`. Will use default value sixth-topic-349709.
[2025-06-27T02:34:53.694+0000] {bigquery.py:544} INFO - Creating dataset: ga4_events in project: sixth-topic-349709 
[2025-06-27T02:34:55.367+0000] {bigquery.py:548} INFO - Dataset created successfully.
[2025-06-27T02:34:55.444+0000] {taskinstance.py:340} INFO - ::group::Post task execution logs
[2025-06-27T02:34:55.446+0000] {taskinstance.py:352} INFO - Marking task as SUCCESS. dag_id=ga4_raw_data_elt, task_id=create_ga4_events_dataset, run_id=scheduled__2025-06-22T02:07:00+00:00, execution_date=20250622T020700, start_date=20250627T023453, end_date=20250627T023455
[2025-06-27T02:34:55.506+0000] {local_task_job_runner.py:266} INFO - Task exited with return code 0
[2025-06-27T02:34:55.586+0000] {taskinstance.py:3900} INFO - 0 downstream tasks scheduled from follow-on schedule check
[2025-06-27T02:34:55.597+0000] {local_task_job_runner.py:245} INFO - ::endgroup::
