[2025-06-27T06:49:03.098+0000] {local_task_job_runner.py:123} INFO - ::group::Pre task execution logs
[2025-06-27T06:49:03.298+0000] {taskinstance.py:2612} INFO - Dependencies all met for dep_context=non-requeueable deps ti=<TaskInstance: ga4_raw_data_elt_v1.0_prod.start_task scheduled__2024-12-31T09:00:00+00:00 [queued]>
[2025-06-27T06:49:03.356+0000] {taskinstance.py:2612} INFO - Dependencies all met for dep_context=requeueable deps ti=<TaskInstance: ga4_raw_data_elt_v1.0_prod.start_task scheduled__2024-12-31T09:00:00+00:00 [queued]>
[2025-06-27T06:49:03.375+0000] {taskinstance.py:2865} INFO - Starting attempt 1 of 1
[2025-06-27T06:49:03.916+0000] {taskinstance.py:2888} INFO - Executing <Task(_PythonDecoratedOperator): start_task> on 2024-12-31 09:00:00+00:00
[2025-06-27T06:49:03.976+0000] {warnings.py:112} WARNING - /home/***/.local/lib/python3.12/site-packages/***/task/task_runner/standard_task_runner.py:70: DeprecationWarning: This process (pid=51) is multi-threaded, use of fork() may lead to deadlocks in the child.
  pid = os.fork()

[2025-06-27T06:49:03.988+0000] {standard_task_runner.py:72} INFO - Started process 105 to run task
[2025-06-27T06:49:03.985+0000] {standard_task_runner.py:104} INFO - Running: ['***', 'tasks', 'run', 'ga4_raw_data_elt_v1.0_prod', 'start_task', 'scheduled__2024-12-31T09:00:00+00:00', '--job-id', '131', '--raw', '--subdir', 'DAGS_FOLDER/GA4_data_elt.py', '--cfg-path', '/tmp/tmpw3aye2ls']
[2025-06-27T06:49:04.019+0000] {standard_task_runner.py:105} INFO - Job 131: Subtask start_task
[2025-06-27T06:49:04.211+0000] {task_command.py:467} INFO - Running <TaskInstance: ga4_raw_data_elt_v1.0_prod.start_task scheduled__2024-12-31T09:00:00+00:00 [running]> on host e7fdb6bf901c
[2025-06-27T06:49:04.439+0000] {taskinstance.py:3131} INFO - Exporting env vars: AIRFLOW_CTX_DAG_OWNER='***' AIRFLOW_CTX_DAG_ID='ga4_raw_data_elt_v1.0_prod' AIRFLOW_CTX_TASK_ID='start_task' AIRFLOW_CTX_EXECUTION_DATE='2024-12-31T09:00:00+00:00' AIRFLOW_CTX_TRY_NUMBER='1' AIRFLOW_CTX_DAG_RUN_ID='scheduled__2024-12-31T09:00:00+00:00'
[2025-06-27T06:49:04.443+0000] {taskinstance.py:731} INFO - ::endgroup::
[2025-06-27T06:49:04.456+0000] {logging_mixin.py:190} INFO - start
[2025-06-27T06:49:04.460+0000] {logging_mixin.py:190} INFO - ds: 2024-12-31
[2025-06-27T06:49:04.462+0000] {python.py:240} INFO - Done. Returned value was: None
[2025-06-27T06:49:04.480+0000] {taskinstance.py:340} INFO - ::group::Post task execution logs
[2025-06-27T06:49:04.486+0000] {taskinstance.py:352} INFO - Marking task as SUCCESS. dag_id=ga4_raw_data_elt_v1.0_prod, task_id=start_task, run_id=scheduled__2024-12-31T09:00:00+00:00, execution_date=20241231T090000, start_date=20250627T064903, end_date=20250627T064904
[2025-06-27T06:49:04.556+0000] {local_task_job_runner.py:266} INFO - Task exited with return code 0
[2025-06-27T06:49:04.676+0000] {taskinstance.py:3900} INFO - 1 downstream tasks scheduled from follow-on schedule check
[2025-06-27T06:49:04.692+0000] {local_task_job_runner.py:245} INFO - ::endgroup::
