[2025-06-27T05:48:35.261+0000] {local_task_job_runner.py:123} INFO - ::group::Pre task execution logs
[2025-06-27T05:48:35.327+0000] {taskinstance.py:2612} INFO - Dependencies all met for dep_context=non-requeueable deps ti=<TaskInstance: ga4_raw_data_elt_v1.0.create_ga4_events_dataset scheduled__2024-12-31T09:00:00+00:00 [queued]>
[2025-06-27T05:48:35.364+0000] {taskinstance.py:2612} INFO - Dependencies all met for dep_context=requeueable deps ti=<TaskInstance: ga4_raw_data_elt_v1.0.create_ga4_events_dataset scheduled__2024-12-31T09:00:00+00:00 [queued]>
[2025-06-27T05:48:35.371+0000] {taskinstance.py:2865} INFO - Starting attempt 1 of 1
[2025-06-27T05:48:35.484+0000] {taskinstance.py:2888} INFO - Executing <Task(BigQueryCreateEmptyDatasetOperator): create_ga4_events_dataset> on 2024-12-31 09:00:00+00:00
[2025-06-27T05:48:35.511+0000] {warnings.py:112} WARNING - /home/***/.local/lib/python3.12/site-packages/***/task/task_runner/standard_task_runner.py:70: DeprecationWarning: This process (pid=143) is multi-threaded, use of fork() may lead to deadlocks in the child.
  pid = os.fork()

[2025-06-27T05:48:35.519+0000] {standard_task_runner.py:72} INFO - Started process 192 to run task
[2025-06-27T05:48:35.521+0000] {standard_task_runner.py:104} INFO - Running: ['***', 'tasks', 'run', 'ga4_raw_data_elt_v1.0', 'create_ga4_events_dataset', 'scheduled__2024-12-31T09:00:00+00:00', '--job-id', '34', '--raw', '--subdir', 'DAGS_FOLDER/GA4_data_elt.py', '--cfg-path', '/tmp/tmphhixy9g5']
[2025-06-27T05:48:35.534+0000] {standard_task_runner.py:105} INFO - Job 34: Subtask create_ga4_events_dataset
[2025-06-27T05:48:35.711+0000] {task_command.py:467} INFO - Running <TaskInstance: ga4_raw_data_elt_v1.0.create_ga4_events_dataset scheduled__2024-12-31T09:00:00+00:00 [running]> on host 546ad4141aeb
[2025-06-27T05:48:35.930+0000] {taskinstance.py:3131} INFO - Exporting env vars: AIRFLOW_CTX_DAG_OWNER='***' AIRFLOW_CTX_DAG_ID='ga4_raw_data_elt_v1.0' AIRFLOW_CTX_TASK_ID='create_ga4_events_dataset' AIRFLOW_CTX_EXECUTION_DATE='2024-12-31T09:00:00+00:00' AIRFLOW_CTX_TRY_NUMBER='1' AIRFLOW_CTX_DAG_RUN_ID='scheduled__2024-12-31T09:00:00+00:00'
[2025-06-27T05:48:35.948+0000] {taskinstance.py:731} INFO - ::endgroup::
[2025-06-27T05:48:36.038+0000] {connection.py:277} WARNING - Connection schemes (type: google_cloud_platform) shall not contain '_' according to RFC3986.
[2025-06-27T05:48:36.057+0000] {base.py:84} INFO - Retrieving connection 'google_cloud_default'
[2025-06-27T05:48:36.067+0000] {bigquery.py:533} INFO - datasetId was not specified in `dataset_reference`. Will use default value ga4_events.
[2025-06-27T05:48:36.071+0000] {bigquery.py:533} INFO - projectId was not specified in `dataset_reference`. Will use default value sixth-topic-349709.
[2025-06-27T05:48:36.079+0000] {bigquery.py:544} INFO - Creating dataset: ga4_events in project: sixth-topic-349709 
[2025-06-27T05:48:37.776+0000] {bigquery.py:548} INFO - Dataset created successfully.
[2025-06-27T05:48:38.210+0000] {taskinstance.py:340} INFO - ::group::Post task execution logs
[2025-06-27T05:48:38.238+0000] {taskinstance.py:352} INFO - Marking task as SUCCESS. dag_id=ga4_raw_data_elt_v1.0, task_id=create_ga4_events_dataset, run_id=scheduled__2024-12-31T09:00:00+00:00, execution_date=20241231T090000, start_date=20250627T054835, end_date=20250627T054838
[2025-06-27T05:48:38.577+0000] {local_task_job_runner.py:266} INFO - Task exited with return code 0
[2025-06-27T05:48:38.805+0000] {local_task_job_runner.py:245} INFO - ::endgroup::
